[  5%] [32m[1mLinking CXX shared library libtask.so[0m
[35m[1mConsolidate compiler generated dependencies of target controller[0m
[ 11%] [32mBuilding CXX object CMakeFiles/controller.dir/src/controller/controller.cpp.o[0m
[ 16%] [32mBuilding CXX object CMakeFiles/controller.dir/src/servers/basic/joint_posture_action_server.cpp.o[0m
[ 22%] [32mBuilding CXX object CMakeFiles/controller.dir/src/servers/basic/se3_action_server.cpp.o[0m
[ 27%] [32mBuilding CXX object CMakeFiles/controller.dir/src/servers/basic/gripper_sim_action_server.cpp.o[0m
[ 33%] [32mBuilding CXX object CMakeFiles/controller.dir/src/servers/basic/gripper_real_action_server.cpp.o[0m
[ 38%] [32mBuilding CXX object CMakeFiles/controller.dir/src/servers/basic/tool_changer_action_sever.cpp.o[0m
[ 44%] [32mBuilding CXX object CMakeFiles/controller.dir/src/servers/basic/qr_action_server.cpp.o[0m
[ 61%] Built target task
[ 66%] [32m[1mLinking CXX executable task_manager[0m
[ 72%] Built target task_manager
[01m[K/home/home/dcp_ws/src/fairino/fairino_action_manager/src/servers/basic/tool_changer_action_sever.cpp:[m[K In member function ‘[01m[Kvirtual bool ToolChangerActionServer::compute(const rclcpp::Time&)[m[K’:
[01m[K/home/home/dcp_ws/src/fairino/fairino_action_manager/src/servers/basic/tool_changer_action_sever.cpp:97:59:[m[K [01;35m[Kwarning: [m[Kunused parameter ‘[01m[Kcurrent_time[m[K’ [[01;35m[K]8;;https://gcc.gnu.org/onlinedocs/gcc/Warning-Options.html#index-Wunused-parameter-Wunused-parameter]8;;[m[K]
   97 | bool ToolChangerActionServer::compute([01;35m[Kconst rclcpp::Time& current_time[m[K)
      |                                       [01;35m[K~~~~~~~~~~~~~~~~~~~~^~~~~~~~~~~~[m[K
[ 77%] [32m[1mLinking CXX shared library libcontroller.so[0m
[ 77%] Built target controller
[35m[1mConsolidate compiler generated dependencies of target fairino_action_manager_simulation_isaac[0m
[35m[1mConsolidate compiler generated dependencies of target fairino_action_manager_real[0m
[ 83%] [32mBuilding CXX object CMakeFiles/fairino_action_manager_simulation_isaac.dir/src/simulation/simulation_isaac.cpp.o[0m
[ 88%] [32mBuilding CXX object CMakeFiles/fairino_action_manager_real.dir/src/real/real.cpp.o[0m
[ 94%] [32m[1mLinking CXX executable fairino_action_manager_real[0m
[ 94%] Built target fairino_action_manager_real
[100%] [32m[1mLinking CXX executable fairino_action_manager_simulation_isaac[0m
[100%] Built target fairino_action_manager_simulation_isaac
-- Install configuration: ""
-- Execute custom install script
-- Up-to-date symlink: /home/home/dcp_ws/install/fairino_action_manager/include/fairino_action_manager/controller/controller.hpp
-- Up-to-date symlink: /home/home/dcp_ws/install/fairino_action_manager/include/fairino_action_manager/real/real.hpp
-- Up-to-date symlink: /home/home/dcp_ws/install/fairino_action_manager/include/fairino_action_manager/servers/basic/action_server_base.hpp
-- Up-to-date symlink: /home/home/dcp_ws/install/fairino_action_manager/include/fairino_action_manager/servers/basic/gripper_real_action_server.hpp
-- Up-to-date symlink: /home/home/dcp_ws/install/fairino_action_manager/include/fairino_action_manager/servers/basic/gripper_sim_action_server.hpp
-- Up-to-date symlink: /home/home/dcp_ws/install/fairino_action_manager/include/fairino_action_manager/servers/basic/joint_posture_action_server.hpp
-- Up-to-date symlink: /home/home/dcp_ws/install/fairino_action_manager/include/fairino_action_manager/servers/basic/qr_action_server.hpp
-- Up-to-date symlink: /home/home/dcp_ws/install/fairino_action_manager/include/fairino_action_manager/servers/basic/se3_action_server.hpp
-- Up-to-date symlink: /home/home/dcp_ws/install/fairino_action_manager/include/fairino_action_manager/servers/basic/tool_changer_action_server.hpp
-- Up-to-date symlink: /home/home/dcp_ws/install/fairino_action_manager/include/fairino_action_manager/servers/task/base_task.hpp
-- Up-to-date symlink: /home/home/dcp_ws/install/fairino_action_manager/include/fairino_action_manager/servers/task/pick.hpp
-- Up-to-date symlink: /home/home/dcp_ws/install/fairino_action_manager/include/fairino_action_manager/servers/task/place.hpp
-- Up-to-date symlink: /home/home/dcp_ws/install/fairino_action_manager/include/fairino_action_manager/simulation/simulation_isaac.hpp
-- Up-to-date symlink: /home/home/dcp_ws/install/fairino_action_manager/include/fairino_action_manager/task/task_manager.hpp
-- Up-to-date symlink: /home/home/dcp_ws/install/fairino_action_manager/share/fairino_action_manager/launch/real_launch.py
-- Up-to-date symlink: /home/home/dcp_ws/install/fairino_action_manager/share/fairino_action_manager/launch/simulation_isaac_launch.py
-- Up-to-date symlink: /home/home/dcp_ws/install/fairino_action_manager/share/ament_index/resource_index/package_run_dependencies/fairino_action_manager
-- Up-to-date symlink: /home/home/dcp_ws/install/fairino_action_manager/share/ament_index/resource_index/parent_prefix_path/fairino_action_manager
-- Up-to-date symlink: /home/home/dcp_ws/install/fairino_action_manager/share/fairino_action_manager/environment/ament_prefix_path.sh
-- Up-to-date symlink: /home/home/dcp_ws/install/fairino_action_manager/share/fairino_action_manager/environment/ament_prefix_path.dsv
-- Up-to-date symlink: /home/home/dcp_ws/install/fairino_action_manager/share/fairino_action_manager/environment/path.sh
-- Up-to-date symlink: /home/home/dcp_ws/install/fairino_action_manager/share/fairino_action_manager/environment/path.dsv
-- Up-to-date symlink: /home/home/dcp_ws/install/fairino_action_manager/share/fairino_action_manager/local_setup.bash
-- Up-to-date symlink: /home/home/dcp_ws/install/fairino_action_manager/share/fairino_action_manager/local_setup.sh
-- Up-to-date symlink: /home/home/dcp_ws/install/fairino_action_manager/share/fairino_action_manager/local_setup.zsh
-- Up-to-date symlink: /home/home/dcp_ws/install/fairino_action_manager/share/fairino_action_manager/local_setup.dsv
-- Symlinking: /home/home/dcp_ws/install/fairino_action_manager/share/fairino_action_manager/package.dsv
-- Up-to-date symlink: /home/home/dcp_ws/install/fairino_action_manager/share/ament_index/resource_index/packages/fairino_action_manager
-- Up-to-date symlink: /home/home/dcp_ws/install/fairino_action_manager/share/fairino_action_manager/cmake/fairino_action_managerConfig.cmake
-- Up-to-date symlink: /home/home/dcp_ws/install/fairino_action_manager/share/fairino_action_manager/cmake/fairino_action_managerConfig-version.cmake
-- Up-to-date symlink: /home/home/dcp_ws/install/fairino_action_manager/share/fairino_action_manager/package.xml
-- Installing: /home/home/dcp_ws/install/fairino_action_manager/lib/libcontroller.so
-- Set runtime path of "/home/home/dcp_ws/install/fairino_action_manager/lib/libcontroller.so" to ""
-- Installing: /home/home/dcp_ws/install/fairino_action_manager/lib/libtask.so
-- Set runtime path of "/home/home/dcp_ws/install/fairino_action_manager/lib/libtask.so" to ""
-- Installing: /home/home/dcp_ws/install/fairino_action_manager/lib/fairino_action_manager/fairino_action_manager_real
-- Set runtime path of "/home/home/dcp_ws/install/fairino_action_manager/lib/fairino_action_manager/fairino_action_manager_real" to ""
-- Installing: /home/home/dcp_ws/install/fairino_action_manager/lib/fairino_action_manager/fairino_action_manager_simulation_isaac
-- Set runtime path of "/home/home/dcp_ws/install/fairino_action_manager/lib/fairino_action_manager/fairino_action_manager_simulation_isaac" to ""
-- Installing: /home/home/dcp_ws/install/fairino_action_manager/lib/fairino_action_manager/task_manager
-- Set runtime path of "/home/home/dcp_ws/install/fairino_action_manager/lib/fairino_action_manager/task_manager" to ""
