[0.009s] Invoking command in '/home/home/dcp_ws/build/fairino_action_manager': CMAKE_PREFIX_PATH=/home/home/dcp_ws/install/fairino_interfaces:/home/home/dcp_ws/install/robotiq_description:/home/home/dcp_ws/install/isaacsim:/home/home/dcp_ws/install/fairino_rviz:/home/home/dcp_ws/install/fairino_action_manager:/home/home/dcp_ws/install/fairino_description:/home/home/dcp_ws/install/dh_robotics_ag95_description:/home/home/dcp_ws/install/pak_hqp_controller:/home/home/dcp_ws/install/kimm_hqp_controller:/home/home/dcp_ws/install/kimm_trajectory_smoother:/home/home/dcp_ws/install/isaacsim_ros2:/home/home/kimm_ws/install/rb5_action_manager:/opt/ros/humble:/home/home/dcp_ws/install/kimm_qpoases:/home/home/gello_ws/install/franka_plugin:/home/home/gello_ws/install/franka_description:/home/home/gello_ws/install/dynamixel_sdk_examples:/home/home/gello_ws/install/dynamixel_sdk_custom_interfaces:/home/home/gello_ws/install/dynamixel:/home/home/gello_ws/install/dynamixel_sdk:/home/home/kimm_ws/install/rbpodo_bringup:/home/home/kimm_ws/install/rbpodo_hardware:/home/home/kimm_ws/install/rbpodo_msgs:/home/home/kimm_ws/install/rb3_730es_u_moveit_config:/home/home/kimm_ws/install/rbpodo_description:/home/home/kimm_ws/install/rb5_gui_manager:/home/home/kimm_ws/install/action_interface LD_LIBRARY_PATH=/home/home/dcp_ws/install/fairino_interfaces/lib:/home/home/dcp_ws/install/fairino_action_manager/lib:/home/home/dcp_ws/install/pak_hqp_controller/lib:/home/home/dcp_ws/install/kimm_hqp_controller/lib:/home/home/dcp_ws/install/kimm_trajectory_smoother/lib:/home/home/dcp_ws/install/kimm_qpoases/lib:/home/home/gello_ws/install/franka_plugin/lib:/home/home/gello_ws/install/dynamixel_sdk_custom_interfaces/lib:/home/home/gello_ws/install/dynamixel_sdk/lib:/home/home/kimm_ws/install/rbpodo_hardware/lib:/home/home/kimm_ws/install/rbpodo_msgs/lib:/home/home/kimm_ws/install/rb5_gui_manager/lib:/home/home/kimm_ws/install/action_interface/lib:/usr/lib/x86_64-linux-gnu/gazebo-11/plugins:/opt/ros/humble/opt/rviz_ogre_vendor/lib:/opt/ros/humble/lib/x86_64-linux-gnu:/opt/ros/humble/lib /usr/bin/cmake --build /home/home/dcp_ws/build/fairino_action_manager -- -j10 -l10
[0.055s] [  5%] [32m[1mLinking CXX shared library libtask.so[0m
[0.064s] [35m[1mConsolidate compiler generated dependencies of target controller[0m
[0.115s] [ 11%] [32mBuilding CXX object CMakeFiles/controller.dir/src/controller/controller.cpp.o[0m
[0.121s] [ 16%] [32mBuilding CXX object CMakeFiles/controller.dir/src/servers/basic/joint_posture_action_server.cpp.o[0m
[0.121s] [ 22%] [32mBuilding CXX object CMakeFiles/controller.dir/src/servers/basic/se3_action_server.cpp.o[0m
[0.125s] [ 27%] [32mBuilding CXX object CMakeFiles/controller.dir/src/servers/basic/gripper_sim_action_server.cpp.o[0m
[0.131s] [ 33%] [32mBuilding CXX object CMakeFiles/controller.dir/src/servers/basic/gripper_real_action_server.cpp.o[0m
[0.138s] [ 38%] [32mBuilding CXX object CMakeFiles/controller.dir/src/servers/basic/tool_changer_action_sever.cpp.o[0m
[0.141s] [ 44%] [32mBuilding CXX object CMakeFiles/controller.dir/src/servers/basic/qr_action_server.cpp.o[0m
[0.327s] [ 61%] Built target task
[0.365s] [ 66%] [32m[1mLinking CXX executable task_manager[0m
[0.780s] [ 72%] Built target task_manager
[5.398s] [01m[K/home/home/dcp_ws/src/fairino/fairino_action_manager/src/servers/basic/tool_changer_action_sever.cpp:[m[K In member function ‘[01m[Kvirtual bool ToolChangerActionServer::compute(const rclcpp::Time&)[m[K’:
[5.399s] [01m[K/home/home/dcp_ws/src/fairino/fairino_action_manager/src/servers/basic/tool_changer_action_sever.cpp:97:59:[m[K [01;35m[Kwarning: [m[Kunused parameter ‘[01m[Kcurrent_time[m[K’ [[01;35m[K]8;;https://gcc.gnu.org/onlinedocs/gcc/Warning-Options.html#index-Wunused-parameter-Wunused-parameter]8;;[m[K]
[5.399s]    97 | bool ToolChangerActionServer::compute([01;35m[Kconst rclcpp::Time& current_time[m[K)
[5.399s]       |                                       [01;35m[K~~~~~~~~~~~~~~~~~~~~^~~~~~~~~~~~[m[K
[12.282s] [ 77%] [32m[1mLinking CXX shared library libcontroller.so[0m
[13.282s] [ 77%] Built target controller
[13.296s] [35m[1mConsolidate compiler generated dependencies of target fairino_action_manager_simulation_isaac[0m
[13.296s] [35m[1mConsolidate compiler generated dependencies of target fairino_action_manager_real[0m
[13.317s] [ 83%] [32mBuilding CXX object CMakeFiles/fairino_action_manager_simulation_isaac.dir/src/simulation/simulation_isaac.cpp.o[0m
[13.317s] [ 88%] [32mBuilding CXX object CMakeFiles/fairino_action_manager_real.dir/src/real/real.cpp.o[0m
[21.845s] [ 94%] [32m[1mLinking CXX executable fairino_action_manager_real[0m
[22.354s] [ 94%] Built target fairino_action_manager_real
[23.893s] [100%] [32m[1mLinking CXX executable fairino_action_manager_simulation_isaac[0m
[24.569s] [100%] Built target fairino_action_manager_simulation_isaac
[24.576s] Invoked command in '/home/home/dcp_ws/build/fairino_action_manager' returned '0': CMAKE_PREFIX_PATH=/home/home/dcp_ws/install/fairino_interfaces:/home/home/dcp_ws/install/robotiq_description:/home/home/dcp_ws/install/isaacsim:/home/home/dcp_ws/install/fairino_rviz:/home/home/dcp_ws/install/fairino_action_manager:/home/home/dcp_ws/install/fairino_description:/home/home/dcp_ws/install/dh_robotics_ag95_description:/home/home/dcp_ws/install/pak_hqp_controller:/home/home/dcp_ws/install/kimm_hqp_controller:/home/home/dcp_ws/install/kimm_trajectory_smoother:/home/home/dcp_ws/install/isaacsim_ros2:/home/home/kimm_ws/install/rb5_action_manager:/opt/ros/humble:/home/home/dcp_ws/install/kimm_qpoases:/home/home/gello_ws/install/franka_plugin:/home/home/gello_ws/install/franka_description:/home/home/gello_ws/install/dynamixel_sdk_examples:/home/home/gello_ws/install/dynamixel_sdk_custom_interfaces:/home/home/gello_ws/install/dynamixel:/home/home/gello_ws/install/dynamixel_sdk:/home/home/kimm_ws/install/rbpodo_bringup:/home/home/kimm_ws/install/rbpodo_hardware:/home/home/kimm_ws/install/rbpodo_msgs:/home/home/kimm_ws/install/rb3_730es_u_moveit_config:/home/home/kimm_ws/install/rbpodo_description:/home/home/kimm_ws/install/rb5_gui_manager:/home/home/kimm_ws/install/action_interface LD_LIBRARY_PATH=/home/home/dcp_ws/install/fairino_interfaces/lib:/home/home/dcp_ws/install/fairino_action_manager/lib:/home/home/dcp_ws/install/pak_hqp_controller/lib:/home/home/dcp_ws/install/kimm_hqp_controller/lib:/home/home/dcp_ws/install/kimm_trajectory_smoother/lib:/home/home/dcp_ws/install/kimm_qpoases/lib:/home/home/gello_ws/install/franka_plugin/lib:/home/home/gello_ws/install/dynamixel_sdk_custom_interfaces/lib:/home/home/gello_ws/install/dynamixel_sdk/lib:/home/home/kimm_ws/install/rbpodo_hardware/lib:/home/home/kimm_ws/install/rbpodo_msgs/lib:/home/home/kimm_ws/install/rb5_gui_manager/lib:/home/home/kimm_ws/install/action_interface/lib:/usr/lib/x86_64-linux-gnu/gazebo-11/plugins:/opt/ros/humble/opt/rviz_ogre_vendor/lib:/opt/ros/humble/lib/x86_64-linux-gnu:/opt/ros/humble/lib /usr/bin/cmake --build /home/home/dcp_ws/build/fairino_action_manager -- -j10 -l10
[24.577s] Invoking command in '/home/home/dcp_ws/build/fairino_action_manager': CMAKE_PREFIX_PATH=/home/home/dcp_ws/install/fairino_interfaces:/home/home/dcp_ws/install/robotiq_description:/home/home/dcp_ws/install/isaacsim:/home/home/dcp_ws/install/fairino_rviz:/home/home/dcp_ws/install/fairino_action_manager:/home/home/dcp_ws/install/fairino_description:/home/home/dcp_ws/install/dh_robotics_ag95_description:/home/home/dcp_ws/install/pak_hqp_controller:/home/home/dcp_ws/install/kimm_hqp_controller:/home/home/dcp_ws/install/kimm_trajectory_smoother:/home/home/dcp_ws/install/isaacsim_ros2:/home/home/kimm_ws/install/rb5_action_manager:/opt/ros/humble:/home/home/dcp_ws/install/kimm_qpoases:/home/home/gello_ws/install/franka_plugin:/home/home/gello_ws/install/franka_description:/home/home/gello_ws/install/dynamixel_sdk_examples:/home/home/gello_ws/install/dynamixel_sdk_custom_interfaces:/home/home/gello_ws/install/dynamixel:/home/home/gello_ws/install/dynamixel_sdk:/home/home/kimm_ws/install/rbpodo_bringup:/home/home/kimm_ws/install/rbpodo_hardware:/home/home/kimm_ws/install/rbpodo_msgs:/home/home/kimm_ws/install/rb3_730es_u_moveit_config:/home/home/kimm_ws/install/rbpodo_description:/home/home/kimm_ws/install/rb5_gui_manager:/home/home/kimm_ws/install/action_interface LD_LIBRARY_PATH=/home/home/dcp_ws/install/fairino_interfaces/lib:/home/home/dcp_ws/install/fairino_action_manager/lib:/home/home/dcp_ws/install/pak_hqp_controller/lib:/home/home/dcp_ws/install/kimm_hqp_controller/lib:/home/home/dcp_ws/install/kimm_trajectory_smoother/lib:/home/home/dcp_ws/install/kimm_qpoases/lib:/home/home/gello_ws/install/franka_plugin/lib:/home/home/gello_ws/install/dynamixel_sdk_custom_interfaces/lib:/home/home/gello_ws/install/dynamixel_sdk/lib:/home/home/kimm_ws/install/rbpodo_hardware/lib:/home/home/kimm_ws/install/rbpodo_msgs/lib:/home/home/kimm_ws/install/rb5_gui_manager/lib:/home/home/kimm_ws/install/action_interface/lib:/usr/lib/x86_64-linux-gnu/gazebo-11/plugins:/opt/ros/humble/opt/rviz_ogre_vendor/lib:/opt/ros/humble/lib/x86_64-linux-gnu:/opt/ros/humble/lib /usr/bin/cmake --install /home/home/dcp_ws/build/fairino_action_manager
[24.582s] -- Install configuration: ""
[24.582s] -- Execute custom install script
[24.582s] -- Up-to-date symlink: /home/home/dcp_ws/install/fairino_action_manager/include/fairino_action_manager/controller/controller.hpp
[24.583s] -- Up-to-date symlink: /home/home/dcp_ws/install/fairino_action_manager/include/fairino_action_manager/real/real.hpp
[24.583s] -- Up-to-date symlink: /home/home/dcp_ws/install/fairino_action_manager/include/fairino_action_manager/servers/basic/action_server_base.hpp
[24.583s] -- Up-to-date symlink: /home/home/dcp_ws/install/fairino_action_manager/include/fairino_action_manager/servers/basic/gripper_real_action_server.hpp
[24.583s] -- Up-to-date symlink: /home/home/dcp_ws/install/fairino_action_manager/include/fairino_action_manager/servers/basic/gripper_sim_action_server.hpp
[24.583s] -- Up-to-date symlink: /home/home/dcp_ws/install/fairino_action_manager/include/fairino_action_manager/servers/basic/joint_posture_action_server.hpp
[24.583s] -- Up-to-date symlink: /home/home/dcp_ws/install/fairino_action_manager/include/fairino_action_manager/servers/basic/qr_action_server.hpp
[24.583s] -- Up-to-date symlink: /home/home/dcp_ws/install/fairino_action_manager/include/fairino_action_manager/servers/basic/se3_action_server.hpp
[24.583s] -- Up-to-date symlink: /home/home/dcp_ws/install/fairino_action_manager/include/fairino_action_manager/servers/basic/tool_changer_action_server.hpp
[24.583s] -- Up-to-date symlink: /home/home/dcp_ws/install/fairino_action_manager/include/fairino_action_manager/servers/task/base_task.hpp
[24.583s] -- Up-to-date symlink: /home/home/dcp_ws/install/fairino_action_manager/include/fairino_action_manager/servers/task/pick.hpp
[24.583s] -- Up-to-date symlink: /home/home/dcp_ws/install/fairino_action_manager/include/fairino_action_manager/servers/task/place.hpp
[24.584s] -- Up-to-date symlink: /home/home/dcp_ws/install/fairino_action_manager/include/fairino_action_manager/simulation/simulation_isaac.hpp
[24.584s] -- Up-to-date symlink: /home/home/dcp_ws/install/fairino_action_manager/include/fairino_action_manager/task/task_manager.hpp
[24.585s] -- Up-to-date symlink: /home/home/dcp_ws/install/fairino_action_manager/share/fairino_action_manager/launch/real_launch.py
[24.585s] -- Up-to-date symlink: /home/home/dcp_ws/install/fairino_action_manager/share/fairino_action_manager/launch/simulation_isaac_launch.py
[24.585s] -- Up-to-date symlink: /home/home/dcp_ws/install/fairino_action_manager/share/ament_index/resource_index/package_run_dependencies/fairino_action_manager
[24.585s] -- Up-to-date symlink: /home/home/dcp_ws/install/fairino_action_manager/share/ament_index/resource_index/parent_prefix_path/fairino_action_manager
[24.585s] -- Up-to-date symlink: /home/home/dcp_ws/install/fairino_action_manager/share/fairino_action_manager/environment/ament_prefix_path.sh
[24.585s] -- Up-to-date symlink: /home/home/dcp_ws/install/fairino_action_manager/share/fairino_action_manager/environment/ament_prefix_path.dsv
[24.585s] -- Up-to-date symlink: /home/home/dcp_ws/install/fairino_action_manager/share/fairino_action_manager/environment/path.sh
[24.585s] -- Up-to-date symlink: /home/home/dcp_ws/install/fairino_action_manager/share/fairino_action_manager/environment/path.dsv
[24.585s] -- Up-to-date symlink: /home/home/dcp_ws/install/fairino_action_manager/share/fairino_action_manager/local_setup.bash
[24.585s] -- Up-to-date symlink: /home/home/dcp_ws/install/fairino_action_manager/share/fairino_action_manager/local_setup.sh
[24.585s] -- Up-to-date symlink: /home/home/dcp_ws/install/fairino_action_manager/share/fairino_action_manager/local_setup.zsh
[24.585s] -- Up-to-date symlink: /home/home/dcp_ws/install/fairino_action_manager/share/fairino_action_manager/local_setup.dsv
[24.585s] -- Symlinking: /home/home/dcp_ws/install/fairino_action_manager/share/fairino_action_manager/package.dsv
[24.589s] -- Up-to-date symlink: /home/home/dcp_ws/install/fairino_action_manager/share/ament_index/resource_index/packages/fairino_action_manager
[24.589s] -- Up-to-date symlink: /home/home/dcp_ws/install/fairino_action_manager/share/fairino_action_manager/cmake/fairino_action_managerConfig.cmake
[24.589s] -- Up-to-date symlink: /home/home/dcp_ws/install/fairino_action_manager/share/fairino_action_manager/cmake/fairino_action_managerConfig-version.cmake
[24.590s] -- Up-to-date symlink: /home/home/dcp_ws/install/fairino_action_manager/share/fairino_action_manager/package.xml
[24.590s] -- Installing: /home/home/dcp_ws/install/fairino_action_manager/lib/libcontroller.so
[24.597s] -- Set runtime path of "/home/home/dcp_ws/install/fairino_action_manager/lib/libcontroller.so" to ""
[24.597s] -- Installing: /home/home/dcp_ws/install/fairino_action_manager/lib/libtask.so
[24.597s] -- Set runtime path of "/home/home/dcp_ws/install/fairino_action_manager/lib/libtask.so" to ""
[24.597s] -- Installing: /home/home/dcp_ws/install/fairino_action_manager/lib/fairino_action_manager/fairino_action_manager_real
[24.601s] -- Set runtime path of "/home/home/dcp_ws/install/fairino_action_manager/lib/fairino_action_manager/fairino_action_manager_real" to ""
[24.601s] -- Installing: /home/home/dcp_ws/install/fairino_action_manager/lib/fairino_action_manager/fairino_action_manager_simulation_isaac
[24.605s] -- Set runtime path of "/home/home/dcp_ws/install/fairino_action_manager/lib/fairino_action_manager/fairino_action_manager_simulation_isaac" to ""
[24.605s] -- Installing: /home/home/dcp_ws/install/fairino_action_manager/lib/fairino_action_manager/task_manager
[24.606s] -- Set runtime path of "/home/home/dcp_ws/install/fairino_action_manager/lib/fairino_action_manager/task_manager" to ""
[24.608s] Invoked command in '/home/home/dcp_ws/build/fairino_action_manager' returned '0': CMAKE_PREFIX_PATH=/home/home/dcp_ws/install/fairino_interfaces:/home/home/dcp_ws/install/robotiq_description:/home/home/dcp_ws/install/isaacsim:/home/home/dcp_ws/install/fairino_rviz:/home/home/dcp_ws/install/fairino_action_manager:/home/home/dcp_ws/install/fairino_description:/home/home/dcp_ws/install/dh_robotics_ag95_description:/home/home/dcp_ws/install/pak_hqp_controller:/home/home/dcp_ws/install/kimm_hqp_controller:/home/home/dcp_ws/install/kimm_trajectory_smoother:/home/home/dcp_ws/install/isaacsim_ros2:/home/home/kimm_ws/install/rb5_action_manager:/opt/ros/humble:/home/home/dcp_ws/install/kimm_qpoases:/home/home/gello_ws/install/franka_plugin:/home/home/gello_ws/install/franka_description:/home/home/gello_ws/install/dynamixel_sdk_examples:/home/home/gello_ws/install/dynamixel_sdk_custom_interfaces:/home/home/gello_ws/install/dynamixel:/home/home/gello_ws/install/dynamixel_sdk:/home/home/kimm_ws/install/rbpodo_bringup:/home/home/kimm_ws/install/rbpodo_hardware:/home/home/kimm_ws/install/rbpodo_msgs:/home/home/kimm_ws/install/rb3_730es_u_moveit_config:/home/home/kimm_ws/install/rbpodo_description:/home/home/kimm_ws/install/rb5_gui_manager:/home/home/kimm_ws/install/action_interface LD_LIBRARY_PATH=/home/home/dcp_ws/install/fairino_interfaces/lib:/home/home/dcp_ws/install/fairino_action_manager/lib:/home/home/dcp_ws/install/pak_hqp_controller/lib:/home/home/dcp_ws/install/kimm_hqp_controller/lib:/home/home/dcp_ws/install/kimm_trajectory_smoother/lib:/home/home/dcp_ws/install/kimm_qpoases/lib:/home/home/gello_ws/install/franka_plugin/lib:/home/home/gello_ws/install/dynamixel_sdk_custom_interfaces/lib:/home/home/gello_ws/install/dynamixel_sdk/lib:/home/home/kimm_ws/install/rbpodo_hardware/lib:/home/home/kimm_ws/install/rbpodo_msgs/lib:/home/home/kimm_ws/install/rb5_gui_manager/lib:/home/home/kimm_ws/install/action_interface/lib:/usr/lib/x86_64-linux-gnu/gazebo-11/plugins:/opt/ros/humble/opt/rviz_ogre_vendor/lib:/opt/ros/humble/lib/x86_64-linux-gnu:/opt/ros/humble/lib /usr/bin/cmake --install /home/home/dcp_ws/build/fairino_action_manager
