[0.065s] Invoking command in '/home/home/dcp_ws/build/kimm_hqp_controller': CMAKE_PREFIX_PATH=/home/home/dcp_ws/install/kimm_trajectory_smoother:/home/home/dcp_ws/install/isaacsim_ros2:/home/home/fairino_ros2_ws/install/isaacsim_ros2:/opt/ros/humble:/home/home/dcp_ws/install/kimm_qpoases:/home/home/dcp_ws/install/robotiq_description:/home/home/dcp_ws/install/pak_hqp_controller:/home/home/dcp_ws/install/kimm_hqp_controller:/home/home/dcp_ws/install/isaacsim:/home/home/dcp_ws/install/fairino_rviz:/home/home/dcp_ws/install/fairino_action_manager:/home/home/dcp_ws/install/fairino_interfaces:/home/home/dcp_ws/install/fairino_description:/home/home/dcp_ws/install/dh_robotics_ag95_description:/home/home/fairino_ros2_ws/install/kimm_hqp_controller:/home/home/fairino_ros2_ws/install/kimm_trajectory_smoother:/home/home/fairino_ros2_ws/install/kimm_qpoases:/home/home/fairino_ros2_ws/install/isaacsim:/home/home/fairino_ros2_ws/install/fairino_rviz:/home/home/fairino_ros2_ws/install/fairino_action_manager:/home/home/fairino_ros2_ws/install/fairino_interfaces:/home/home/fairino_ros2_ws/install/fairino_description:/home/home/fairino_ros2_ws/install/dh_robotics_ag95_description LD_LIBRARY_PATH=/home/home/dcp_ws/install/kimm_trajectory_smoother/lib:/home/home/dcp_ws/install/kimm_qpoases/lib:/usr/local/cuda-12.9/lib64:/home/home/dcp_ws/install/pak_hqp_controller/lib:/home/home/dcp_ws/install/kimm_hqp_controller/lib:/home/home/dcp_ws/install/fairino_action_manager/lib:/home/home/dcp_ws/install/fairino_interfaces/lib:/home/home/fairino_ros2_ws/install/kimm_hqp_controller/lib:/home/home/fairino_ros2_ws/install/kimm_trajectory_smoother/lib:/home/home/fairino_ros2_ws/install/kimm_qpoases/lib:/home/home/fairino_ros2_ws/install/fairino_action_manager/lib:/home/home/fairino_ros2_ws/install/fairino_interfaces/lib:/opt/ros/humble/opt/rviz_ogre_vendor/lib:/opt/ros/humble/lib/x86_64-linux-gnu:/opt/ros/humble/lib:/usr/local/cuda-12.9/lib64:/home/home/fairino_ros2_ws/src/libfairino/lib:/home/home/fairino_ros2_ws/src/libfairino/lib /usr/bin/cmake --build /home/home/dcp_ws/build/kimm_hqp_controller -- -j10 -l10
[0.201s] [100%] Built target kimm_hqp_controller
[0.221s] Invoked command in '/home/home/dcp_ws/build/kimm_hqp_controller' returned '0': CMAKE_PREFIX_PATH=/home/home/dcp_ws/install/kimm_trajectory_smoother:/home/home/dcp_ws/install/isaacsim_ros2:/home/home/fairino_ros2_ws/install/isaacsim_ros2:/opt/ros/humble:/home/home/dcp_ws/install/kimm_qpoases:/home/home/dcp_ws/install/robotiq_description:/home/home/dcp_ws/install/pak_hqp_controller:/home/home/dcp_ws/install/kimm_hqp_controller:/home/home/dcp_ws/install/isaacsim:/home/home/dcp_ws/install/fairino_rviz:/home/home/dcp_ws/install/fairino_action_manager:/home/home/dcp_ws/install/fairino_interfaces:/home/home/dcp_ws/install/fairino_description:/home/home/dcp_ws/install/dh_robotics_ag95_description:/home/home/fairino_ros2_ws/install/kimm_hqp_controller:/home/home/fairino_ros2_ws/install/kimm_trajectory_smoother:/home/home/fairino_ros2_ws/install/kimm_qpoases:/home/home/fairino_ros2_ws/install/isaacsim:/home/home/fairino_ros2_ws/install/fairino_rviz:/home/home/fairino_ros2_ws/install/fairino_action_manager:/home/home/fairino_ros2_ws/install/fairino_interfaces:/home/home/fairino_ros2_ws/install/fairino_description:/home/home/fairino_ros2_ws/install/dh_robotics_ag95_description LD_LIBRARY_PATH=/home/home/dcp_ws/install/kimm_trajectory_smoother/lib:/home/home/dcp_ws/install/kimm_qpoases/lib:/usr/local/cuda-12.9/lib64:/home/home/dcp_ws/install/pak_hqp_controller/lib:/home/home/dcp_ws/install/kimm_hqp_controller/lib:/home/home/dcp_ws/install/fairino_action_manager/lib:/home/home/dcp_ws/install/fairino_interfaces/lib:/home/home/fairino_ros2_ws/install/kimm_hqp_controller/lib:/home/home/fairino_ros2_ws/install/kimm_trajectory_smoother/lib:/home/home/fairino_ros2_ws/install/kimm_qpoases/lib:/home/home/fairino_ros2_ws/install/fairino_action_manager/lib:/home/home/fairino_ros2_ws/install/fairino_interfaces/lib:/opt/ros/humble/opt/rviz_ogre_vendor/lib:/opt/ros/humble/lib/x86_64-linux-gnu:/opt/ros/humble/lib:/usr/local/cuda-12.9/lib64:/home/home/fairino_ros2_ws/src/libfairino/lib:/home/home/fairino_ros2_ws/src/libfairino/lib /usr/bin/cmake --build /home/home/dcp_ws/build/kimm_hqp_controller -- -j10 -l10
[0.222s] Invoking command in '/home/home/dcp_ws/build/kimm_hqp_controller': CMAKE_PREFIX_PATH=/home/home/dcp_ws/install/kimm_trajectory_smoother:/home/home/dcp_ws/install/isaacsim_ros2:/home/home/fairino_ros2_ws/install/isaacsim_ros2:/opt/ros/humble:/home/home/dcp_ws/install/kimm_qpoases:/home/home/dcp_ws/install/robotiq_description:/home/home/dcp_ws/install/pak_hqp_controller:/home/home/dcp_ws/install/kimm_hqp_controller:/home/home/dcp_ws/install/isaacsim:/home/home/dcp_ws/install/fairino_rviz:/home/home/dcp_ws/install/fairino_action_manager:/home/home/dcp_ws/install/fairino_interfaces:/home/home/dcp_ws/install/fairino_description:/home/home/dcp_ws/install/dh_robotics_ag95_description:/home/home/fairino_ros2_ws/install/kimm_hqp_controller:/home/home/fairino_ros2_ws/install/kimm_trajectory_smoother:/home/home/fairino_ros2_ws/install/kimm_qpoases:/home/home/fairino_ros2_ws/install/isaacsim:/home/home/fairino_ros2_ws/install/fairino_rviz:/home/home/fairino_ros2_ws/install/fairino_action_manager:/home/home/fairino_ros2_ws/install/fairino_interfaces:/home/home/fairino_ros2_ws/install/fairino_description:/home/home/fairino_ros2_ws/install/dh_robotics_ag95_description LD_LIBRARY_PATH=/home/home/dcp_ws/install/kimm_trajectory_smoother/lib:/home/home/dcp_ws/install/kimm_qpoases/lib:/usr/local/cuda-12.9/lib64:/home/home/dcp_ws/install/pak_hqp_controller/lib:/home/home/dcp_ws/install/kimm_hqp_controller/lib:/home/home/dcp_ws/install/fairino_action_manager/lib:/home/home/dcp_ws/install/fairino_interfaces/lib:/home/home/fairino_ros2_ws/install/kimm_hqp_controller/lib:/home/home/fairino_ros2_ws/install/kimm_trajectory_smoother/lib:/home/home/fairino_ros2_ws/install/kimm_qpoases/lib:/home/home/fairino_ros2_ws/install/fairino_action_manager/lib:/home/home/fairino_ros2_ws/install/fairino_interfaces/lib:/opt/ros/humble/opt/rviz_ogre_vendor/lib:/opt/ros/humble/lib/x86_64-linux-gnu:/opt/ros/humble/lib:/usr/local/cuda-12.9/lib64:/home/home/fairino_ros2_ws/src/libfairino/lib:/home/home/fairino_ros2_ws/src/libfairino/lib /usr/bin/cmake --install /home/home/dcp_ws/build/kimm_hqp_controller
[0.232s] -- Install configuration: ""
[0.232s] -- Up-to-date: /home/home/dcp_ws/install/kimm_hqp_controller/include
[0.232s] -- Up-to-date: /home/home/dcp_ws/install/kimm_hqp_controller/include/kimm_hqp_controller
[0.232s] -- Up-to-date: /home/home/dcp_ws/install/kimm_hqp_controller/include/kimm_hqp_controller/robot
[0.232s] -- Up-to-date: /home/home/dcp_ws/install/kimm_hqp_controller/include/kimm_hqp_controller/robot/fwd.hpp
[0.233s] -- Up-to-date: /home/home/dcp_ws/install/kimm_hqp_controller/include/kimm_hqp_controller/robot/robot_wrapper.hpp
[0.233s] -- Up-to-date: /home/home/dcp_ws/install/kimm_hqp_controller/include/kimm_hqp_controller/math
[0.233s] -- Up-to-date: /home/home/dcp_ws/install/kimm_hqp_controller/include/kimm_hqp_controller/math/util.hpp
[0.233s] -- Up-to-date: /home/home/dcp_ws/install/kimm_hqp_controller/include/kimm_hqp_controller/math/constraint_inequality.hpp
[0.233s] -- Up-to-date: /home/home/dcp_ws/install/kimm_hqp_controller/include/kimm_hqp_controller/math/fwd.hpp
[0.233s] -- Up-to-date: /home/home/dcp_ws/install/kimm_hqp_controller/include/kimm_hqp_controller/math/constraint_bound.hpp
[0.233s] -- Up-to-date: /home/home/dcp_ws/install/kimm_hqp_controller/include/kimm_hqp_controller/math/constraint_equality.hpp
[0.233s] -- Up-to-date: /home/home/dcp_ws/install/kimm_hqp_controller/include/kimm_hqp_controller/math/constraint_base.hpp
[0.233s] -- Up-to-date: /home/home/dcp_ws/install/kimm_hqp_controller/include/kimm_hqp_controller/trajectory
[0.233s] -- Up-to-date: /home/home/dcp_ws/install/kimm_hqp_controller/include/kimm_hqp_controller/trajectory/trajectory_euclidian.hpp
[0.233s] -- Up-to-date: /home/home/dcp_ws/install/kimm_hqp_controller/include/kimm_hqp_controller/trajectory/fwd.hpp
[0.233s] -- Up-to-date: /home/home/dcp_ws/install/kimm_hqp_controller/include/kimm_hqp_controller/trajectory/trajectory_se3.hpp
[0.233s] -- Up-to-date: /home/home/dcp_ws/install/kimm_hqp_controller/include/kimm_hqp_controller/trajectory/trajectory_base.hpp
[0.233s] -- Up-to-date: /home/home/dcp_ws/install/kimm_hqp_controller/include/kimm_hqp_controller/solver
[0.233s] -- Up-to-date: /home/home/dcp_ws/install/kimm_hqp_controller/include/kimm_hqp_controller/solver/solver_HQP_qpoases.hpp
[0.233s] -- Up-to-date: /home/home/dcp_ws/install/kimm_hqp_controller/include/kimm_hqp_controller/solver/solver_HQP_eiquadprog_fast.hpp
[0.233s] -- Up-to-date: /home/home/dcp_ws/install/kimm_hqp_controller/include/kimm_hqp_controller/solver/solver_HQP_base.hpp
[0.233s] -- Up-to-date: /home/home/dcp_ws/install/kimm_hqp_controller/include/kimm_hqp_controller/solver/util.hpp
[0.233s] -- Up-to-date: /home/home/dcp_ws/install/kimm_hqp_controller/include/kimm_hqp_controller/solver/solver_HQP_eiquadprog_rt.hxx
[0.233s] -- Up-to-date: /home/home/dcp_ws/install/kimm_hqp_controller/include/kimm_hqp_controller/solver/solver_HQP_eiquadprog_rt.hpp
[0.233s] -- Up-to-date: /home/home/dcp_ws/install/kimm_hqp_controller/include/kimm_hqp_controller/solver/fwd.hpp
[0.233s] -- Up-to-date: /home/home/dcp_ws/install/kimm_hqp_controller/include/kimm_hqp_controller/solver/solver_HQP_factory.hxx
[0.233s] -- Up-to-date: /home/home/dcp_ws/install/kimm_hqp_controller/include/kimm_hqp_controller/solver/solver_HQP_factory.hpp
[0.233s] -- Up-to-date: /home/home/dcp_ws/install/kimm_hqp_controller/include/kimm_hqp_controller/solver/solver_HQP_output.hpp
[0.233s] -- Up-to-date: /home/home/dcp_ws/install/kimm_hqp_controller/include/kimm_hqp_controller/solver/solver_HQP_eiquadprog.hpp
[0.234s] -- Up-to-date: /home/home/dcp_ws/install/kimm_hqp_controller/include/kimm_hqp_controller/formulation
[0.234s] -- Up-to-date: /home/home/dcp_ws/install/kimm_hqp_controller/include/kimm_hqp_controller/formulation/inverse_dynamics_formulation_base.hpp
[0.234s] -- Up-to-date: /home/home/dcp_ws/install/kimm_hqp_controller/include/kimm_hqp_controller/formulation/inverse_dynamics_formulation_acc.hpp
[0.234s] -- Up-to-date: /home/home/dcp_ws/install/kimm_hqp_controller/include/kimm_hqp_controller/formulation/contact_level.hpp
[0.234s] -- Up-to-date: /home/home/dcp_ws/install/kimm_hqp_controller/include/kimm_hqp_controller/formulation/inverse_dynamics_formulation_weighted_acc.hpp
[0.234s] -- Up-to-date: /home/home/dcp_ws/install/kimm_hqp_controller/include/kimm_hqp_controller/contact
[0.234s] -- Up-to-date: /home/home/dcp_ws/install/kimm_hqp_controller/include/kimm_hqp_controller/contact/contact_base.hpp
[0.234s] -- Up-to-date: /home/home/dcp_ws/install/kimm_hqp_controller/include/kimm_hqp_controller/contact/fwd.hpp
[0.238s] -- Up-to-date: /home/home/dcp_ws/install/kimm_hqp_controller/include/kimm_hqp_controller/contact/contact_point.hpp
[0.238s] -- Up-to-date: /home/home/dcp_ws/install/kimm_hqp_controller/include/kimm_hqp_controller/util
[0.238s] -- Up-to-date: /home/home/dcp_ws/install/kimm_hqp_controller/include/kimm_hqp_controller/util/stop_watch.hpp
[0.238s] -- Up-to-date: /home/home/dcp_ws/install/kimm_hqp_controller/include/kimm_hqp_controller/util/Stdafx.hh
[0.238s] -- Up-to-date: /home/home/dcp_ws/install/kimm_hqp_controller/include/kimm_hqp_controller/util/statistics.hpp
[0.238s] -- Up-to-date: /home/home/dcp_ws/install/kimm_hqp_controller/include/kimm_hqp_controller/tasks
[0.238s] -- Up-to-date: /home/home/dcp_ws/install/kimm_hqp_controller/include/kimm_hqp_controller/tasks/task_contact_force.hpp
[0.238s] -- Up-to-date: /home/home/dcp_ws/install/kimm_hqp_controller/include/kimm_hqp_controller/tasks/task_mobile_base.hpp
[0.238s] -- Up-to-date: /home/home/dcp_ws/install/kimm_hqp_controller/include/kimm_hqp_controller/tasks/fwd.hpp
[0.238s] -- Up-to-date: /home/home/dcp_ws/install/kimm_hqp_controller/include/kimm_hqp_controller/tasks/task_base.hpp
[0.238s] -- Up-to-date: /home/home/dcp_ws/install/kimm_hqp_controller/include/kimm_hqp_controller/tasks/task_se3_equality.hpp
[0.238s] -- Up-to-date: /home/home/dcp_ws/install/kimm_hqp_controller/include/kimm_hqp_controller/tasks/task_joint_bound.hpp
[0.238s] -- Up-to-date: /home/home/dcp_ws/install/kimm_hqp_controller/include/kimm_hqp_controller/tasks/task_joint_posture.hpp
[0.238s] -- Up-to-date: /home/home/dcp_ws/install/kimm_hqp_controller/include/kimm_hqp_controller/tasks/task_motion.hpp
[0.238s] -- Up-to-date: /home/home/dcp_ws/install/kimm_hqp_controller/include/kimm_hqp_controller/config.hpp
[0.238s] -- Up-to-date: /home/home/dcp_ws/install/kimm_hqp_controller/lib/libkimm_hqp_controller.so
[0.238s] -- Up-to-date: /home/home/dcp_ws/install/kimm_hqp_controller/share/kimm_hqp_controller/cmake/export_kimm_hqp_controller.cmake
[0.238s] -- Up-to-date: /home/home/dcp_ws/install/kimm_hqp_controller/share/kimm_hqp_controller/cmake/export_kimm_hqp_controller-noconfig.cmake
[0.238s] -- Up-to-date: /home/home/dcp_ws/install/kimm_hqp_controller/share/kimm_hqp_controller/environment/library_path.sh
[0.238s] -- Up-to-date: /home/home/dcp_ws/install/kimm_hqp_controller/share/kimm_hqp_controller/environment/library_path.dsv
[0.239s] -- Up-to-date: /home/home/dcp_ws/install/kimm_hqp_controller/share/ament_index/resource_index/package_run_dependencies/kimm_hqp_controller
[0.239s] -- Up-to-date: /home/home/dcp_ws/install/kimm_hqp_controller/share/ament_index/resource_index/parent_prefix_path/kimm_hqp_controller
[0.239s] -- Up-to-date: /home/home/dcp_ws/install/kimm_hqp_controller/share/kimm_hqp_controller/environment/ament_prefix_path.sh
[0.239s] -- Up-to-date: /home/home/dcp_ws/install/kimm_hqp_controller/share/kimm_hqp_controller/environment/ament_prefix_path.dsv
[0.239s] -- Up-to-date: /home/home/dcp_ws/install/kimm_hqp_controller/share/kimm_hqp_controller/environment/path.sh
[0.239s] -- Up-to-date: /home/home/dcp_ws/install/kimm_hqp_controller/share/kimm_hqp_controller/environment/path.dsv
[0.239s] -- Up-to-date: /home/home/dcp_ws/install/kimm_hqp_controller/share/kimm_hqp_controller/local_setup.bash
[0.239s] -- Up-to-date: /home/home/dcp_ws/install/kimm_hqp_controller/share/kimm_hqp_controller/local_setup.sh
[0.239s] -- Up-to-date: /home/home/dcp_ws/install/kimm_hqp_controller/share/kimm_hqp_controller/local_setup.zsh
[0.239s] -- Up-to-date: /home/home/dcp_ws/install/kimm_hqp_controller/share/kimm_hqp_controller/local_setup.dsv
[0.239s] -- Installing: /home/home/dcp_ws/install/kimm_hqp_controller/share/kimm_hqp_controller/package.dsv
[0.239s] -- Up-to-date: /home/home/dcp_ws/install/kimm_hqp_controller/share/ament_index/resource_index/packages/kimm_hqp_controller
[0.239s] -- Up-to-date: /home/home/dcp_ws/install/kimm_hqp_controller/share/kimm_hqp_controller/cmake/export_kimm_hqp_controllerExport.cmake
[0.239s] -- Up-to-date: /home/home/dcp_ws/install/kimm_hqp_controller/share/kimm_hqp_controller/cmake/export_kimm_hqp_controllerExport-noconfig.cmake
[0.239s] -- Up-to-date: /home/home/dcp_ws/install/kimm_hqp_controller/share/kimm_hqp_controller/cmake/ament_cmake_export_include_directories-extras.cmake
[0.239s] -- Up-to-date: /home/home/dcp_ws/install/kimm_hqp_controller/share/kimm_hqp_controller/cmake/ament_cmake_export_libraries-extras.cmake
[0.239s] -- Up-to-date: /home/home/dcp_ws/install/kimm_hqp_controller/share/kimm_hqp_controller/cmake/ament_cmake_export_dependencies-extras.cmake
[0.239s] -- Up-to-date: /home/home/dcp_ws/install/kimm_hqp_controller/share/kimm_hqp_controller/cmake/ament_cmake_export_targets-extras.cmake
[0.239s] -- Up-to-date: /home/home/dcp_ws/install/kimm_hqp_controller/share/kimm_hqp_controller/cmake/kimm_hqp_controllerConfig.cmake
[0.239s] -- Up-to-date: /home/home/dcp_ws/install/kimm_hqp_controller/share/kimm_hqp_controller/cmake/kimm_hqp_controllerConfig-version.cmake
[0.239s] -- Up-to-date: /home/home/dcp_ws/install/kimm_hqp_controller/share/kimm_hqp_controller/package.xml
[0.241s] Invoked command in '/home/home/dcp_ws/build/kimm_hqp_controller' returned '0': CMAKE_PREFIX_PATH=/home/home/dcp_ws/install/kimm_trajectory_smoother:/home/home/dcp_ws/install/isaacsim_ros2:/home/home/fairino_ros2_ws/install/isaacsim_ros2:/opt/ros/humble:/home/home/dcp_ws/install/kimm_qpoases:/home/home/dcp_ws/install/robotiq_description:/home/home/dcp_ws/install/pak_hqp_controller:/home/home/dcp_ws/install/kimm_hqp_controller:/home/home/dcp_ws/install/isaacsim:/home/home/dcp_ws/install/fairino_rviz:/home/home/dcp_ws/install/fairino_action_manager:/home/home/dcp_ws/install/fairino_interfaces:/home/home/dcp_ws/install/fairino_description:/home/home/dcp_ws/install/dh_robotics_ag95_description:/home/home/fairino_ros2_ws/install/kimm_hqp_controller:/home/home/fairino_ros2_ws/install/kimm_trajectory_smoother:/home/home/fairino_ros2_ws/install/kimm_qpoases:/home/home/fairino_ros2_ws/install/isaacsim:/home/home/fairino_ros2_ws/install/fairino_rviz:/home/home/fairino_ros2_ws/install/fairino_action_manager:/home/home/fairino_ros2_ws/install/fairino_interfaces:/home/home/fairino_ros2_ws/install/fairino_description:/home/home/fairino_ros2_ws/install/dh_robotics_ag95_description LD_LIBRARY_PATH=/home/home/dcp_ws/install/kimm_trajectory_smoother/lib:/home/home/dcp_ws/install/kimm_qpoases/lib:/usr/local/cuda-12.9/lib64:/home/home/dcp_ws/install/pak_hqp_controller/lib:/home/home/dcp_ws/install/kimm_hqp_controller/lib:/home/home/dcp_ws/install/fairino_action_manager/lib:/home/home/dcp_ws/install/fairino_interfaces/lib:/home/home/fairino_ros2_ws/install/kimm_hqp_controller/lib:/home/home/fairino_ros2_ws/install/kimm_trajectory_smoother/lib:/home/home/fairino_ros2_ws/install/kimm_qpoases/lib:/home/home/fairino_ros2_ws/install/fairino_action_manager/lib:/home/home/fairino_ros2_ws/install/fairino_interfaces/lib:/opt/ros/humble/opt/rviz_ogre_vendor/lib:/opt/ros/humble/lib/x86_64-linux-gnu:/opt/ros/humble/lib:/usr/local/cuda-12.9/lib64:/home/home/fairino_ros2_ws/src/libfairino/lib:/home/home/fairino_ros2_ws/src/libfairino/lib /usr/bin/cmake --install /home/home/dcp_ws/build/kimm_hqp_controller
