[35m[1mConsolidate compiler generated dependencies of target kimm_hqp_controller[0m
[100%] Built target kimm_hqp_controller
-- Install configuration: ""
-- Installing: /home/home/dcp_ws/install/kimm_hqp_controller/include
-- Installing: /home/home/dcp_ws/install/kimm_hqp_controller/include/kimm_hqp_controller
-- Installing: /home/home/dcp_ws/install/kimm_hqp_controller/include/kimm_hqp_controller/robot
-- Installing: /home/home/dcp_ws/install/kimm_hqp_controller/include/kimm_hqp_controller/robot/fwd.hpp
-- Installing: /home/home/dcp_ws/install/kimm_hqp_controller/include/kimm_hqp_controller/robot/robot_wrapper.hpp
-- Installing: /home/home/dcp_ws/install/kimm_hqp_controller/include/kimm_hqp_controller/math
-- Installing: /home/home/dcp_ws/install/kimm_hqp_controller/include/kimm_hqp_controller/math/util.hpp
-- Installing: /home/home/dcp_ws/install/kimm_hqp_controller/include/kimm_hqp_controller/math/constraint_inequality.hpp
-- Installing: /home/home/dcp_ws/install/kimm_hqp_controller/include/kimm_hqp_controller/math/fwd.hpp
-- Installing: /home/home/dcp_ws/install/kimm_hqp_controller/include/kimm_hqp_controller/math/constraint_bound.hpp
-- Installing: /home/home/dcp_ws/install/kimm_hqp_controller/include/kimm_hqp_controller/math/constraint_equality.hpp
-- Installing: /home/home/dcp_ws/install/kimm_hqp_controller/include/kimm_hqp_controller/math/constraint_base.hpp
-- Installing: /home/home/dcp_ws/install/kimm_hqp_controller/include/kimm_hqp_controller/trajectory
-- Installing: /home/home/dcp_ws/install/kimm_hqp_controller/include/kimm_hqp_controller/trajectory/trajectory_euclidian.hpp
-- Installing: /home/home/dcp_ws/install/kimm_hqp_controller/include/kimm_hqp_controller/trajectory/fwd.hpp
-- Installing: /home/home/dcp_ws/install/kimm_hqp_controller/include/kimm_hqp_controller/trajectory/trajectory_se3.hpp
-- Installing: /home/home/dcp_ws/install/kimm_hqp_controller/include/kimm_hqp_controller/trajectory/trajectory_base.hpp
-- Installing: /home/home/dcp_ws/install/kimm_hqp_controller/include/kimm_hqp_controller/solver
-- Installing: /home/home/dcp_ws/install/kimm_hqp_controller/include/kimm_hqp_controller/solver/solver_HQP_qpoases.hpp
-- Installing: /home/home/dcp_ws/install/kimm_hqp_controller/include/kimm_hqp_controller/solver/solver_HQP_eiquadprog_fast.hpp
-- Installing: /home/home/dcp_ws/install/kimm_hqp_controller/include/kimm_hqp_controller/solver/solver_HQP_base.hpp
-- Installing: /home/home/dcp_ws/install/kimm_hqp_controller/include/kimm_hqp_controller/solver/util.hpp
-- Installing: /home/home/dcp_ws/install/kimm_hqp_controller/include/kimm_hqp_controller/solver/solver_HQP_eiquadprog_rt.hxx
-- Installing: /home/home/dcp_ws/install/kimm_hqp_controller/include/kimm_hqp_controller/solver/solver_HQP_eiquadprog_rt.hpp
-- Installing: /home/home/dcp_ws/install/kimm_hqp_controller/include/kimm_hqp_controller/solver/fwd.hpp
-- Installing: /home/home/dcp_ws/install/kimm_hqp_controller/include/kimm_hqp_controller/solver/solver_HQP_factory.hxx
-- Installing: /home/home/dcp_ws/install/kimm_hqp_controller/include/kimm_hqp_controller/solver/solver_HQP_factory.hpp
-- Installing: /home/home/dcp_ws/install/kimm_hqp_controller/include/kimm_hqp_controller/solver/solver_HQP_output.hpp
-- Installing: /home/home/dcp_ws/install/kimm_hqp_controller/include/kimm_hqp_controller/solver/solver_HQP_eiquadprog.hpp
-- Installing: /home/home/dcp_ws/install/kimm_hqp_controller/include/kimm_hqp_controller/formulation
-- Installing: /home/home/dcp_ws/install/kimm_hqp_controller/include/kimm_hqp_controller/formulation/inverse_dynamics_formulation_base.hpp
-- Installing: /home/home/dcp_ws/install/kimm_hqp_controller/include/kimm_hqp_controller/formulation/inverse_dynamics_formulation_acc.hpp
-- Installing: /home/home/dcp_ws/install/kimm_hqp_controller/include/kimm_hqp_controller/formulation/contact_level.hpp
-- Installing: /home/home/dcp_ws/install/kimm_hqp_controller/include/kimm_hqp_controller/formulation/inverse_dynamics_formulation_weighted_acc.hpp
-- Installing: /home/home/dcp_ws/install/kimm_hqp_controller/include/kimm_hqp_controller/contact
-- Installing: /home/home/dcp_ws/install/kimm_hqp_controller/include/kimm_hqp_controller/contact/contact_base.hpp
-- Installing: /home/home/dcp_ws/install/kimm_hqp_controller/include/kimm_hqp_controller/contact/fwd.hpp
-- Installing: /home/home/dcp_ws/install/kimm_hqp_controller/include/kimm_hqp_controller/contact/contact_point.hpp
-- Installing: /home/home/dcp_ws/install/kimm_hqp_controller/include/kimm_hqp_controller/util
-- Installing: /home/home/dcp_ws/install/kimm_hqp_controller/include/kimm_hqp_controller/util/stop_watch.hpp
-- Installing: /home/home/dcp_ws/install/kimm_hqp_controller/include/kimm_hqp_controller/util/Stdafx.hh
-- Installing: /home/home/dcp_ws/install/kimm_hqp_controller/include/kimm_hqp_controller/util/statistics.hpp
-- Installing: /home/home/dcp_ws/install/kimm_hqp_controller/include/kimm_hqp_controller/tasks
-- Installing: /home/home/dcp_ws/install/kimm_hqp_controller/include/kimm_hqp_controller/tasks/task_contact_force.hpp
-- Installing: /home/home/dcp_ws/install/kimm_hqp_controller/include/kimm_hqp_controller/tasks/task_mobile_base.hpp
-- Installing: /home/home/dcp_ws/install/kimm_hqp_controller/include/kimm_hqp_controller/tasks/fwd.hpp
-- Installing: /home/home/dcp_ws/install/kimm_hqp_controller/include/kimm_hqp_controller/tasks/task_base.hpp
-- Installing: /home/home/dcp_ws/install/kimm_hqp_controller/include/kimm_hqp_controller/tasks/task_se3_equality.hpp
-- Installing: /home/home/dcp_ws/install/kimm_hqp_controller/include/kimm_hqp_controller/tasks/task_joint_bound.hpp
-- Installing: /home/home/dcp_ws/install/kimm_hqp_controller/include/kimm_hqp_controller/tasks/task_joint_posture.hpp
-- Installing: /home/home/dcp_ws/install/kimm_hqp_controller/include/kimm_hqp_controller/tasks/task_motion.hpp
-- Installing: /home/home/dcp_ws/install/kimm_hqp_controller/include/kimm_hqp_controller/config.hpp
-- Installing: /home/home/dcp_ws/install/kimm_hqp_controller/lib/libkimm_hqp_controller.so
-- Set runtime path of "/home/home/dcp_ws/install/kimm_hqp_controller/lib/libkimm_hqp_controller.so" to ""
-- Installing: /home/home/dcp_ws/install/kimm_hqp_controller/share/kimm_hqp_controller/cmake/export_kimm_hqp_controller.cmake
-- Installing: /home/home/dcp_ws/install/kimm_hqp_controller/share/kimm_hqp_controller/cmake/export_kimm_hqp_controller-noconfig.cmake
-- Installing: /home/home/dcp_ws/install/kimm_hqp_controller/share/kimm_hqp_controller/environment/library_path.sh
-- Installing: /home/home/dcp_ws/install/kimm_hqp_controller/share/kimm_hqp_controller/environment/library_path.dsv
-- Installing: /home/home/dcp_ws/install/kimm_hqp_controller/share/ament_index/resource_index/package_run_dependencies/kimm_hqp_controller
-- Installing: /home/home/dcp_ws/install/kimm_hqp_controller/share/ament_index/resource_index/parent_prefix_path/kimm_hqp_controller
-- Installing: /home/home/dcp_ws/install/kimm_hqp_controller/share/kimm_hqp_controller/environment/ament_prefix_path.sh
-- Installing: /home/home/dcp_ws/install/kimm_hqp_controller/share/kimm_hqp_controller/environment/ament_prefix_path.dsv
-- Installing: /home/home/dcp_ws/install/kimm_hqp_controller/share/kimm_hqp_controller/environment/path.sh
-- Installing: /home/home/dcp_ws/install/kimm_hqp_controller/share/kimm_hqp_controller/environment/path.dsv
-- Installing: /home/home/dcp_ws/install/kimm_hqp_controller/share/kimm_hqp_controller/local_setup.bash
-- Installing: /home/home/dcp_ws/install/kimm_hqp_controller/share/kimm_hqp_controller/local_setup.sh
-- Installing: /home/home/dcp_ws/install/kimm_hqp_controller/share/kimm_hqp_controller/local_setup.zsh
-- Installing: /home/home/dcp_ws/install/kimm_hqp_controller/share/kimm_hqp_controller/local_setup.dsv
-- Installing: /home/home/dcp_ws/install/kimm_hqp_controller/share/kimm_hqp_controller/package.dsv
-- Installing: /home/home/dcp_ws/install/kimm_hqp_controller/share/ament_index/resource_index/packages/kimm_hqp_controller
-- Installing: /home/home/dcp_ws/install/kimm_hqp_controller/share/kimm_hqp_controller/cmake/export_kimm_hqp_controllerExport.cmake
-- Installing: /home/home/dcp_ws/install/kimm_hqp_controller/share/kimm_hqp_controller/cmake/export_kimm_hqp_controllerExport-noconfig.cmake
-- Installing: /home/home/dcp_ws/install/kimm_hqp_controller/share/kimm_hqp_controller/cmake/ament_cmake_export_include_directories-extras.cmake
-- Installing: /home/home/dcp_ws/install/kimm_hqp_controller/share/kimm_hqp_controller/cmake/ament_cmake_export_libraries-extras.cmake
-- Installing: /home/home/dcp_ws/install/kimm_hqp_controller/share/kimm_hqp_controller/cmake/ament_cmake_export_dependencies-extras.cmake
-- Installing: /home/home/dcp_ws/install/kimm_hqp_controller/share/kimm_hqp_controller/cmake/ament_cmake_export_targets-extras.cmake
-- Installing: /home/home/dcp_ws/install/kimm_hqp_controller/share/kimm_hqp_controller/cmake/kimm_hqp_controllerConfig.cmake
-- Installing: /home/home/dcp_ws/install/kimm_hqp_controller/share/kimm_hqp_controller/cmake/kimm_hqp_controllerConfig-version.cmake
-- Installing: /home/home/dcp_ws/install/kimm_hqp_controller/share/kimm_hqp_controller/package.xml
