[0.025s] Invoking command in '/home/home/dcp_ws/build/apriltag': CMAKE_PREFIX_PATH=/home/home/dcp_ws/install/robotiq_description:/home/home/dcp_ws/install/pak_hqp_controller:/home/home/dcp_ws/install/kimm_hqp_controller:/home/home/dcp_ws/install/kimm_trajectory_smoother:/home/home/dcp_ws/install/kimm_qpoases:/home/home/dcp_ws/install/isaacsim:/home/home/dcp_ws/install/fairino_rviz:/home/home/dcp_ws/install/fairino_action_manager:/home/home/dcp_ws/install/fairino_interfaces:/home/home/dcp_ws/install/fairino_description:/home/home/dcp_ws/install/dh_robotics_ag95_description:/home/home/fairino_ros2_ws/install/kimm_hqp_controller:/home/home/fairino_ros2_ws/install/kimm_trajectory_smoother:/home/home/dcp_ws/install/isaacsim_ros2:/home/home/fairino_ros2_ws/install/isaacsim_ros2:/opt/ros/humble:/home/home/fairino_ros2_ws/install/kimm_qpoases:/home/home/fairino_ros2_ws/install/isaacsim:/home/home/fairino_ros2_ws/install/fairino_rviz:/home/home/fairino_ros2_ws/install/fairino_action_manager:/home/home/fairino_ros2_ws/install/fairino_interfaces:/home/home/fairino_ros2_ws/install/fairino_description:/home/home/fairino_ros2_ws/install/dh_robotics_ag95_description /usr/bin/cmake /home/home/dcp_ws/src/perception/apriltag -DCMAKE_INSTALL_PREFIX=/home/home/dcp_ws/install/apriltag
[0.171s] -- The C compiler identification is GNU 11.4.0
[0.171s] -- Detecting C compiler ABI info
[0.171s] -- Detecting C compiler ABI info - done
[0.171s] -- Check for working C compiler: /usr/bin/cc - skipped
[0.171s] -- Detecting C compile features
[0.171s] -- Detecting C compile features - done
[0.172s] -- Setting build type to 'Release' as none was specified.
[0.172s] -- Looking for pthread.h
[0.174s] -- Looking for pthread.h - found
[0.174s] -- Performing Test CMAKE_HAVE_LIBC_PTHREAD
[0.222s] -- Performing Test CMAKE_HAVE_LIBC_PTHREAD - Success
[0.222s] -- Found Threads: TRUE  
[0.685s] -- The CXX compiler identification is GNU 11.4.0
[0.691s] -- Detecting CXX compiler ABI info
[0.772s] -- Detecting CXX compiler ABI info - done
[0.781s] -- Check for working CXX compiler: /usr/bin/c++ - skipped
[0.781s] -- Detecting CXX compile features
[0.781s] -- Detecting CXX compile features - done
[0.782s] -- Configuring done
[0.791s] -- Generating done
[0.795s] -- Build files have been written to: /home/home/dcp_ws/build/apriltag
[0.806s] Invoked command in '/home/home/dcp_ws/build/apriltag' returned '0': CMAKE_PREFIX_PATH=/home/home/dcp_ws/install/robotiq_description:/home/home/dcp_ws/install/pak_hqp_controller:/home/home/dcp_ws/install/kimm_hqp_controller:/home/home/dcp_ws/install/kimm_trajectory_smoother:/home/home/dcp_ws/install/kimm_qpoases:/home/home/dcp_ws/install/isaacsim:/home/home/dcp_ws/install/fairino_rviz:/home/home/dcp_ws/install/fairino_action_manager:/home/home/dcp_ws/install/fairino_interfaces:/home/home/dcp_ws/install/fairino_description:/home/home/dcp_ws/install/dh_robotics_ag95_description:/home/home/fairino_ros2_ws/install/kimm_hqp_controller:/home/home/fairino_ros2_ws/install/kimm_trajectory_smoother:/home/home/dcp_ws/install/isaacsim_ros2:/home/home/fairino_ros2_ws/install/isaacsim_ros2:/opt/ros/humble:/home/home/fairino_ros2_ws/install/kimm_qpoases:/home/home/fairino_ros2_ws/install/isaacsim:/home/home/fairino_ros2_ws/install/fairino_rviz:/home/home/fairino_ros2_ws/install/fairino_action_manager:/home/home/fairino_ros2_ws/install/fairino_interfaces:/home/home/fairino_ros2_ws/install/fairino_description:/home/home/fairino_ros2_ws/install/dh_robotics_ag95_description /usr/bin/cmake /home/home/dcp_ws/src/perception/apriltag -DCMAKE_INSTALL_PREFIX=/home/home/dcp_ws/install/apriltag
[0.806s] Invoking command in '/home/home/dcp_ws/build/apriltag': CMAKE_PREFIX_PATH=/home/home/dcp_ws/install/robotiq_description:/home/home/dcp_ws/install/pak_hqp_controller:/home/home/dcp_ws/install/kimm_hqp_controller:/home/home/dcp_ws/install/kimm_trajectory_smoother:/home/home/dcp_ws/install/kimm_qpoases:/home/home/dcp_ws/install/isaacsim:/home/home/dcp_ws/install/fairino_rviz:/home/home/dcp_ws/install/fairino_action_manager:/home/home/dcp_ws/install/fairino_interfaces:/home/home/dcp_ws/install/fairino_description:/home/home/dcp_ws/install/dh_robotics_ag95_description:/home/home/fairino_ros2_ws/install/kimm_hqp_controller:/home/home/fairino_ros2_ws/install/kimm_trajectory_smoother:/home/home/dcp_ws/install/isaacsim_ros2:/home/home/fairino_ros2_ws/install/isaacsim_ros2:/opt/ros/humble:/home/home/fairino_ros2_ws/install/kimm_qpoases:/home/home/fairino_ros2_ws/install/isaacsim:/home/home/fairino_ros2_ws/install/fairino_rviz:/home/home/fairino_ros2_ws/install/fairino_action_manager:/home/home/fairino_ros2_ws/install/fairino_interfaces:/home/home/fairino_ros2_ws/install/fairino_description:/home/home/fairino_ros2_ws/install/dh_robotics_ag95_description /usr/bin/cmake --build /home/home/dcp_ws/build/apriltag -- -j10 -l10
[0.848s] [  4%] [32mBuilding C object CMakeFiles/apriltag.dir/apriltag_pose.c.o[0m
[0.848s] [  4%] [34m[1mGenerating apriltag_detect_docstring.h, apriltag_detect_docstring.cxx[0m
[0.848s] [  7%] [32mBuilding C object CMakeFiles/apriltag.dir/apriltag.c.o[0m
[0.860s] [  9%] [32mBuilding C object CMakeFiles/apriltag.dir/common/image_u8.c.o[0m
[0.860s] [ 24%] [32mBuilding C object CMakeFiles/apriltag.dir/common/image_u8x3.c.o[0m
[0.860s] [ 12%] [32mBuilding C object CMakeFiles/apriltag.dir/apriltag_quad_thresh.c.o[0m
[0.860s] [ 14%] [34m[1mGenerating apriltag_py_type_docstring.h, apriltag_py_type_docstring.cxx[0m
[0.860s] [ 17%] [32mBuilding C object CMakeFiles/apriltag.dir/common/homography.c.o[0m
[0.860s] [ 19%] [32mBuilding C object CMakeFiles/apriltag.dir/common/getopt.c.o[0m
[0.860s] [ 21%] [32mBuilding C object CMakeFiles/apriltag.dir/common/g2d.c.o[0m
[0.894s] [ 26%] [32mBuilding C object CMakeFiles/apriltag.dir/common/image_u8x4.c.o[0m
[0.907s] [ 26%] Built target apriltag_py_docstrings
[0.916s] [ 29%] [32mBuilding C object CMakeFiles/apriltag.dir/common/matd.c.o[0m
[1.008s] [ 31%] [32mBuilding C object CMakeFiles/apriltag.dir/common/pam.c.o[0m
[1.013s] [ 34%] [32mBuilding C object CMakeFiles/apriltag.dir/common/pjpeg-idct.c.o[0m
[1.045s] [ 36%] [32mBuilding C object CMakeFiles/apriltag.dir/common/pjpeg.c.o[0m
[1.055s] [ 39%] [32mBuilding C object CMakeFiles/apriltag.dir/common/pnm.c.o[0m
[1.078s] [ 41%] [32mBuilding C object CMakeFiles/apriltag.dir/common/pthreads_cross.c.o[0m
[1.127s] [ 46%] [32mBuilding C object CMakeFiles/apriltag.dir/common/string_util.c.o[0m
[1.129s] [ 46%] [32mBuilding C object CMakeFiles/apriltag.dir/common/svd22.c.o[0m
[1.138s] [ 48%] [32mBuilding C object CMakeFiles/apriltag.dir/common/time_util.c.o[0m
[1.143s] [ 51%] [32mBuilding C object CMakeFiles/apriltag.dir/common/unionfind.c.o[0m
[1.149s] [ 53%] [32mBuilding C object CMakeFiles/apriltag.dir/common/workerpool.c.o[0m
[1.190s] [ 56%] [32mBuilding C object CMakeFiles/apriltag.dir/common/zarray.c.o[0m
[1.204s] [ 58%] [32mBuilding C object CMakeFiles/apriltag.dir/common/zhash.c.o[0m
[1.230s] [ 60%] [32mBuilding C object CMakeFiles/apriltag.dir/common/zmaxheap.c.o[0m
[1.251s] [ 63%] [32mBuilding C object CMakeFiles/apriltag.dir/tag16h5.c.o[0m
[1.278s] [ 65%] [32mBuilding C object CMakeFiles/apriltag.dir/tag25h9.c.o[0m
[1.281s] [ 68%] [32mBuilding C object CMakeFiles/apriltag.dir/tag36h10.c.o[0m
[1.337s] [ 70%] [32mBuilding C object CMakeFiles/apriltag.dir/tag36h11.c.o[0m
[1.338s] [ 73%] [32mBuilding C object CMakeFiles/apriltag.dir/tagCircle21h7.c.o[0m
[1.344s] [ 75%] [32mBuilding C object CMakeFiles/apriltag.dir/tagCircle49h12.c.o[0m
[1.377s] [ 78%] [32mBuilding C object CMakeFiles/apriltag.dir/tagCustom48h12.c.o[0m
[1.386s] [ 80%] [32mBuilding C object CMakeFiles/apriltag.dir/tagStandard41h12.c.o[0m
[1.400s] [ 82%] [32mBuilding C object CMakeFiles/apriltag.dir/tagStandard52h13.c.o[0m
[1.731s] [ 85%] [32m[1mLinking C shared library libapriltag.so[0m
[1.784s] [ 85%] Built target apriltag
[1.809s] [ 87%] [32mBuilding C object CMakeFiles/apriltag.cpython-310-x86_64-linux-gnu.dir/apriltag_pywrap.c.o[0m
[1.813s] [ 90%] [32mBuilding CXX object CMakeFiles/opencv_demo.dir/example/opencv_demo.cc.o[0m
[1.818s] [ 92%] [32mBuilding C object CMakeFiles/apriltag_demo.dir/example/apriltag_demo.c.o[0m
[1.925s] [ 95%] [32m[1mLinking C executable apriltag_demo[0m
[1.939s] [ 97%] [32m[1mLinking C shared module apriltag.cpython-310-x86_64-linux-gnu.so[0m
[1.972s] [ 97%] Built target apriltag_demo
[1.981s] [ 97%] Built target apriltag.cpython-310-x86_64-linux-gnu
[2.850s] [100%] [32m[1mLinking CXX executable opencv_demo[0m
[3.716s] [100%] Built target opencv_demo
[3.732s] Invoked command in '/home/home/dcp_ws/build/apriltag' returned '0': CMAKE_PREFIX_PATH=/home/home/dcp_ws/install/robotiq_description:/home/home/dcp_ws/install/pak_hqp_controller:/home/home/dcp_ws/install/kimm_hqp_controller:/home/home/dcp_ws/install/kimm_trajectory_smoother:/home/home/dcp_ws/install/kimm_qpoases:/home/home/dcp_ws/install/isaacsim:/home/home/dcp_ws/install/fairino_rviz:/home/home/dcp_ws/install/fairino_action_manager:/home/home/dcp_ws/install/fairino_interfaces:/home/home/dcp_ws/install/fairino_description:/home/home/dcp_ws/install/dh_robotics_ag95_description:/home/home/fairino_ros2_ws/install/kimm_hqp_controller:/home/home/fairino_ros2_ws/install/kimm_trajectory_smoother:/home/home/dcp_ws/install/isaacsim_ros2:/home/home/fairino_ros2_ws/install/isaacsim_ros2:/opt/ros/humble:/home/home/fairino_ros2_ws/install/kimm_qpoases:/home/home/fairino_ros2_ws/install/isaacsim:/home/home/fairino_ros2_ws/install/fairino_rviz:/home/home/fairino_ros2_ws/install/fairino_action_manager:/home/home/fairino_ros2_ws/install/fairino_interfaces:/home/home/fairino_ros2_ws/install/fairino_description:/home/home/fairino_ros2_ws/install/dh_robotics_ag95_description /usr/bin/cmake --build /home/home/dcp_ws/build/apriltag -- -j10 -l10
[3.735s] Invoking command in '/home/home/dcp_ws/build/apriltag': CMAKE_PREFIX_PATH=/home/home/dcp_ws/install/robotiq_description:/home/home/dcp_ws/install/pak_hqp_controller:/home/home/dcp_ws/install/kimm_hqp_controller:/home/home/dcp_ws/install/kimm_trajectory_smoother:/home/home/dcp_ws/install/kimm_qpoases:/home/home/dcp_ws/install/isaacsim:/home/home/dcp_ws/install/fairino_rviz:/home/home/dcp_ws/install/fairino_action_manager:/home/home/dcp_ws/install/fairino_interfaces:/home/home/dcp_ws/install/fairino_description:/home/home/dcp_ws/install/dh_robotics_ag95_description:/home/home/fairino_ros2_ws/install/kimm_hqp_controller:/home/home/fairino_ros2_ws/install/kimm_trajectory_smoother:/home/home/dcp_ws/install/isaacsim_ros2:/home/home/fairino_ros2_ws/install/isaacsim_ros2:/opt/ros/humble:/home/home/fairino_ros2_ws/install/kimm_qpoases:/home/home/fairino_ros2_ws/install/isaacsim:/home/home/fairino_ros2_ws/install/fairino_rviz:/home/home/fairino_ros2_ws/install/fairino_action_manager:/home/home/fairino_ros2_ws/install/fairino_interfaces:/home/home/fairino_ros2_ws/install/fairino_description:/home/home/fairino_ros2_ws/install/dh_robotics_ag95_description /usr/bin/cmake --install /home/home/dcp_ws/build/apriltag
[3.749s] -- Install configuration: "Release"
[3.749s] -- Installing: /home/home/dcp_ws/install/apriltag/include/apriltag/apriltag.h
[3.749s] -- Installing: /home/home/dcp_ws/install/apriltag/include/apriltag/apriltag_math.h
[3.749s] -- Installing: /home/home/dcp_ws/install/apriltag/include/apriltag/apriltag_pose.h
[3.749s] -- Installing: /home/home/dcp_ws/install/apriltag/include/apriltag/common/debug_print.h
[3.749s] -- Installing: /home/home/dcp_ws/install/apriltag/include/apriltag/common/doubles.h
[3.749s] -- Installing: /home/home/dcp_ws/install/apriltag/include/apriltag/common/doubles_floats_impl.h
[3.749s] -- Installing: /home/home/dcp_ws/install/apriltag/include/apriltag/common/floats.h
[3.749s] -- Installing: /home/home/dcp_ws/install/apriltag/include/apriltag/common/g2d.h
[3.749s] -- Installing: /home/home/dcp_ws/install/apriltag/include/apriltag/common/getopt.h
[3.749s] -- Installing: /home/home/dcp_ws/install/apriltag/include/apriltag/common/homography.h
[3.749s] -- Installing: /home/home/dcp_ws/install/apriltag/include/apriltag/common/image_types.h
[3.749s] -- Installing: /home/home/dcp_ws/install/apriltag/include/apriltag/common/image_u8.h
[3.750s] -- Installing: /home/home/dcp_ws/install/apriltag/include/apriltag/common/image_u8x3.h
[3.750s] -- Installing: /home/home/dcp_ws/install/apriltag/include/apriltag/common/image_u8x4.h
[3.750s] -- Installing: /home/home/dcp_ws/install/apriltag/include/apriltag/common/matd.h
[3.750s] -- Installing: /home/home/dcp_ws/install/apriltag/include/apriltag/common/math_util.h
[3.750s] -- Installing: /home/home/dcp_ws/install/apriltag/include/apriltag/common/pam.h
[3.750s] -- Installing: /home/home/dcp_ws/install/apriltag/include/apriltag/common/pjpeg.h
[3.752s] -- Installing: /home/home/dcp_ws/install/apriltag/include/apriltag/common/pnm.h
[3.752s] -- Installing: /home/home/dcp_ws/install/apriltag/include/apriltag/common/postscript_utils.h
[3.752s] -- Installing: /home/home/dcp_ws/install/apriltag/include/apriltag/common/pthreads_cross.h
[3.752s] -- Installing: /home/home/dcp_ws/install/apriltag/include/apriltag/common/string_util.h
[3.753s] -- Installing: /home/home/dcp_ws/install/apriltag/include/apriltag/common/svd22.h
[3.753s] -- Installing: /home/home/dcp_ws/install/apriltag/include/apriltag/common/time_util.h
[3.753s] -- Installing: /home/home/dcp_ws/install/apriltag/include/apriltag/common/timeprofile.h
[3.753s] -- Installing: /home/home/dcp_ws/install/apriltag/include/apriltag/common/unionfind.h
[3.753s] -- Installing: /home/home/dcp_ws/install/apriltag/include/apriltag/common/workerpool.h
[3.753s] -- Installing: /home/home/dcp_ws/install/apriltag/include/apriltag/common/zarray.h
[3.753s] -- Installing: /home/home/dcp_ws/install/apriltag/include/apriltag/common/zhash.h
[3.753s] -- Installing: /home/home/dcp_ws/install/apriltag/include/apriltag/common/zmaxheap.h
[3.754s] -- Installing: /home/home/dcp_ws/install/apriltag/include/apriltag/tag16h5.h
[3.754s] -- Installing: /home/home/dcp_ws/install/apriltag/include/apriltag/tag25h9.h
[3.754s] -- Installing: /home/home/dcp_ws/install/apriltag/include/apriltag/tag36h10.h
[3.754s] -- Installing: /home/home/dcp_ws/install/apriltag/include/apriltag/tag36h11.h
[3.754s] -- Installing: /home/home/dcp_ws/install/apriltag/include/apriltag/tagCircle21h7.h
[3.754s] -- Installing: /home/home/dcp_ws/install/apriltag/include/apriltag/tagCircle49h12.h
[3.754s] -- Installing: /home/home/dcp_ws/install/apriltag/include/apriltag/tagCustom48h12.h
[3.754s] -- Installing: /home/home/dcp_ws/install/apriltag/include/apriltag/tagStandard41h12.h
[3.754s] -- Installing: /home/home/dcp_ws/install/apriltag/include/apriltag/tagStandard52h13.h
[3.755s] -- Installing: /home/home/dcp_ws/install/apriltag/lib/libapriltag.so.3.4.4
[3.755s] -- Installing: /home/home/dcp_ws/install/apriltag/lib/libapriltag.so.3
[3.756s] -- Installing: /home/home/dcp_ws/install/apriltag/lib/libapriltag.so
[3.757s] -- Installing: /home/home/dcp_ws/install/apriltag/lib/apriltag/cmake/apriltagTargets.cmake
[3.757s] -- Installing: /home/home/dcp_ws/install/apriltag/lib/apriltag/cmake/apriltagTargets-release.cmake
[3.757s] -- Installing: /home/home/dcp_ws/install/apriltag/lib/apriltag/cmake/apriltagConfig.cmake
[3.757s] -- Installing: /home/home/dcp_ws/install/apriltag/lib/apriltag/cmake/apriltagConfigVersion.cmake
[3.757s] -- Installing: /home/home/dcp_ws/install/apriltag/lib/pkgconfig/apriltag.pc
[3.757s] -- Installing: /home/home/dcp_ws/install/apriltag/lib/python3.10/site-packages/apriltag.cpython-310-x86_64-linux-gnu.so
[3.757s] -- Set runtime path of "/home/home/dcp_ws/install/apriltag/lib/python3.10/site-packages/apriltag.cpython-310-x86_64-linux-gnu.so" to ""
[3.757s] -- Installing: /home/home/dcp_ws/install/apriltag/bin/opencv_demo
[3.757s] -- Set runtime path of "/home/home/dcp_ws/install/apriltag/bin/opencv_demo" to ""
[3.757s] -- Installing: /home/home/dcp_ws/install/apriltag/bin/apriltag_demo
[3.757s] -- Set runtime path of "/home/home/dcp_ws/install/apriltag/bin/apriltag_demo" to ""
[3.758s] Invoked command in '/home/home/dcp_ws/build/apriltag' returned '0': CMAKE_PREFIX_PATH=/home/home/dcp_ws/install/robotiq_description:/home/home/dcp_ws/install/pak_hqp_controller:/home/home/dcp_ws/install/kimm_hqp_controller:/home/home/dcp_ws/install/kimm_trajectory_smoother:/home/home/dcp_ws/install/kimm_qpoases:/home/home/dcp_ws/install/isaacsim:/home/home/dcp_ws/install/fairino_rviz:/home/home/dcp_ws/install/fairino_action_manager:/home/home/dcp_ws/install/fairino_interfaces:/home/home/dcp_ws/install/fairino_description:/home/home/dcp_ws/install/dh_robotics_ag95_description:/home/home/fairino_ros2_ws/install/kimm_hqp_controller:/home/home/fairino_ros2_ws/install/kimm_trajectory_smoother:/home/home/dcp_ws/install/isaacsim_ros2:/home/home/fairino_ros2_ws/install/isaacsim_ros2:/opt/ros/humble:/home/home/fairino_ros2_ws/install/kimm_qpoases:/home/home/fairino_ros2_ws/install/isaacsim:/home/home/fairino_ros2_ws/install/fairino_rviz:/home/home/fairino_ros2_ws/install/fairino_action_manager:/home/home/fairino_ros2_ws/install/fairino_interfaces:/home/home/fairino_ros2_ws/install/fairino_description:/home/home/fairino_ros2_ws/install/dh_robotics_ag95_description /usr/bin/cmake --install /home/home/dcp_ws/build/apriltag
