[35m[1mConsolidate compiler generated dependencies of target pak_hqp_controller[0m
[100%] Built target pak_hqp_controller
-- Install configuration: ""
-- Installing: /home/home/dcp_ws/install/pak_hqp_controller/lib/libpak_hqp_controller.so
-- Set runtime path of "/home/home/dcp_ws/install/pak_hqp_controller/lib/libpak_hqp_controller.so" to ""
-- Installing: /home/home/dcp_ws/install/pak_hqp_controller/include/
-- Installing: /home/home/dcp_ws/install/pak_hqp_controller/include//pak_hqp_controller
-- Installing: /home/home/dcp_ws/install/pak_hqp_controller/include//pak_hqp_controller/robot
-- Installing: /home/home/dcp_ws/install/pak_hqp_controller/include//pak_hqp_controller/robot/robot_wrapper.hpp
-- Installing: /home/home/dcp_ws/install/pak_hqp_controller/include//pak_hqp_controller/controller
-- Installing: /home/home/dcp_ws/install/pak_hqp_controller/include//pak_hqp_controller/controller/controller.hpp
-- Installing: /home/home/dcp_ws/install/pak_hqp_controller/include//pak_hqp_controller/solver
-- Installing: /home/home/dcp_ws/install/pak_hqp_controller/include//pak_hqp_controller/solver/solver.hpp
-- Installing: /home/home/dcp_ws/install/pak_hqp_controller/include//pak_hqp_controller/task
-- Installing: /home/home/dcp_ws/install/pak_hqp_controller/include//pak_hqp_controller/task/task_singularity_avoidacne.hpp
-- Installing: /home/home/dcp_ws/install/pak_hqp_controller/include//pak_hqp_controller/task/task_base.hpp
-- Installing: /home/home/dcp_ws/install/pak_hqp_controller/include//pak_hqp_controller/task/task_se3_equality.hpp
-- Installing: /home/home/dcp_ws/install/pak_hqp_controller/include//pak_hqp_controller/task/task_parallel_grasp.hpp
-- Installing: /home/home/dcp_ws/install/pak_hqp_controller/include//pak_hqp_controller/task/constraint_base.hpp
-- Installing: /home/home/dcp_ws/install/pak_hqp_controller/share/pak_hqp_controller/environment/library_path.sh
-- Installing: /home/home/dcp_ws/install/pak_hqp_controller/share/pak_hqp_controller/environment/library_path.dsv
-- Installing: /home/home/dcp_ws/install/pak_hqp_controller/share/ament_index/resource_index/package_run_dependencies/pak_hqp_controller
-- Installing: /home/home/dcp_ws/install/pak_hqp_controller/share/ament_index/resource_index/parent_prefix_path/pak_hqp_controller
-- Installing: /home/home/dcp_ws/install/pak_hqp_controller/share/pak_hqp_controller/environment/ament_prefix_path.sh
-- Installing: /home/home/dcp_ws/install/pak_hqp_controller/share/pak_hqp_controller/environment/ament_prefix_path.dsv
-- Installing: /home/home/dcp_ws/install/pak_hqp_controller/share/pak_hqp_controller/environment/path.sh
-- Installing: /home/home/dcp_ws/install/pak_hqp_controller/share/pak_hqp_controller/environment/path.dsv
-- Installing: /home/home/dcp_ws/install/pak_hqp_controller/share/pak_hqp_controller/local_setup.bash
-- Installing: /home/home/dcp_ws/install/pak_hqp_controller/share/pak_hqp_controller/local_setup.sh
-- Installing: /home/home/dcp_ws/install/pak_hqp_controller/share/pak_hqp_controller/local_setup.zsh
-- Installing: /home/home/dcp_ws/install/pak_hqp_controller/share/pak_hqp_controller/local_setup.dsv
-- Installing: /home/home/dcp_ws/install/pak_hqp_controller/share/pak_hqp_controller/package.dsv
-- Installing: /home/home/dcp_ws/install/pak_hqp_controller/share/ament_index/resource_index/packages/pak_hqp_controller
-- Installing: /home/home/dcp_ws/install/pak_hqp_controller/share/pak_hqp_controller/cmake/export_pak_hqp_controllerExport.cmake
-- Installing: /home/home/dcp_ws/install/pak_hqp_controller/share/pak_hqp_controller/cmake/export_pak_hqp_controllerExport-noconfig.cmake
-- Installing: /home/home/dcp_ws/install/pak_hqp_controller/share/pak_hqp_controller/cmake/ament_cmake_export_include_directories-extras.cmake
-- Installing: /home/home/dcp_ws/install/pak_hqp_controller/share/pak_hqp_controller/cmake/ament_cmake_export_targets-extras.cmake
-- Installing: /home/home/dcp_ws/install/pak_hqp_controller/share/pak_hqp_controller/cmake/ament_cmake_export_libraries-extras.cmake
-- Installing: /home/home/dcp_ws/install/pak_hqp_controller/share/pak_hqp_controller/cmake/pak_hqp_controllerConfig.cmake
-- Installing: /home/home/dcp_ws/install/pak_hqp_controller/share/pak_hqp_controller/cmake/pak_hqp_controllerConfig-version.cmake
-- Installing: /home/home/dcp_ws/install/pak_hqp_controller/share/pak_hqp_controller/package.xml
