[0.606s] Invoking command in '/home/home/dcp_ws/src/fairino/isaacsim_ros2': PYTHONPATH=/home/home/dcp_ws/build/isaacsim_ros2/prefix_override:/usr/lib/python3/dist-packages/colcon_core/task/python/colcon_distutils_commands:/home/home/dcp_ws/install/isaacsim_ros2/lib/python3.10/site-packages:${PYTHONPATH} /usr/bin/python3 -W ignore:setup.py install is deprecated -W ignore:easy_install command is deprecated setup.py egg_info --egg-base ../../../build/isaacsim_ros2 build --build-base /home/home/dcp_ws/build/isaacsim_ros2/build install --record /home/home/dcp_ws/build/isaacsim_ros2/install.log --single-version-externally-managed install_data
[0.776s] running egg_info
[0.776s] writing ../../../build/isaacsim_ros2/isaacsim_ros2.egg-info/PKG-INFO
[0.776s] writing dependency_links to ../../../build/isaacsim_ros2/isaacsim_ros2.egg-info/dependency_links.txt
[0.776s] writing entry points to ../../../build/isaacsim_ros2/isaacsim_ros2.egg-info/entry_points.txt
[0.777s] writing requirements to ../../../build/isaacsim_ros2/isaacsim_ros2.egg-info/requires.txt
[0.777s] writing top-level names to ../../../build/isaacsim_ros2/isaacsim_ros2.egg-info/top_level.txt
[0.778s] reading manifest file '../../../build/isaacsim_ros2/isaacsim_ros2.egg-info/SOURCES.txt'
[0.778s] adding license file 'LICENSE'
[0.778s] writing manifest file '../../../build/isaacsim_ros2/isaacsim_ros2.egg-info/SOURCES.txt'
[0.778s] running build
[0.778s] running build_py
[0.779s] running install
[0.779s] running install_lib
[0.781s] running install_data
[0.781s] running install_egg_info
[0.781s] removing '/home/home/dcp_ws/install/isaacsim_ros2/lib/python3.10/site-packages/isaacsim_ros2-0.0.0-py3.10.egg-info' (and everything under it)
[0.782s] Copying ../../../build/isaacsim_ros2/isaacsim_ros2.egg-info to /home/home/dcp_ws/install/isaacsim_ros2/lib/python3.10/site-packages/isaacsim_ros2-0.0.0-py3.10.egg-info
[0.782s] running install_scripts
[0.795s] Installing set_target_pose_client script to /home/home/dcp_ws/install/isaacsim_ros2/lib/isaacsim_ros2
[0.795s] writing list of installed files to '/home/home/dcp_ws/build/isaacsim_ros2/install.log'
[0.810s] Invoked command in '/home/home/dcp_ws/src/fairino/isaacsim_ros2' returned '0': PYTHONPATH=/home/home/dcp_ws/build/isaacsim_ros2/prefix_override:/usr/lib/python3/dist-packages/colcon_core/task/python/colcon_distutils_commands:/home/home/dcp_ws/install/isaacsim_ros2/lib/python3.10/site-packages:${PYTHONPATH} /usr/bin/python3 -W ignore:setup.py install is deprecated -W ignore:easy_install command is deprecated setup.py egg_info --egg-base ../../../build/isaacsim_ros2 build --build-base /home/home/dcp_ws/build/isaacsim_ros2/build install --record /home/home/dcp_ws/build/isaacsim_ros2/install.log --single-version-externally-managed install_data
