[0.039s] Invoking command in '/home/home/dcp_ws/build/fairino_action_manager': CMAKE_PREFIX_PATH=/home/home/dcp_ws/install/fairino_interfaces:/home/home/dcp_ws/install/robotiq_description:/home/home/dcp_ws/install/pak_hqp_controller:/home/home/dcp_ws/install/kimm_hqp_controller:/home/home/dcp_ws/install/kimm_trajectory_smoother:/home/home/dcp_ws/install/isaacsim_ros2:/home/home/fairino_ros2_ws/install/isaacsim_ros2:/opt/ros/humble:/home/home/dcp_ws/install/kimm_qpoases:/home/home/dcp_ws/install/isaacsim:/home/home/dcp_ws/install/fairino_rviz:/home/home/dcp_ws/install/fairino_action_manager:/home/home/dcp_ws/install/fairino_description:/home/home/dcp_ws/install/dh_robotics_ag95_description:/home/home/fairino_ros2_ws/install/kimm_hqp_controller:/home/home/fairino_ros2_ws/install/kimm_trajectory_smoother:/home/home/fairino_ros2_ws/install/kimm_qpoases:/home/home/fairino_ros2_ws/install/isaacsim:/home/home/fairino_ros2_ws/install/fairino_rviz:/home/home/fairino_ros2_ws/install/fairino_action_manager:/home/home/fairino_ros2_ws/install/fairino_interfaces:/home/home/fairino_ros2_ws/install/fairino_description:/home/home/fairino_ros2_ws/install/dh_robotics_ag95_description LD_LIBRARY_PATH=/home/home/dcp_ws/install/fairino_interfaces/lib:/usr/local/cuda-12.9/lib64:/home/home/dcp_ws/install/pak_hqp_controller/lib:/home/home/dcp_ws/install/kimm_hqp_controller/lib:/home/home/dcp_ws/install/kimm_trajectory_smoother/lib:/home/home/dcp_ws/install/kimm_qpoases/lib:/home/home/dcp_ws/install/fairino_action_manager/lib:/home/home/fairino_ros2_ws/install/kimm_hqp_controller/lib:/home/home/fairino_ros2_ws/install/kimm_trajectory_smoother/lib:/home/home/fairino_ros2_ws/install/kimm_qpoases/lib:/home/home/fairino_ros2_ws/install/fairino_action_manager/lib:/home/home/fairino_ros2_ws/install/fairino_interfaces/lib:/opt/ros/humble/opt/rviz_ogre_vendor/lib:/opt/ros/humble/lib/x86_64-linux-gnu:/opt/ros/humble/lib:/usr/local/cuda-12.9/lib64:/home/home/fairino_ros2_ws/src/libfairino/lib:/home/home/fairino_ros2_ws/src/libfairino/lib /usr/bin/cmake --build /home/home/dcp_ws/build/fairino_action_manager -- -j10 -l10
[0.116s] [ 22%] Built target task
[0.133s] [ 27%] [32mBuilding CXX object CMakeFiles/controller.dir/src/controller/controller.cpp.o[0m
[0.148s] [ 38%] Built target task_manager
[17.192s] [ 44%] [32m[1mLinking CXX shared library libcontroller.so[0m
[18.745s] [ 77%] Built target controller
[18.760s] [35m[1mConsolidate compiler generated dependencies of target fairino_action_manager_simulation_isaac[0m
[18.776s] [ 83%] [32m[1mLinking CXX executable fairino_action_manager_real[0m
[18.788s] [ 88%] [32mBuilding CXX object CMakeFiles/fairino_action_manager_simulation_isaac.dir/src/simulation/simulation_isaac.cpp.o[0m
[19.392s] /usr/bin/ld: warning: libpinocchio_parsers.so.3.5.0, needed by /home/home/fairino_ros2_ws/install/kimm_hqp_controller/lib/libkimm_hqp_controller.so, not found (try using -rpath or -rpath-link)
[19.551s] [ 94%] Built target fairino_action_manager_real
[33.101s] [100%] [32m[1mLinking CXX executable fairino_action_manager_simulation_isaac[0m
[33.827s] /usr/bin/ld: warning: libpinocchio_parsers.so.3.5.0, needed by /home/home/fairino_ros2_ws/install/kimm_hqp_controller/lib/libkimm_hqp_controller.so, not found (try using -rpath or -rpath-link)
[34.169s] [100%] Built target fairino_action_manager_simulation_isaac
[34.180s] Invoked command in '/home/home/dcp_ws/build/fairino_action_manager' returned '0': CMAKE_PREFIX_PATH=/home/home/dcp_ws/install/fairino_interfaces:/home/home/dcp_ws/install/robotiq_description:/home/home/dcp_ws/install/pak_hqp_controller:/home/home/dcp_ws/install/kimm_hqp_controller:/home/home/dcp_ws/install/kimm_trajectory_smoother:/home/home/dcp_ws/install/isaacsim_ros2:/home/home/fairino_ros2_ws/install/isaacsim_ros2:/opt/ros/humble:/home/home/dcp_ws/install/kimm_qpoases:/home/home/dcp_ws/install/isaacsim:/home/home/dcp_ws/install/fairino_rviz:/home/home/dcp_ws/install/fairino_action_manager:/home/home/dcp_ws/install/fairino_description:/home/home/dcp_ws/install/dh_robotics_ag95_description:/home/home/fairino_ros2_ws/install/kimm_hqp_controller:/home/home/fairino_ros2_ws/install/kimm_trajectory_smoother:/home/home/fairino_ros2_ws/install/kimm_qpoases:/home/home/fairino_ros2_ws/install/isaacsim:/home/home/fairino_ros2_ws/install/fairino_rviz:/home/home/fairino_ros2_ws/install/fairino_action_manager:/home/home/fairino_ros2_ws/install/fairino_interfaces:/home/home/fairino_ros2_ws/install/fairino_description:/home/home/fairino_ros2_ws/install/dh_robotics_ag95_description LD_LIBRARY_PATH=/home/home/dcp_ws/install/fairino_interfaces/lib:/usr/local/cuda-12.9/lib64:/home/home/dcp_ws/install/pak_hqp_controller/lib:/home/home/dcp_ws/install/kimm_hqp_controller/lib:/home/home/dcp_ws/install/kimm_trajectory_smoother/lib:/home/home/dcp_ws/install/kimm_qpoases/lib:/home/home/dcp_ws/install/fairino_action_manager/lib:/home/home/fairino_ros2_ws/install/kimm_hqp_controller/lib:/home/home/fairino_ros2_ws/install/kimm_trajectory_smoother/lib:/home/home/fairino_ros2_ws/install/kimm_qpoases/lib:/home/home/fairino_ros2_ws/install/fairino_action_manager/lib:/home/home/fairino_ros2_ws/install/fairino_interfaces/lib:/opt/ros/humble/opt/rviz_ogre_vendor/lib:/opt/ros/humble/lib/x86_64-linux-gnu:/opt/ros/humble/lib:/usr/local/cuda-12.9/lib64:/home/home/fairino_ros2_ws/src/libfairino/lib:/home/home/fairino_ros2_ws/src/libfairino/lib /usr/bin/cmake --build /home/home/dcp_ws/build/fairino_action_manager -- -j10 -l10
[34.180s] Invoking command in '/home/home/dcp_ws/build/fairino_action_manager': CMAKE_PREFIX_PATH=/home/home/dcp_ws/install/fairino_interfaces:/home/home/dcp_ws/install/robotiq_description:/home/home/dcp_ws/install/pak_hqp_controller:/home/home/dcp_ws/install/kimm_hqp_controller:/home/home/dcp_ws/install/kimm_trajectory_smoother:/home/home/dcp_ws/install/isaacsim_ros2:/home/home/fairino_ros2_ws/install/isaacsim_ros2:/opt/ros/humble:/home/home/dcp_ws/install/kimm_qpoases:/home/home/dcp_ws/install/isaacsim:/home/home/dcp_ws/install/fairino_rviz:/home/home/dcp_ws/install/fairino_action_manager:/home/home/dcp_ws/install/fairino_description:/home/home/dcp_ws/install/dh_robotics_ag95_description:/home/home/fairino_ros2_ws/install/kimm_hqp_controller:/home/home/fairino_ros2_ws/install/kimm_trajectory_smoother:/home/home/fairino_ros2_ws/install/kimm_qpoases:/home/home/fairino_ros2_ws/install/isaacsim:/home/home/fairino_ros2_ws/install/fairino_rviz:/home/home/fairino_ros2_ws/install/fairino_action_manager:/home/home/fairino_ros2_ws/install/fairino_interfaces:/home/home/fairino_ros2_ws/install/fairino_description:/home/home/fairino_ros2_ws/install/dh_robotics_ag95_description LD_LIBRARY_PATH=/home/home/dcp_ws/install/fairino_interfaces/lib:/usr/local/cuda-12.9/lib64:/home/home/dcp_ws/install/pak_hqp_controller/lib:/home/home/dcp_ws/install/kimm_hqp_controller/lib:/home/home/dcp_ws/install/kimm_trajectory_smoother/lib:/home/home/dcp_ws/install/kimm_qpoases/lib:/home/home/dcp_ws/install/fairino_action_manager/lib:/home/home/fairino_ros2_ws/install/kimm_hqp_controller/lib:/home/home/fairino_ros2_ws/install/kimm_trajectory_smoother/lib:/home/home/fairino_ros2_ws/install/kimm_qpoases/lib:/home/home/fairino_ros2_ws/install/fairino_action_manager/lib:/home/home/fairino_ros2_ws/install/fairino_interfaces/lib:/opt/ros/humble/opt/rviz_ogre_vendor/lib:/opt/ros/humble/lib/x86_64-linux-gnu:/opt/ros/humble/lib:/usr/local/cuda-12.9/lib64:/home/home/fairino_ros2_ws/src/libfairino/lib:/home/home/fairino_ros2_ws/src/libfairino/lib /usr/bin/cmake --install /home/home/dcp_ws/build/fairino_action_manager
[34.184s] -- Install configuration: ""
[34.185s] -- Installing: /home/home/dcp_ws/install/fairino_action_manager/lib/libcontroller.so
[34.201s] -- Set runtime path of "/home/home/dcp_ws/install/fairino_action_manager/lib/libcontroller.so" to ""
[34.201s] -- Up-to-date: /home/home/dcp_ws/install/fairino_action_manager/lib/libtask.so
[34.201s] -- Installing: /home/home/dcp_ws/install/fairino_action_manager/lib/fairino_action_manager/fairino_action_manager_real
[34.205s] -- Set runtime path of "/home/home/dcp_ws/install/fairino_action_manager/lib/fairino_action_manager/fairino_action_manager_real" to ""
[34.205s] -- Installing: /home/home/dcp_ws/install/fairino_action_manager/lib/fairino_action_manager/fairino_action_manager_simulation_isaac
[34.212s] -- Set runtime path of "/home/home/dcp_ws/install/fairino_action_manager/lib/fairino_action_manager/fairino_action_manager_simulation_isaac" to ""
[34.212s] -- Up-to-date: /home/home/dcp_ws/install/fairino_action_manager/lib/fairino_action_manager/task_manager
[34.212s] -- Up-to-date: /home/home/dcp_ws/install/fairino_action_manager/include
[34.212s] -- Up-to-date: /home/home/dcp_ws/install/fairino_action_manager/include/fairino_action_manager
[34.212s] -- Up-to-date: /home/home/dcp_ws/install/fairino_action_manager/include/fairino_action_manager/controller
[34.213s] -- Up-to-date: /home/home/dcp_ws/install/fairino_action_manager/include/fairino_action_manager/controller/controller.hpp
[34.213s] -- Up-to-date: /home/home/dcp_ws/install/fairino_action_manager/include/fairino_action_manager/servers
[34.213s] -- Up-to-date: /home/home/dcp_ws/install/fairino_action_manager/include/fairino_action_manager/servers/basic
[34.213s] -- Up-to-date: /home/home/dcp_ws/install/fairino_action_manager/include/fairino_action_manager/servers/basic/qr_action_server.hpp
[34.213s] -- Up-to-date: /home/home/dcp_ws/install/fairino_action_manager/include/fairino_action_manager/servers/basic/tool_changer_action_server.hpp
[34.213s] -- Up-to-date: /home/home/dcp_ws/install/fairino_action_manager/include/fairino_action_manager/servers/basic/se3_action_server.hpp
[34.213s] -- Up-to-date: /home/home/dcp_ws/install/fairino_action_manager/include/fairino_action_manager/servers/basic/gripper_real_action_server.hpp
[34.213s] -- Up-to-date: /home/home/dcp_ws/install/fairino_action_manager/include/fairino_action_manager/servers/basic/action_server_base.hpp
[34.213s] -- Up-to-date: /home/home/dcp_ws/install/fairino_action_manager/include/fairino_action_manager/servers/basic/gripper_sim_action_server.hpp
[34.213s] -- Up-to-date: /home/home/dcp_ws/install/fairino_action_manager/include/fairino_action_manager/servers/basic/joint_posture_action_server.hpp
[34.213s] -- Up-to-date: /home/home/dcp_ws/install/fairino_action_manager/include/fairino_action_manager/servers/task
[34.213s] -- Up-to-date: /home/home/dcp_ws/install/fairino_action_manager/include/fairino_action_manager/servers/task/base_task.hpp
[34.213s] -- Up-to-date: /home/home/dcp_ws/install/fairino_action_manager/include/fairino_action_manager/servers/task/place.hpp
[34.213s] -- Up-to-date: /home/home/dcp_ws/install/fairino_action_manager/include/fairino_action_manager/servers/task/pick.hpp
[34.213s] -- Up-to-date: /home/home/dcp_ws/install/fairino_action_manager/include/fairino_action_manager/real
[34.213s] -- Up-to-date: /home/home/dcp_ws/install/fairino_action_manager/include/fairino_action_manager/real/real.hpp
[34.213s] -- Up-to-date: /home/home/dcp_ws/install/fairino_action_manager/include/fairino_action_manager/task
[34.213s] -- Up-to-date: /home/home/dcp_ws/install/fairino_action_manager/include/fairino_action_manager/task/task_manager.hpp
[34.213s] -- Up-to-date: /home/home/dcp_ws/install/fairino_action_manager/include/fairino_action_manager/simulation
[34.213s] -- Up-to-date: /home/home/dcp_ws/install/fairino_action_manager/include/fairino_action_manager/simulation/simulation_isaac.hpp
[34.213s] -- Up-to-date: /home/home/dcp_ws/install/fairino_action_manager/share/fairino_action_manager/launch
[34.213s] -- Up-to-date: /home/home/dcp_ws/install/fairino_action_manager/share/fairino_action_manager/launch/simulation_isaac_launch.py
[34.214s] -- Up-to-date: /home/home/dcp_ws/install/fairino_action_manager/share/fairino_action_manager/launch/real_launch.py
[34.214s] -- Up-to-date: /home/home/dcp_ws/install/fairino_action_manager/share/ament_index/resource_index/package_run_dependencies/fairino_action_manager
[34.214s] -- Up-to-date: /home/home/dcp_ws/install/fairino_action_manager/share/ament_index/resource_index/parent_prefix_path/fairino_action_manager
[34.214s] -- Up-to-date: /home/home/dcp_ws/install/fairino_action_manager/share/fairino_action_manager/environment/ament_prefix_path.sh
[34.214s] -- Up-to-date: /home/home/dcp_ws/install/fairino_action_manager/share/fairino_action_manager/environment/ament_prefix_path.dsv
[34.214s] -- Up-to-date: /home/home/dcp_ws/install/fairino_action_manager/share/fairino_action_manager/environment/path.sh
[34.214s] -- Up-to-date: /home/home/dcp_ws/install/fairino_action_manager/share/fairino_action_manager/environment/path.dsv
[34.214s] -- Up-to-date: /home/home/dcp_ws/install/fairino_action_manager/share/fairino_action_manager/local_setup.bash
[34.214s] -- Up-to-date: /home/home/dcp_ws/install/fairino_action_manager/share/fairino_action_manager/local_setup.sh
[34.214s] -- Up-to-date: /home/home/dcp_ws/install/fairino_action_manager/share/fairino_action_manager/local_setup.zsh
[34.214s] -- Up-to-date: /home/home/dcp_ws/install/fairino_action_manager/share/fairino_action_manager/local_setup.dsv
[34.214s] -- Installing: /home/home/dcp_ws/install/fairino_action_manager/share/fairino_action_manager/package.dsv
[34.214s] -- Up-to-date: /home/home/dcp_ws/install/fairino_action_manager/share/ament_index/resource_index/packages/fairino_action_manager
[34.214s] -- Up-to-date: /home/home/dcp_ws/install/fairino_action_manager/share/fairino_action_manager/cmake/fairino_action_managerConfig.cmake
[34.214s] -- Up-to-date: /home/home/dcp_ws/install/fairino_action_manager/share/fairino_action_manager/cmake/fairino_action_managerConfig-version.cmake
[34.214s] -- Up-to-date: /home/home/dcp_ws/install/fairino_action_manager/share/fairino_action_manager/package.xml
[34.217s] Invoked command in '/home/home/dcp_ws/build/fairino_action_manager' returned '0': CMAKE_PREFIX_PATH=/home/home/dcp_ws/install/fairino_interfaces:/home/home/dcp_ws/install/robotiq_description:/home/home/dcp_ws/install/pak_hqp_controller:/home/home/dcp_ws/install/kimm_hqp_controller:/home/home/dcp_ws/install/kimm_trajectory_smoother:/home/home/dcp_ws/install/isaacsim_ros2:/home/home/fairino_ros2_ws/install/isaacsim_ros2:/opt/ros/humble:/home/home/dcp_ws/install/kimm_qpoases:/home/home/dcp_ws/install/isaacsim:/home/home/dcp_ws/install/fairino_rviz:/home/home/dcp_ws/install/fairino_action_manager:/home/home/dcp_ws/install/fairino_description:/home/home/dcp_ws/install/dh_robotics_ag95_description:/home/home/fairino_ros2_ws/install/kimm_hqp_controller:/home/home/fairino_ros2_ws/install/kimm_trajectory_smoother:/home/home/fairino_ros2_ws/install/kimm_qpoases:/home/home/fairino_ros2_ws/install/isaacsim:/home/home/fairino_ros2_ws/install/fairino_rviz:/home/home/fairino_ros2_ws/install/fairino_action_manager:/home/home/fairino_ros2_ws/install/fairino_interfaces:/home/home/fairino_ros2_ws/install/fairino_description:/home/home/fairino_ros2_ws/install/dh_robotics_ag95_description LD_LIBRARY_PATH=/home/home/dcp_ws/install/fairino_interfaces/lib:/usr/local/cuda-12.9/lib64:/home/home/dcp_ws/install/pak_hqp_controller/lib:/home/home/dcp_ws/install/kimm_hqp_controller/lib:/home/home/dcp_ws/install/kimm_trajectory_smoother/lib:/home/home/dcp_ws/install/kimm_qpoases/lib:/home/home/dcp_ws/install/fairino_action_manager/lib:/home/home/fairino_ros2_ws/install/kimm_hqp_controller/lib:/home/home/fairino_ros2_ws/install/kimm_trajectory_smoother/lib:/home/home/fairino_ros2_ws/install/kimm_qpoases/lib:/home/home/fairino_ros2_ws/install/fairino_action_manager/lib:/home/home/fairino_ros2_ws/install/fairino_interfaces/lib:/opt/ros/humble/opt/rviz_ogre_vendor/lib:/opt/ros/humble/lib/x86_64-linux-gnu:/opt/ros/humble/lib:/usr/local/cuda-12.9/lib64:/home/home/fairino_ros2_ws/src/libfairino/lib:/home/home/fairino_ros2_ws/src/libfairino/lib /usr/bin/cmake --install /home/home/dcp_ws/build/fairino_action_manager
