[0.043s] Invoking command in '/home/home/dcp_ws/build/fairino_interfaces': CMAKE_PREFIX_PATH=/home/home/dcp_ws/install/robotiq_description:/home/home/dcp_ws/install/pak_hqp_controller:/home/home/dcp_ws/install/kimm_hqp_controller:/home/home/dcp_ws/install/kimm_trajectory_smoother:/home/home/dcp_ws/install/isaacsim_ros2:/home/home/fairino_ros2_ws/install/isaacsim_ros2:/opt/ros/humble:/home/home/dcp_ws/install/kimm_qpoases:/home/home/dcp_ws/install/isaacsim:/home/home/dcp_ws/install/fairino_rviz:/home/home/dcp_ws/install/fairino_action_manager:/home/home/dcp_ws/install/fairino_interfaces:/home/home/dcp_ws/install/fairino_description:/home/home/dcp_ws/install/dh_robotics_ag95_description:/home/home/fairino_ros2_ws/install/kimm_hqp_controller:/home/home/fairino_ros2_ws/install/kimm_trajectory_smoother:/home/home/fairino_ros2_ws/install/kimm_qpoases:/home/home/fairino_ros2_ws/install/isaacsim:/home/home/fairino_ros2_ws/install/fairino_rviz:/home/home/fairino_ros2_ws/install/fairino_action_manager:/home/home/fairino_ros2_ws/install/fairino_interfaces:/home/home/fairino_ros2_ws/install/fairino_description:/home/home/fairino_ros2_ws/install/dh_robotics_ag95_description /usr/bin/cmake --build /home/home/dcp_ws/build/fairino_interfaces -- -j10 -l10
[0.266s] [  1%] Built target fairino_interfaces__cpp
[0.266s] [  1%] Built target ament_cmake_python_copy_fairino_interfaces
[0.267s] [ 12%] Built target fairino_interfaces__rosidl_typesupport_introspection_cpp
[0.318s] running egg_info
[0.320s] writing fairino_interfaces.egg-info/PKG-INFO
[0.324s] writing dependency_links to fairino_interfaces.egg-info/dependency_links.txt
[0.324s] writing top-level names to fairino_interfaces.egg-info/top_level.txt
[0.324s] reading manifest file 'fairino_interfaces.egg-info/SOURCES.txt'
[0.324s] writing manifest file 'fairino_interfaces.egg-info/SOURCES.txt'
[0.347s] [ 12%] Built target ament_cmake_python_build_fairino_interfaces_egg
[0.372s] [ 24%] Built target fairino_interfaces__rosidl_typesupport_fastrtps_cpp
[0.399s] [ 35%] Built target fairino_interfaces__rosidl_typesupport_cpp
[0.429s] [ 47%] Built target fairino_interfaces__rosidl_generator_c
[0.472s] [ 58%] Built target fairino_interfaces__rosidl_typesupport_fastrtps_c
[0.510s] [ 70%] Built target fairino_interfaces__rosidl_typesupport_c
[0.543s] [ 82%] Built target fairino_interfaces__rosidl_typesupport_introspection_c
[0.564s] [ 82%] Built target fairino_interfaces
[0.586s] [ 83%] Built target fairino_interfaces__py
[0.610s] [ 93%] Built target fairino_interfaces__rosidl_generator_py
[0.632s] [ 95%] Built target fairino_interfaces__rosidl_typesupport_fastrtps_c__pyext
[0.653s] [ 97%] Built target fairino_interfaces__rosidl_typesupport_c__pyext
[0.677s] [100%] Built target fairino_interfaces__rosidl_typesupport_introspection_c__pyext
[0.690s] Invoked command in '/home/home/dcp_ws/build/fairino_interfaces' returned '0': CMAKE_PREFIX_PATH=/home/home/dcp_ws/install/robotiq_description:/home/home/dcp_ws/install/pak_hqp_controller:/home/home/dcp_ws/install/kimm_hqp_controller:/home/home/dcp_ws/install/kimm_trajectory_smoother:/home/home/dcp_ws/install/isaacsim_ros2:/home/home/fairino_ros2_ws/install/isaacsim_ros2:/opt/ros/humble:/home/home/dcp_ws/install/kimm_qpoases:/home/home/dcp_ws/install/isaacsim:/home/home/dcp_ws/install/fairino_rviz:/home/home/dcp_ws/install/fairino_action_manager:/home/home/dcp_ws/install/fairino_interfaces:/home/home/dcp_ws/install/fairino_description:/home/home/dcp_ws/install/dh_robotics_ag95_description:/home/home/fairino_ros2_ws/install/kimm_hqp_controller:/home/home/fairino_ros2_ws/install/kimm_trajectory_smoother:/home/home/fairino_ros2_ws/install/kimm_qpoases:/home/home/fairino_ros2_ws/install/isaacsim:/home/home/fairino_ros2_ws/install/fairino_rviz:/home/home/fairino_ros2_ws/install/fairino_action_manager:/home/home/fairino_ros2_ws/install/fairino_interfaces:/home/home/fairino_ros2_ws/install/fairino_description:/home/home/fairino_ros2_ws/install/dh_robotics_ag95_description /usr/bin/cmake --build /home/home/dcp_ws/build/fairino_interfaces -- -j10 -l10
[0.692s] Invoking command in '/home/home/dcp_ws/build/fairino_interfaces': CMAKE_PREFIX_PATH=/home/home/dcp_ws/install/robotiq_description:/home/home/dcp_ws/install/pak_hqp_controller:/home/home/dcp_ws/install/kimm_hqp_controller:/home/home/dcp_ws/install/kimm_trajectory_smoother:/home/home/dcp_ws/install/isaacsim_ros2:/home/home/fairino_ros2_ws/install/isaacsim_ros2:/opt/ros/humble:/home/home/dcp_ws/install/kimm_qpoases:/home/home/dcp_ws/install/isaacsim:/home/home/dcp_ws/install/fairino_rviz:/home/home/dcp_ws/install/fairino_action_manager:/home/home/dcp_ws/install/fairino_interfaces:/home/home/dcp_ws/install/fairino_description:/home/home/dcp_ws/install/dh_robotics_ag95_description:/home/home/fairino_ros2_ws/install/kimm_hqp_controller:/home/home/fairino_ros2_ws/install/kimm_trajectory_smoother:/home/home/fairino_ros2_ws/install/kimm_qpoases:/home/home/fairino_ros2_ws/install/isaacsim:/home/home/fairino_ros2_ws/install/fairino_rviz:/home/home/fairino_ros2_ws/install/fairino_action_manager:/home/home/fairino_ros2_ws/install/fairino_interfaces:/home/home/fairino_ros2_ws/install/fairino_description:/home/home/fairino_ros2_ws/install/dh_robotics_ag95_description /usr/bin/cmake --install /home/home/dcp_ws/build/fairino_interfaces
[0.697s] -- Install configuration: ""
[0.698s] -- Up-to-date: /home/home/dcp_ws/install/fairino_interfaces/share/ament_index/resource_index/rosidl_interfaces/fairino_interfaces
[0.698s] -- Up-to-date: /home/home/dcp_ws/install/fairino_interfaces/include/fairino_interfaces/fairino_interfaces
[0.698s] -- Up-to-date: /home/home/dcp_ws/install/fairino_interfaces/include/fairino_interfaces/fairino_interfaces/action
[0.698s] -- Up-to-date: /home/home/dcp_ws/install/fairino_interfaces/include/fairino_interfaces/fairino_interfaces/action/detail
[0.698s] -- Up-to-date: /home/home/dcp_ws/install/fairino_interfaces/include/fairino_interfaces/fairino_interfaces/action/detail/joint_posture__functions.h
[0.698s] -- Up-to-date: /home/home/dcp_ws/install/fairino_interfaces/include/fairino_interfaces/fairino_interfaces/action/detail/move__functions.c
[0.698s] -- Up-to-date: /home/home/dcp_ws/install/fairino_interfaces/include/fairino_interfaces/fairino_interfaces/action/detail/gripper__functions.c
[0.698s] -- Up-to-date: /home/home/dcp_ws/install/fairino_interfaces/include/fairino_interfaces/fairino_interfaces/action/detail/move__struct.h
[0.698s] -- Up-to-date: /home/home/dcp_ws/install/fairino_interfaces/include/fairino_interfaces/fairino_interfaces/action/detail/se3__struct.h
[0.699s] -- Up-to-date: /home/home/dcp_ws/install/fairino_interfaces/include/fairino_interfaces/fairino_interfaces/action/detail/se3_array__functions.c
[0.699s] -- Up-to-date: /home/home/dcp_ws/install/fairino_interfaces/include/fairino_interfaces/fairino_interfaces/action/detail/se3_array__struct.h
[0.699s] -- Up-to-date: /home/home/dcp_ws/install/fairino_interfaces/include/fairino_interfaces/fairino_interfaces/action/detail/qr__struct.h
[0.699s] -- Up-to-date: /home/home/dcp_ws/install/fairino_interfaces/include/fairino_interfaces/fairino_interfaces/action/detail/se3__type_support.h
[0.699s] -- Up-to-date: /home/home/dcp_ws/install/fairino_interfaces/include/fairino_interfaces/fairino_interfaces/action/detail/move__type_support.h
[0.699s] -- Up-to-date: /home/home/dcp_ws/install/fairino_interfaces/include/fairino_interfaces/fairino_interfaces/action/detail/joint_posture__type_support.h
[0.699s] -- Up-to-date: /home/home/dcp_ws/install/fairino_interfaces/include/fairino_interfaces/fairino_interfaces/action/detail/se3_array__functions.h
[0.699s] -- Up-to-date: /home/home/dcp_ws/install/fairino_interfaces/include/fairino_interfaces/fairino_interfaces/action/detail/tool_changer__type_support.h
[0.699s] -- Up-to-date: /home/home/dcp_ws/install/fairino_interfaces/include/fairino_interfaces/fairino_interfaces/action/detail/tool_changer__struct.h
[0.699s] -- Up-to-date: /home/home/dcp_ws/install/fairino_interfaces/include/fairino_interfaces/fairino_interfaces/action/detail/qr__functions.c
[0.699s] -- Up-to-date: /home/home/dcp_ws/install/fairino_interfaces/include/fairino_interfaces/fairino_interfaces/action/detail/tool_changer__functions.c
[0.700s] -- Up-to-date: /home/home/dcp_ws/install/fairino_interfaces/include/fairino_interfaces/fairino_interfaces/action/detail/se3_array__type_support.h
[0.700s] -- Up-to-date: /home/home/dcp_ws/install/fairino_interfaces/include/fairino_interfaces/fairino_interfaces/action/detail/tool_changer__functions.h
[0.700s] -- Up-to-date: /home/home/dcp_ws/install/fairino_interfaces/include/fairino_interfaces/fairino_interfaces/action/detail/joint_posture__struct.h
[0.700s] -- Up-to-date: /home/home/dcp_ws/install/fairino_interfaces/include/fairino_interfaces/fairino_interfaces/action/detail/gripper__type_support.h
[0.700s] -- Up-to-date: /home/home/dcp_ws/install/fairino_interfaces/include/fairino_interfaces/fairino_interfaces/action/detail/move__functions.h
[0.700s] -- Up-to-date: /home/home/dcp_ws/install/fairino_interfaces/include/fairino_interfaces/fairino_interfaces/action/detail/qr__type_support.h
[0.700s] -- Up-to-date: /home/home/dcp_ws/install/fairino_interfaces/include/fairino_interfaces/fairino_interfaces/action/detail/se3__functions.h
[0.700s] -- Up-to-date: /home/home/dcp_ws/install/fairino_interfaces/include/fairino_interfaces/fairino_interfaces/action/detail/joint_posture__functions.c
[0.700s] -- Up-to-date: /home/home/dcp_ws/install/fairino_interfaces/include/fairino_interfaces/fairino_interfaces/action/detail/se3__functions.c
[0.700s] -- Up-to-date: /home/home/dcp_ws/install/fairino_interfaces/include/fairino_interfaces/fairino_interfaces/action/detail/gripper__struct.h
[0.700s] -- Up-to-date: /home/home/dcp_ws/install/fairino_interfaces/include/fairino_interfaces/fairino_interfaces/action/detail/qr__functions.h
[0.700s] -- Up-to-date: /home/home/dcp_ws/install/fairino_interfaces/include/fairino_interfaces/fairino_interfaces/action/detail/gripper__functions.h
[0.700s] -- Up-to-date: /home/home/dcp_ws/install/fairino_interfaces/include/fairino_interfaces/fairino_interfaces/action/qr.h
[0.700s] -- Up-to-date: /home/home/dcp_ws/install/fairino_interfaces/include/fairino_interfaces/fairino_interfaces/action/joint_posture.h
[0.700s] -- Up-to-date: /home/home/dcp_ws/install/fairino_interfaces/include/fairino_interfaces/fairino_interfaces/action/se3_array.h
[0.700s] -- Up-to-date: /home/home/dcp_ws/install/fairino_interfaces/include/fairino_interfaces/fairino_interfaces/action/tool_changer.h
[0.700s] -- Up-to-date: /home/home/dcp_ws/install/fairino_interfaces/include/fairino_interfaces/fairino_interfaces/action/move.h
[0.700s] -- Up-to-date: /home/home/dcp_ws/install/fairino_interfaces/include/fairino_interfaces/fairino_interfaces/action/se3.h
[0.700s] -- Up-to-date: /home/home/dcp_ws/install/fairino_interfaces/include/fairino_interfaces/fairino_interfaces/action/gripper.h
[0.700s] -- Up-to-date: /home/home/dcp_ws/install/fairino_interfaces/include/fairino_interfaces/fairino_interfaces/msg
[0.700s] -- Up-to-date: /home/home/dcp_ws/install/fairino_interfaces/include/fairino_interfaces/fairino_interfaces/msg/rosidl_generator_c__visibility_control.h
[0.700s] -- Up-to-date: /home/home/dcp_ws/install/fairino_interfaces/include/fairino_interfaces/fairino_interfaces/srv
[0.700s] -- Up-to-date: /home/home/dcp_ws/install/fairino_interfaces/include/fairino_interfaces/fairino_interfaces/srv/detail
[0.700s] -- Up-to-date: /home/home/dcp_ws/install/fairino_interfaces/include/fairino_interfaces/fairino_interfaces/srv/detail/place__type_support.h
[0.700s] -- Up-to-date: /home/home/dcp_ws/install/fairino_interfaces/include/fairino_interfaces/fairino_interfaces/srv/detail/pick__type_support.h
[0.700s] -- Up-to-date: /home/home/dcp_ws/install/fairino_interfaces/include/fairino_interfaces/fairino_interfaces/srv/detail/pick__struct.h
[0.701s] -- Up-to-date: /home/home/dcp_ws/install/fairino_interfaces/include/fairino_interfaces/fairino_interfaces/srv/detail/place__struct.h
[0.701s] -- Up-to-date: /home/home/dcp_ws/install/fairino_interfaces/include/fairino_interfaces/fairino_interfaces/srv/detail/pick__functions.h
[0.701s] -- Up-to-date: /home/home/dcp_ws/install/fairino_interfaces/include/fairino_interfaces/fairino_interfaces/srv/detail/pick__functions.c
[0.701s] -- Up-to-date: /home/home/dcp_ws/install/fairino_interfaces/include/fairino_interfaces/fairino_interfaces/srv/detail/place__functions.c
[0.701s] -- Up-to-date: /home/home/dcp_ws/install/fairino_interfaces/include/fairino_interfaces/fairino_interfaces/srv/detail/place__functions.h
[0.701s] -- Up-to-date: /home/home/dcp_ws/install/fairino_interfaces/include/fairino_interfaces/fairino_interfaces/srv/pick.h
[0.701s] -- Up-to-date: /home/home/dcp_ws/install/fairino_interfaces/include/fairino_interfaces/fairino_interfaces/srv/place.h
[0.701s] -- Up-to-date: /home/home/dcp_ws/install/fairino_interfaces/share/fairino_interfaces/environment/library_path.sh
[0.701s] -- Up-to-date: /home/home/dcp_ws/install/fairino_interfaces/share/fairino_interfaces/environment/library_path.dsv
[0.701s] -- Up-to-date: /home/home/dcp_ws/install/fairino_interfaces/lib/libfairino_interfaces__rosidl_generator_c.so
[0.701s] -- Up-to-date: /home/home/dcp_ws/install/fairino_interfaces/include/fairino_interfaces/fairino_interfaces
[0.701s] -- Up-to-date: /home/home/dcp_ws/install/fairino_interfaces/include/fairino_interfaces/fairino_interfaces/action
[0.701s] -- Up-to-date: /home/home/dcp_ws/install/fairino_interfaces/include/fairino_interfaces/fairino_interfaces/action/detail
[0.701s] -- Up-to-date: /home/home/dcp_ws/install/fairino_interfaces/include/fairino_interfaces/fairino_interfaces/action/detail/qr__rosidl_typesupport_fastrtps_c.h
[0.701s] -- Up-to-date: /home/home/dcp_ws/install/fairino_interfaces/include/fairino_interfaces/fairino_interfaces/action/detail/se3__rosidl_typesupport_fastrtps_c.h
[0.701s] -- Up-to-date: /home/home/dcp_ws/install/fairino_interfaces/include/fairino_interfaces/fairino_interfaces/action/detail/gripper__rosidl_typesupport_fastrtps_c.h
[0.702s] -- Up-to-date: /home/home/dcp_ws/install/fairino_interfaces/include/fairino_interfaces/fairino_interfaces/action/detail/joint_posture__rosidl_typesupport_fastrtps_c.h
[0.702s] -- Up-to-date: /home/home/dcp_ws/install/fairino_interfaces/include/fairino_interfaces/fairino_interfaces/action/detail/tool_changer__rosidl_typesupport_fastrtps_c.h
[0.702s] -- Up-to-date: /home/home/dcp_ws/install/fairino_interfaces/include/fairino_interfaces/fairino_interfaces/action/detail/move__rosidl_typesupport_fastrtps_c.h
[0.702s] -- Up-to-date: /home/home/dcp_ws/install/fairino_interfaces/include/fairino_interfaces/fairino_interfaces/action/detail/se3_array__rosidl_typesupport_fastrtps_c.h
[0.702s] -- Up-to-date: /home/home/dcp_ws/install/fairino_interfaces/include/fairino_interfaces/fairino_interfaces/msg
[0.702s] -- Up-to-date: /home/home/dcp_ws/install/fairino_interfaces/include/fairino_interfaces/fairino_interfaces/msg/rosidl_typesupport_fastrtps_c__visibility_control.h
[0.702s] -- Up-to-date: /home/home/dcp_ws/install/fairino_interfaces/include/fairino_interfaces/fairino_interfaces/srv
[0.702s] -- Up-to-date: /home/home/dcp_ws/install/fairino_interfaces/include/fairino_interfaces/fairino_interfaces/srv/detail
[0.702s] -- Up-to-date: /home/home/dcp_ws/install/fairino_interfaces/include/fairino_interfaces/fairino_interfaces/srv/detail/pick__rosidl_typesupport_fastrtps_c.h
[0.703s] -- Up-to-date: /home/home/dcp_ws/install/fairino_interfaces/include/fairino_interfaces/fairino_interfaces/srv/detail/place__rosidl_typesupport_fastrtps_c.h
[0.703s] -- Up-to-date: /home/home/dcp_ws/install/fairino_interfaces/lib/libfairino_interfaces__rosidl_typesupport_fastrtps_c.so
[0.703s] -- Up-to-date: /home/home/dcp_ws/install/fairino_interfaces/include/fairino_interfaces/fairino_interfaces
[0.703s] -- Up-to-date: /home/home/dcp_ws/install/fairino_interfaces/include/fairino_interfaces/fairino_interfaces/action
[0.703s] -- Up-to-date: /home/home/dcp_ws/install/fairino_interfaces/include/fairino_interfaces/fairino_interfaces/action/detail
[0.703s] -- Up-to-date: /home/home/dcp_ws/install/fairino_interfaces/include/fairino_interfaces/fairino_interfaces/action/detail/se3_array__type_support.c
[0.703s] -- Up-to-date: /home/home/dcp_ws/install/fairino_interfaces/include/fairino_interfaces/fairino_interfaces/action/detail/gripper__rosidl_typesupport_introspection_c.h
[0.703s] -- Up-to-date: /home/home/dcp_ws/install/fairino_interfaces/include/fairino_interfaces/fairino_interfaces/action/detail/move__rosidl_typesupport_introspection_c.h
[0.703s] -- Up-to-date: /home/home/dcp_ws/install/fairino_interfaces/include/fairino_interfaces/fairino_interfaces/action/detail/tool_changer__type_support.c
[0.703s] -- Up-to-date: /home/home/dcp_ws/install/fairino_interfaces/include/fairino_interfaces/fairino_interfaces/action/detail/gripper__type_support.c
[0.703s] -- Up-to-date: /home/home/dcp_ws/install/fairino_interfaces/include/fairino_interfaces/fairino_interfaces/action/detail/se3__rosidl_typesupport_introspection_c.h
[0.703s] -- Up-to-date: /home/home/dcp_ws/install/fairino_interfaces/include/fairino_interfaces/fairino_interfaces/action/detail/tool_changer__rosidl_typesupport_introspection_c.h
[0.703s] -- Up-to-date: /home/home/dcp_ws/install/fairino_interfaces/include/fairino_interfaces/fairino_interfaces/action/detail/se3_array__rosidl_typesupport_introspection_c.h
[0.703s] -- Up-to-date: /home/home/dcp_ws/install/fairino_interfaces/include/fairino_interfaces/fairino_interfaces/action/detail/qr__type_support.c
[0.703s] -- Up-to-date: /home/home/dcp_ws/install/fairino_interfaces/include/fairino_interfaces/fairino_interfaces/action/detail/qr__rosidl_typesupport_introspection_c.h
[0.703s] -- Up-to-date: /home/home/dcp_ws/install/fairino_interfaces/include/fairino_interfaces/fairino_interfaces/action/detail/joint_posture__type_support.c
[0.703s] -- Up-to-date: /home/home/dcp_ws/install/fairino_interfaces/include/fairino_interfaces/fairino_interfaces/action/detail/se3__type_support.c
[0.703s] -- Up-to-date: /home/home/dcp_ws/install/fairino_interfaces/include/fairino_interfaces/fairino_interfaces/action/detail/move__type_support.c
[0.703s] -- Up-to-date: /home/home/dcp_ws/install/fairino_interfaces/include/fairino_interfaces/fairino_interfaces/action/detail/joint_posture__rosidl_typesupport_introspection_c.h
[0.703s] -- Up-to-date: /home/home/dcp_ws/install/fairino_interfaces/include/fairino_interfaces/fairino_interfaces/msg
[0.703s] -- Up-to-date: /home/home/dcp_ws/install/fairino_interfaces/include/fairino_interfaces/fairino_interfaces/msg/rosidl_typesupport_introspection_c__visibility_control.h
[0.703s] -- Up-to-date: /home/home/dcp_ws/install/fairino_interfaces/include/fairino_interfaces/fairino_interfaces/srv
[0.703s] -- Up-to-date: /home/home/dcp_ws/install/fairino_interfaces/include/fairino_interfaces/fairino_interfaces/srv/detail
[0.703s] -- Up-to-date: /home/home/dcp_ws/install/fairino_interfaces/include/fairino_interfaces/fairino_interfaces/srv/detail/place__rosidl_typesupport_introspection_c.h
[0.703s] -- Up-to-date: /home/home/dcp_ws/install/fairino_interfaces/include/fairino_interfaces/fairino_interfaces/srv/detail/pick__rosidl_typesupport_introspection_c.h
[0.703s] -- Up-to-date: /home/home/dcp_ws/install/fairino_interfaces/include/fairino_interfaces/fairino_interfaces/srv/detail/place__type_support.c
[0.703s] -- Up-to-date: /home/home/dcp_ws/install/fairino_interfaces/include/fairino_interfaces/fairino_interfaces/srv/detail/pick__type_support.c
[0.704s] -- Up-to-date: /home/home/dcp_ws/install/fairino_interfaces/lib/libfairino_interfaces__rosidl_typesupport_introspection_c.so
[0.704s] -- Up-to-date: /home/home/dcp_ws/install/fairino_interfaces/lib/libfairino_interfaces__rosidl_typesupport_c.so
[0.704s] -- Up-to-date: /home/home/dcp_ws/install/fairino_interfaces/include/fairino_interfaces/fairino_interfaces
[0.704s] -- Up-to-date: /home/home/dcp_ws/install/fairino_interfaces/include/fairino_interfaces/fairino_interfaces/action
[0.704s] -- Up-to-date: /home/home/dcp_ws/install/fairino_interfaces/include/fairino_interfaces/fairino_interfaces/action/qr.hpp
[0.704s] -- Up-to-date: /home/home/dcp_ws/install/fairino_interfaces/include/fairino_interfaces/fairino_interfaces/action/move.hpp
[0.704s] -- Up-to-date: /home/home/dcp_ws/install/fairino_interfaces/include/fairino_interfaces/fairino_interfaces/action/se3_array.hpp
[0.704s] -- Up-to-date: /home/home/dcp_ws/install/fairino_interfaces/include/fairino_interfaces/fairino_interfaces/action/detail
[0.704s] -- Up-to-date: /home/home/dcp_ws/install/fairino_interfaces/include/fairino_interfaces/fairino_interfaces/action/detail/qr__traits.hpp
[0.704s] -- Up-to-date: /home/home/dcp_ws/install/fairino_interfaces/include/fairino_interfaces/fairino_interfaces/action/detail/qr__builder.hpp
[0.704s] -- Up-to-date: /home/home/dcp_ws/install/fairino_interfaces/include/fairino_interfaces/fairino_interfaces/action/detail/move__traits.hpp
[0.704s] -- Up-to-date: /home/home/dcp_ws/install/fairino_interfaces/include/fairino_interfaces/fairino_interfaces/action/detail/se3__builder.hpp
[0.704s] -- Up-to-date: /home/home/dcp_ws/install/fairino_interfaces/include/fairino_interfaces/fairino_interfaces/action/detail/joint_posture__traits.hpp
[0.704s] -- Up-to-date: /home/home/dcp_ws/install/fairino_interfaces/include/fairino_interfaces/fairino_interfaces/action/detail/move__type_support.hpp
[0.704s] -- Up-to-date: /home/home/dcp_ws/install/fairino_interfaces/include/fairino_interfaces/fairino_interfaces/action/detail/joint_posture__struct.hpp
[0.704s] -- Up-to-date: /home/home/dcp_ws/install/fairino_interfaces/include/fairino_interfaces/fairino_interfaces/action/detail/gripper__builder.hpp
[0.704s] -- Up-to-date: /home/home/dcp_ws/install/fairino_interfaces/include/fairino_interfaces/fairino_interfaces/action/detail/se3_array__traits.hpp
[0.704s] -- Up-to-date: /home/home/dcp_ws/install/fairino_interfaces/include/fairino_interfaces/fairino_interfaces/action/detail/tool_changer__type_support.hpp
[0.704s] -- Up-to-date: /home/home/dcp_ws/install/fairino_interfaces/include/fairino_interfaces/fairino_interfaces/action/detail/gripper__traits.hpp
[0.704s] -- Up-to-date: /home/home/dcp_ws/install/fairino_interfaces/include/fairino_interfaces/fairino_interfaces/action/detail/qr__type_support.hpp
[0.704s] -- Up-to-date: /home/home/dcp_ws/install/fairino_interfaces/include/fairino_interfaces/fairino_interfaces/action/detail/se3_array__builder.hpp
[0.704s] -- Up-to-date: /home/home/dcp_ws/install/fairino_interfaces/include/fairino_interfaces/fairino_interfaces/action/detail/joint_posture__type_support.hpp
[0.704s] -- Up-to-date: /home/home/dcp_ws/install/fairino_interfaces/include/fairino_interfaces/fairino_interfaces/action/detail/tool_changer__builder.hpp
[0.704s] -- Up-to-date: /home/home/dcp_ws/install/fairino_interfaces/include/fairino_interfaces/fairino_interfaces/action/detail/tool_changer__struct.hpp
[0.704s] -- Up-to-date: /home/home/dcp_ws/install/fairino_interfaces/include/fairino_interfaces/fairino_interfaces/action/detail/se3__struct.hpp
[0.704s] -- Up-to-date: /home/home/dcp_ws/install/fairino_interfaces/include/fairino_interfaces/fairino_interfaces/action/detail/move__struct.hpp
[0.704s] -- Up-to-date: /home/home/dcp_ws/install/fairino_interfaces/include/fairino_interfaces/fairino_interfaces/action/detail/se3__traits.hpp
[0.704s] -- Up-to-date: /home/home/dcp_ws/install/fairino_interfaces/include/fairino_interfaces/fairino_interfaces/action/detail/se3_array__struct.hpp
[0.704s] -- Up-to-date: /home/home/dcp_ws/install/fairino_interfaces/include/fairino_interfaces/fairino_interfaces/action/detail/gripper__type_support.hpp
[0.705s] -- Up-to-date: /home/home/dcp_ws/install/fairino_interfaces/include/fairino_interfaces/fairino_interfaces/action/detail/gripper__struct.hpp
[0.705s] -- Up-to-date: /home/home/dcp_ws/install/fairino_interfaces/include/fairino_interfaces/fairino_interfaces/action/detail/joint_posture__builder.hpp
[0.705s] -- Up-to-date: /home/home/dcp_ws/install/fairino_interfaces/include/fairino_interfaces/fairino_interfaces/action/detail/move__builder.hpp
[0.705s] -- Up-to-date: /home/home/dcp_ws/install/fairino_interfaces/include/fairino_interfaces/fairino_interfaces/action/detail/qr__struct.hpp
[0.705s] -- Up-to-date: /home/home/dcp_ws/install/fairino_interfaces/include/fairino_interfaces/fairino_interfaces/action/detail/se3_array__type_support.hpp
[0.705s] -- Up-to-date: /home/home/dcp_ws/install/fairino_interfaces/include/fairino_interfaces/fairino_interfaces/action/detail/se3__type_support.hpp
[0.706s] -- Up-to-date: /home/home/dcp_ws/install/fairino_interfaces/include/fairino_interfaces/fairino_interfaces/action/detail/tool_changer__traits.hpp
[0.706s] -- Up-to-date: /home/home/dcp_ws/install/fairino_interfaces/include/fairino_interfaces/fairino_interfaces/action/se3.hpp
[0.706s] -- Up-to-date: /home/home/dcp_ws/install/fairino_interfaces/include/fairino_interfaces/fairino_interfaces/action/joint_posture.hpp
[0.706s] -- Up-to-date: /home/home/dcp_ws/install/fairino_interfaces/include/fairino_interfaces/fairino_interfaces/action/gripper.hpp
[0.707s] -- Up-to-date: /home/home/dcp_ws/install/fairino_interfaces/include/fairino_interfaces/fairino_interfaces/action/tool_changer.hpp
[0.707s] -- Up-to-date: /home/home/dcp_ws/install/fairino_interfaces/include/fairino_interfaces/fairino_interfaces/msg
[0.707s] -- Up-to-date: /home/home/dcp_ws/install/fairino_interfaces/include/fairino_interfaces/fairino_interfaces/msg/rosidl_generator_cpp__visibility_control.hpp
[0.708s] -- Up-to-date: /home/home/dcp_ws/install/fairino_interfaces/include/fairino_interfaces/fairino_interfaces/srv
[0.708s] -- Up-to-date: /home/home/dcp_ws/install/fairino_interfaces/include/fairino_interfaces/fairino_interfaces/srv/detail
[0.708s] -- Up-to-date: /home/home/dcp_ws/install/fairino_interfaces/include/fairino_interfaces/fairino_interfaces/srv/detail/place__type_support.hpp
[0.708s] -- Up-to-date: /home/home/dcp_ws/install/fairino_interfaces/include/fairino_interfaces/fairino_interfaces/srv/detail/pick__builder.hpp
[0.708s] -- Up-to-date: /home/home/dcp_ws/install/fairino_interfaces/include/fairino_interfaces/fairino_interfaces/srv/detail/place__struct.hpp
[0.708s] -- Up-to-date: /home/home/dcp_ws/install/fairino_interfaces/include/fairino_interfaces/fairino_interfaces/srv/detail/place__builder.hpp
[0.708s] -- Up-to-date: /home/home/dcp_ws/install/fairino_interfaces/include/fairino_interfaces/fairino_interfaces/srv/detail/pick__type_support.hpp
[0.708s] -- Up-to-date: /home/home/dcp_ws/install/fairino_interfaces/include/fairino_interfaces/fairino_interfaces/srv/detail/pick__struct.hpp
[0.708s] -- Up-to-date: /home/home/dcp_ws/install/fairino_interfaces/include/fairino_interfaces/fairino_interfaces/srv/detail/pick__traits.hpp
[0.708s] -- Up-to-date: /home/home/dcp_ws/install/fairino_interfaces/include/fairino_interfaces/fairino_interfaces/srv/detail/place__traits.hpp
[0.708s] -- Up-to-date: /home/home/dcp_ws/install/fairino_interfaces/include/fairino_interfaces/fairino_interfaces/srv/place.hpp
[0.708s] -- Up-to-date: /home/home/dcp_ws/install/fairino_interfaces/include/fairino_interfaces/fairino_interfaces/srv/pick.hpp
[0.708s] -- Up-to-date: /home/home/dcp_ws/install/fairino_interfaces/include/fairino_interfaces/fairino_interfaces
[0.708s] -- Up-to-date: /home/home/dcp_ws/install/fairino_interfaces/include/fairino_interfaces/fairino_interfaces/action
[0.708s] -- Up-to-date: /home/home/dcp_ws/install/fairino_interfaces/include/fairino_interfaces/fairino_interfaces/action/detail
[0.708s] -- Up-to-date: /home/home/dcp_ws/install/fairino_interfaces/include/fairino_interfaces/fairino_interfaces/action/detail/dds_fastrtps
[0.708s] -- Up-to-date: /home/home/dcp_ws/install/fairino_interfaces/include/fairino_interfaces/fairino_interfaces/action/detail/se3__rosidl_typesupport_fastrtps_cpp.hpp
[0.708s] -- Up-to-date: /home/home/dcp_ws/install/fairino_interfaces/include/fairino_interfaces/fairino_interfaces/action/detail/tool_changer__rosidl_typesupport_fastrtps_cpp.hpp
[0.708s] -- Up-to-date: /home/home/dcp_ws/install/fairino_interfaces/include/fairino_interfaces/fairino_interfaces/action/detail/joint_posture__rosidl_typesupport_fastrtps_cpp.hpp
[0.708s] -- Up-to-date: /home/home/dcp_ws/install/fairino_interfaces/include/fairino_interfaces/fairino_interfaces/action/detail/gripper__rosidl_typesupport_fastrtps_cpp.hpp
[0.709s] -- Up-to-date: /home/home/dcp_ws/install/fairino_interfaces/include/fairino_interfaces/fairino_interfaces/action/detail/qr__rosidl_typesupport_fastrtps_cpp.hpp
[0.709s] -- Up-to-date: /home/home/dcp_ws/install/fairino_interfaces/include/fairino_interfaces/fairino_interfaces/action/detail/move__rosidl_typesupport_fastrtps_cpp.hpp
[0.709s] -- Up-to-date: /home/home/dcp_ws/install/fairino_interfaces/include/fairino_interfaces/fairino_interfaces/action/detail/se3_array__rosidl_typesupport_fastrtps_cpp.hpp
[0.709s] -- Up-to-date: /home/home/dcp_ws/install/fairino_interfaces/include/fairino_interfaces/fairino_interfaces/msg
[0.709s] -- Up-to-date: /home/home/dcp_ws/install/fairino_interfaces/include/fairino_interfaces/fairino_interfaces/msg/rosidl_typesupport_fastrtps_cpp__visibility_control.h
[0.709s] -- Up-to-date: /home/home/dcp_ws/install/fairino_interfaces/include/fairino_interfaces/fairino_interfaces/srv
[0.709s] -- Up-to-date: /home/home/dcp_ws/install/fairino_interfaces/include/fairino_interfaces/fairino_interfaces/srv/detail
[0.709s] -- Up-to-date: /home/home/dcp_ws/install/fairino_interfaces/include/fairino_interfaces/fairino_interfaces/srv/detail/dds_fastrtps
[0.709s] -- Up-to-date: /home/home/dcp_ws/install/fairino_interfaces/include/fairino_interfaces/fairino_interfaces/srv/detail/place__rosidl_typesupport_fastrtps_cpp.hpp
[0.709s] -- Up-to-date: /home/home/dcp_ws/install/fairino_interfaces/include/fairino_interfaces/fairino_interfaces/srv/detail/pick__rosidl_typesupport_fastrtps_cpp.hpp
[0.709s] -- Up-to-date: /home/home/dcp_ws/install/fairino_interfaces/lib/libfairino_interfaces__rosidl_typesupport_fastrtps_cpp.so
[0.709s] -- Up-to-date: /home/home/dcp_ws/install/fairino_interfaces/include/fairino_interfaces/fairino_interfaces
[0.709s] -- Up-to-date: /home/home/dcp_ws/install/fairino_interfaces/include/fairino_interfaces/fairino_interfaces/action
[0.709s] -- Up-to-date: /home/home/dcp_ws/install/fairino_interfaces/include/fairino_interfaces/fairino_interfaces/action/detail
[0.709s] -- Up-to-date: /home/home/dcp_ws/install/fairino_interfaces/include/fairino_interfaces/fairino_interfaces/action/detail/gripper__type_support.cpp
[0.709s] -- Up-to-date: /home/home/dcp_ws/install/fairino_interfaces/include/fairino_interfaces/fairino_interfaces/action/detail/tool_changer__type_support.cpp
[0.709s] -- Up-to-date: /home/home/dcp_ws/install/fairino_interfaces/include/fairino_interfaces/fairino_interfaces/action/detail/se3_array__type_support.cpp
[0.709s] -- Up-to-date: /home/home/dcp_ws/install/fairino_interfaces/include/fairino_interfaces/fairino_interfaces/action/detail/joint_posture__type_support.cpp
[0.709s] -- Up-to-date: /home/home/dcp_ws/install/fairino_interfaces/include/fairino_interfaces/fairino_interfaces/action/detail/se3_array__rosidl_typesupport_introspection_cpp.hpp
[0.709s] -- Up-to-date: /home/home/dcp_ws/install/fairino_interfaces/include/fairino_interfaces/fairino_interfaces/action/detail/move__type_support.cpp
[0.709s] -- Up-to-date: /home/home/dcp_ws/install/fairino_interfaces/include/fairino_interfaces/fairino_interfaces/action/detail/joint_posture__rosidl_typesupport_introspection_cpp.hpp
[0.709s] -- Up-to-date: /home/home/dcp_ws/install/fairino_interfaces/include/fairino_interfaces/fairino_interfaces/action/detail/gripper__rosidl_typesupport_introspection_cpp.hpp
[0.709s] -- Up-to-date: /home/home/dcp_ws/install/fairino_interfaces/include/fairino_interfaces/fairino_interfaces/action/detail/qr__type_support.cpp
[0.709s] -- Up-to-date: /home/home/dcp_ws/install/fairino_interfaces/include/fairino_interfaces/fairino_interfaces/action/detail/se3__type_support.cpp
[0.709s] -- Up-to-date: /home/home/dcp_ws/install/fairino_interfaces/include/fairino_interfaces/fairino_interfaces/action/detail/tool_changer__rosidl_typesupport_introspection_cpp.hpp
[0.709s] -- Up-to-date: /home/home/dcp_ws/install/fairino_interfaces/include/fairino_interfaces/fairino_interfaces/action/detail/se3__rosidl_typesupport_introspection_cpp.hpp
[0.709s] -- Up-to-date: /home/home/dcp_ws/install/fairino_interfaces/include/fairino_interfaces/fairino_interfaces/action/detail/move__rosidl_typesupport_introspection_cpp.hpp
[0.709s] -- Up-to-date: /home/home/dcp_ws/install/fairino_interfaces/include/fairino_interfaces/fairino_interfaces/action/detail/qr__rosidl_typesupport_introspection_cpp.hpp
[0.710s] -- Up-to-date: /home/home/dcp_ws/install/fairino_interfaces/include/fairino_interfaces/fairino_interfaces/srv
[0.710s] -- Up-to-date: /home/home/dcp_ws/install/fairino_interfaces/include/fairino_interfaces/fairino_interfaces/srv/detail
[0.710s] -- Up-to-date: /home/home/dcp_ws/install/fairino_interfaces/include/fairino_interfaces/fairino_interfaces/srv/detail/pick__rosidl_typesupport_introspection_cpp.hpp
[0.710s] -- Up-to-date: /home/home/dcp_ws/install/fairino_interfaces/include/fairino_interfaces/fairino_interfaces/srv/detail/place__type_support.cpp
[0.710s] -- Up-to-date: /home/home/dcp_ws/install/fairino_interfaces/include/fairino_interfaces/fairino_interfaces/srv/detail/pick__type_support.cpp
[0.710s] -- Up-to-date: /home/home/dcp_ws/install/fairino_interfaces/include/fairino_interfaces/fairino_interfaces/srv/detail/place__rosidl_typesupport_introspection_cpp.hpp
[0.710s] -- Up-to-date: /home/home/dcp_ws/install/fairino_interfaces/lib/libfairino_interfaces__rosidl_typesupport_introspection_cpp.so
[0.710s] -- Up-to-date: /home/home/dcp_ws/install/fairino_interfaces/lib/libfairino_interfaces__rosidl_typesupport_cpp.so
[0.710s] -- Up-to-date: /home/home/dcp_ws/install/fairino_interfaces/share/fairino_interfaces/environment/pythonpath.sh
[0.710s] -- Up-to-date: /home/home/dcp_ws/install/fairino_interfaces/share/fairino_interfaces/environment/pythonpath.dsv
[0.710s] -- Up-to-date: /home/home/dcp_ws/install/fairino_interfaces/local/lib/python3.10/dist-packages/fairino_interfaces-0.0.0-py3.10.egg-info
[0.710s] -- Installing: /home/home/dcp_ws/install/fairino_interfaces/local/lib/python3.10/dist-packages/fairino_interfaces-0.0.0-py3.10.egg-info/top_level.txt
[0.710s] -- Installing: /home/home/dcp_ws/install/fairino_interfaces/local/lib/python3.10/dist-packages/fairino_interfaces-0.0.0-py3.10.egg-info/dependency_links.txt
[0.710s] -- Installing: /home/home/dcp_ws/install/fairino_interfaces/local/lib/python3.10/dist-packages/fairino_interfaces-0.0.0-py3.10.egg-info/PKG-INFO
[0.710s] -- Installing: /home/home/dcp_ws/install/fairino_interfaces/local/lib/python3.10/dist-packages/fairino_interfaces-0.0.0-py3.10.egg-info/SOURCES.txt
[0.710s] -- Up-to-date: /home/home/dcp_ws/install/fairino_interfaces/local/lib/python3.10/dist-packages/fairino_interfaces
[0.710s] -- Up-to-date: /home/home/dcp_ws/install/fairino_interfaces/local/lib/python3.10/dist-packages/fairino_interfaces/action
[0.710s] -- Up-to-date: /home/home/dcp_ws/install/fairino_interfaces/local/lib/python3.10/dist-packages/fairino_interfaces/action/_move_s.c
[0.710s] -- Up-to-date: /home/home/dcp_ws/install/fairino_interfaces/local/lib/python3.10/dist-packages/fairino_interfaces/action/_se3_array.py
[0.710s] -- Up-to-date: /home/home/dcp_ws/install/fairino_interfaces/local/lib/python3.10/dist-packages/fairino_interfaces/action/_move.py
[0.710s] -- Up-to-date: /home/home/dcp_ws/install/fairino_interfaces/local/lib/python3.10/dist-packages/fairino_interfaces/action/_gripper_s.c
[0.710s] -- Up-to-date: /home/home/dcp_ws/install/fairino_interfaces/local/lib/python3.10/dist-packages/fairino_interfaces/action/_tool_changer.py
[0.711s] -- Up-to-date: /home/home/dcp_ws/install/fairino_interfaces/local/lib/python3.10/dist-packages/fairino_interfaces/action/_joint_posture.py
[0.711s] -- Up-to-date: /home/home/dcp_ws/install/fairino_interfaces/local/lib/python3.10/dist-packages/fairino_interfaces/action/_qr.py
[0.711s] -- Up-to-date: /home/home/dcp_ws/install/fairino_interfaces/local/lib/python3.10/dist-packages/fairino_interfaces/action/_se3_s.c
[0.711s] -- Up-to-date: /home/home/dcp_ws/install/fairino_interfaces/local/lib/python3.10/dist-packages/fairino_interfaces/action/_tool_changer_s.c
[0.711s] -- Up-to-date: /home/home/dcp_ws/install/fairino_interfaces/local/lib/python3.10/dist-packages/fairino_interfaces/action/_joint_posture_s.c
[0.711s] -- Up-to-date: /home/home/dcp_ws/install/fairino_interfaces/local/lib/python3.10/dist-packages/fairino_interfaces/action/_qr_s.c
[0.711s] -- Up-to-date: /home/home/dcp_ws/install/fairino_interfaces/local/lib/python3.10/dist-packages/fairino_interfaces/action/__init__.py
[0.711s] -- Up-to-date: /home/home/dcp_ws/install/fairino_interfaces/local/lib/python3.10/dist-packages/fairino_interfaces/action/_se3_array_s.c
[0.711s] -- Up-to-date: /home/home/dcp_ws/install/fairino_interfaces/local/lib/python3.10/dist-packages/fairino_interfaces/action/_se3.py
[0.711s] -- Up-to-date: /home/home/dcp_ws/install/fairino_interfaces/local/lib/python3.10/dist-packages/fairino_interfaces/action/_gripper.py
[0.711s] -- Up-to-date: /home/home/dcp_ws/install/fairino_interfaces/local/lib/python3.10/dist-packages/fairino_interfaces/_fairino_interfaces_s.ep.rosidl_typesupport_introspection_c.c
[0.711s] -- Up-to-date: /home/home/dcp_ws/install/fairino_interfaces/local/lib/python3.10/dist-packages/fairino_interfaces/srv
[0.711s] -- Up-to-date: /home/home/dcp_ws/install/fairino_interfaces/local/lib/python3.10/dist-packages/fairino_interfaces/srv/_pick_s.c
[0.711s] -- Up-to-date: /home/home/dcp_ws/install/fairino_interfaces/local/lib/python3.10/dist-packages/fairino_interfaces/srv/_place.py
[0.711s] -- Up-to-date: /home/home/dcp_ws/install/fairino_interfaces/local/lib/python3.10/dist-packages/fairino_interfaces/srv/_pick.py
[0.711s] -- Up-to-date: /home/home/dcp_ws/install/fairino_interfaces/local/lib/python3.10/dist-packages/fairino_interfaces/srv/__init__.py
[0.711s] -- Up-to-date: /home/home/dcp_ws/install/fairino_interfaces/local/lib/python3.10/dist-packages/fairino_interfaces/srv/_place_s.c
[0.711s] -- Up-to-date: /home/home/dcp_ws/install/fairino_interfaces/local/lib/python3.10/dist-packages/fairino_interfaces/_fairino_interfaces_s.ep.rosidl_typesupport_fastrtps_c.c
[0.711s] -- Up-to-date: /home/home/dcp_ws/install/fairino_interfaces/local/lib/python3.10/dist-packages/fairino_interfaces/_fairino_interfaces_s.ep.rosidl_typesupport_c.c
[0.711s] -- Up-to-date: /home/home/dcp_ws/install/fairino_interfaces/local/lib/python3.10/dist-packages/fairino_interfaces/libfairino_interfaces__rosidl_generator_py.so
[0.711s] -- Up-to-date: /home/home/dcp_ws/install/fairino_interfaces/local/lib/python3.10/dist-packages/fairino_interfaces/fairino_interfaces_s__rosidl_typesupport_fastrtps_c.cpython-310-x86_64-linux-gnu.so
[0.711s] -- Up-to-date: /home/home/dcp_ws/install/fairino_interfaces/local/lib/python3.10/dist-packages/fairino_interfaces/__init__.py
[0.711s] -- Up-to-date: /home/home/dcp_ws/install/fairino_interfaces/local/lib/python3.10/dist-packages/fairino_interfaces/fairino_interfaces_s__rosidl_typesupport_c.cpython-310-x86_64-linux-gnu.so
[0.711s] -- Up-to-date: /home/home/dcp_ws/install/fairino_interfaces/local/lib/python3.10/dist-packages/fairino_interfaces/fairino_interfaces_s__rosidl_typesupport_introspection_c.cpython-310-x86_64-linux-gnu.so
[0.735s] Listing '/home/home/dcp_ws/install/fairino_interfaces/local/lib/python3.10/dist-packages/fairino_interfaces'...
[0.735s] Listing '/home/home/dcp_ws/install/fairino_interfaces/local/lib/python3.10/dist-packages/fairino_interfaces/action'...
[0.735s] Listing '/home/home/dcp_ws/install/fairino_interfaces/local/lib/python3.10/dist-packages/fairino_interfaces/srv'...
[0.740s] -- Up-to-date: /home/home/dcp_ws/install/fairino_interfaces/local/lib/python3.10/dist-packages/fairino_interfaces/fairino_interfaces_s__rosidl_typesupport_fastrtps_c.cpython-310-x86_64-linux-gnu.so
[0.741s] -- Up-to-date: /home/home/dcp_ws/install/fairino_interfaces/local/lib/python3.10/dist-packages/fairino_interfaces/fairino_interfaces_s__rosidl_typesupport_introspection_c.cpython-310-x86_64-linux-gnu.so
[0.741s] -- Up-to-date: /home/home/dcp_ws/install/fairino_interfaces/local/lib/python3.10/dist-packages/fairino_interfaces/fairino_interfaces_s__rosidl_typesupport_c.cpython-310-x86_64-linux-gnu.so
[0.741s] -- Up-to-date: /home/home/dcp_ws/install/fairino_interfaces/lib/libfairino_interfaces__rosidl_generator_py.so
[0.741s] -- Up-to-date: /home/home/dcp_ws/install/fairino_interfaces/share/fairino_interfaces/action/JointPosture.idl
[0.741s] -- Up-to-date: /home/home/dcp_ws/install/fairino_interfaces/share/fairino_interfaces/action/SE3.idl
[0.741s] -- Up-to-date: /home/home/dcp_ws/install/fairino_interfaces/share/fairino_interfaces/action/SE3Array.idl
[0.741s] -- Up-to-date: /home/home/dcp_ws/install/fairino_interfaces/share/fairino_interfaces/action/Gripper.idl
[0.741s] -- Up-to-date: /home/home/dcp_ws/install/fairino_interfaces/share/fairino_interfaces/action/Move.idl
[0.741s] -- Up-to-date: /home/home/dcp_ws/install/fairino_interfaces/share/fairino_interfaces/action/QR.idl
[0.741s] -- Up-to-date: /home/home/dcp_ws/install/fairino_interfaces/share/fairino_interfaces/action/ToolChanger.idl
[0.741s] -- Up-to-date: /home/home/dcp_ws/install/fairino_interfaces/share/fairino_interfaces/srv/Pick.idl
[0.741s] -- Up-to-date: /home/home/dcp_ws/install/fairino_interfaces/share/fairino_interfaces/srv/Place.idl
[0.741s] -- Up-to-date: /home/home/dcp_ws/install/fairino_interfaces/share/fairino_interfaces/action/JointPosture.action
[0.741s] -- Up-to-date: /home/home/dcp_ws/install/fairino_interfaces/share/fairino_interfaces/action/SE3.action
[0.741s] -- Up-to-date: /home/home/dcp_ws/install/fairino_interfaces/share/fairino_interfaces/action/SE3Array.action
[0.741s] -- Up-to-date: /home/home/dcp_ws/install/fairino_interfaces/share/fairino_interfaces/action/Gripper.action
[0.741s] -- Up-to-date: /home/home/dcp_ws/install/fairino_interfaces/share/fairino_interfaces/action/Move.action
[0.741s] -- Up-to-date: /home/home/dcp_ws/install/fairino_interfaces/share/fairino_interfaces/action/QR.action
[0.741s] -- Up-to-date: /home/home/dcp_ws/install/fairino_interfaces/share/fairino_interfaces/action/ToolChanger.action
[0.741s] -- Up-to-date: /home/home/dcp_ws/install/fairino_interfaces/share/fairino_interfaces/srv/Pick.srv
[0.741s] -- Up-to-date: /home/home/dcp_ws/install/fairino_interfaces/share/fairino_interfaces/srv/Pick_Request.msg
[0.741s] -- Up-to-date: /home/home/dcp_ws/install/fairino_interfaces/share/fairino_interfaces/srv/Pick_Response.msg
[0.741s] -- Up-to-date: /home/home/dcp_ws/install/fairino_interfaces/share/fairino_interfaces/srv/Place.srv
[0.741s] -- Up-to-date: /home/home/dcp_ws/install/fairino_interfaces/share/fairino_interfaces/srv/Place_Request.msg
[0.741s] -- Up-to-date: /home/home/dcp_ws/install/fairino_interfaces/share/fairino_interfaces/srv/Place_Response.msg
[0.741s] -- Up-to-date: /home/home/dcp_ws/install/fairino_interfaces/share/fairino_interfaces/action
[0.741s] -- Up-to-date: /home/home/dcp_ws/install/fairino_interfaces/share/fairino_interfaces/action/ToolChanger.action
[0.741s] -- Up-to-date: /home/home/dcp_ws/install/fairino_interfaces/share/fairino_interfaces/action/JointPosture.action
[0.741s] -- Up-to-date: /home/home/dcp_ws/install/fairino_interfaces/share/fairino_interfaces/action/QR.action
[0.741s] -- Up-to-date: /home/home/dcp_ws/install/fairino_interfaces/share/fairino_interfaces/action/SE3Array.action
[0.745s] -- Up-to-date: /home/home/dcp_ws/install/fairino_interfaces/share/fairino_interfaces/action/Gripper.action
[0.745s] -- Up-to-date: /home/home/dcp_ws/install/fairino_interfaces/share/fairino_interfaces/action/SE3.action
[0.745s] -- Up-to-date: /home/home/dcp_ws/install/fairino_interfaces/share/fairino_interfaces/action/Move.action
[0.745s] -- Up-to-date: /home/home/dcp_ws/install/fairino_interfaces/share/fairino_interfaces/srv
[0.745s] -- Up-to-date: /home/home/dcp_ws/install/fairino_interfaces/share/fairino_interfaces/srv/Pick.srv
[0.745s] -- Up-to-date: /home/home/dcp_ws/install/fairino_interfaces/share/fairino_interfaces/srv/Place.srv
[0.745s] -- Up-to-date: /home/home/dcp_ws/install/fairino_interfaces/share/ament_index/resource_index/package_run_dependencies/fairino_interfaces
[0.745s] -- Up-to-date: /home/home/dcp_ws/install/fairino_interfaces/share/ament_index/resource_index/parent_prefix_path/fairino_interfaces
[0.745s] -- Up-to-date: /home/home/dcp_ws/install/fairino_interfaces/share/fairino_interfaces/environment/ament_prefix_path.sh
[0.745s] -- Up-to-date: /home/home/dcp_ws/install/fairino_interfaces/share/fairino_interfaces/environment/ament_prefix_path.dsv
[0.745s] -- Up-to-date: /home/home/dcp_ws/install/fairino_interfaces/share/fairino_interfaces/environment/path.sh
[0.745s] -- Up-to-date: /home/home/dcp_ws/install/fairino_interfaces/share/fairino_interfaces/environment/path.dsv
[0.746s] -- Up-to-date: /home/home/dcp_ws/install/fairino_interfaces/share/fairino_interfaces/local_setup.bash
[0.746s] -- Up-to-date: /home/home/dcp_ws/install/fairino_interfaces/share/fairino_interfaces/local_setup.sh
[0.746s] -- Up-to-date: /home/home/dcp_ws/install/fairino_interfaces/share/fairino_interfaces/local_setup.zsh
[0.746s] -- Up-to-date: /home/home/dcp_ws/install/fairino_interfaces/share/fairino_interfaces/local_setup.dsv
[0.746s] -- Installing: /home/home/dcp_ws/install/fairino_interfaces/share/fairino_interfaces/package.dsv
[0.746s] -- Up-to-date: /home/home/dcp_ws/install/fairino_interfaces/share/ament_index/resource_index/packages/fairino_interfaces
[0.746s] -- Up-to-date: /home/home/dcp_ws/install/fairino_interfaces/share/fairino_interfaces/cmake/export_fairino_interfaces__rosidl_generator_cExport.cmake
[0.746s] -- Up-to-date: /home/home/dcp_ws/install/fairino_interfaces/share/fairino_interfaces/cmake/export_fairino_interfaces__rosidl_generator_cExport-noconfig.cmake
[0.746s] -- Up-to-date: /home/home/dcp_ws/install/fairino_interfaces/share/fairino_interfaces/cmake/export_fairino_interfaces__rosidl_typesupport_fastrtps_cExport.cmake
[0.746s] -- Up-to-date: /home/home/dcp_ws/install/fairino_interfaces/share/fairino_interfaces/cmake/export_fairino_interfaces__rosidl_typesupport_fastrtps_cExport-noconfig.cmake
[0.746s] -- Up-to-date: /home/home/dcp_ws/install/fairino_interfaces/share/fairino_interfaces/cmake/fairino_interfaces__rosidl_typesupport_introspection_cExport.cmake
[0.746s] -- Up-to-date: /home/home/dcp_ws/install/fairino_interfaces/share/fairino_interfaces/cmake/fairino_interfaces__rosidl_typesupport_introspection_cExport-noconfig.cmake
[0.746s] -- Up-to-date: /home/home/dcp_ws/install/fairino_interfaces/share/fairino_interfaces/cmake/fairino_interfaces__rosidl_typesupport_cExport.cmake
[0.746s] -- Up-to-date: /home/home/dcp_ws/install/fairino_interfaces/share/fairino_interfaces/cmake/fairino_interfaces__rosidl_typesupport_cExport-noconfig.cmake
[0.746s] -- Up-to-date: /home/home/dcp_ws/install/fairino_interfaces/share/fairino_interfaces/cmake/export_fairino_interfaces__rosidl_generator_cppExport.cmake
[0.746s] -- Up-to-date: /home/home/dcp_ws/install/fairino_interfaces/share/fairino_interfaces/cmake/export_fairino_interfaces__rosidl_typesupport_fastrtps_cppExport.cmake
[0.746s] -- Up-to-date: /home/home/dcp_ws/install/fairino_interfaces/share/fairino_interfaces/cmake/export_fairino_interfaces__rosidl_typesupport_fastrtps_cppExport-noconfig.cmake
[0.747s] -- Up-to-date: /home/home/dcp_ws/install/fairino_interfaces/share/fairino_interfaces/cmake/fairino_interfaces__rosidl_typesupport_introspection_cppExport.cmake
[0.747s] -- Up-to-date: /home/home/dcp_ws/install/fairino_interfaces/share/fairino_interfaces/cmake/fairino_interfaces__rosidl_typesupport_introspection_cppExport-noconfig.cmake
[0.747s] -- Up-to-date: /home/home/dcp_ws/install/fairino_interfaces/share/fairino_interfaces/cmake/fairino_interfaces__rosidl_typesupport_cppExport.cmake
[0.747s] -- Up-to-date: /home/home/dcp_ws/install/fairino_interfaces/share/fairino_interfaces/cmake/fairino_interfaces__rosidl_typesupport_cppExport-noconfig.cmake
[0.747s] -- Up-to-date: /home/home/dcp_ws/install/fairino_interfaces/share/fairino_interfaces/cmake/export_fairino_interfaces__rosidl_generator_pyExport.cmake
[0.747s] -- Up-to-date: /home/home/dcp_ws/install/fairino_interfaces/share/fairino_interfaces/cmake/export_fairino_interfaces__rosidl_generator_pyExport-noconfig.cmake
[0.747s] -- Up-to-date: /home/home/dcp_ws/install/fairino_interfaces/share/fairino_interfaces/cmake/rosidl_cmake-extras.cmake
[0.747s] -- Up-to-date: /home/home/dcp_ws/install/fairino_interfaces/share/fairino_interfaces/cmake/ament_cmake_export_dependencies-extras.cmake
[0.747s] -- Up-to-date: /home/home/dcp_ws/install/fairino_interfaces/share/fairino_interfaces/cmake/ament_cmake_export_include_directories-extras.cmake
[0.747s] -- Up-to-date: /home/home/dcp_ws/install/fairino_interfaces/share/fairino_interfaces/cmake/ament_cmake_export_libraries-extras.cmake
[0.747s] -- Up-to-date: /home/home/dcp_ws/install/fairino_interfaces/share/fairino_interfaces/cmake/ament_cmake_export_targets-extras.cmake
[0.747s] -- Up-to-date: /home/home/dcp_ws/install/fairino_interfaces/share/fairino_interfaces/cmake/rosidl_cmake_export_typesupport_targets-extras.cmake
[0.747s] -- Up-to-date: /home/home/dcp_ws/install/fairino_interfaces/share/fairino_interfaces/cmake/rosidl_cmake_export_typesupport_libraries-extras.cmake
[0.747s] -- Up-to-date: /home/home/dcp_ws/install/fairino_interfaces/share/fairino_interfaces/cmake/fairino_interfacesConfig.cmake
[0.747s] -- Up-to-date: /home/home/dcp_ws/install/fairino_interfaces/share/fairino_interfaces/cmake/fairino_interfacesConfig-version.cmake
[0.747s] -- Up-to-date: /home/home/dcp_ws/install/fairino_interfaces/share/fairino_interfaces/package.xml
[0.755s] Invoked command in '/home/home/dcp_ws/build/fairino_interfaces' returned '0': CMAKE_PREFIX_PATH=/home/home/dcp_ws/install/robotiq_description:/home/home/dcp_ws/install/pak_hqp_controller:/home/home/dcp_ws/install/kimm_hqp_controller:/home/home/dcp_ws/install/kimm_trajectory_smoother:/home/home/dcp_ws/install/isaacsim_ros2:/home/home/fairino_ros2_ws/install/isaacsim_ros2:/opt/ros/humble:/home/home/dcp_ws/install/kimm_qpoases:/home/home/dcp_ws/install/isaacsim:/home/home/dcp_ws/install/fairino_rviz:/home/home/dcp_ws/install/fairino_action_manager:/home/home/dcp_ws/install/fairino_interfaces:/home/home/dcp_ws/install/fairino_description:/home/home/dcp_ws/install/dh_robotics_ag95_description:/home/home/fairino_ros2_ws/install/kimm_hqp_controller:/home/home/fairino_ros2_ws/install/kimm_trajectory_smoother:/home/home/fairino_ros2_ws/install/kimm_qpoases:/home/home/fairino_ros2_ws/install/isaacsim:/home/home/fairino_ros2_ws/install/fairino_rviz:/home/home/fairino_ros2_ws/install/fairino_action_manager:/home/home/fairino_ros2_ws/install/fairino_interfaces:/home/home/fairino_ros2_ws/install/fairino_description:/home/home/fairino_ros2_ws/install/dh_robotics_ag95_description /usr/bin/cmake --install /home/home/dcp_ws/build/fairino_interfaces
