running egg_info
creating ../../../build/isaacsim_ros2/isaacsim_ros2.egg-info
writing ../../../build/isaacsim_ros2/isaacsim_ros2.egg-info/PKG-INFO
writing dependency_links to ../../../build/isaacsim_ros2/isaacsim_ros2.egg-info/dependency_links.txt
writing entry points to ../../../build/isaacsim_ros2/isaacsim_ros2.egg-info/entry_points.txt
writing requirements to ../../../build/isaacsim_ros2/isaacsim_ros2.egg-info/requires.txt
writing top-level names to ../../../build/isaacsim_ros2/isaacsim_ros2.egg-info/top_level.txt
writing manifest file '../../../build/isaacsim_ros2/isaacsim_ros2.egg-info/SOURCES.txt'
reading manifest file '../../../build/isaacsim_ros2/isaacsim_ros2.egg-info/SOURCES.txt'
adding license file 'LICENSE'
writing manifest file '../../../build/isaacsim_ros2/isaacsim_ros2.egg-info/SOURCES.txt'
running build
running build_py
creating /home/home/dcp_ws/build/isaacsim_ros2/build
creating /home/home/dcp_ws/build/isaacsim_ros2/build/lib
creating /home/home/dcp_ws/build/isaacsim_ros2/build/lib/isaacsim_ros2
copying isaacsim_ros2/robot_env.py -> /home/home/dcp_ws/build/isaacsim_ros2/build/lib/isaacsim_ros2
copying isaacsim_ros2/dcp.py -> /home/home/dcp_ws/build/isaacsim_ros2/build/lib/isaacsim_ros2
copying isaacsim_ros2/dcp_no_camera.py -> /home/home/dcp_ws/build/isaacsim_ros2/build/lib/isaacsim_ros2
copying isaacsim_ros2/__init__.py -> /home/home/dcp_ws/build/isaacsim_ros2/build/lib/isaacsim_ros2
copying isaacsim_ros2/action_graph.py -> /home/home/dcp_ws/build/isaacsim_ros2/build/lib/isaacsim_ros2
copying isaacsim_ros2/assembler.py -> /home/home/dcp_ws/build/isaacsim_ros2/build/lib/isaacsim_ros2
copying isaacsim_ros2/robot_env_no_camera.py -> /home/home/dcp_ws/build/isaacsim_ros2/build/lib/isaacsim_ros2
creating /home/home/dcp_ws/build/isaacsim_ros2/build/lib/isaacsim_ros2/robot
copying isaacsim_ros2/robot/__init__.py -> /home/home/dcp_ws/build/isaacsim_ros2/build/lib/isaacsim_ros2/robot
copying isaacsim_ros2/robot/fr5.py -> /home/home/dcp_ws/build/isaacsim_ros2/build/lib/isaacsim_ros2/robot
creating /home/home/dcp_ws/build/isaacsim_ros2/build/lib/isaacsim_ros2/client
copying isaacsim_ros2/client/__init__.py -> /home/home/dcp_ws/build/isaacsim_ros2/build/lib/isaacsim_ros2/client
copying isaacsim_ros2/client/set_target_pose_client.py -> /home/home/dcp_ws/build/isaacsim_ros2/build/lib/isaacsim_ros2/client
creating /home/home/dcp_ws/build/isaacsim_ros2/build/lib/isaacsim_ros2/controller
copying isaacsim_ros2/controller/__init__.py -> /home/home/dcp_ws/build/isaacsim_ros2/build/lib/isaacsim_ros2/controller
copying isaacsim_ros2/controller/rmpflow_controller.py -> /home/home/dcp_ws/build/isaacsim_ros2/build/lib/isaacsim_ros2/controller
creating /home/home/dcp_ws/build/isaacsim_ros2/build/lib/isaacsim_ros2/tasks
copying isaacsim_ros2/tasks/follow_target_with_rmpflow.py -> /home/home/dcp_ws/build/isaacsim_ros2/build/lib/isaacsim_ros2/tasks
copying isaacsim_ros2/tasks/follow_target.py -> /home/home/dcp_ws/build/isaacsim_ros2/build/lib/isaacsim_ros2/tasks
copying isaacsim_ros2/tasks/pick_place.py -> /home/home/dcp_ws/build/isaacsim_ros2/build/lib/isaacsim_ros2/tasks
copying isaacsim_ros2/tasks/__init__.py -> /home/home/dcp_ws/build/isaacsim_ros2/build/lib/isaacsim_ros2/tasks
creating /home/home/dcp_ws/build/isaacsim_ros2/build/lib/isaacsim_ros2/server
copying isaacsim_ros2/server/follow_target.py -> /home/home/dcp_ws/build/isaacsim_ros2/build/lib/isaacsim_ros2/server
copying isaacsim_ros2/server/follow_target copy.py -> /home/home/dcp_ws/build/isaacsim_ros2/build/lib/isaacsim_ros2/server
copying isaacsim_ros2/server/pick_place.py -> /home/home/dcp_ws/build/isaacsim_ros2/build/lib/isaacsim_ros2/server
copying isaacsim_ros2/server/__init__.py -> /home/home/dcp_ws/build/isaacsim_ros2/build/lib/isaacsim_ros2/server
running install
running install_lib
creating /home/home/dcp_ws/install/isaacsim_ros2/lib/python3.10/site-packages/isaacsim_ros2
copying /home/home/dcp_ws/build/isaacsim_ros2/build/lib/isaacsim_ros2/robot_env.py -> /home/home/dcp_ws/install/isaacsim_ros2/lib/python3.10/site-packages/isaacsim_ros2
creating /home/home/dcp_ws/install/isaacsim_ros2/lib/python3.10/site-packages/isaacsim_ros2/robot
copying /home/home/dcp_ws/build/isaacsim_ros2/build/lib/isaacsim_ros2/robot/__init__.py -> /home/home/dcp_ws/install/isaacsim_ros2/lib/python3.10/site-packages/isaacsim_ros2/robot
copying /home/home/dcp_ws/build/isaacsim_ros2/build/lib/isaacsim_ros2/robot/fr5.py -> /home/home/dcp_ws/install/isaacsim_ros2/lib/python3.10/site-packages/isaacsim_ros2/robot
creating /home/home/dcp_ws/install/isaacsim_ros2/lib/python3.10/site-packages/isaacsim_ros2/client
copying /home/home/dcp_ws/build/isaacsim_ros2/build/lib/isaacsim_ros2/client/__init__.py -> /home/home/dcp_ws/install/isaacsim_ros2/lib/python3.10/site-packages/isaacsim_ros2/client
copying /home/home/dcp_ws/build/isaacsim_ros2/build/lib/isaacsim_ros2/client/set_target_pose_client.py -> /home/home/dcp_ws/install/isaacsim_ros2/lib/python3.10/site-packages/isaacsim_ros2/client
creating /home/home/dcp_ws/install/isaacsim_ros2/lib/python3.10/site-packages/isaacsim_ros2/controller
copying /home/home/dcp_ws/build/isaacsim_ros2/build/lib/isaacsim_ros2/controller/__init__.py -> /home/home/dcp_ws/install/isaacsim_ros2/lib/python3.10/site-packages/isaacsim_ros2/controller
copying /home/home/dcp_ws/build/isaacsim_ros2/build/lib/isaacsim_ros2/controller/rmpflow_controller.py -> /home/home/dcp_ws/install/isaacsim_ros2/lib/python3.10/site-packages/isaacsim_ros2/controller
copying /home/home/dcp_ws/build/isaacsim_ros2/build/lib/isaacsim_ros2/dcp.py -> /home/home/dcp_ws/install/isaacsim_ros2/lib/python3.10/site-packages/isaacsim_ros2
copying /home/home/dcp_ws/build/isaacsim_ros2/build/lib/isaacsim_ros2/dcp_no_camera.py -> /home/home/dcp_ws/install/isaacsim_ros2/lib/python3.10/site-packages/isaacsim_ros2
copying /home/home/dcp_ws/build/isaacsim_ros2/build/lib/isaacsim_ros2/__init__.py -> /home/home/dcp_ws/install/isaacsim_ros2/lib/python3.10/site-packages/isaacsim_ros2
creating /home/home/dcp_ws/install/isaacsim_ros2/lib/python3.10/site-packages/isaacsim_ros2/tasks
copying /home/home/dcp_ws/build/isaacsim_ros2/build/lib/isaacsim_ros2/tasks/follow_target_with_rmpflow.py -> /home/home/dcp_ws/install/isaacsim_ros2/lib/python3.10/site-packages/isaacsim_ros2/tasks
copying /home/home/dcp_ws/build/isaacsim_ros2/build/lib/isaacsim_ros2/tasks/follow_target.py -> /home/home/dcp_ws/install/isaacsim_ros2/lib/python3.10/site-packages/isaacsim_ros2/tasks
copying /home/home/dcp_ws/build/isaacsim_ros2/build/lib/isaacsim_ros2/tasks/pick_place.py -> /home/home/dcp_ws/install/isaacsim_ros2/lib/python3.10/site-packages/isaacsim_ros2/tasks
copying /home/home/dcp_ws/build/isaacsim_ros2/build/lib/isaacsim_ros2/tasks/__init__.py -> /home/home/dcp_ws/install/isaacsim_ros2/lib/python3.10/site-packages/isaacsim_ros2/tasks
copying /home/home/dcp_ws/build/isaacsim_ros2/build/lib/isaacsim_ros2/action_graph.py -> /home/home/dcp_ws/install/isaacsim_ros2/lib/python3.10/site-packages/isaacsim_ros2
copying /home/home/dcp_ws/build/isaacsim_ros2/build/lib/isaacsim_ros2/assembler.py -> /home/home/dcp_ws/install/isaacsim_ros2/lib/python3.10/site-packages/isaacsim_ros2
creating /home/home/dcp_ws/install/isaacsim_ros2/lib/python3.10/site-packages/isaacsim_ros2/server
copying /home/home/dcp_ws/build/isaacsim_ros2/build/lib/isaacsim_ros2/server/follow_target.py -> /home/home/dcp_ws/install/isaacsim_ros2/lib/python3.10/site-packages/isaacsim_ros2/server
copying /home/home/dcp_ws/build/isaacsim_ros2/build/lib/isaacsim_ros2/server/follow_target copy.py -> /home/home/dcp_ws/install/isaacsim_ros2/lib/python3.10/site-packages/isaacsim_ros2/server
copying /home/home/dcp_ws/build/isaacsim_ros2/build/lib/isaacsim_ros2/server/pick_place.py -> /home/home/dcp_ws/install/isaacsim_ros2/lib/python3.10/site-packages/isaacsim_ros2/server
copying /home/home/dcp_ws/build/isaacsim_ros2/build/lib/isaacsim_ros2/server/__init__.py -> /home/home/dcp_ws/install/isaacsim_ros2/lib/python3.10/site-packages/isaacsim_ros2/server
copying /home/home/dcp_ws/build/isaacsim_ros2/build/lib/isaacsim_ros2/robot_env_no_camera.py -> /home/home/dcp_ws/install/isaacsim_ros2/lib/python3.10/site-packages/isaacsim_ros2
byte-compiling /home/home/dcp_ws/install/isaacsim_ros2/lib/python3.10/site-packages/isaacsim_ros2/robot_env.py to robot_env.cpython-310.pyc
byte-compiling /home/home/dcp_ws/install/isaacsim_ros2/lib/python3.10/site-packages/isaacsim_ros2/robot/__init__.py to __init__.cpython-310.pyc
byte-compiling /home/home/dcp_ws/install/isaacsim_ros2/lib/python3.10/site-packages/isaacsim_ros2/robot/fr5.py to fr5.cpython-310.pyc
byte-compiling /home/home/dcp_ws/install/isaacsim_ros2/lib/python3.10/site-packages/isaacsim_ros2/client/__init__.py to __init__.cpython-310.pyc
byte-compiling /home/home/dcp_ws/install/isaacsim_ros2/lib/python3.10/site-packages/isaacsim_ros2/client/set_target_pose_client.py to set_target_pose_client.cpython-310.pyc
byte-compiling /home/home/dcp_ws/install/isaacsim_ros2/lib/python3.10/site-packages/isaacsim_ros2/controller/__init__.py to __init__.cpython-310.pyc
byte-compiling /home/home/dcp_ws/install/isaacsim_ros2/lib/python3.10/site-packages/isaacsim_ros2/controller/rmpflow_controller.py to rmpflow_controller.cpython-310.pyc
byte-compiling /home/home/dcp_ws/install/isaacsim_ros2/lib/python3.10/site-packages/isaacsim_ros2/dcp.py to dcp.cpython-310.pyc
byte-compiling /home/home/dcp_ws/install/isaacsim_ros2/lib/python3.10/site-packages/isaacsim_ros2/dcp_no_camera.py to dcp_no_camera.cpython-310.pyc
byte-compiling /home/home/dcp_ws/install/isaacsim_ros2/lib/python3.10/site-packages/isaacsim_ros2/__init__.py to __init__.cpython-310.pyc
byte-compiling /home/home/dcp_ws/install/isaacsim_ros2/lib/python3.10/site-packages/isaacsim_ros2/tasks/follow_target_with_rmpflow.py to follow_target_with_rmpflow.cpython-310.pyc
byte-compiling /home/home/dcp_ws/install/isaacsim_ros2/lib/python3.10/site-packages/isaacsim_ros2/tasks/follow_target.py to follow_target.cpython-310.pyc
byte-compiling /home/home/dcp_ws/install/isaacsim_ros2/lib/python3.10/site-packages/isaacsim_ros2/tasks/pick_place.py to pick_place.cpython-310.pyc
byte-compiling /home/home/dcp_ws/install/isaacsim_ros2/lib/python3.10/site-packages/isaacsim_ros2/tasks/__init__.py to __init__.cpython-310.pyc
byte-compiling /home/home/dcp_ws/install/isaacsim_ros2/lib/python3.10/site-packages/isaacsim_ros2/action_graph.py to action_graph.cpython-310.pyc
byte-compiling /home/home/dcp_ws/install/isaacsim_ros2/lib/python3.10/site-packages/isaacsim_ros2/assembler.py to assembler.cpython-310.pyc
byte-compiling /home/home/dcp_ws/install/isaacsim_ros2/lib/python3.10/site-packages/isaacsim_ros2/server/follow_target.py to follow_target.cpython-310.pyc
byte-compiling /home/home/dcp_ws/install/isaacsim_ros2/lib/python3.10/site-packages/isaacsim_ros2/server/follow_target copy.py to follow_target copy.cpython-310.pyc
byte-compiling /home/home/dcp_ws/install/isaacsim_ros2/lib/python3.10/site-packages/isaacsim_ros2/server/pick_place.py to pick_place.cpython-310.pyc
byte-compiling /home/home/dcp_ws/install/isaacsim_ros2/lib/python3.10/site-packages/isaacsim_ros2/server/__init__.py to __init__.cpython-310.pyc
byte-compiling /home/home/dcp_ws/install/isaacsim_ros2/lib/python3.10/site-packages/isaacsim_ros2/robot_env_no_camera.py to robot_env_no_camera.cpython-310.pyc
running install_data
creating /home/home/dcp_ws/install/isaacsim_ros2/share/ament_index
creating /home/home/dcp_ws/install/isaacsim_ros2/share/ament_index/resource_index
creating /home/home/dcp_ws/install/isaacsim_ros2/share/ament_index/resource_index/packages
copying resource/isaacsim_ros2 -> /home/home/dcp_ws/install/isaacsim_ros2/share/ament_index/resource_index/packages
copying package.xml -> /home/home/dcp_ws/install/isaacsim_ros2/share/isaacsim_ros2
running install_egg_info
Copying ../../../build/isaacsim_ros2/isaacsim_ros2.egg-info to /home/home/dcp_ws/install/isaacsim_ros2/lib/python3.10/site-packages/isaacsim_ros2-0.0.0-py3.10.egg-info
running install_scripts
Installing set_target_pose_client script to /home/home/dcp_ws/install/isaacsim_ros2/lib/isaacsim_ros2
writing list of installed files to '/home/home/dcp_ws/build/isaacsim_ros2/install.log'
