[33mCMake Warning at /usr/share/cmake-3.22/Modules/FindBoost.cmake:2201 (message):
  No header defined for python310; skipping header check (note: header-only
  libraries have no designated component)
Call Stack (most recent call first):
  /opt/ros/humble/lib/x86_64-linux-gnu/cmake/eigenpy/boost.cmake:148 (find_package)
  /opt/ros/humble/lib/x86_64-linux-gnu/cmake/eigenpy/eigenpyConfig.cmake:149 (SEARCH_FOR_BOOST_PYTHON)
  /usr/share/cmake-3.22/Modules/CMakeFindDependencyMacro.cmake:47 (find_package)
  /opt/ros/humble/lib/x86_64-linux-gnu/cmake/pinocchio/pinocchioConfig.cmake:161 (find_dependency)
  CMakeLists.txt:21 (find_package)

[0m
[33mCMake Warning at CMakeLists.txt:53 (add_library):
  Cannot generate a safe runtime search path for target controller because
  there is a cycle in the constraint graph:

    dir 0 is [/home/home/dcp_ws/src/fairino/fairino_action_manager/../libfairino/lib]
    dir 1 is [/opt/ros/humble/lib]
    dir 2 is [/home/home/fairino_ros2_ws/install/kimm_hqp_controller/lib]
    dir 3 is [/home/home/dcp_ws/install/pak_hqp_controller/lib]
    dir 4 is [/home/home/dcp_ws/install/fairino_interfaces/lib]
    dir 5 is [/opt/ros/humble/lib/x86_64-linux-gnu]
    dir 6 is [/home/home/dcp_ws/install/kimm_qpoases/lib]
      dir 8 must precede it due to runtime library [libkimm_qpoases.so]
    dir 7 is [/home/home/dcp_ws/install/kimm_trajectory_smoother/lib]
      dir 9 must precede it due to runtime library [libkimm_trajectory_smoother.so]
    dir 8 is [/home/home/fairino_ros2_ws/install/kimm_qpoases/lib]
      dir 6 must precede it due to runtime library [libkimm_qpoases.so]
    dir 9 is [/home/home/fairino_ros2_ws/install/kimm_trajectory_smoother/lib]
      dir 7 must precede it due to runtime library [libkimm_trajectory_smoother.so]

  Some of these libraries may not be found correctly.

[0m
[33mCMake Warning at CMakeLists.txt:64 (add_library):
  Cannot generate a safe runtime search path for target task because there is
  a cycle in the constraint graph:

    dir 0 is [/home/home/dcp_ws/src/fairino/fairino_action_manager/../libfairino/lib]
    dir 1 is [/opt/ros/humble/lib]
    dir 2 is [/home/home/fairino_ros2_ws/install/kimm_hqp_controller/lib]
    dir 3 is [/home/home/dcp_ws/install/pak_hqp_controller/lib]
    dir 4 is [/home/home/dcp_ws/install/fairino_interfaces/lib]
    dir 5 is [/opt/ros/humble/lib/x86_64-linux-gnu]
    dir 6 is [/home/home/dcp_ws/install/kimm_qpoases/lib]
      dir 8 must precede it due to runtime library [libkimm_qpoases.so]
    dir 7 is [/home/home/dcp_ws/install/kimm_trajectory_smoother/lib]
      dir 9 must precede it due to runtime library [libkimm_trajectory_smoother.so]
    dir 8 is [/home/home/fairino_ros2_ws/install/kimm_qpoases/lib]
      dir 6 must precede it due to runtime library [libkimm_qpoases.so]
    dir 9 is [/home/home/fairino_ros2_ws/install/kimm_trajectory_smoother/lib]
      dir 7 must precede it due to runtime library [libkimm_trajectory_smoother.so]

  Some of these libraries may not be found correctly.

[0m
[33mCMake Warning at CMakeLists.txt:123 (add_executable):
  Cannot generate a safe runtime search path for target
  fairino_action_manager_real because there is a cycle in the constraint
  graph:

    dir 0 is [/home/home/dcp_ws/src/fairino/fairino_action_manager/../libfairino/lib]
    dir 1 is [/home/home/dcp_ws/build/fairino_action_manager]
    dir 2 is [/opt/ros/humble/lib]
    dir 3 is [/home/home/fairino_ros2_ws/install/kimm_hqp_controller/lib]
    dir 4 is [/home/home/fairino_ros2_ws/install/kimm_qpoases/lib]
      dir 8 must precede it due to runtime library [libkimm_qpoases.so]
    dir 5 is [/home/home/fairino_ros2_ws/install/kimm_trajectory_smoother/lib]
      dir 9 must precede it due to runtime library [libkimm_trajectory_smoother.so]
    dir 6 is [/home/home/dcp_ws/install/pak_hqp_controller/lib]
    dir 7 is [/home/home/dcp_ws/install/fairino_interfaces/lib]
    dir 8 is [/home/home/dcp_ws/install/kimm_qpoases/lib]
      dir 4 must precede it due to runtime library [libkimm_qpoases.so]
    dir 9 is [/home/home/dcp_ws/install/kimm_trajectory_smoother/lib]
      dir 5 must precede it due to runtime library [libkimm_trajectory_smoother.so]
    dir 10 is [/opt/ros/humble/lib/x86_64-linux-gnu]

  Some of these libraries may not be found correctly.

[0m
[33mCMake Warning at CMakeLists.txt:128 (add_executable):
  Cannot generate a safe runtime search path for target
  fairino_action_manager_simulation_isaac because there is a cycle in the
  constraint graph:

    dir 0 is [/home/home/dcp_ws/src/fairino/fairino_action_manager/../libfairino/lib]
    dir 1 is [/home/home/dcp_ws/build/fairino_action_manager]
    dir 2 is [/opt/ros/humble/lib]
    dir 3 is [/home/home/fairino_ros2_ws/install/kimm_hqp_controller/lib]
    dir 4 is [/home/home/fairino_ros2_ws/install/kimm_qpoases/lib]
      dir 8 must precede it due to runtime library [libkimm_qpoases.so]
    dir 5 is [/home/home/fairino_ros2_ws/install/kimm_trajectory_smoother/lib]
      dir 9 must precede it due to runtime library [libkimm_trajectory_smoother.so]
    dir 6 is [/home/home/dcp_ws/install/pak_hqp_controller/lib]
    dir 7 is [/home/home/dcp_ws/install/fairino_interfaces/lib]
    dir 8 is [/home/home/dcp_ws/install/kimm_qpoases/lib]
      dir 4 must precede it due to runtime library [libkimm_qpoases.so]
    dir 9 is [/home/home/dcp_ws/install/kimm_trajectory_smoother/lib]
      dir 5 must precede it due to runtime library [libkimm_trajectory_smoother.so]
    dir 10 is [/opt/ros/humble/lib/x86_64-linux-gnu]

  Some of these libraries may not be found correctly.

[0m
[33mCMake Warning at CMakeLists.txt:135 (add_executable):
  Cannot generate a safe runtime search path for target task_manager because
  there is a cycle in the constraint graph:

    dir 0 is [/home/home/dcp_ws/src/fairino/fairino_action_manager/../libfairino/lib]
    dir 1 is [/home/home/dcp_ws/build/fairino_action_manager]
    dir 2 is [/opt/ros/humble/lib]
    dir 3 is [/home/home/fairino_ros2_ws/install/kimm_hqp_controller/lib]
    dir 4 is [/home/home/fairino_ros2_ws/install/kimm_qpoases/lib]
      dir 9 must precede it due to runtime library [libkimm_qpoases.so]
    dir 5 is [/home/home/fairino_ros2_ws/install/kimm_trajectory_smoother/lib]
      dir 10 must precede it due to runtime library [libkimm_trajectory_smoother.so]
    dir 6 is [/home/home/dcp_ws/install/pak_hqp_controller/lib]
    dir 7 is [/home/home/dcp_ws/install/fairino_interfaces/lib]
    dir 8 is [/opt/ros/humble/lib/x86_64-linux-gnu]
    dir 9 is [/home/home/dcp_ws/install/kimm_qpoases/lib]
      dir 4 must precede it due to runtime library [libkimm_qpoases.so]
    dir 10 is [/home/home/dcp_ws/install/kimm_trajectory_smoother/lib]
      dir 5 must precede it due to runtime library [libkimm_trajectory_smoother.so]

  Some of these libraries may not be found correctly.

[0m
[01m[K/home/home/dcp_ws/src/fairino/fairino_action_manager/src/servers/basic/tool_changer_action_sever.cpp:[m[K In member function ‘[01m[Kvirtual bool ToolChangerActionServer::compute(const rclcpp::Time&)[m[K’:
[01m[K/home/home/dcp_ws/src/fairino/fairino_action_manager/src/servers/basic/tool_changer_action_sever.cpp:97:59:[m[K [01;35m[Kwarning: [m[Kunused parameter ‘[01m[Kcurrent_time[m[K’ [[01;35m[K]8;;https://gcc.gnu.org/onlinedocs/gcc/Warning-Options.html#index-Wunused-parameter-Wunused-parameter]8;;[m[K]
   97 | bool ToolChangerActionServer::compute([01;35m[Kconst rclcpp::Time& current_time[m[K)
      |                                       [01;35m[K~~~~~~~~~~~~~~~~~~~~^~~~~~~~~~~~[m[K
/usr/bin/ld: warning: libpinocchio_parsers.so.3.5.0, needed by /home/home/fairino_ros2_ws/install/kimm_hqp_controller/lib/libkimm_hqp_controller.so, not found (try using -rpath or -rpath-link)
/usr/bin/ld: warning: libpinocchio_parsers.so.3.5.0, needed by /home/home/fairino_ros2_ws/install/kimm_hqp_controller/lib/libkimm_hqp_controller.so, not found (try using -rpath or -rpath-link)
