-- Found ament_cmake: 1.3.12 (/opt/ros/humble/share/ament_cmake/cmake)
-- Found Python3: /usr/bin/python3 (found version "3.10.17") found components: Interpreter 
-- Found rosidl_default_generators: 1.2.0 (/opt/ros/humble/share/rosidl_default_generators/cmake)
-- Using all available rosidl_typesupport_c: rosidl_typesupport_fastrtps_c;rosidl_typesupport_introspection_c
-- Found rosidl_adapter: 3.1.7 (/opt/ros/humble/share/rosidl_adapter/cmake)
-- Using all available rosidl_typesupport_cpp: rosidl_typesupport_fastrtps_cpp;rosidl_typesupport_introspection_cpp
-- Found rclcpp: 16.0.14 (/opt/ros/humble/share/rclcpp/cmake)
-- Found rmw_implementation_cmake: 6.1.2 (/opt/ros/humble/share/rmw_implementation_cmake/cmake)
-- Found rmw_fastrtps_cpp: 6.2.8 (/opt/ros/humble/share/rmw_fastrtps_cpp/cmake)
-- Using RMW implementation 'rmw_fastrtps_cpp' as default
-- Found rclcpp_action: 16.0.14 (/opt/ros/humble/share/rclcpp_action/cmake)
-- Found rclcpp_components: 16.0.14 (/opt/ros/humble/share/rclcpp_components/cmake)
-- Found sensor_msgs: 4.9.0 (/opt/ros/humble/share/sensor_msgs/cmake)
-- Found tf2: 0.25.15 (/opt/ros/humble/share/tf2/cmake)
-- Found tf2_geometry_msgs: 0.25.15 (/opt/ros/humble/share/tf2_geometry_msgs/cmake)
-- Found eigen3_cmake_module: 0.1.1 (/opt/ros/humble/share/eigen3_cmake_module/cmake)
-- Ensuring Eigen3 include directory is part of orocos-kdl CMake target
-- pinocchio_default FOUND. pinocchio_default at /opt/ros/humble/lib/x86_64-linux-gnu/libpinocchio_default.so
-- pinocchio_parsers FOUND. pinocchio_parsers at /opt/ros/humble/lib/x86_64-linux-gnu/libpinocchio_parsers.so
-- boost_filesystem FOUND. boost_filesystem at /lib/x86_64-linux-gnu/libboost_filesystem.so
-- boost_serialization FOUND. boost_serialization at /lib/x86_64-linux-gnu/libboost_serialization.so
-- boost_system FOUND. boost_system at /lib/x86_64-linux-gnu/libboost_system.so
-- Found Boost: /usr/include (found version "1.74.0") found components: filesystem serialization system 
-- eigenpy FOUND. eigenpy at /opt/ros/humble/lib/x86_64-linux-gnu/libeigenpy.so
-- Checking for NumPy
--   NUMPY_INCLUDE_DIRS=/usr/lib/python3/dist-packages/numpy/core/include
--   NUMPY_VERSION=1.21.5
-- Found Python3: /usr/bin/python3 (found version "3.10.17") found components: Interpreter Development.Module NumPy 
-- PythonLibraryDirs: 
-- PythonLibVersionString: 3.10.17
-- Python site lib: lib/python3.10/site-packages
-- Python include dirs: /usr/include/python3.10
-- Checking for NumPy
--   NUMPY_INCLUDE_DIRS=/usr/lib/python3/dist-packages/numpy/core/include
--   NUMPY_VERSION=1.21.5
-- NumPy include dir: /usr/lib/python3/dist-packages/numpy/core/include
[33mCMake Warning at /usr/share/cmake-3.22/Modules/FindBoost.cmake:2201 (message):
  No header defined for python310; skipping header check (note: header-only
  libraries have no designated component)
Call Stack (most recent call first):
  /opt/ros/humble/lib/x86_64-linux-gnu/cmake/eigenpy/boost.cmake:148 (find_package)
  /opt/ros/humble/lib/x86_64-linux-gnu/cmake/eigenpy/eigenpyConfig.cmake:149 (SEARCH_FOR_BOOST_PYTHON)
  /usr/share/cmake-3.22/Modules/CMakeFindDependencyMacro.cmake:47 (find_package)
  /opt/ros/humble/lib/x86_64-linux-gnu/cmake/pinocchio/pinocchioConfig.cmake:161 (find_dependency)
  CMakeLists.txt:21 (find_package)

[0m
-- Found Boost: /usr/include (found version "1.74.0") found components: python310 
-- Default C++ standard: 201703
-- C++ standard sufficient: Minimal required 11, currently defined: 17
-- CMAKE_CXX_STANDARD was not set: automatically set to currently defined standard 17
-- hpp-fcl FOUND. hpp-fcl at /opt/ros/humble/lib/x86_64-linux-gnu/libhpp-fcl.so
-- Found Boost: /usr/include (found version "1.74.0") found components: chrono serialization filesystem 
-- C++ standard sufficient: Minimal required 11, currently defined: 17
-- C++ standard sufficient: Minimal required 11, currently defined: 17
-- Found kimm_qpoases: 1.0.0 (/home/home/dcp_ws/install/kimm_qpoases/share/kimm_qpoases/cmake)
-- Found kimm_trajectory_smoother: 1.0.0 (/home/home/dcp_ws/install/kimm_trajectory_smoother/share/kimm_trajectory_smoother/cmake)
-- Found kimm_hqp_controller: 1.0.0 (/home/home/fairino_ros2_ws/install/kimm_hqp_controller/share/kimm_hqp_controller/cmake)
-- Found pak_hqp_controller: 0.0.1 (/home/home/dcp_ws/install/pak_hqp_controller/share/pak_hqp_controller/cmake)
-- Found fairino_interfaces: 0.0.0 (/home/home/dcp_ws/install/fairino_interfaces/share/fairino_interfaces/cmake)
-- Found tf2_eigen: 0.25.15 (/opt/ros/humble/share/tf2_eigen/cmake)
-- Found rclpy: 3.3.17 (/opt/ros/humble/share/rclpy/cmake)
-- Found ament_lint_auto: 0.12.14 (/opt/ros/humble/share/ament_lint_auto/cmake)
-- Configuring done
[33mCMake Warning at CMakeLists.txt:53 (add_library):
  Cannot generate a safe runtime search path for target controller because
  there is a cycle in the constraint graph:

    dir 0 is [/home/home/dcp_ws/src/fairino/fairino_action_manager/../libfairino/lib]
    dir 1 is [/opt/ros/humble/lib]
    dir 2 is [/home/home/fairino_ros2_ws/install/kimm_hqp_controller/lib]
    dir 3 is [/home/home/dcp_ws/install/pak_hqp_controller/lib]
    dir 4 is [/home/home/dcp_ws/install/fairino_interfaces/lib]
    dir 5 is [/opt/ros/humble/lib/x86_64-linux-gnu]
    dir 6 is [/home/home/dcp_ws/install/kimm_qpoases/lib]
      dir 8 must precede it due to runtime library [libkimm_qpoases.so]
    dir 7 is [/home/home/dcp_ws/install/kimm_trajectory_smoother/lib]
      dir 9 must precede it due to runtime library [libkimm_trajectory_smoother.so]
    dir 8 is [/home/home/fairino_ros2_ws/install/kimm_qpoases/lib]
      dir 6 must precede it due to runtime library [libkimm_qpoases.so]
    dir 9 is [/home/home/fairino_ros2_ws/install/kimm_trajectory_smoother/lib]
      dir 7 must precede it due to runtime library [libkimm_trajectory_smoother.so]

  Some of these libraries may not be found correctly.

[0m
[33mCMake Warning at CMakeLists.txt:64 (add_library):
  Cannot generate a safe runtime search path for target task because there is
  a cycle in the constraint graph:

    dir 0 is [/home/home/dcp_ws/src/fairino/fairino_action_manager/../libfairino/lib]
    dir 1 is [/opt/ros/humble/lib]
    dir 2 is [/home/home/fairino_ros2_ws/install/kimm_hqp_controller/lib]
    dir 3 is [/home/home/dcp_ws/install/pak_hqp_controller/lib]
    dir 4 is [/home/home/dcp_ws/install/fairino_interfaces/lib]
    dir 5 is [/opt/ros/humble/lib/x86_64-linux-gnu]
    dir 6 is [/home/home/dcp_ws/install/kimm_qpoases/lib]
      dir 8 must precede it due to runtime library [libkimm_qpoases.so]
    dir 7 is [/home/home/dcp_ws/install/kimm_trajectory_smoother/lib]
      dir 9 must precede it due to runtime library [libkimm_trajectory_smoother.so]
    dir 8 is [/home/home/fairino_ros2_ws/install/kimm_qpoases/lib]
      dir 6 must precede it due to runtime library [libkimm_qpoases.so]
    dir 9 is [/home/home/fairino_ros2_ws/install/kimm_trajectory_smoother/lib]
      dir 7 must precede it due to runtime library [libkimm_trajectory_smoother.so]

  Some of these libraries may not be found correctly.

[0m
[33mCMake Warning at CMakeLists.txt:123 (add_executable):
  Cannot generate a safe runtime search path for target
  fairino_action_manager_real because there is a cycle in the constraint
  graph:

    dir 0 is [/home/home/dcp_ws/src/fairino/fairino_action_manager/../libfairino/lib]
    dir 1 is [/home/home/dcp_ws/build/fairino_action_manager]
    dir 2 is [/opt/ros/humble/lib]
    dir 3 is [/home/home/fairino_ros2_ws/install/kimm_hqp_controller/lib]
    dir 4 is [/home/home/fairino_ros2_ws/install/kimm_qpoases/lib]
      dir 8 must precede it due to runtime library [libkimm_qpoases.so]
    dir 5 is [/home/home/fairino_ros2_ws/install/kimm_trajectory_smoother/lib]
      dir 9 must precede it due to runtime library [libkimm_trajectory_smoother.so]
    dir 6 is [/home/home/dcp_ws/install/pak_hqp_controller/lib]
    dir 7 is [/home/home/dcp_ws/install/fairino_interfaces/lib]
    dir 8 is [/home/home/dcp_ws/install/kimm_qpoases/lib]
      dir 4 must precede it due to runtime library [libkimm_qpoases.so]
    dir 9 is [/home/home/dcp_ws/install/kimm_trajectory_smoother/lib]
      dir 5 must precede it due to runtime library [libkimm_trajectory_smoother.so]
    dir 10 is [/opt/ros/humble/lib/x86_64-linux-gnu]

  Some of these libraries may not be found correctly.

[0m
[33mCMake Warning at CMakeLists.txt:128 (add_executable):
  Cannot generate a safe runtime search path for target
  fairino_action_manager_simulation_isaac because there is a cycle in the
  constraint graph:

    dir 0 is [/home/home/dcp_ws/src/fairino/fairino_action_manager/../libfairino/lib]
    dir 1 is [/home/home/dcp_ws/build/fairino_action_manager]
    dir 2 is [/opt/ros/humble/lib]
    dir 3 is [/home/home/fairino_ros2_ws/install/kimm_hqp_controller/lib]
    dir 4 is [/home/home/fairino_ros2_ws/install/kimm_qpoases/lib]
      dir 8 must precede it due to runtime library [libkimm_qpoases.so]
    dir 5 is [/home/home/fairino_ros2_ws/install/kimm_trajectory_smoother/lib]
      dir 9 must precede it due to runtime library [libkimm_trajectory_smoother.so]
    dir 6 is [/home/home/dcp_ws/install/pak_hqp_controller/lib]
    dir 7 is [/home/home/dcp_ws/install/fairino_interfaces/lib]
    dir 8 is [/home/home/dcp_ws/install/kimm_qpoases/lib]
      dir 4 must precede it due to runtime library [libkimm_qpoases.so]
    dir 9 is [/home/home/dcp_ws/install/kimm_trajectory_smoother/lib]
      dir 5 must precede it due to runtime library [libkimm_trajectory_smoother.so]
    dir 10 is [/opt/ros/humble/lib/x86_64-linux-gnu]

  Some of these libraries may not be found correctly.

[0m
[33mCMake Warning at CMakeLists.txt:135 (add_executable):
  Cannot generate a safe runtime search path for target task_manager because
  there is a cycle in the constraint graph:

    dir 0 is [/home/home/dcp_ws/src/fairino/fairino_action_manager/../libfairino/lib]
    dir 1 is [/home/home/dcp_ws/build/fairino_action_manager]
    dir 2 is [/opt/ros/humble/lib]
    dir 3 is [/home/home/fairino_ros2_ws/install/kimm_hqp_controller/lib]
    dir 4 is [/home/home/fairino_ros2_ws/install/kimm_qpoases/lib]
      dir 9 must precede it due to runtime library [libkimm_qpoases.so]
    dir 5 is [/home/home/fairino_ros2_ws/install/kimm_trajectory_smoother/lib]
      dir 10 must precede it due to runtime library [libkimm_trajectory_smoother.so]
    dir 6 is [/home/home/dcp_ws/install/pak_hqp_controller/lib]
    dir 7 is [/home/home/dcp_ws/install/fairino_interfaces/lib]
    dir 8 is [/opt/ros/humble/lib/x86_64-linux-gnu]
    dir 9 is [/home/home/dcp_ws/install/kimm_qpoases/lib]
      dir 4 must precede it due to runtime library [libkimm_qpoases.so]
    dir 10 is [/home/home/dcp_ws/install/kimm_trajectory_smoother/lib]
      dir 5 must precede it due to runtime library [libkimm_trajectory_smoother.so]

  Some of these libraries may not be found correctly.

[0m
-- Generating done
-- Build files have been written to: /home/home/dcp_ws/build/fairino_action_manager
[ 16%] [32mBuilding CXX object CMakeFiles/task.dir/src/servers/task/base_task.cpp.o[0m
[ 22%] [32mBuilding CXX object CMakeFiles/controller.dir/src/controller/controller.cpp.o[0m
[ 16%] [32mBuilding CXX object CMakeFiles/task.dir/src/servers/task/pick.cpp.o[0m
[ 27%] [32mBuilding CXX object CMakeFiles/controller.dir/src/servers/basic/joint_posture_action_server.cpp.o[0m
[ 33%] [32mBuilding CXX object CMakeFiles/controller.dir/src/servers/basic/se3_action_server.cpp.o[0m
[ 16%] [32mBuilding CXX object CMakeFiles/task.dir/src/servers/task/place.cpp.o[0m
[ 38%] [32mBuilding CXX object CMakeFiles/controller.dir/src/servers/basic/gripper_sim_action_server.cpp.o[0m
[ 44%] [32mBuilding CXX object CMakeFiles/controller.dir/src/servers/basic/gripper_real_action_server.cpp.o[0m
[ 50%] [32mBuilding CXX object CMakeFiles/controller.dir/src/servers/basic/tool_changer_action_sever.cpp.o[0m
[ 55%] [32mBuilding CXX object CMakeFiles/controller.dir/src/servers/basic/qr_action_server.cpp.o[0m
[ 61%] [32m[1mLinking CXX shared library libtask.so[0m
[ 61%] Built target task
[ 66%] [32mBuilding CXX object CMakeFiles/task_manager.dir/src/task/task_manager.cpp.o[0m
[01m[K/home/home/dcp_ws/src/fairino/fairino_action_manager/src/servers/basic/tool_changer_action_sever.cpp:[m[K In member function ‘[01m[Kvirtual bool ToolChangerActionServer::compute(const rclcpp::Time&)[m[K’:
[01m[K/home/home/dcp_ws/src/fairino/fairino_action_manager/src/servers/basic/tool_changer_action_sever.cpp:97:59:[m[K [01;35m[Kwarning: [m[Kunused parameter ‘[01m[Kcurrent_time[m[K’ [[01;35m[K]8;;https://gcc.gnu.org/onlinedocs/gcc/Warning-Options.html#index-Wunused-parameter-Wunused-parameter]8;;[m[K]
   97 | bool ToolChangerActionServer::compute([01;35m[Kconst rclcpp::Time& current_time[m[K)
      |                                       [01;35m[K~~~~~~~~~~~~~~~~~~~~^~~~~~~~~~~~[m[K
[ 72%] [32m[1mLinking CXX executable task_manager[0m
[ 72%] Built target task_manager
[ 77%] [32m[1mLinking CXX shared library libcontroller.so[0m
[ 77%] Built target controller
[ 83%] [32mBuilding CXX object CMakeFiles/fairino_action_manager_simulation_isaac.dir/src/simulation/simulation_isaac.cpp.o[0m
[ 88%] [32mBuilding CXX object CMakeFiles/fairino_action_manager_real.dir/src/real/real.cpp.o[0m
[ 94%] [32m[1mLinking CXX executable fairino_action_manager_real[0m
/usr/bin/ld: warning: libpinocchio_parsers.so.3.5.0, needed by /home/home/fairino_ros2_ws/install/kimm_hqp_controller/lib/libkimm_hqp_controller.so, not found (try using -rpath or -rpath-link)
[ 94%] Built target fairino_action_manager_real
[100%] [32m[1mLinking CXX executable fairino_action_manager_simulation_isaac[0m
/usr/bin/ld: warning: libpinocchio_parsers.so.3.5.0, needed by /home/home/fairino_ros2_ws/install/kimm_hqp_controller/lib/libkimm_hqp_controller.so, not found (try using -rpath or -rpath-link)
[100%] Built target fairino_action_manager_simulation_isaac
-- Install configuration: ""
-- Installing: /home/home/dcp_ws/install/fairino_action_manager/lib/libcontroller.so
-- Set runtime path of "/home/home/dcp_ws/install/fairino_action_manager/lib/libcontroller.so" to ""
-- Installing: /home/home/dcp_ws/install/fairino_action_manager/lib/libtask.so
-- Set runtime path of "/home/home/dcp_ws/install/fairino_action_manager/lib/libtask.so" to ""
-- Installing: /home/home/dcp_ws/install/fairino_action_manager/lib/fairino_action_manager/fairino_action_manager_real
-- Set runtime path of "/home/home/dcp_ws/install/fairino_action_manager/lib/fairino_action_manager/fairino_action_manager_real" to ""
-- Installing: /home/home/dcp_ws/install/fairino_action_manager/lib/fairino_action_manager/fairino_action_manager_simulation_isaac
-- Set runtime path of "/home/home/dcp_ws/install/fairino_action_manager/lib/fairino_action_manager/fairino_action_manager_simulation_isaac" to ""
-- Installing: /home/home/dcp_ws/install/fairino_action_manager/lib/fairino_action_manager/task_manager
-- Set runtime path of "/home/home/dcp_ws/install/fairino_action_manager/lib/fairino_action_manager/task_manager" to ""
-- Installing: /home/home/dcp_ws/install/fairino_action_manager/include
-- Installing: /home/home/dcp_ws/install/fairino_action_manager/include/fairino_action_manager
-- Installing: /home/home/dcp_ws/install/fairino_action_manager/include/fairino_action_manager/controller
-- Installing: /home/home/dcp_ws/install/fairino_action_manager/include/fairino_action_manager/controller/controller.hpp
-- Installing: /home/home/dcp_ws/install/fairino_action_manager/include/fairino_action_manager/servers
-- Installing: /home/home/dcp_ws/install/fairino_action_manager/include/fairino_action_manager/servers/basic
-- Installing: /home/home/dcp_ws/install/fairino_action_manager/include/fairino_action_manager/servers/basic/qr_action_server.hpp
-- Installing: /home/home/dcp_ws/install/fairino_action_manager/include/fairino_action_manager/servers/basic/tool_changer_action_server.hpp
-- Installing: /home/home/dcp_ws/install/fairino_action_manager/include/fairino_action_manager/servers/basic/se3_action_server.hpp
-- Installing: /home/home/dcp_ws/install/fairino_action_manager/include/fairino_action_manager/servers/basic/gripper_real_action_server.hpp
-- Installing: /home/home/dcp_ws/install/fairino_action_manager/include/fairino_action_manager/servers/basic/action_server_base.hpp
-- Installing: /home/home/dcp_ws/install/fairino_action_manager/include/fairino_action_manager/servers/basic/gripper_sim_action_server.hpp
-- Installing: /home/home/dcp_ws/install/fairino_action_manager/include/fairino_action_manager/servers/basic/joint_posture_action_server.hpp
-- Installing: /home/home/dcp_ws/install/fairino_action_manager/include/fairino_action_manager/servers/task
-- Installing: /home/home/dcp_ws/install/fairino_action_manager/include/fairino_action_manager/servers/task/base_task.hpp
-- Installing: /home/home/dcp_ws/install/fairino_action_manager/include/fairino_action_manager/servers/task/place.hpp
-- Installing: /home/home/dcp_ws/install/fairino_action_manager/include/fairino_action_manager/servers/task/pick.hpp
-- Installing: /home/home/dcp_ws/install/fairino_action_manager/include/fairino_action_manager/real
-- Installing: /home/home/dcp_ws/install/fairino_action_manager/include/fairino_action_manager/real/real.hpp
-- Installing: /home/home/dcp_ws/install/fairino_action_manager/include/fairino_action_manager/task
-- Installing: /home/home/dcp_ws/install/fairino_action_manager/include/fairino_action_manager/task/task_manager.hpp
-- Installing: /home/home/dcp_ws/install/fairino_action_manager/include/fairino_action_manager/simulation
-- Installing: /home/home/dcp_ws/install/fairino_action_manager/include/fairino_action_manager/simulation/simulation_isaac.hpp
-- Installing: /home/home/dcp_ws/install/fairino_action_manager/share/fairino_action_manager/launch
-- Installing: /home/home/dcp_ws/install/fairino_action_manager/share/fairino_action_manager/launch/simulation_isaac_launch.py
-- Installing: /home/home/dcp_ws/install/fairino_action_manager/share/fairino_action_manager/launch/real_launch.py
-- Installing: /home/home/dcp_ws/install/fairino_action_manager/share/ament_index/resource_index/package_run_dependencies/fairino_action_manager
-- Installing: /home/home/dcp_ws/install/fairino_action_manager/share/ament_index/resource_index/parent_prefix_path/fairino_action_manager
-- Installing: /home/home/dcp_ws/install/fairino_action_manager/share/fairino_action_manager/environment/ament_prefix_path.sh
-- Installing: /home/home/dcp_ws/install/fairino_action_manager/share/fairino_action_manager/environment/ament_prefix_path.dsv
-- Installing: /home/home/dcp_ws/install/fairino_action_manager/share/fairino_action_manager/environment/path.sh
-- Installing: /home/home/dcp_ws/install/fairino_action_manager/share/fairino_action_manager/environment/path.dsv
-- Installing: /home/home/dcp_ws/install/fairino_action_manager/share/fairino_action_manager/local_setup.bash
-- Installing: /home/home/dcp_ws/install/fairino_action_manager/share/fairino_action_manager/local_setup.sh
-- Installing: /home/home/dcp_ws/install/fairino_action_manager/share/fairino_action_manager/local_setup.zsh
-- Installing: /home/home/dcp_ws/install/fairino_action_manager/share/fairino_action_manager/local_setup.dsv
-- Installing: /home/home/dcp_ws/install/fairino_action_manager/share/fairino_action_manager/package.dsv
-- Installing: /home/home/dcp_ws/install/fairino_action_manager/share/ament_index/resource_index/packages/fairino_action_manager
-- Installing: /home/home/dcp_ws/install/fairino_action_manager/share/fairino_action_manager/cmake/fairino_action_managerConfig.cmake
-- Installing: /home/home/dcp_ws/install/fairino_action_manager/share/fairino_action_manager/cmake/fairino_action_managerConfig-version.cmake
-- Installing: /home/home/dcp_ws/install/fairino_action_manager/share/fairino_action_manager/package.xml
