[0.005s] Invoking command in '/home/home/dcp_ws/build/fairino_action_manager': CMAKE_PREFIX_PATH=/home/home/dcp_ws/install/fairino_interfaces:/home/home/dcp_ws/install/robotiq_description:/home/home/dcp_ws/install/pak_hqp_controller:/home/home/dcp_ws/install/kimm_hqp_controller:/home/home/dcp_ws/install/kimm_trajectory_smoother:/home/home/dcp_ws/install/isaacsim_ros2:/home/home/fairino_ros2_ws/install/isaacsim_ros2:/opt/ros/humble:/home/home/dcp_ws/install/kimm_qpoases:/home/home/dcp_ws/install/isaacsim:/home/home/dcp_ws/install/fairino_rviz:/home/home/dcp_ws/install/fairino_action_manager:/home/home/dcp_ws/install/fairino_description:/home/home/dcp_ws/install/dh_robotics_ag95_description:/home/home/fairino_ros2_ws/install/kimm_hqp_controller:/home/home/fairino_ros2_ws/install/kimm_trajectory_smoother:/home/home/fairino_ros2_ws/install/kimm_qpoases:/home/home/fairino_ros2_ws/install/isaacsim:/home/home/fairino_ros2_ws/install/fairino_rviz:/home/home/fairino_ros2_ws/install/fairino_action_manager:/home/home/fairino_ros2_ws/install/fairino_interfaces:/home/home/fairino_ros2_ws/install/fairino_description:/home/home/fairino_ros2_ws/install/dh_robotics_ag95_description LD_LIBRARY_PATH=/home/home/dcp_ws/install/fairino_interfaces/lib:/home/home/dcp_ws/install/pak_hqp_controller/lib:/home/home/dcp_ws/install/kimm_hqp_controller/lib:/home/home/dcp_ws/install/kimm_trajectory_smoother/lib:/home/home/dcp_ws/install/kimm_qpoases/lib:/home/home/dcp_ws/install/fairino_action_manager/lib:/home/home/fairino_ros2_ws/install/kimm_hqp_controller/lib:/home/home/fairino_ros2_ws/install/kimm_trajectory_smoother/lib:/home/home/fairino_ros2_ws/install/kimm_qpoases/lib:/home/home/fairino_ros2_ws/install/fairino_action_manager/lib:/home/home/fairino_ros2_ws/install/fairino_interfaces/lib:/opt/ros/humble/opt/rviz_ogre_vendor/lib:/opt/ros/humble/lib/x86_64-linux-gnu:/opt/ros/humble/lib:/usr/local/cuda-12.9/lib64:/home/home/fairino_ros2_ws/src/libfairino/lib /usr/bin/cmake /home/home/dcp_ws/src/fairino/fairino_action_manager -DCMAKE_INSTALL_PREFIX=/home/home/dcp_ws/install/fairino_action_manager
[0.013s] -- Found ament_cmake: 1.3.12 (/opt/ros/humble/share/ament_cmake/cmake)
[0.040s] -- Found Python3: /usr/bin/python3 (found version "3.10.17") found components: Interpreter 
[0.077s] -- Found rosidl_default_generators: 1.2.0 (/opt/ros/humble/share/rosidl_default_generators/cmake)
[0.079s] -- Using all available rosidl_typesupport_c: rosidl_typesupport_fastrtps_c;rosidl_typesupport_introspection_c
[0.080s] -- Found rosidl_adapter: 3.1.7 (/opt/ros/humble/share/rosidl_adapter/cmake)
[0.098s] -- Using all available rosidl_typesupport_cpp: rosidl_typesupport_fastrtps_cpp;rosidl_typesupport_introspection_cpp
[0.111s] -- Found rclcpp: 16.0.14 (/opt/ros/humble/share/rclcpp/cmake)
[0.127s] -- Found rmw_implementation_cmake: 6.1.2 (/opt/ros/humble/share/rmw_implementation_cmake/cmake)
[0.128s] -- Found rmw_fastrtps_cpp: 6.2.8 (/opt/ros/humble/share/rmw_fastrtps_cpp/cmake)
[0.185s] -- Using RMW implementation 'rmw_fastrtps_cpp' as default
[0.209s] -- Found rclcpp_action: 16.0.14 (/opt/ros/humble/share/rclcpp_action/cmake)
[0.223s] -- Found rclcpp_components: 16.0.14 (/opt/ros/humble/share/rclcpp_components/cmake)
[0.231s] -- Found sensor_msgs: 4.9.0 (/opt/ros/humble/share/sensor_msgs/cmake)
[0.244s] -- Found tf2: 0.25.15 (/opt/ros/humble/share/tf2/cmake)
[0.246s] -- Found tf2_geometry_msgs: 0.25.15 (/opt/ros/humble/share/tf2_geometry_msgs/cmake)
[0.247s] -- Found eigen3_cmake_module: 0.1.1 (/opt/ros/humble/share/eigen3_cmake_module/cmake)
[0.248s] -- Ensuring Eigen3 include directory is part of orocos-kdl CMake target
[0.263s] -- pinocchio_default FOUND. pinocchio_default at /opt/ros/humble/lib/x86_64-linux-gnu/libpinocchio_default.so
[0.263s] -- pinocchio_parsers FOUND. pinocchio_parsers at /opt/ros/humble/lib/x86_64-linux-gnu/libpinocchio_parsers.so
[0.263s] -- boost_filesystem FOUND. boost_filesystem at /lib/x86_64-linux-gnu/libboost_filesystem.so
[0.264s] -- boost_serialization FOUND. boost_serialization at /lib/x86_64-linux-gnu/libboost_serialization.so
[0.264s] -- boost_system FOUND. boost_system at /lib/x86_64-linux-gnu/libboost_system.so
[0.268s] -- Found Boost: /usr/include (found version "1.74.0") found components: filesystem serialization system 
[0.269s] -- eigenpy FOUND. eigenpy at /opt/ros/humble/lib/x86_64-linux-gnu/libeigenpy.so
[0.283s] -- Checking for NumPy
[0.390s] --   NUMPY_INCLUDE_DIRS=/usr/lib/python3/dist-packages/numpy/core/include
[0.446s] --   NUMPY_VERSION=1.21.5
[0.580s] -- Found Python3: /usr/bin/python3 (found version "3.10.17") found components: Interpreter Development.Module NumPy 
[0.580s] -- PythonLibraryDirs: 
[0.580s] -- PythonLibVersionString: 3.10.17
[0.591s] -- Python site lib: lib/python3.10/site-packages
[0.591s] -- Python include dirs: /usr/include/python3.10
[0.612s] -- Checking for NumPy
[0.662s] --   NUMPY_INCLUDE_DIRS=/usr/lib/python3/dist-packages/numpy/core/include
[0.716s] --   NUMPY_VERSION=1.21.5
[0.716s] -- NumPy include dir: /usr/lib/python3/dist-packages/numpy/core/include
[0.718s] [33mCMake Warning at /usr/share/cmake-3.22/Modules/FindBoost.cmake:2201 (message):
[0.718s]   No header defined for python310; skipping header check (note: header-only
[0.718s]   libraries have no designated component)
[0.718s] Call Stack (most recent call first):
[0.718s]   /opt/ros/humble/lib/x86_64-linux-gnu/cmake/eigenpy/boost.cmake:148 (find_package)
[0.718s]   /opt/ros/humble/lib/x86_64-linux-gnu/cmake/eigenpy/eigenpyConfig.cmake:149 (SEARCH_FOR_BOOST_PYTHON)
[0.718s]   /usr/share/cmake-3.22/Modules/CMakeFindDependencyMacro.cmake:47 (find_package)
[0.718s]   /opt/ros/humble/lib/x86_64-linux-gnu/cmake/pinocchio/pinocchioConfig.cmake:161 (find_dependency)
[0.718s]   CMakeLists.txt:21 (find_package)
[0.718s] 
[0.718s] [0m
[0.718s] -- Found Boost: /usr/include (found version "1.74.0") found components: python310 
[0.874s] -- Default C++ standard: 201703
[0.874s] -- C++ standard sufficient: Minimal required 11, currently defined: 17
[0.874s] -- CMAKE_CXX_STANDARD was not set: automatically set to currently defined standard 17
[0.875s] -- hpp-fcl FOUND. hpp-fcl at /opt/ros/humble/lib/x86_64-linux-gnu/libhpp-fcl.so
[0.879s] -- Found Boost: /usr/include (found version "1.74.0") found components: chrono serialization filesystem 
[0.880s] -- C++ standard sufficient: Minimal required 11, currently defined: 17
[0.880s] -- C++ standard sufficient: Minimal required 11, currently defined: 17
[0.880s] -- Found kimm_qpoases: 1.0.0 (/home/home/dcp_ws/install/kimm_qpoases/share/kimm_qpoases/cmake)
[0.881s] -- Found kimm_trajectory_smoother: 1.0.0 (/home/home/dcp_ws/install/kimm_trajectory_smoother/share/kimm_trajectory_smoother/cmake)
[0.881s] -- Found kimm_hqp_controller: 1.0.0 (/home/home/fairino_ros2_ws/install/kimm_hqp_controller/share/kimm_hqp_controller/cmake)
[0.884s] -- Found pak_hqp_controller: 0.0.1 (/home/home/dcp_ws/install/pak_hqp_controller/share/pak_hqp_controller/cmake)
[0.885s] -- Found fairino_interfaces: 0.0.0 (/home/home/dcp_ws/install/fairino_interfaces/share/fairino_interfaces/cmake)
[0.897s] -- Found tf2_eigen: 0.25.15 (/opt/ros/humble/share/tf2_eigen/cmake)
[0.900s] -- Found rclpy: 3.3.17 (/opt/ros/humble/share/rclpy/cmake)
[0.911s] -- Found ament_lint_auto: 0.12.14 (/opt/ros/humble/share/ament_lint_auto/cmake)
[0.945s] -- Configuring done
[0.961s] [33mCMake Warning at CMakeLists.txt:53 (add_library):
[0.961s]   Cannot generate a safe runtime search path for target controller because
[0.961s]   there is a cycle in the constraint graph:
[0.961s] 
[0.961s]     dir 0 is [/home/home/dcp_ws/src/fairino/fairino_action_manager/../libfairino/lib]
[0.961s]     dir 1 is [/opt/ros/humble/lib]
[0.961s]     dir 2 is [/home/home/fairino_ros2_ws/install/kimm_hqp_controller/lib]
[0.961s]     dir 3 is [/home/home/dcp_ws/install/pak_hqp_controller/lib]
[0.961s]     dir 4 is [/home/home/dcp_ws/install/fairino_interfaces/lib]
[0.961s]     dir 5 is [/opt/ros/humble/lib/x86_64-linux-gnu]
[0.961s]     dir 6 is [/home/home/dcp_ws/install/kimm_qpoases/lib]
[0.961s]       dir 8 must precede it due to runtime library [libkimm_qpoases.so]
[0.961s]     dir 7 is [/home/home/dcp_ws/install/kimm_trajectory_smoother/lib]
[0.961s]       dir 9 must precede it due to runtime library [libkimm_trajectory_smoother.so]
[0.961s]     dir 8 is [/home/home/fairino_ros2_ws/install/kimm_qpoases/lib]
[0.961s]       dir 6 must precede it due to runtime library [libkimm_qpoases.so]
[0.961s]     dir 9 is [/home/home/fairino_ros2_ws/install/kimm_trajectory_smoother/lib]
[0.961s]       dir 7 must precede it due to runtime library [libkimm_trajectory_smoother.so]
[0.961s] 
[0.961s]   Some of these libraries may not be found correctly.
[0.961s] 
[0.961s] [0m
[0.964s] [33mCMake Warning at CMakeLists.txt:64 (add_library):
[0.964s]   Cannot generate a safe runtime search path for target task because there is
[0.964s]   a cycle in the constraint graph:
[0.964s] 
[0.964s]     dir 0 is [/home/home/dcp_ws/src/fairino/fairino_action_manager/../libfairino/lib]
[0.964s]     dir 1 is [/opt/ros/humble/lib]
[0.964s]     dir 2 is [/home/home/fairino_ros2_ws/install/kimm_hqp_controller/lib]
[0.964s]     dir 3 is [/home/home/dcp_ws/install/pak_hqp_controller/lib]
[0.964s]     dir 4 is [/home/home/dcp_ws/install/fairino_interfaces/lib]
[0.964s]     dir 5 is [/opt/ros/humble/lib/x86_64-linux-gnu]
[0.964s]     dir 6 is [/home/home/dcp_ws/install/kimm_qpoases/lib]
[0.964s]       dir 8 must precede it due to runtime library [libkimm_qpoases.so]
[0.964s]     dir 7 is [/home/home/dcp_ws/install/kimm_trajectory_smoother/lib]
[0.964s]       dir 9 must precede it due to runtime library [libkimm_trajectory_smoother.so]
[0.964s]     dir 8 is [/home/home/fairino_ros2_ws/install/kimm_qpoases/lib]
[0.964s]       dir 6 must precede it due to runtime library [libkimm_qpoases.so]
[0.964s]     dir 9 is [/home/home/fairino_ros2_ws/install/kimm_trajectory_smoother/lib]
[0.964s]       dir 7 must precede it due to runtime library [libkimm_trajectory_smoother.so]
[0.964s] 
[0.964s]   Some of these libraries may not be found correctly.
[0.965s] 
[0.965s] [0m
[0.967s] [33mCMake Warning at CMakeLists.txt:123 (add_executable):
[0.967s]   Cannot generate a safe runtime search path for target
[0.967s]   fairino_action_manager_real because there is a cycle in the constraint
[0.967s]   graph:
[0.967s] 
[0.967s]     dir 0 is [/home/home/dcp_ws/src/fairino/fairino_action_manager/../libfairino/lib]
[0.967s]     dir 1 is [/home/home/dcp_ws/build/fairino_action_manager]
[0.967s]     dir 2 is [/opt/ros/humble/lib]
[0.967s]     dir 3 is [/home/home/fairino_ros2_ws/install/kimm_hqp_controller/lib]
[0.967s]     dir 4 is [/home/home/fairino_ros2_ws/install/kimm_qpoases/lib]
[0.967s]       dir 8 must precede it due to runtime library [libkimm_qpoases.so]
[0.967s]     dir 5 is [/home/home/fairino_ros2_ws/install/kimm_trajectory_smoother/lib]
[0.967s]       dir 9 must precede it due to runtime library [libkimm_trajectory_smoother.so]
[0.968s]     dir 6 is [/home/home/dcp_ws/install/pak_hqp_controller/lib]
[0.968s]     dir 7 is [/home/home/dcp_ws/install/fairino_interfaces/lib]
[0.968s]     dir 8 is [/home/home/dcp_ws/install/kimm_qpoases/lib]
[0.968s]       dir 4 must precede it due to runtime library [libkimm_qpoases.so]
[0.968s]     dir 9 is [/home/home/dcp_ws/install/kimm_trajectory_smoother/lib]
[0.968s]       dir 5 must precede it due to runtime library [libkimm_trajectory_smoother.so]
[0.968s]     dir 10 is [/opt/ros/humble/lib/x86_64-linux-gnu]
[0.968s] 
[0.968s]   Some of these libraries may not be found correctly.
[0.968s] 
[0.968s] [0m
[0.970s] [33mCMake Warning at CMakeLists.txt:128 (add_executable):
[0.970s]   Cannot generate a safe runtime search path for target
[0.970s]   fairino_action_manager_simulation_isaac because there is a cycle in the
[0.971s]   constraint graph:
[0.971s] 
[0.971s]     dir 0 is [/home/home/dcp_ws/src/fairino/fairino_action_manager/../libfairino/lib]
[0.971s]     dir 1 is [/home/home/dcp_ws/build/fairino_action_manager]
[0.971s]     dir 2 is [/opt/ros/humble/lib]
[0.971s]     dir 3 is [/home/home/fairino_ros2_ws/install/kimm_hqp_controller/lib]
[0.971s]     dir 4 is [/home/home/fairino_ros2_ws/install/kimm_qpoases/lib]
[0.971s]       dir 8 must precede it due to runtime library [libkimm_qpoases.so]
[0.971s]     dir 5 is [/home/home/fairino_ros2_ws/install/kimm_trajectory_smoother/lib]
[0.971s]       dir 9 must precede it due to runtime library [libkimm_trajectory_smoother.so]
[0.971s]     dir 6 is [/home/home/dcp_ws/install/pak_hqp_controller/lib]
[0.971s]     dir 7 is [/home/home/dcp_ws/install/fairino_interfaces/lib]
[0.971s]     dir 8 is [/home/home/dcp_ws/install/kimm_qpoases/lib]
[0.971s]       dir 4 must precede it due to runtime library [libkimm_qpoases.so]
[0.971s]     dir 9 is [/home/home/dcp_ws/install/kimm_trajectory_smoother/lib]
[0.971s]       dir 5 must precede it due to runtime library [libkimm_trajectory_smoother.so]
[0.971s]     dir 10 is [/opt/ros/humble/lib/x86_64-linux-gnu]
[0.971s] 
[0.971s]   Some of these libraries may not be found correctly.
[0.971s] 
[0.971s] [0m
[0.974s] [33mCMake Warning at CMakeLists.txt:135 (add_executable):
[0.974s]   Cannot generate a safe runtime search path for target task_manager because
[0.974s]   there is a cycle in the constraint graph:
[0.974s] 
[0.974s]     dir 0 is [/home/home/dcp_ws/src/fairino/fairino_action_manager/../libfairino/lib]
[0.974s]     dir 1 is [/home/home/dcp_ws/build/fairino_action_manager]
[0.974s]     dir 2 is [/opt/ros/humble/lib]
[0.974s]     dir 3 is [/home/home/fairino_ros2_ws/install/kimm_hqp_controller/lib]
[0.974s]     dir 4 is [/home/home/fairino_ros2_ws/install/kimm_qpoases/lib]
[0.974s]       dir 9 must precede it due to runtime library [libkimm_qpoases.so]
[0.974s]     dir 5 is [/home/home/fairino_ros2_ws/install/kimm_trajectory_smoother/lib]
[0.974s]       dir 10 must precede it due to runtime library [libkimm_trajectory_smoother.so]
[0.974s]     dir 6 is [/home/home/dcp_ws/install/pak_hqp_controller/lib]
[0.974s]     dir 7 is [/home/home/dcp_ws/install/fairino_interfaces/lib]
[0.974s]     dir 8 is [/opt/ros/humble/lib/x86_64-linux-gnu]
[0.974s]     dir 9 is [/home/home/dcp_ws/install/kimm_qpoases/lib]
[0.974s]       dir 4 must precede it due to runtime library [libkimm_qpoases.so]
[0.974s]     dir 10 is [/home/home/dcp_ws/install/kimm_trajectory_smoother/lib]
[0.974s]       dir 5 must precede it due to runtime library [libkimm_trajectory_smoother.so]
[0.974s] 
[0.974s]   Some of these libraries may not be found correctly.
[0.974s] 
[0.974s] [0m
[0.976s] -- Generating done
[0.981s] -- Build files have been written to: /home/home/dcp_ws/build/fairino_action_manager
[0.988s] Invoked command in '/home/home/dcp_ws/build/fairino_action_manager' returned '0': CMAKE_PREFIX_PATH=/home/home/dcp_ws/install/fairino_interfaces:/home/home/dcp_ws/install/robotiq_description:/home/home/dcp_ws/install/pak_hqp_controller:/home/home/dcp_ws/install/kimm_hqp_controller:/home/home/dcp_ws/install/kimm_trajectory_smoother:/home/home/dcp_ws/install/isaacsim_ros2:/home/home/fairino_ros2_ws/install/isaacsim_ros2:/opt/ros/humble:/home/home/dcp_ws/install/kimm_qpoases:/home/home/dcp_ws/install/isaacsim:/home/home/dcp_ws/install/fairino_rviz:/home/home/dcp_ws/install/fairino_action_manager:/home/home/dcp_ws/install/fairino_description:/home/home/dcp_ws/install/dh_robotics_ag95_description:/home/home/fairino_ros2_ws/install/kimm_hqp_controller:/home/home/fairino_ros2_ws/install/kimm_trajectory_smoother:/home/home/fairino_ros2_ws/install/kimm_qpoases:/home/home/fairino_ros2_ws/install/isaacsim:/home/home/fairino_ros2_ws/install/fairino_rviz:/home/home/fairino_ros2_ws/install/fairino_action_manager:/home/home/fairino_ros2_ws/install/fairino_interfaces:/home/home/fairino_ros2_ws/install/fairino_description:/home/home/fairino_ros2_ws/install/dh_robotics_ag95_description LD_LIBRARY_PATH=/home/home/dcp_ws/install/fairino_interfaces/lib:/home/home/dcp_ws/install/pak_hqp_controller/lib:/home/home/dcp_ws/install/kimm_hqp_controller/lib:/home/home/dcp_ws/install/kimm_trajectory_smoother/lib:/home/home/dcp_ws/install/kimm_qpoases/lib:/home/home/dcp_ws/install/fairino_action_manager/lib:/home/home/fairino_ros2_ws/install/kimm_hqp_controller/lib:/home/home/fairino_ros2_ws/install/kimm_trajectory_smoother/lib:/home/home/fairino_ros2_ws/install/kimm_qpoases/lib:/home/home/fairino_ros2_ws/install/fairino_action_manager/lib:/home/home/fairino_ros2_ws/install/fairino_interfaces/lib:/opt/ros/humble/opt/rviz_ogre_vendor/lib:/opt/ros/humble/lib/x86_64-linux-gnu:/opt/ros/humble/lib:/usr/local/cuda-12.9/lib64:/home/home/fairino_ros2_ws/src/libfairino/lib /usr/bin/cmake /home/home/dcp_ws/src/fairino/fairino_action_manager -DCMAKE_INSTALL_PREFIX=/home/home/dcp_ws/install/fairino_action_manager
[0.989s] Invoking command in '/home/home/dcp_ws/build/fairino_action_manager': CMAKE_PREFIX_PATH=/home/home/dcp_ws/install/fairino_interfaces:/home/home/dcp_ws/install/robotiq_description:/home/home/dcp_ws/install/pak_hqp_controller:/home/home/dcp_ws/install/kimm_hqp_controller:/home/home/dcp_ws/install/kimm_trajectory_smoother:/home/home/dcp_ws/install/isaacsim_ros2:/home/home/fairino_ros2_ws/install/isaacsim_ros2:/opt/ros/humble:/home/home/dcp_ws/install/kimm_qpoases:/home/home/dcp_ws/install/isaacsim:/home/home/dcp_ws/install/fairino_rviz:/home/home/dcp_ws/install/fairino_action_manager:/home/home/dcp_ws/install/fairino_description:/home/home/dcp_ws/install/dh_robotics_ag95_description:/home/home/fairino_ros2_ws/install/kimm_hqp_controller:/home/home/fairino_ros2_ws/install/kimm_trajectory_smoother:/home/home/fairino_ros2_ws/install/kimm_qpoases:/home/home/fairino_ros2_ws/install/isaacsim:/home/home/fairino_ros2_ws/install/fairino_rviz:/home/home/fairino_ros2_ws/install/fairino_action_manager:/home/home/fairino_ros2_ws/install/fairino_interfaces:/home/home/fairino_ros2_ws/install/fairino_description:/home/home/fairino_ros2_ws/install/dh_robotics_ag95_description LD_LIBRARY_PATH=/home/home/dcp_ws/install/fairino_interfaces/lib:/home/home/dcp_ws/install/pak_hqp_controller/lib:/home/home/dcp_ws/install/kimm_hqp_controller/lib:/home/home/dcp_ws/install/kimm_trajectory_smoother/lib:/home/home/dcp_ws/install/kimm_qpoases/lib:/home/home/dcp_ws/install/fairino_action_manager/lib:/home/home/fairino_ros2_ws/install/kimm_hqp_controller/lib:/home/home/fairino_ros2_ws/install/kimm_trajectory_smoother/lib:/home/home/fairino_ros2_ws/install/kimm_qpoases/lib:/home/home/fairino_ros2_ws/install/fairino_action_manager/lib:/home/home/fairino_ros2_ws/install/fairino_interfaces/lib:/opt/ros/humble/opt/rviz_ogre_vendor/lib:/opt/ros/humble/lib/x86_64-linux-gnu:/opt/ros/humble/lib:/usr/local/cuda-12.9/lib64:/home/home/fairino_ros2_ws/src/libfairino/lib /usr/bin/cmake --build /home/home/dcp_ws/build/fairino_action_manager -- -j10 -l10
[1.023s] [ 16%] [32mBuilding CXX object CMakeFiles/task.dir/src/servers/task/base_task.cpp.o[0m
[1.023s] [ 22%] [32mBuilding CXX object CMakeFiles/controller.dir/src/controller/controller.cpp.o[0m
[1.023s] [ 16%] [32mBuilding CXX object CMakeFiles/task.dir/src/servers/task/pick.cpp.o[0m
[1.023s] [ 27%] [32mBuilding CXX object CMakeFiles/controller.dir/src/servers/basic/joint_posture_action_server.cpp.o[0m
[1.023s] [ 33%] [32mBuilding CXX object CMakeFiles/controller.dir/src/servers/basic/se3_action_server.cpp.o[0m
[1.024s] [ 16%] [32mBuilding CXX object CMakeFiles/task.dir/src/servers/task/place.cpp.o[0m
[1.024s] [ 38%] [32mBuilding CXX object CMakeFiles/controller.dir/src/servers/basic/gripper_sim_action_server.cpp.o[0m
[1.024s] [ 44%] [32mBuilding CXX object CMakeFiles/controller.dir/src/servers/basic/gripper_real_action_server.cpp.o[0m
[1.025s] [ 50%] [32mBuilding CXX object CMakeFiles/controller.dir/src/servers/basic/tool_changer_action_sever.cpp.o[0m
[1.028s] [ 55%] [32mBuilding CXX object CMakeFiles/controller.dir/src/servers/basic/qr_action_server.cpp.o[0m
[3.985s] [ 61%] [32m[1mLinking CXX shared library libtask.so[0m
[4.191s] [ 61%] Built target task
[4.210s] [ 66%] [32mBuilding CXX object CMakeFiles/task_manager.dir/src/task/task_manager.cpp.o[0m
[6.316s] [01m[K/home/home/dcp_ws/src/fairino/fairino_action_manager/src/servers/basic/tool_changer_action_sever.cpp:[m[K In member function ‘[01m[Kvirtual bool ToolChangerActionServer::compute(const rclcpp::Time&)[m[K’:
[6.316s] [01m[K/home/home/dcp_ws/src/fairino/fairino_action_manager/src/servers/basic/tool_changer_action_sever.cpp:97:59:[m[K [01;35m[Kwarning: [m[Kunused parameter ‘[01m[Kcurrent_time[m[K’ [[01;35m[K]8;;https://gcc.gnu.org/onlinedocs/gcc/Warning-Options.html#index-Wunused-parameter-Wunused-parameter]8;;[m[K]
[6.316s]    97 | bool ToolChangerActionServer::compute([01;35m[Kconst rclcpp::Time& current_time[m[K)
[6.316s]       |                                       [01;35m[K~~~~~~~~~~~~~~~~~~~~^~~~~~~~~~~~[m[K
[7.671s] [ 72%] [32m[1mLinking CXX executable task_manager[0m
[7.853s] [ 72%] Built target task_manager
[17.010s] [ 77%] [32m[1mLinking CXX shared library libcontroller.so[0m
[18.299s] [ 77%] Built target controller
[18.312s] [ 83%] [32mBuilding CXX object CMakeFiles/fairino_action_manager_simulation_isaac.dir/src/simulation/simulation_isaac.cpp.o[0m
[18.312s] [ 88%] [32mBuilding CXX object CMakeFiles/fairino_action_manager_real.dir/src/real/real.cpp.o[0m
[26.576s] [ 94%] [32m[1mLinking CXX executable fairino_action_manager_real[0m
[27.076s] /usr/bin/ld: warning: libpinocchio_parsers.so.3.5.0, needed by /home/home/fairino_ros2_ws/install/kimm_hqp_controller/lib/libkimm_hqp_controller.so, not found (try using -rpath or -rpath-link)
[27.220s] [ 94%] Built target fairino_action_manager_real
[31.365s] [100%] [32m[1mLinking CXX executable fairino_action_manager_simulation_isaac[0m
[31.979s] /usr/bin/ld: warning: libpinocchio_parsers.so.3.5.0, needed by /home/home/fairino_ros2_ws/install/kimm_hqp_controller/lib/libkimm_hqp_controller.so, not found (try using -rpath or -rpath-link)
[32.263s] [100%] Built target fairino_action_manager_simulation_isaac
[32.271s] Invoked command in '/home/home/dcp_ws/build/fairino_action_manager' returned '0': CMAKE_PREFIX_PATH=/home/home/dcp_ws/install/fairino_interfaces:/home/home/dcp_ws/install/robotiq_description:/home/home/dcp_ws/install/pak_hqp_controller:/home/home/dcp_ws/install/kimm_hqp_controller:/home/home/dcp_ws/install/kimm_trajectory_smoother:/home/home/dcp_ws/install/isaacsim_ros2:/home/home/fairino_ros2_ws/install/isaacsim_ros2:/opt/ros/humble:/home/home/dcp_ws/install/kimm_qpoases:/home/home/dcp_ws/install/isaacsim:/home/home/dcp_ws/install/fairino_rviz:/home/home/dcp_ws/install/fairino_action_manager:/home/home/dcp_ws/install/fairino_description:/home/home/dcp_ws/install/dh_robotics_ag95_description:/home/home/fairino_ros2_ws/install/kimm_hqp_controller:/home/home/fairino_ros2_ws/install/kimm_trajectory_smoother:/home/home/fairino_ros2_ws/install/kimm_qpoases:/home/home/fairino_ros2_ws/install/isaacsim:/home/home/fairino_ros2_ws/install/fairino_rviz:/home/home/fairino_ros2_ws/install/fairino_action_manager:/home/home/fairino_ros2_ws/install/fairino_interfaces:/home/home/fairino_ros2_ws/install/fairino_description:/home/home/fairino_ros2_ws/install/dh_robotics_ag95_description LD_LIBRARY_PATH=/home/home/dcp_ws/install/fairino_interfaces/lib:/home/home/dcp_ws/install/pak_hqp_controller/lib:/home/home/dcp_ws/install/kimm_hqp_controller/lib:/home/home/dcp_ws/install/kimm_trajectory_smoother/lib:/home/home/dcp_ws/install/kimm_qpoases/lib:/home/home/dcp_ws/install/fairino_action_manager/lib:/home/home/fairino_ros2_ws/install/kimm_hqp_controller/lib:/home/home/fairino_ros2_ws/install/kimm_trajectory_smoother/lib:/home/home/fairino_ros2_ws/install/kimm_qpoases/lib:/home/home/fairino_ros2_ws/install/fairino_action_manager/lib:/home/home/fairino_ros2_ws/install/fairino_interfaces/lib:/opt/ros/humble/opt/rviz_ogre_vendor/lib:/opt/ros/humble/lib/x86_64-linux-gnu:/opt/ros/humble/lib:/usr/local/cuda-12.9/lib64:/home/home/fairino_ros2_ws/src/libfairino/lib /usr/bin/cmake --build /home/home/dcp_ws/build/fairino_action_manager -- -j10 -l10
[32.272s] Invoking command in '/home/home/dcp_ws/build/fairino_action_manager': CMAKE_PREFIX_PATH=/home/home/dcp_ws/install/fairino_interfaces:/home/home/dcp_ws/install/robotiq_description:/home/home/dcp_ws/install/pak_hqp_controller:/home/home/dcp_ws/install/kimm_hqp_controller:/home/home/dcp_ws/install/kimm_trajectory_smoother:/home/home/dcp_ws/install/isaacsim_ros2:/home/home/fairino_ros2_ws/install/isaacsim_ros2:/opt/ros/humble:/home/home/dcp_ws/install/kimm_qpoases:/home/home/dcp_ws/install/isaacsim:/home/home/dcp_ws/install/fairino_rviz:/home/home/dcp_ws/install/fairino_action_manager:/home/home/dcp_ws/install/fairino_description:/home/home/dcp_ws/install/dh_robotics_ag95_description:/home/home/fairino_ros2_ws/install/kimm_hqp_controller:/home/home/fairino_ros2_ws/install/kimm_trajectory_smoother:/home/home/fairino_ros2_ws/install/kimm_qpoases:/home/home/fairino_ros2_ws/install/isaacsim:/home/home/fairino_ros2_ws/install/fairino_rviz:/home/home/fairino_ros2_ws/install/fairino_action_manager:/home/home/fairino_ros2_ws/install/fairino_interfaces:/home/home/fairino_ros2_ws/install/fairino_description:/home/home/fairino_ros2_ws/install/dh_robotics_ag95_description LD_LIBRARY_PATH=/home/home/dcp_ws/install/fairino_interfaces/lib:/home/home/dcp_ws/install/pak_hqp_controller/lib:/home/home/dcp_ws/install/kimm_hqp_controller/lib:/home/home/dcp_ws/install/kimm_trajectory_smoother/lib:/home/home/dcp_ws/install/kimm_qpoases/lib:/home/home/dcp_ws/install/fairino_action_manager/lib:/home/home/fairino_ros2_ws/install/kimm_hqp_controller/lib:/home/home/fairino_ros2_ws/install/kimm_trajectory_smoother/lib:/home/home/fairino_ros2_ws/install/kimm_qpoases/lib:/home/home/fairino_ros2_ws/install/fairino_action_manager/lib:/home/home/fairino_ros2_ws/install/fairino_interfaces/lib:/opt/ros/humble/opt/rviz_ogre_vendor/lib:/opt/ros/humble/lib/x86_64-linux-gnu:/opt/ros/humble/lib:/usr/local/cuda-12.9/lib64:/home/home/fairino_ros2_ws/src/libfairino/lib /usr/bin/cmake --install /home/home/dcp_ws/build/fairino_action_manager
[32.276s] -- Install configuration: ""
[32.276s] -- Installing: /home/home/dcp_ws/install/fairino_action_manager/lib/libcontroller.so
[32.289s] -- Set runtime path of "/home/home/dcp_ws/install/fairino_action_manager/lib/libcontroller.so" to ""
[32.289s] -- Installing: /home/home/dcp_ws/install/fairino_action_manager/lib/libtask.so
[32.290s] -- Set runtime path of "/home/home/dcp_ws/install/fairino_action_manager/lib/libtask.so" to ""
[32.291s] -- Installing: /home/home/dcp_ws/install/fairino_action_manager/lib/fairino_action_manager/fairino_action_manager_real
[32.293s] -- Set runtime path of "/home/home/dcp_ws/install/fairino_action_manager/lib/fairino_action_manager/fairino_action_manager_real" to ""
[32.293s] -- Installing: /home/home/dcp_ws/install/fairino_action_manager/lib/fairino_action_manager/fairino_action_manager_simulation_isaac
[32.298s] -- Set runtime path of "/home/home/dcp_ws/install/fairino_action_manager/lib/fairino_action_manager/fairino_action_manager_simulation_isaac" to ""
[32.298s] -- Installing: /home/home/dcp_ws/install/fairino_action_manager/lib/fairino_action_manager/task_manager
[32.298s] -- Set runtime path of "/home/home/dcp_ws/install/fairino_action_manager/lib/fairino_action_manager/task_manager" to ""
[32.298s] -- Installing: /home/home/dcp_ws/install/fairino_action_manager/include
[32.299s] -- Installing: /home/home/dcp_ws/install/fairino_action_manager/include/fairino_action_manager
[32.299s] -- Installing: /home/home/dcp_ws/install/fairino_action_manager/include/fairino_action_manager/controller
[32.299s] -- Installing: /home/home/dcp_ws/install/fairino_action_manager/include/fairino_action_manager/controller/controller.hpp
[32.299s] -- Installing: /home/home/dcp_ws/install/fairino_action_manager/include/fairino_action_manager/servers
[32.299s] -- Installing: /home/home/dcp_ws/install/fairino_action_manager/include/fairino_action_manager/servers/basic
[32.299s] -- Installing: /home/home/dcp_ws/install/fairino_action_manager/include/fairino_action_manager/servers/basic/qr_action_server.hpp
[32.299s] -- Installing: /home/home/dcp_ws/install/fairino_action_manager/include/fairino_action_manager/servers/basic/tool_changer_action_server.hpp
[32.299s] -- Installing: /home/home/dcp_ws/install/fairino_action_manager/include/fairino_action_manager/servers/basic/se3_action_server.hpp
[32.299s] -- Installing: /home/home/dcp_ws/install/fairino_action_manager/include/fairino_action_manager/servers/basic/gripper_real_action_server.hpp
[32.299s] -- Installing: /home/home/dcp_ws/install/fairino_action_manager/include/fairino_action_manager/servers/basic/action_server_base.hpp
[32.299s] -- Installing: /home/home/dcp_ws/install/fairino_action_manager/include/fairino_action_manager/servers/basic/gripper_sim_action_server.hpp
[32.299s] -- Installing: /home/home/dcp_ws/install/fairino_action_manager/include/fairino_action_manager/servers/basic/joint_posture_action_server.hpp
[32.299s] -- Installing: /home/home/dcp_ws/install/fairino_action_manager/include/fairino_action_manager/servers/task
[32.299s] -- Installing: /home/home/dcp_ws/install/fairino_action_manager/include/fairino_action_manager/servers/task/base_task.hpp
[32.299s] -- Installing: /home/home/dcp_ws/install/fairino_action_manager/include/fairino_action_manager/servers/task/place.hpp
[32.299s] -- Installing: /home/home/dcp_ws/install/fairino_action_manager/include/fairino_action_manager/servers/task/pick.hpp
[32.299s] -- Installing: /home/home/dcp_ws/install/fairino_action_manager/include/fairino_action_manager/real
[32.299s] -- Installing: /home/home/dcp_ws/install/fairino_action_manager/include/fairino_action_manager/real/real.hpp
[32.299s] -- Installing: /home/home/dcp_ws/install/fairino_action_manager/include/fairino_action_manager/task
[32.299s] -- Installing: /home/home/dcp_ws/install/fairino_action_manager/include/fairino_action_manager/task/task_manager.hpp
[32.299s] -- Installing: /home/home/dcp_ws/install/fairino_action_manager/include/fairino_action_manager/simulation
[32.299s] -- Installing: /home/home/dcp_ws/install/fairino_action_manager/include/fairino_action_manager/simulation/simulation_isaac.hpp
[32.299s] -- Installing: /home/home/dcp_ws/install/fairino_action_manager/share/fairino_action_manager/launch
[32.299s] -- Installing: /home/home/dcp_ws/install/fairino_action_manager/share/fairino_action_manager/launch/simulation_isaac_launch.py
[32.300s] -- Installing: /home/home/dcp_ws/install/fairino_action_manager/share/fairino_action_manager/launch/real_launch.py
[32.300s] -- Installing: /home/home/dcp_ws/install/fairino_action_manager/share/ament_index/resource_index/package_run_dependencies/fairino_action_manager
[32.300s] -- Installing: /home/home/dcp_ws/install/fairino_action_manager/share/ament_index/resource_index/parent_prefix_path/fairino_action_manager
[32.300s] -- Installing: /home/home/dcp_ws/install/fairino_action_manager/share/fairino_action_manager/environment/ament_prefix_path.sh
[32.300s] -- Installing: /home/home/dcp_ws/install/fairino_action_manager/share/fairino_action_manager/environment/ament_prefix_path.dsv
[32.300s] -- Installing: /home/home/dcp_ws/install/fairino_action_manager/share/fairino_action_manager/environment/path.sh
[32.300s] -- Installing: /home/home/dcp_ws/install/fairino_action_manager/share/fairino_action_manager/environment/path.dsv
[32.300s] -- Installing: /home/home/dcp_ws/install/fairino_action_manager/share/fairino_action_manager/local_setup.bash
[32.300s] -- Installing: /home/home/dcp_ws/install/fairino_action_manager/share/fairino_action_manager/local_setup.sh
[32.300s] -- Installing: /home/home/dcp_ws/install/fairino_action_manager/share/fairino_action_manager/local_setup.zsh
[32.300s] -- Installing: /home/home/dcp_ws/install/fairino_action_manager/share/fairino_action_manager/local_setup.dsv
[32.300s] -- Installing: /home/home/dcp_ws/install/fairino_action_manager/share/fairino_action_manager/package.dsv
[32.300s] -- Installing: /home/home/dcp_ws/install/fairino_action_manager/share/ament_index/resource_index/packages/fairino_action_manager
[32.300s] -- Installing: /home/home/dcp_ws/install/fairino_action_manager/share/fairino_action_manager/cmake/fairino_action_managerConfig.cmake
[32.300s] -- Installing: /home/home/dcp_ws/install/fairino_action_manager/share/fairino_action_manager/cmake/fairino_action_managerConfig-version.cmake
[32.300s] -- Installing: /home/home/dcp_ws/install/fairino_action_manager/share/fairino_action_manager/package.xml
[32.302s] Invoked command in '/home/home/dcp_ws/build/fairino_action_manager' returned '0': CMAKE_PREFIX_PATH=/home/home/dcp_ws/install/fairino_interfaces:/home/home/dcp_ws/install/robotiq_description:/home/home/dcp_ws/install/pak_hqp_controller:/home/home/dcp_ws/install/kimm_hqp_controller:/home/home/dcp_ws/install/kimm_trajectory_smoother:/home/home/dcp_ws/install/isaacsim_ros2:/home/home/fairino_ros2_ws/install/isaacsim_ros2:/opt/ros/humble:/home/home/dcp_ws/install/kimm_qpoases:/home/home/dcp_ws/install/isaacsim:/home/home/dcp_ws/install/fairino_rviz:/home/home/dcp_ws/install/fairino_action_manager:/home/home/dcp_ws/install/fairino_description:/home/home/dcp_ws/install/dh_robotics_ag95_description:/home/home/fairino_ros2_ws/install/kimm_hqp_controller:/home/home/fairino_ros2_ws/install/kimm_trajectory_smoother:/home/home/fairino_ros2_ws/install/kimm_qpoases:/home/home/fairino_ros2_ws/install/isaacsim:/home/home/fairino_ros2_ws/install/fairino_rviz:/home/home/fairino_ros2_ws/install/fairino_action_manager:/home/home/fairino_ros2_ws/install/fairino_interfaces:/home/home/fairino_ros2_ws/install/fairino_description:/home/home/fairino_ros2_ws/install/dh_robotics_ag95_description LD_LIBRARY_PATH=/home/home/dcp_ws/install/fairino_interfaces/lib:/home/home/dcp_ws/install/pak_hqp_controller/lib:/home/home/dcp_ws/install/kimm_hqp_controller/lib:/home/home/dcp_ws/install/kimm_trajectory_smoother/lib:/home/home/dcp_ws/install/kimm_qpoases/lib:/home/home/dcp_ws/install/fairino_action_manager/lib:/home/home/fairino_ros2_ws/install/kimm_hqp_controller/lib:/home/home/fairino_ros2_ws/install/kimm_trajectory_smoother/lib:/home/home/fairino_ros2_ws/install/kimm_qpoases/lib:/home/home/fairino_ros2_ws/install/fairino_action_manager/lib:/home/home/fairino_ros2_ws/install/fairino_interfaces/lib:/opt/ros/humble/opt/rviz_ogre_vendor/lib:/opt/ros/humble/lib/x86_64-linux-gnu:/opt/ros/humble/lib:/usr/local/cuda-12.9/lib64:/home/home/fairino_ros2_ws/src/libfairino/lib /usr/bin/cmake --install /home/home/dcp_ws/build/fairino_action_manager
