[0.049s] DEBUG:colcon:Command line arguments: ['/usr/bin/colcon', 'build', '--packages-select', 'pak_hqp_controller']
[0.049s] DEBUG:colcon:Parsed command line arguments: Namespace(log_base=None, log_level=None, verb_name='build', build_base='build', install_base='install', merge_install=False, symlink_install=False, test_result_base=None, continue_on_error=False, executor='parallel', parallel_workers=10, event_handlers=None, ignore_user_meta=False, metas=['./colcon.meta'], base_paths=['.'], packages_ignore=None, packages_ignore_regex=None, paths=None, packages_up_to=None, packages_up_to_regex=None, packages_above=None, packages_above_and_dependencies=None, packages_above_depth=None, packages_select_by_dep=None, packages_skip_by_dep=None, packages_skip_up_to=None, packages_select_build_failed=False, packages_skip_build_finished=False, packages_select_test_failures=False, packages_skip_test_passed=False, packages_select=['pak_hqp_controller'], packages_skip=None, packages_select_regex=None, packages_skip_regex=None, packages_start=None, packages_end=None, allow_overriding=[], cmake_args=None, cmake_target=None, cmake_target_skip_unavailable=False, cmake_clean_cache=False, cmake_clean_first=False, cmake_force_configure=False, ament_cmake_args=None, catkin_cmake_args=None, catkin_skip_building_tests=False, mixin_files=None, mixin=None, verb_parser=<colcon_mixin.mixin.mixin_argument.MixinArgumentDecorator object at 0x779a3106f6d0>, verb_extension=<colcon_core.verb.build.BuildVerb object at 0x779a3119c580>, main=<bound method BuildVerb.main of <colcon_core.verb.build.BuildVerb object at 0x779a3119c580>>, mixin_verb=('build',))
[0.118s] Level 1:colcon.colcon_core.package_discovery:discover_packages(colcon_meta) check parameters
[0.118s] Level 1:colcon.colcon_core.package_discovery:discover_packages(recursive) check parameters
[0.118s] Level 1:colcon.colcon_core.package_discovery:discover_packages(ignore) check parameters
[0.118s] Level 1:colcon.colcon_core.package_discovery:discover_packages(path) check parameters
[0.118s] Level 1:colcon.colcon_core.package_discovery:discover_packages(colcon_meta) discover
[0.118s] Level 1:colcon.colcon_core.package_discovery:discover_packages(recursive) discover
[0.118s] INFO:colcon.colcon_core.package_discovery:Crawling recursively for packages in '/home/home/dcp_ws'
[0.118s] Level 1:colcon.colcon_core.package_identification:_identify(.) by extensions ['ignore', 'ignore_ament_install']
[0.118s] Level 1:colcon.colcon_core.package_identification:_identify(.) by extension 'ignore'
[0.118s] Level 1:colcon.colcon_core.package_identification:_identify(.) by extension 'ignore_ament_install'
[0.118s] Level 1:colcon.colcon_core.package_identification:_identify(.) by extensions ['colcon_pkg']
[0.118s] Level 1:colcon.colcon_core.package_identification:_identify(.) by extension 'colcon_pkg'
[0.118s] Level 1:colcon.colcon_core.package_identification:_identify(.) by extensions ['colcon_meta']
[0.118s] Level 1:colcon.colcon_core.package_identification:_identify(.) by extension 'colcon_meta'
[0.118s] Level 1:colcon.colcon_core.package_identification:_identify(.) by extensions ['ros']
[0.118s] Level 1:colcon.colcon_core.package_identification:_identify(.) by extension 'ros'
[0.123s] Level 1:colcon.colcon_core.package_identification:_identify(.) by extensions ['cmake', 'python']
[0.123s] Level 1:colcon.colcon_core.package_identification:_identify(.) by extension 'cmake'
[0.123s] Level 1:colcon.colcon_core.package_identification:_identify(.) by extension 'python'
[0.123s] Level 1:colcon.colcon_core.package_identification:_identify(.) by extensions ['python_setup_py']
[0.123s] Level 1:colcon.colcon_core.package_identification:_identify(.) by extension 'python_setup_py'
[0.123s] Level 1:colcon.colcon_core.package_identification:_identify(build) by extensions ['ignore', 'ignore_ament_install']
[0.123s] Level 1:colcon.colcon_core.package_identification:_identify(build) by extension 'ignore'
[0.123s] Level 1:colcon.colcon_core.package_identification:_identify(build) ignored
[0.123s] Level 1:colcon.colcon_core.package_identification:_identify(documents) by extensions ['ignore', 'ignore_ament_install']
[0.123s] Level 1:colcon.colcon_core.package_identification:_identify(documents) by extension 'ignore'
[0.123s] Level 1:colcon.colcon_core.package_identification:_identify(documents) by extension 'ignore_ament_install'
[0.123s] Level 1:colcon.colcon_core.package_identification:_identify(documents) by extensions ['colcon_pkg']
[0.123s] Level 1:colcon.colcon_core.package_identification:_identify(documents) by extension 'colcon_pkg'
[0.123s] Level 1:colcon.colcon_core.package_identification:_identify(documents) by extensions ['colcon_meta']
[0.123s] Level 1:colcon.colcon_core.package_identification:_identify(documents) by extension 'colcon_meta'
[0.123s] Level 1:colcon.colcon_core.package_identification:_identify(documents) by extensions ['ros']
[0.123s] Level 1:colcon.colcon_core.package_identification:_identify(documents) by extension 'ros'
[0.123s] Level 1:colcon.colcon_core.package_identification:_identify(documents) by extensions ['cmake', 'python']
[0.123s] Level 1:colcon.colcon_core.package_identification:_identify(documents) by extension 'cmake'
[0.123s] Level 1:colcon.colcon_core.package_identification:_identify(documents) by extension 'python'
[0.123s] Level 1:colcon.colcon_core.package_identification:_identify(documents) by extensions ['python_setup_py']
[0.123s] Level 1:colcon.colcon_core.package_identification:_identify(documents) by extension 'python_setup_py'
[0.123s] Level 1:colcon.colcon_core.package_identification:_identify(install) by extensions ['ignore', 'ignore_ament_install']
[0.123s] Level 1:colcon.colcon_core.package_identification:_identify(install) by extension 'ignore'
[0.124s] Level 1:colcon.colcon_core.package_identification:_identify(install) ignored
[0.124s] Level 1:colcon.colcon_core.package_identification:_identify(log) by extensions ['ignore', 'ignore_ament_install']
[0.124s] Level 1:colcon.colcon_core.package_identification:_identify(log) by extension 'ignore'
[0.124s] Level 1:colcon.colcon_core.package_identification:_identify(log) ignored
[0.124s] Level 1:colcon.colcon_core.package_identification:_identify(src) by extensions ['ignore', 'ignore_ament_install']
[0.124s] Level 1:colcon.colcon_core.package_identification:_identify(src) by extension 'ignore'
[0.124s] Level 1:colcon.colcon_core.package_identification:_identify(src) by extension 'ignore_ament_install'
[0.124s] Level 1:colcon.colcon_core.package_identification:_identify(src) by extensions ['colcon_pkg']
[0.124s] Level 1:colcon.colcon_core.package_identification:_identify(src) by extension 'colcon_pkg'
[0.124s] Level 1:colcon.colcon_core.package_identification:_identify(src) by extensions ['colcon_meta']
[0.124s] Level 1:colcon.colcon_core.package_identification:_identify(src) by extension 'colcon_meta'
[0.124s] Level 1:colcon.colcon_core.package_identification:_identify(src) by extensions ['ros']
[0.124s] Level 1:colcon.colcon_core.package_identification:_identify(src) by extension 'ros'
[0.124s] Level 1:colcon.colcon_core.package_identification:_identify(src) by extensions ['cmake', 'python']
[0.124s] Level 1:colcon.colcon_core.package_identification:_identify(src) by extension 'cmake'
[0.124s] Level 1:colcon.colcon_core.package_identification:_identify(src) by extension 'python'
[0.124s] Level 1:colcon.colcon_core.package_identification:_identify(src) by extensions ['python_setup_py']
[0.124s] Level 1:colcon.colcon_core.package_identification:_identify(src) by extension 'python_setup_py'
[0.124s] Level 1:colcon.colcon_core.package_identification:_identify(src/fairino) by extensions ['ignore', 'ignore_ament_install']
[0.124s] Level 1:colcon.colcon_core.package_identification:_identify(src/fairino) by extension 'ignore'
[0.124s] Level 1:colcon.colcon_core.package_identification:_identify(src/fairino) by extension 'ignore_ament_install'
[0.124s] Level 1:colcon.colcon_core.package_identification:_identify(src/fairino) by extensions ['colcon_pkg']
[0.124s] Level 1:colcon.colcon_core.package_identification:_identify(src/fairino) by extension 'colcon_pkg'
[0.124s] Level 1:colcon.colcon_core.package_identification:_identify(src/fairino) by extensions ['colcon_meta']
[0.124s] Level 1:colcon.colcon_core.package_identification:_identify(src/fairino) by extension 'colcon_meta'
[0.124s] Level 1:colcon.colcon_core.package_identification:_identify(src/fairino) by extensions ['ros']
[0.124s] Level 1:colcon.colcon_core.package_identification:_identify(src/fairino) by extension 'ros'
[0.124s] Level 1:colcon.colcon_core.package_identification:_identify(src/fairino) by extensions ['cmake', 'python']
[0.124s] Level 1:colcon.colcon_core.package_identification:_identify(src/fairino) by extension 'cmake'
[0.124s] Level 1:colcon.colcon_core.package_identification:_identify(src/fairino) by extension 'python'
[0.124s] Level 1:colcon.colcon_core.package_identification:_identify(src/fairino) by extensions ['python_setup_py']
[0.124s] Level 1:colcon.colcon_core.package_identification:_identify(src/fairino) by extension 'python_setup_py'
[0.124s] Level 1:colcon.colcon_core.package_identification:_identify(src/fairino/dh_robotics_ag95_description) by extensions ['ignore', 'ignore_ament_install']
[0.124s] Level 1:colcon.colcon_core.package_identification:_identify(src/fairino/dh_robotics_ag95_description) by extension 'ignore'
[0.124s] Level 1:colcon.colcon_core.package_identification:_identify(src/fairino/dh_robotics_ag95_description) by extension 'ignore_ament_install'
[0.124s] Level 1:colcon.colcon_core.package_identification:_identify(src/fairino/dh_robotics_ag95_description) by extensions ['colcon_pkg']
[0.124s] Level 1:colcon.colcon_core.package_identification:_identify(src/fairino/dh_robotics_ag95_description) by extension 'colcon_pkg'
[0.124s] Level 1:colcon.colcon_core.package_identification:_identify(src/fairino/dh_robotics_ag95_description) by extensions ['colcon_meta']
[0.124s] Level 1:colcon.colcon_core.package_identification:_identify(src/fairino/dh_robotics_ag95_description) by extension 'colcon_meta'
[0.124s] Level 1:colcon.colcon_core.package_identification:_identify(src/fairino/dh_robotics_ag95_description) by extensions ['ros']
[0.124s] Level 1:colcon.colcon_core.package_identification:_identify(src/fairino/dh_robotics_ag95_description) by extension 'ros'
[0.126s] DEBUG:colcon.colcon_core.package_identification:Package 'src/fairino/dh_robotics_ag95_description' with type 'ros.ament_cmake' and name 'dh_robotics_ag95_description'
[0.126s] Level 1:colcon.colcon_core.package_identification:_identify(src/fairino/example) by extensions ['ignore', 'ignore_ament_install']
[0.126s] Level 1:colcon.colcon_core.package_identification:_identify(src/fairino/example) by extension 'ignore'
[0.126s] Level 1:colcon.colcon_core.package_identification:_identify(src/fairino/example) by extension 'ignore_ament_install'
[0.126s] Level 1:colcon.colcon_core.package_identification:_identify(src/fairino/example) by extensions ['colcon_pkg']
[0.126s] Level 1:colcon.colcon_core.package_identification:_identify(src/fairino/example) by extension 'colcon_pkg'
[0.126s] Level 1:colcon.colcon_core.package_identification:_identify(src/fairino/example) by extensions ['colcon_meta']
[0.126s] Level 1:colcon.colcon_core.package_identification:_identify(src/fairino/example) by extension 'colcon_meta'
[0.126s] Level 1:colcon.colcon_core.package_identification:_identify(src/fairino/example) by extensions ['ros']
[0.126s] Level 1:colcon.colcon_core.package_identification:_identify(src/fairino/example) by extension 'ros'
[0.126s] Level 1:colcon.colcon_core.package_identification:_identify(src/fairino/example) by extensions ['cmake', 'python']
[0.126s] Level 1:colcon.colcon_core.package_identification:_identify(src/fairino/example) by extension 'cmake'
[0.126s] Level 1:colcon.colcon_core.package_identification:_identify(src/fairino/example) by extension 'python'
[0.126s] Level 1:colcon.colcon_core.package_identification:_identify(src/fairino/example) by extensions ['python_setup_py']
[0.126s] Level 1:colcon.colcon_core.package_identification:_identify(src/fairino/example) by extension 'python_setup_py'
[0.126s] Level 1:colcon.colcon_core.package_identification:_identify(src/fairino/fairino_action_manager) by extensions ['ignore', 'ignore_ament_install']
[0.126s] Level 1:colcon.colcon_core.package_identification:_identify(src/fairino/fairino_action_manager) by extension 'ignore'
[0.126s] Level 1:colcon.colcon_core.package_identification:_identify(src/fairino/fairino_action_manager) by extension 'ignore_ament_install'
[0.126s] Level 1:colcon.colcon_core.package_identification:_identify(src/fairino/fairino_action_manager) by extensions ['colcon_pkg']
[0.126s] Level 1:colcon.colcon_core.package_identification:_identify(src/fairino/fairino_action_manager) by extension 'colcon_pkg'
[0.126s] Level 1:colcon.colcon_core.package_identification:_identify(src/fairino/fairino_action_manager) by extensions ['colcon_meta']
[0.126s] Level 1:colcon.colcon_core.package_identification:_identify(src/fairino/fairino_action_manager) by extension 'colcon_meta'
[0.126s] Level 1:colcon.colcon_core.package_identification:_identify(src/fairino/fairino_action_manager) by extensions ['ros']
[0.126s] Level 1:colcon.colcon_core.package_identification:_identify(src/fairino/fairino_action_manager) by extension 'ros'
[0.127s] DEBUG:colcon.colcon_core.package_identification:Package 'src/fairino/fairino_action_manager' with type 'ros.ament_cmake' and name 'fairino_action_manager'
[0.127s] Level 1:colcon.colcon_core.package_identification:_identify(src/fairino/fairino_description) by extensions ['ignore', 'ignore_ament_install']
[0.127s] Level 1:colcon.colcon_core.package_identification:_identify(src/fairino/fairino_description) by extension 'ignore'
[0.127s] Level 1:colcon.colcon_core.package_identification:_identify(src/fairino/fairino_description) by extension 'ignore_ament_install'
[0.127s] Level 1:colcon.colcon_core.package_identification:_identify(src/fairino/fairino_description) by extensions ['colcon_pkg']
[0.127s] Level 1:colcon.colcon_core.package_identification:_identify(src/fairino/fairino_description) by extension 'colcon_pkg'
[0.127s] Level 1:colcon.colcon_core.package_identification:_identify(src/fairino/fairino_description) by extensions ['colcon_meta']
[0.127s] Level 1:colcon.colcon_core.package_identification:_identify(src/fairino/fairino_description) by extension 'colcon_meta'
[0.127s] Level 1:colcon.colcon_core.package_identification:_identify(src/fairino/fairino_description) by extensions ['ros']
[0.127s] Level 1:colcon.colcon_core.package_identification:_identify(src/fairino/fairino_description) by extension 'ros'
[0.127s] DEBUG:colcon.colcon_core.package_identification:Package 'src/fairino/fairino_description' with type 'ros.ament_cmake' and name 'fairino_description'
[0.127s] Level 1:colcon.colcon_core.package_identification:_identify(src/fairino/fairino_interfaces) by extensions ['ignore', 'ignore_ament_install']
[0.127s] Level 1:colcon.colcon_core.package_identification:_identify(src/fairino/fairino_interfaces) by extension 'ignore'
[0.127s] Level 1:colcon.colcon_core.package_identification:_identify(src/fairino/fairino_interfaces) by extension 'ignore_ament_install'
[0.127s] Level 1:colcon.colcon_core.package_identification:_identify(src/fairino/fairino_interfaces) by extensions ['colcon_pkg']
[0.127s] Level 1:colcon.colcon_core.package_identification:_identify(src/fairino/fairino_interfaces) by extension 'colcon_pkg'
[0.127s] Level 1:colcon.colcon_core.package_identification:_identify(src/fairino/fairino_interfaces) by extensions ['colcon_meta']
[0.127s] Level 1:colcon.colcon_core.package_identification:_identify(src/fairino/fairino_interfaces) by extension 'colcon_meta'
[0.127s] Level 1:colcon.colcon_core.package_identification:_identify(src/fairino/fairino_interfaces) by extensions ['ros']
[0.127s] Level 1:colcon.colcon_core.package_identification:_identify(src/fairino/fairino_interfaces) by extension 'ros'
[0.128s] DEBUG:colcon.colcon_core.package_identification:Package 'src/fairino/fairino_interfaces' with type 'ros.ament_cmake' and name 'fairino_interfaces'
[0.128s] Level 1:colcon.colcon_core.package_identification:_identify(src/fairino/fairino_rviz) by extensions ['ignore', 'ignore_ament_install']
[0.128s] Level 1:colcon.colcon_core.package_identification:_identify(src/fairino/fairino_rviz) by extension 'ignore'
[0.128s] Level 1:colcon.colcon_core.package_identification:_identify(src/fairino/fairino_rviz) by extension 'ignore_ament_install'
[0.128s] Level 1:colcon.colcon_core.package_identification:_identify(src/fairino/fairino_rviz) by extensions ['colcon_pkg']
[0.128s] Level 1:colcon.colcon_core.package_identification:_identify(src/fairino/fairino_rviz) by extension 'colcon_pkg'
[0.128s] Level 1:colcon.colcon_core.package_identification:_identify(src/fairino/fairino_rviz) by extensions ['colcon_meta']
[0.128s] Level 1:colcon.colcon_core.package_identification:_identify(src/fairino/fairino_rviz) by extension 'colcon_meta'
[0.128s] Level 1:colcon.colcon_core.package_identification:_identify(src/fairino/fairino_rviz) by extensions ['ros']
[0.128s] Level 1:colcon.colcon_core.package_identification:_identify(src/fairino/fairino_rviz) by extension 'ros'
[0.128s] DEBUG:colcon.colcon_core.package_identification:Package 'src/fairino/fairino_rviz' with type 'ros.ament_cmake' and name 'fairino_rviz'
[0.128s] Level 1:colcon.colcon_core.package_identification:_identify(src/fairino/isaacsim) by extensions ['ignore', 'ignore_ament_install']
[0.128s] Level 1:colcon.colcon_core.package_identification:_identify(src/fairino/isaacsim) by extension 'ignore'
[0.128s] Level 1:colcon.colcon_core.package_identification:_identify(src/fairino/isaacsim) by extension 'ignore_ament_install'
[0.128s] Level 1:colcon.colcon_core.package_identification:_identify(src/fairino/isaacsim) by extensions ['colcon_pkg']
[0.128s] Level 1:colcon.colcon_core.package_identification:_identify(src/fairino/isaacsim) by extension 'colcon_pkg'
[0.128s] Level 1:colcon.colcon_core.package_identification:_identify(src/fairino/isaacsim) by extensions ['colcon_meta']
[0.128s] Level 1:colcon.colcon_core.package_identification:_identify(src/fairino/isaacsim) by extension 'colcon_meta'
[0.128s] Level 1:colcon.colcon_core.package_identification:_identify(src/fairino/isaacsim) by extensions ['ros']
[0.128s] Level 1:colcon.colcon_core.package_identification:_identify(src/fairino/isaacsim) by extension 'ros'
[0.128s] DEBUG:colcon.colcon_core.package_identification:Package 'src/fairino/isaacsim' with type 'ros.ament_cmake' and name 'isaacsim'
[0.129s] Level 1:colcon.colcon_core.package_identification:_identify(src/fairino/isaacsim_ros2) by extensions ['ignore', 'ignore_ament_install']
[0.129s] Level 1:colcon.colcon_core.package_identification:_identify(src/fairino/isaacsim_ros2) by extension 'ignore'
[0.129s] Level 1:colcon.colcon_core.package_identification:_identify(src/fairino/isaacsim_ros2) by extension 'ignore_ament_install'
[0.129s] Level 1:colcon.colcon_core.package_identification:_identify(src/fairino/isaacsim_ros2) by extensions ['colcon_pkg']
[0.129s] Level 1:colcon.colcon_core.package_identification:_identify(src/fairino/isaacsim_ros2) by extension 'colcon_pkg'
[0.129s] Level 1:colcon.colcon_core.package_identification:_identify(src/fairino/isaacsim_ros2) by extensions ['colcon_meta']
[0.129s] Level 1:colcon.colcon_core.package_identification:_identify(src/fairino/isaacsim_ros2) by extension 'colcon_meta'
[0.129s] Level 1:colcon.colcon_core.package_identification:_identify(src/fairino/isaacsim_ros2) by extensions ['ros']
[0.129s] Level 1:colcon.colcon_core.package_identification:_identify(src/fairino/isaacsim_ros2) by extension 'ros'
[0.129s] DEBUG:colcon.colcon_core.package_identification:Package 'src/fairino/isaacsim_ros2' with type 'ros.ament_python' and name 'isaacsim_ros2'
[0.129s] Level 1:colcon.colcon_core.package_identification:_identify(src/fairino/kimm_hqp_controller) by extensions ['ignore', 'ignore_ament_install']
[0.129s] Level 1:colcon.colcon_core.package_identification:_identify(src/fairino/kimm_hqp_controller) by extension 'ignore'
[0.129s] Level 1:colcon.colcon_core.package_identification:_identify(src/fairino/kimm_hqp_controller) by extension 'ignore_ament_install'
[0.129s] Level 1:colcon.colcon_core.package_identification:_identify(src/fairino/kimm_hqp_controller) by extensions ['colcon_pkg']
[0.129s] Level 1:colcon.colcon_core.package_identification:_identify(src/fairino/kimm_hqp_controller) by extension 'colcon_pkg'
[0.129s] Level 1:colcon.colcon_core.package_identification:_identify(src/fairino/kimm_hqp_controller) by extensions ['colcon_meta']
[0.129s] Level 1:colcon.colcon_core.package_identification:_identify(src/fairino/kimm_hqp_controller) by extension 'colcon_meta'
[0.129s] Level 1:colcon.colcon_core.package_identification:_identify(src/fairino/kimm_hqp_controller) by extensions ['ros']
[0.129s] Level 1:colcon.colcon_core.package_identification:_identify(src/fairino/kimm_hqp_controller) by extension 'ros'
[0.130s] DEBUG:colcon.colcon_core.package_identification:Package 'src/fairino/kimm_hqp_controller' with type 'ros.ament_cmake' and name 'kimm_hqp_controller'
[0.130s] Level 1:colcon.colcon_core.package_identification:_identify(src/fairino/kimm_qpoases) by extensions ['ignore', 'ignore_ament_install']
[0.130s] Level 1:colcon.colcon_core.package_identification:_identify(src/fairino/kimm_qpoases) by extension 'ignore'
[0.130s] Level 1:colcon.colcon_core.package_identification:_identify(src/fairino/kimm_qpoases) by extension 'ignore_ament_install'
[0.130s] Level 1:colcon.colcon_core.package_identification:_identify(src/fairino/kimm_qpoases) by extensions ['colcon_pkg']
[0.130s] Level 1:colcon.colcon_core.package_identification:_identify(src/fairino/kimm_qpoases) by extension 'colcon_pkg'
[0.130s] Level 1:colcon.colcon_core.package_identification:_identify(src/fairino/kimm_qpoases) by extensions ['colcon_meta']
[0.130s] Level 1:colcon.colcon_core.package_identification:_identify(src/fairino/kimm_qpoases) by extension 'colcon_meta'
[0.130s] Level 1:colcon.colcon_core.package_identification:_identify(src/fairino/kimm_qpoases) by extensions ['ros']
[0.130s] Level 1:colcon.colcon_core.package_identification:_identify(src/fairino/kimm_qpoases) by extension 'ros'
[0.136s] DEBUG:colcon.colcon_core.package_identification:Package 'src/fairino/kimm_qpoases' with type 'ros.catkin' and name 'kimm_qpoases'
[0.136s] Level 1:colcon.colcon_core.package_identification:_identify(src/fairino/kimm_trajectory_smoother) by extensions ['ignore', 'ignore_ament_install']
[0.136s] Level 1:colcon.colcon_core.package_identification:_identify(src/fairino/kimm_trajectory_smoother) by extension 'ignore'
[0.137s] Level 1:colcon.colcon_core.package_identification:_identify(src/fairino/kimm_trajectory_smoother) by extension 'ignore_ament_install'
[0.137s] Level 1:colcon.colcon_core.package_identification:_identify(src/fairino/kimm_trajectory_smoother) by extensions ['colcon_pkg']
[0.137s] Level 1:colcon.colcon_core.package_identification:_identify(src/fairino/kimm_trajectory_smoother) by extension 'colcon_pkg'
[0.137s] Level 1:colcon.colcon_core.package_identification:_identify(src/fairino/kimm_trajectory_smoother) by extensions ['colcon_meta']
[0.137s] Level 1:colcon.colcon_core.package_identification:_identify(src/fairino/kimm_trajectory_smoother) by extension 'colcon_meta'
[0.137s] Level 1:colcon.colcon_core.package_identification:_identify(src/fairino/kimm_trajectory_smoother) by extensions ['ros']
[0.137s] Level 1:colcon.colcon_core.package_identification:_identify(src/fairino/kimm_trajectory_smoother) by extension 'ros'
[0.137s] DEBUG:colcon.colcon_core.package_identification:Package 'src/fairino/kimm_trajectory_smoother' with type 'ros.ament_cmake' and name 'kimm_trajectory_smoother'
[0.137s] Level 1:colcon.colcon_core.package_identification:_identify(src/fairino/libfairino) by extensions ['ignore', 'ignore_ament_install']
[0.137s] Level 1:colcon.colcon_core.package_identification:_identify(src/fairino/libfairino) by extension 'ignore'
[0.137s] Level 1:colcon.colcon_core.package_identification:_identify(src/fairino/libfairino) by extension 'ignore_ament_install'
[0.137s] Level 1:colcon.colcon_core.package_identification:_identify(src/fairino/libfairino) by extensions ['colcon_pkg']
[0.137s] Level 1:colcon.colcon_core.package_identification:_identify(src/fairino/libfairino) by extension 'colcon_pkg'
[0.137s] Level 1:colcon.colcon_core.package_identification:_identify(src/fairino/libfairino) by extensions ['colcon_meta']
[0.137s] Level 1:colcon.colcon_core.package_identification:_identify(src/fairino/libfairino) by extension 'colcon_meta'
[0.137s] Level 1:colcon.colcon_core.package_identification:_identify(src/fairino/libfairino) by extensions ['ros']
[0.137s] Level 1:colcon.colcon_core.package_identification:_identify(src/fairino/libfairino) by extension 'ros'
[0.137s] Level 1:colcon.colcon_core.package_identification:_identify(src/fairino/libfairino) by extensions ['cmake', 'python']
[0.137s] Level 1:colcon.colcon_core.package_identification:_identify(src/fairino/libfairino) by extension 'cmake'
[0.137s] Level 1:colcon.colcon_core.package_identification:_identify(src/fairino/libfairino) by extension 'python'
[0.137s] Level 1:colcon.colcon_core.package_identification:_identify(src/fairino/libfairino) by extensions ['python_setup_py']
[0.137s] Level 1:colcon.colcon_core.package_identification:_identify(src/fairino/libfairino) by extension 'python_setup_py'
[0.137s] Level 1:colcon.colcon_core.package_identification:_identify(src/fairino/libfairino/include) by extensions ['ignore', 'ignore_ament_install']
[0.137s] Level 1:colcon.colcon_core.package_identification:_identify(src/fairino/libfairino/include) by extension 'ignore'
[0.137s] Level 1:colcon.colcon_core.package_identification:_identify(src/fairino/libfairino/include) by extension 'ignore_ament_install'
[0.137s] Level 1:colcon.colcon_core.package_identification:_identify(src/fairino/libfairino/include) by extensions ['colcon_pkg']
[0.137s] Level 1:colcon.colcon_core.package_identification:_identify(src/fairino/libfairino/include) by extension 'colcon_pkg'
[0.137s] Level 1:colcon.colcon_core.package_identification:_identify(src/fairino/libfairino/include) by extensions ['colcon_meta']
[0.137s] Level 1:colcon.colcon_core.package_identification:_identify(src/fairino/libfairino/include) by extension 'colcon_meta'
[0.137s] Level 1:colcon.colcon_core.package_identification:_identify(src/fairino/libfairino/include) by extensions ['ros']
[0.137s] Level 1:colcon.colcon_core.package_identification:_identify(src/fairino/libfairino/include) by extension 'ros'
[0.137s] Level 1:colcon.colcon_core.package_identification:_identify(src/fairino/libfairino/include) by extensions ['cmake', 'python']
[0.137s] Level 1:colcon.colcon_core.package_identification:_identify(src/fairino/libfairino/include) by extension 'cmake'
[0.137s] Level 1:colcon.colcon_core.package_identification:_identify(src/fairino/libfairino/include) by extension 'python'
[0.137s] Level 1:colcon.colcon_core.package_identification:_identify(src/fairino/libfairino/include) by extensions ['python_setup_py']
[0.137s] Level 1:colcon.colcon_core.package_identification:_identify(src/fairino/libfairino/include) by extension 'python_setup_py'
[0.138s] Level 1:colcon.colcon_core.package_identification:_identify(src/fairino/libfairino/lib) by extensions ['ignore', 'ignore_ament_install']
[0.138s] Level 1:colcon.colcon_core.package_identification:_identify(src/fairino/libfairino/lib) by extension 'ignore'
[0.138s] Level 1:colcon.colcon_core.package_identification:_identify(src/fairino/libfairino/lib) by extension 'ignore_ament_install'
[0.138s] Level 1:colcon.colcon_core.package_identification:_identify(src/fairino/libfairino/lib) by extensions ['colcon_pkg']
[0.138s] Level 1:colcon.colcon_core.package_identification:_identify(src/fairino/libfairino/lib) by extension 'colcon_pkg'
[0.138s] Level 1:colcon.colcon_core.package_identification:_identify(src/fairino/libfairino/lib) by extensions ['colcon_meta']
[0.138s] Level 1:colcon.colcon_core.package_identification:_identify(src/fairino/libfairino/lib) by extension 'colcon_meta'
[0.138s] Level 1:colcon.colcon_core.package_identification:_identify(src/fairino/libfairino/lib) by extensions ['ros']
[0.138s] Level 1:colcon.colcon_core.package_identification:_identify(src/fairino/libfairino/lib) by extension 'ros'
[0.138s] Level 1:colcon.colcon_core.package_identification:_identify(src/fairino/libfairino/lib) by extensions ['cmake', 'python']
[0.138s] Level 1:colcon.colcon_core.package_identification:_identify(src/fairino/libfairino/lib) by extension 'cmake'
[0.138s] Level 1:colcon.colcon_core.package_identification:_identify(src/fairino/libfairino/lib) by extension 'python'
[0.138s] Level 1:colcon.colcon_core.package_identification:_identify(src/fairino/libfairino/lib) by extensions ['python_setup_py']
[0.138s] Level 1:colcon.colcon_core.package_identification:_identify(src/fairino/libfairino/lib) by extension 'python_setup_py'
[0.138s] Level 1:colcon.colcon_core.package_identification:_identify(src/fairino/pak_hqp_controller) by extensions ['ignore', 'ignore_ament_install']
[0.138s] Level 1:colcon.colcon_core.package_identification:_identify(src/fairino/pak_hqp_controller) by extension 'ignore'
[0.138s] Level 1:colcon.colcon_core.package_identification:_identify(src/fairino/pak_hqp_controller) by extension 'ignore_ament_install'
[0.138s] Level 1:colcon.colcon_core.package_identification:_identify(src/fairino/pak_hqp_controller) by extensions ['colcon_pkg']
[0.138s] Level 1:colcon.colcon_core.package_identification:_identify(src/fairino/pak_hqp_controller) by extension 'colcon_pkg'
[0.138s] Level 1:colcon.colcon_core.package_identification:_identify(src/fairino/pak_hqp_controller) by extensions ['colcon_meta']
[0.138s] Level 1:colcon.colcon_core.package_identification:_identify(src/fairino/pak_hqp_controller) by extension 'colcon_meta'
[0.138s] Level 1:colcon.colcon_core.package_identification:_identify(src/fairino/pak_hqp_controller) by extensions ['ros']
[0.138s] Level 1:colcon.colcon_core.package_identification:_identify(src/fairino/pak_hqp_controller) by extension 'ros'
[0.138s] DEBUG:colcon.colcon_core.package_identification:Package 'src/fairino/pak_hqp_controller' with type 'ros.ament_cmake' and name 'pak_hqp_controller'
[0.138s] Level 1:colcon.colcon_core.package_identification:_identify(src/fairino/robotiq_description) by extensions ['ignore', 'ignore_ament_install']
[0.138s] Level 1:colcon.colcon_core.package_identification:_identify(src/fairino/robotiq_description) by extension 'ignore'
[0.138s] Level 1:colcon.colcon_core.package_identification:_identify(src/fairino/robotiq_description) by extension 'ignore_ament_install'
[0.138s] Level 1:colcon.colcon_core.package_identification:_identify(src/fairino/robotiq_description) by extensions ['colcon_pkg']
[0.138s] Level 1:colcon.colcon_core.package_identification:_identify(src/fairino/robotiq_description) by extension 'colcon_pkg'
[0.138s] Level 1:colcon.colcon_core.package_identification:_identify(src/fairino/robotiq_description) by extensions ['colcon_meta']
[0.138s] Level 1:colcon.colcon_core.package_identification:_identify(src/fairino/robotiq_description) by extension 'colcon_meta'
[0.138s] Level 1:colcon.colcon_core.package_identification:_identify(src/fairino/robotiq_description) by extensions ['ros']
[0.138s] Level 1:colcon.colcon_core.package_identification:_identify(src/fairino/robotiq_description) by extension 'ros'
[0.139s] DEBUG:colcon.colcon_core.package_identification:Package 'src/fairino/robotiq_description' with type 'ros.ament_cmake' and name 'robotiq_description'
[0.139s] Level 1:colcon.colcon_core.package_identification:_identify(src/perception) by extensions ['ignore', 'ignore_ament_install']
[0.139s] Level 1:colcon.colcon_core.package_identification:_identify(src/perception) by extension 'ignore'
[0.139s] Level 1:colcon.colcon_core.package_identification:_identify(src/perception) by extension 'ignore_ament_install'
[0.139s] Level 1:colcon.colcon_core.package_identification:_identify(src/perception) by extensions ['colcon_pkg']
[0.139s] Level 1:colcon.colcon_core.package_identification:_identify(src/perception) by extension 'colcon_pkg'
[0.139s] Level 1:colcon.colcon_core.package_identification:_identify(src/perception) by extensions ['colcon_meta']
[0.139s] Level 1:colcon.colcon_core.package_identification:_identify(src/perception) by extension 'colcon_meta'
[0.139s] Level 1:colcon.colcon_core.package_identification:_identify(src/perception) by extensions ['ros']
[0.139s] Level 1:colcon.colcon_core.package_identification:_identify(src/perception) by extension 'ros'
[0.139s] Level 1:colcon.colcon_core.package_identification:_identify(src/perception) by extensions ['cmake', 'python']
[0.139s] Level 1:colcon.colcon_core.package_identification:_identify(src/perception) by extension 'cmake'
[0.139s] Level 1:colcon.colcon_core.package_identification:_identify(src/perception) by extension 'python'
[0.139s] Level 1:colcon.colcon_core.package_identification:_identify(src/perception) by extensions ['python_setup_py']
[0.139s] Level 1:colcon.colcon_core.package_identification:_identify(src/perception) by extension 'python_setup_py'
[0.139s] Level 1:colcon.colcon_core.package_identification:_identify(src/perception/apriltag) by extensions ['ignore', 'ignore_ament_install']
[0.139s] Level 1:colcon.colcon_core.package_identification:_identify(src/perception/apriltag) by extension 'ignore'
[0.139s] Level 1:colcon.colcon_core.package_identification:_identify(src/perception/apriltag) by extension 'ignore_ament_install'
[0.139s] Level 1:colcon.colcon_core.package_identification:_identify(src/perception/apriltag) by extensions ['colcon_pkg']
[0.139s] Level 1:colcon.colcon_core.package_identification:_identify(src/perception/apriltag) by extension 'colcon_pkg'
[0.139s] Level 1:colcon.colcon_core.package_identification:_identify(src/perception/apriltag) by extensions ['colcon_meta']
[0.139s] Level 1:colcon.colcon_core.package_identification:_identify(src/perception/apriltag) by extension 'colcon_meta'
[0.139s] Level 1:colcon.colcon_core.package_identification:_identify(src/perception/apriltag) by extensions ['ros']
[0.139s] Level 1:colcon.colcon_core.package_identification:_identify(src/perception/apriltag) by extension 'ros'
[0.140s] DEBUG:colcon.colcon_core.package_identification:Package 'src/perception/apriltag' with type 'ros.cmake' and name 'apriltag'
[0.140s] Level 1:colcon.colcon_core.package_identification:_identify(src/perception/perception_manager) by extensions ['ignore', 'ignore_ament_install']
[0.140s] Level 1:colcon.colcon_core.package_identification:_identify(src/perception/perception_manager) by extension 'ignore'
[0.140s] Level 1:colcon.colcon_core.package_identification:_identify(src/perception/perception_manager) by extension 'ignore_ament_install'
[0.140s] Level 1:colcon.colcon_core.package_identification:_identify(src/perception/perception_manager) by extensions ['colcon_pkg']
[0.140s] Level 1:colcon.colcon_core.package_identification:_identify(src/perception/perception_manager) by extension 'colcon_pkg'
[0.140s] Level 1:colcon.colcon_core.package_identification:_identify(src/perception/perception_manager) by extensions ['colcon_meta']
[0.140s] Level 1:colcon.colcon_core.package_identification:_identify(src/perception/perception_manager) by extension 'colcon_meta'
[0.140s] Level 1:colcon.colcon_core.package_identification:_identify(src/perception/perception_manager) by extensions ['ros']
[0.140s] Level 1:colcon.colcon_core.package_identification:_identify(src/perception/perception_manager) by extension 'ros'
[0.140s] Level 1:colcon.colcon_core.package_identification:_identify(src/perception/perception_manager) by extensions ['cmake', 'python']
[0.140s] Level 1:colcon.colcon_core.package_identification:_identify(src/perception/perception_manager) by extension 'cmake'
[0.140s] Level 1:colcon.colcon_core.package_identification:_identify(src/perception/perception_manager) by extension 'python'
[0.140s] Level 1:colcon.colcon_core.package_identification:_identify(src/perception/perception_manager) by extensions ['python_setup_py']
[0.140s] Level 1:colcon.colcon_core.package_identification:_identify(src/perception/perception_manager) by extension 'python_setup_py'
[0.140s] Level 1:colcon.colcon_core.package_discovery:discover_packages(recursive) using defaults
[0.140s] Level 1:colcon.colcon_core.package_discovery:discover_packages(ignore) discover
[0.140s] Level 1:colcon.colcon_core.package_discovery:discover_packages(ignore) using defaults
[0.140s] Level 1:colcon.colcon_core.package_discovery:discover_packages(path) discover
[0.140s] Level 1:colcon.colcon_core.package_discovery:discover_packages(path) using defaults
[0.150s] INFO:colcon.colcon_core.package_selection:Skipping not selected package 'apriltag' in 'src/perception/apriltag'
[0.150s] INFO:colcon.colcon_core.package_selection:Skipping not selected package 'dh_robotics_ag95_description' in 'src/fairino/dh_robotics_ag95_description'
[0.150s] INFO:colcon.colcon_core.package_selection:Skipping not selected package 'fairino_description' in 'src/fairino/fairino_description'
[0.150s] INFO:colcon.colcon_core.package_selection:Skipping not selected package 'fairino_interfaces' in 'src/fairino/fairino_interfaces'
[0.150s] INFO:colcon.colcon_core.package_selection:Skipping not selected package 'fairino_rviz' in 'src/fairino/fairino_rviz'
[0.150s] INFO:colcon.colcon_core.package_selection:Skipping not selected package 'isaacsim' in 'src/fairino/isaacsim'
[0.150s] INFO:colcon.colcon_core.package_selection:Skipping not selected package 'isaacsim_ros2' in 'src/fairino/isaacsim_ros2'
[0.150s] INFO:colcon.colcon_core.package_selection:Skipping not selected package 'kimm_qpoases' in 'src/fairino/kimm_qpoases'
[0.150s] INFO:colcon.colcon_core.package_selection:Skipping not selected package 'kimm_trajectory_smoother' in 'src/fairino/kimm_trajectory_smoother'
[0.150s] INFO:colcon.colcon_core.package_selection:Skipping not selected package 'robotiq_description' in 'src/fairino/robotiq_description'
[0.150s] INFO:colcon.colcon_core.package_selection:Skipping not selected package 'fairino_action_manager' in 'src/fairino/fairino_action_manager'
[0.150s] INFO:colcon.colcon_core.package_selection:Skipping not selected package 'kimm_hqp_controller' in 'src/fairino/kimm_hqp_controller'
[0.150s] Level 1:colcon.colcon_core.package_discovery:discover_packages(prefix_path) check parameters
[0.150s] Level 1:colcon.colcon_core.package_discovery:discover_packages(prefix_path) discover
[0.150s] WARNING:colcon.colcon_ros.prefix_path.ament:The path '/home/home/dcp_ws/install/pak_hqp_controller' in the environment variable AMENT_PREFIX_PATH doesn't exist
[0.151s] WARNING:colcon.colcon_ros.prefix_path.ament:The path '/home/home/dcp_ws/install/kimm_hqp_controller' in the environment variable AMENT_PREFIX_PATH doesn't exist
[0.151s] WARNING:colcon.colcon_ros.prefix_path.catkin:The path '/home/home/dcp_ws/install/pak_hqp_controller' in the environment variable CMAKE_PREFIX_PATH doesn't exist
[0.151s] WARNING:colcon.colcon_ros.prefix_path.catkin:The path '/home/home/dcp_ws/install/kimm_hqp_controller' in the environment variable CMAKE_PREFIX_PATH doesn't exist
[0.151s] DEBUG:colcon.colcon_installed_package_information.package_discovery:Found 11 installed packages in /home/home/dcp_ws/install
[0.151s] DEBUG:colcon.colcon_installed_package_information.package_discovery:Found 10 installed packages in /home/home/fairino_ros2_ws/install
[0.152s] DEBUG:colcon.colcon_installed_package_information.package_discovery:Found 406 installed packages in /opt/ros/humble
[0.153s] Level 1:colcon.colcon_core.package_discovery:discover_packages(prefix_path) using defaults
[0.174s] Level 5:colcon.colcon_core.verb:set package 'pak_hqp_controller' build argument 'cmake_args' from command line to 'None'
[0.174s] Level 5:colcon.colcon_core.verb:set package 'pak_hqp_controller' build argument 'cmake_target' from command line to 'None'
[0.174s] Level 5:colcon.colcon_core.verb:set package 'pak_hqp_controller' build argument 'cmake_target_skip_unavailable' from command line to 'False'
[0.174s] Level 5:colcon.colcon_core.verb:set package 'pak_hqp_controller' build argument 'cmake_clean_cache' from command line to 'False'
[0.174s] Level 5:colcon.colcon_core.verb:set package 'pak_hqp_controller' build argument 'cmake_clean_first' from command line to 'False'
[0.174s] Level 5:colcon.colcon_core.verb:set package 'pak_hqp_controller' build argument 'cmake_force_configure' from command line to 'False'
[0.174s] Level 5:colcon.colcon_core.verb:set package 'pak_hqp_controller' build argument 'ament_cmake_args' from command line to 'None'
[0.174s] Level 5:colcon.colcon_core.verb:set package 'pak_hqp_controller' build argument 'catkin_cmake_args' from command line to 'None'
[0.174s] Level 5:colcon.colcon_core.verb:set package 'pak_hqp_controller' build argument 'catkin_skip_building_tests' from command line to 'False'
[0.174s] DEBUG:colcon.colcon_core.verb:Building package 'pak_hqp_controller' with the following arguments: {'ament_cmake_args': None, 'build_base': '/home/home/dcp_ws/build/pak_hqp_controller', 'catkin_cmake_args': None, 'catkin_skip_building_tests': False, 'cmake_args': None, 'cmake_clean_cache': False, 'cmake_clean_first': False, 'cmake_force_configure': False, 'cmake_target': None, 'cmake_target_skip_unavailable': False, 'install_base': '/home/home/dcp_ws/install/pak_hqp_controller', 'merge_install': False, 'path': '/home/home/dcp_ws/src/fairino/pak_hqp_controller', 'symlink_install': False, 'test_result_base': None}
[0.174s] INFO:colcon.colcon_core.executor:Executing jobs using 'parallel' executor
[0.175s] DEBUG:colcon.colcon_parallel_executor.executor.parallel:run_until_complete
[0.175s] INFO:colcon.colcon_ros.task.ament_cmake.build:Building ROS package in '/home/home/dcp_ws/src/fairino/pak_hqp_controller' with build type 'ament_cmake'
[0.175s] INFO:colcon.colcon_cmake.task.cmake.build:Building CMake package in '/home/home/dcp_ws/src/fairino/pak_hqp_controller'
[0.176s] INFO:colcon.colcon_core.plugin_system:Skipping extension 'colcon_core.shell.bat': Not used on non-Windows systems
[0.176s] INFO:colcon.colcon_core.shell:Skip shell extension 'powershell' for command environment: Not usable outside of PowerShell
[0.176s] DEBUG:colcon.colcon_core.shell:Skip shell extension 'dsv' for command environment
[0.182s] DEBUG:colcon.colcon_core.event_handler.log_command:Invoking command in '/home/home/dcp_ws/build/pak_hqp_controller': CMAKE_PREFIX_PATH=/home/home/dcp_ws/install/robotiq_description:/home/home/dcp_ws/install/pak_hqp_controller:/home/home/dcp_ws/install/kimm_hqp_controller:/home/home/dcp_ws/install/kimm_trajectory_smoother:/home/home/dcp_ws/install/isaacsim_ros2:/home/home/fairino_ros2_ws/install/isaacsim_ros2:/opt/ros/humble:/home/home/dcp_ws/install/kimm_qpoases:/home/home/dcp_ws/install/isaacsim:/home/home/dcp_ws/install/fairino_rviz:/home/home/dcp_ws/install/fairino_action_manager:/home/home/dcp_ws/install/fairino_interfaces:/home/home/dcp_ws/install/fairino_description:/home/home/dcp_ws/install/dh_robotics_ag95_description:/home/home/fairino_ros2_ws/install/kimm_hqp_controller:/home/home/fairino_ros2_ws/install/kimm_trajectory_smoother:/home/home/fairino_ros2_ws/install/kimm_qpoases:/home/home/fairino_ros2_ws/install/isaacsim:/home/home/fairino_ros2_ws/install/fairino_rviz:/home/home/fairino_ros2_ws/install/fairino_action_manager:/home/home/fairino_ros2_ws/install/fairino_interfaces:/home/home/fairino_ros2_ws/install/fairino_description:/home/home/fairino_ros2_ws/install/dh_robotics_ag95_description /usr/bin/cmake --build /home/home/dcp_ws/build/pak_hqp_controller -- -j10 -l10
[0.240s] DEBUG:colcon.colcon_core.event_handler.log_command:Invoked command in '/home/home/dcp_ws/build/pak_hqp_controller' returned '0': CMAKE_PREFIX_PATH=/home/home/dcp_ws/install/robotiq_description:/home/home/dcp_ws/install/pak_hqp_controller:/home/home/dcp_ws/install/kimm_hqp_controller:/home/home/dcp_ws/install/kimm_trajectory_smoother:/home/home/dcp_ws/install/isaacsim_ros2:/home/home/fairino_ros2_ws/install/isaacsim_ros2:/opt/ros/humble:/home/home/dcp_ws/install/kimm_qpoases:/home/home/dcp_ws/install/isaacsim:/home/home/dcp_ws/install/fairino_rviz:/home/home/dcp_ws/install/fairino_action_manager:/home/home/dcp_ws/install/fairino_interfaces:/home/home/dcp_ws/install/fairino_description:/home/home/dcp_ws/install/dh_robotics_ag95_description:/home/home/fairino_ros2_ws/install/kimm_hqp_controller:/home/home/fairino_ros2_ws/install/kimm_trajectory_smoother:/home/home/fairino_ros2_ws/install/kimm_qpoases:/home/home/fairino_ros2_ws/install/isaacsim:/home/home/fairino_ros2_ws/install/fairino_rviz:/home/home/fairino_ros2_ws/install/fairino_action_manager:/home/home/fairino_ros2_ws/install/fairino_interfaces:/home/home/fairino_ros2_ws/install/fairino_description:/home/home/fairino_ros2_ws/install/dh_robotics_ag95_description /usr/bin/cmake --build /home/home/dcp_ws/build/pak_hqp_controller -- -j10 -l10
[0.245s] DEBUG:colcon.colcon_core.event_handler.log_command:Invoking command in '/home/home/dcp_ws/build/pak_hqp_controller': CMAKE_PREFIX_PATH=/home/home/dcp_ws/install/robotiq_description:/home/home/dcp_ws/install/pak_hqp_controller:/home/home/dcp_ws/install/kimm_hqp_controller:/home/home/dcp_ws/install/kimm_trajectory_smoother:/home/home/dcp_ws/install/isaacsim_ros2:/home/home/fairino_ros2_ws/install/isaacsim_ros2:/opt/ros/humble:/home/home/dcp_ws/install/kimm_qpoases:/home/home/dcp_ws/install/isaacsim:/home/home/dcp_ws/install/fairino_rviz:/home/home/dcp_ws/install/fairino_action_manager:/home/home/dcp_ws/install/fairino_interfaces:/home/home/dcp_ws/install/fairino_description:/home/home/dcp_ws/install/dh_robotics_ag95_description:/home/home/fairino_ros2_ws/install/kimm_hqp_controller:/home/home/fairino_ros2_ws/install/kimm_trajectory_smoother:/home/home/fairino_ros2_ws/install/kimm_qpoases:/home/home/fairino_ros2_ws/install/isaacsim:/home/home/fairino_ros2_ws/install/fairino_rviz:/home/home/fairino_ros2_ws/install/fairino_action_manager:/home/home/fairino_ros2_ws/install/fairino_interfaces:/home/home/fairino_ros2_ws/install/fairino_description:/home/home/fairino_ros2_ws/install/dh_robotics_ag95_description /usr/bin/cmake --install /home/home/dcp_ws/build/pak_hqp_controller
[0.269s] Level 1:colcon.colcon_core.environment:create_environment_scripts_only(pak_hqp_controller)
[0.269s] DEBUG:colcon.colcon_core.event_handler.log_command:Invoked command in '/home/home/dcp_ws/build/pak_hqp_controller' returned '0': CMAKE_PREFIX_PATH=/home/home/dcp_ws/install/robotiq_description:/home/home/dcp_ws/install/pak_hqp_controller:/home/home/dcp_ws/install/kimm_hqp_controller:/home/home/dcp_ws/install/kimm_trajectory_smoother:/home/home/dcp_ws/install/isaacsim_ros2:/home/home/fairino_ros2_ws/install/isaacsim_ros2:/opt/ros/humble:/home/home/dcp_ws/install/kimm_qpoases:/home/home/dcp_ws/install/isaacsim:/home/home/dcp_ws/install/fairino_rviz:/home/home/dcp_ws/install/fairino_action_manager:/home/home/dcp_ws/install/fairino_interfaces:/home/home/dcp_ws/install/fairino_description:/home/home/dcp_ws/install/dh_robotics_ag95_description:/home/home/fairino_ros2_ws/install/kimm_hqp_controller:/home/home/fairino_ros2_ws/install/kimm_trajectory_smoother:/home/home/fairino_ros2_ws/install/kimm_qpoases:/home/home/fairino_ros2_ws/install/isaacsim:/home/home/fairino_ros2_ws/install/fairino_rviz:/home/home/fairino_ros2_ws/install/fairino_action_manager:/home/home/fairino_ros2_ws/install/fairino_interfaces:/home/home/fairino_ros2_ws/install/fairino_description:/home/home/fairino_ros2_ws/install/dh_robotics_ag95_description /usr/bin/cmake --install /home/home/dcp_ws/build/pak_hqp_controller
[0.270s] Level 1:colcon.colcon_core.environment:checking '/home/home/dcp_ws/install/pak_hqp_controller' for CMake module files
[0.270s] Level 1:colcon.colcon_core.environment:checking '/home/home/dcp_ws/install/pak_hqp_controller' for CMake config files
[0.270s] Level 1:colcon.colcon_core.shell:create_environment_hook('pak_hqp_controller', 'cmake_prefix_path')
[0.271s] INFO:colcon.colcon_core.shell:Creating environment hook '/home/home/dcp_ws/install/pak_hqp_controller/share/pak_hqp_controller/hook/cmake_prefix_path.ps1'
[0.271s] INFO:colcon.colcon_core.shell:Creating environment descriptor '/home/home/dcp_ws/install/pak_hqp_controller/share/pak_hqp_controller/hook/cmake_prefix_path.dsv'
[0.271s] INFO:colcon.colcon_core.shell:Creating environment hook '/home/home/dcp_ws/install/pak_hqp_controller/share/pak_hqp_controller/hook/cmake_prefix_path.sh'
[0.271s] Level 1:colcon.colcon_core.environment:checking '/home/home/dcp_ws/install/pak_hqp_controller/lib'
[0.271s] Level 1:colcon.colcon_core.shell:create_environment_hook('pak_hqp_controller', 'ld_library_path_lib')
[0.272s] INFO:colcon.colcon_core.shell:Creating environment hook '/home/home/dcp_ws/install/pak_hqp_controller/share/pak_hqp_controller/hook/ld_library_path_lib.ps1'
[0.272s] INFO:colcon.colcon_core.shell:Creating environment descriptor '/home/home/dcp_ws/install/pak_hqp_controller/share/pak_hqp_controller/hook/ld_library_path_lib.dsv'
[0.272s] INFO:colcon.colcon_core.shell:Creating environment hook '/home/home/dcp_ws/install/pak_hqp_controller/share/pak_hqp_controller/hook/ld_library_path_lib.sh'
[0.272s] Level 1:colcon.colcon_core.environment:checking '/home/home/dcp_ws/install/pak_hqp_controller/bin'
[0.272s] Level 1:colcon.colcon_core.environment:checking '/home/home/dcp_ws/install/pak_hqp_controller/lib/pkgconfig/pak_hqp_controller.pc'
[0.272s] Level 1:colcon.colcon_core.environment:checking '/home/home/dcp_ws/install/pak_hqp_controller/lib/python3.10/site-packages'
[0.272s] Level 1:colcon.colcon_core.environment:checking '/home/home/dcp_ws/install/pak_hqp_controller/bin'
[0.272s] INFO:colcon.colcon_core.shell:Creating package script '/home/home/dcp_ws/install/pak_hqp_controller/share/pak_hqp_controller/package.ps1'
[0.273s] INFO:colcon.colcon_core.shell:Creating package descriptor '/home/home/dcp_ws/install/pak_hqp_controller/share/pak_hqp_controller/package.dsv'
[0.273s] INFO:colcon.colcon_core.shell:Creating package script '/home/home/dcp_ws/install/pak_hqp_controller/share/pak_hqp_controller/package.sh'
[0.273s] INFO:colcon.colcon_core.shell:Creating package script '/home/home/dcp_ws/install/pak_hqp_controller/share/pak_hqp_controller/package.bash'
[0.273s] INFO:colcon.colcon_core.shell:Creating package script '/home/home/dcp_ws/install/pak_hqp_controller/share/pak_hqp_controller/package.zsh'
[0.274s] Level 1:colcon.colcon_core.environment:create_file_with_runtime_dependencies(/home/home/dcp_ws/install/pak_hqp_controller/share/colcon-core/packages/pak_hqp_controller)
[0.274s] Level 1:colcon.colcon_core.environment:create_environment_scripts_only(pak_hqp_controller)
[0.274s] Level 1:colcon.colcon_core.environment:checking '/home/home/dcp_ws/install/pak_hqp_controller' for CMake module files
[0.274s] Level 1:colcon.colcon_core.environment:checking '/home/home/dcp_ws/install/pak_hqp_controller' for CMake config files
[0.274s] Level 1:colcon.colcon_core.shell:create_environment_hook('pak_hqp_controller', 'cmake_prefix_path')
[0.274s] INFO:colcon.colcon_core.shell:Creating environment hook '/home/home/dcp_ws/install/pak_hqp_controller/share/pak_hqp_controller/hook/cmake_prefix_path.ps1'
[0.274s] INFO:colcon.colcon_core.shell:Creating environment descriptor '/home/home/dcp_ws/install/pak_hqp_controller/share/pak_hqp_controller/hook/cmake_prefix_path.dsv'
[0.275s] INFO:colcon.colcon_core.shell:Creating environment hook '/home/home/dcp_ws/install/pak_hqp_controller/share/pak_hqp_controller/hook/cmake_prefix_path.sh'
[0.275s] Level 1:colcon.colcon_core.environment:checking '/home/home/dcp_ws/install/pak_hqp_controller/lib'
[0.275s] Level 1:colcon.colcon_core.shell:create_environment_hook('pak_hqp_controller', 'ld_library_path_lib')
[0.275s] INFO:colcon.colcon_core.shell:Creating environment hook '/home/home/dcp_ws/install/pak_hqp_controller/share/pak_hqp_controller/hook/ld_library_path_lib.ps1'
[0.275s] INFO:colcon.colcon_core.shell:Creating environment descriptor '/home/home/dcp_ws/install/pak_hqp_controller/share/pak_hqp_controller/hook/ld_library_path_lib.dsv'
[0.275s] INFO:colcon.colcon_core.shell:Creating environment hook '/home/home/dcp_ws/install/pak_hqp_controller/share/pak_hqp_controller/hook/ld_library_path_lib.sh'
[0.276s] Level 1:colcon.colcon_core.environment:checking '/home/home/dcp_ws/install/pak_hqp_controller/bin'
[0.276s] Level 1:colcon.colcon_core.environment:checking '/home/home/dcp_ws/install/pak_hqp_controller/lib/pkgconfig/pak_hqp_controller.pc'
[0.276s] Level 1:colcon.colcon_core.environment:checking '/home/home/dcp_ws/install/pak_hqp_controller/lib/python3.10/site-packages'
[0.276s] Level 1:colcon.colcon_core.environment:checking '/home/home/dcp_ws/install/pak_hqp_controller/bin'
[0.276s] INFO:colcon.colcon_core.shell:Creating package script '/home/home/dcp_ws/install/pak_hqp_controller/share/pak_hqp_controller/package.ps1'
[0.276s] INFO:colcon.colcon_core.shell:Creating package descriptor '/home/home/dcp_ws/install/pak_hqp_controller/share/pak_hqp_controller/package.dsv'
[0.276s] INFO:colcon.colcon_core.shell:Creating package script '/home/home/dcp_ws/install/pak_hqp_controller/share/pak_hqp_controller/package.sh'
[0.276s] INFO:colcon.colcon_core.shell:Creating package script '/home/home/dcp_ws/install/pak_hqp_controller/share/pak_hqp_controller/package.bash'
[0.277s] INFO:colcon.colcon_core.shell:Creating package script '/home/home/dcp_ws/install/pak_hqp_controller/share/pak_hqp_controller/package.zsh'
[0.277s] Level 1:colcon.colcon_core.environment:create_file_with_runtime_dependencies(/home/home/dcp_ws/install/pak_hqp_controller/share/colcon-core/packages/pak_hqp_controller)
[0.277s] DEBUG:colcon.colcon_parallel_executor.executor.parallel:closing loop
[0.277s] DEBUG:colcon.colcon_parallel_executor.executor.parallel:loop closed
[0.277s] DEBUG:colcon.colcon_parallel_executor.executor.parallel:run_until_complete finished with '0'
[0.277s] DEBUG:colcon.colcon_core.event_reactor:joining thread
[0.280s] INFO:colcon.colcon_core.plugin_system:Skipping extension 'colcon_notification.desktop_notification.terminal_notifier': Not used on non-Darwin systems
[0.280s] INFO:colcon.colcon_core.plugin_system:Skipping extension 'colcon_notification.desktop_notification.win32': Not used on non-Windows systems
[0.280s] INFO:colcon.colcon_notification.desktop_notification:Sending desktop notification using 'notify2'
[0.286s] DEBUG:colcon.colcon_core.event_reactor:joined thread
[0.286s] INFO:colcon.colcon_core.shell:Creating prefix script '/home/home/dcp_ws/install/local_setup.ps1'
[0.287s] INFO:colcon.colcon_core.shell:Creating prefix util module '/home/home/dcp_ws/install/_local_setup_util_ps1.py'
[0.287s] INFO:colcon.colcon_core.shell:Creating prefix chain script '/home/home/dcp_ws/install/setup.ps1'
[0.288s] INFO:colcon.colcon_core.shell:Creating prefix script '/home/home/dcp_ws/install/local_setup.sh'
[0.288s] INFO:colcon.colcon_core.shell:Creating prefix util module '/home/home/dcp_ws/install/_local_setup_util_sh.py'
[0.289s] INFO:colcon.colcon_core.shell:Creating prefix chain script '/home/home/dcp_ws/install/setup.sh'
[0.289s] INFO:colcon.colcon_core.shell:Creating prefix script '/home/home/dcp_ws/install/local_setup.bash'
[0.289s] INFO:colcon.colcon_core.shell:Creating prefix chain script '/home/home/dcp_ws/install/setup.bash'
[0.290s] INFO:colcon.colcon_core.shell:Creating prefix script '/home/home/dcp_ws/install/local_setup.zsh'
[0.290s] INFO:colcon.colcon_core.shell:Creating prefix chain script '/home/home/dcp_ws/install/setup.zsh'
