[0.036s] Invoking command in '/home/home/dcp_ws/build/dh_robotics_ag95_description': CMAKE_PREFIX_PATH=/home/home/dcp_ws/install/robotiq_description:/home/home/dcp_ws/install/pak_hqp_controller:/home/home/dcp_ws/install/kimm_hqp_controller:/home/home/dcp_ws/install/kimm_trajectory_smoother:/home/home/dcp_ws/install/isaacsim_ros2:/home/home/fairino_ros2_ws/install/isaacsim_ros2:/opt/ros/humble:/home/home/dcp_ws/install/kimm_qpoases:/home/home/dcp_ws/install/isaacsim:/home/home/dcp_ws/install/fairino_rviz:/home/home/dcp_ws/install/fairino_action_manager:/home/home/dcp_ws/install/fairino_interfaces:/home/home/dcp_ws/install/fairino_description:/home/home/dcp_ws/install/dh_robotics_ag95_description:/home/home/fairino_ros2_ws/install/kimm_hqp_controller:/home/home/fairino_ros2_ws/install/kimm_trajectory_smoother:/home/home/fairino_ros2_ws/install/kimm_qpoases:/home/home/fairino_ros2_ws/install/isaacsim:/home/home/fairino_ros2_ws/install/fairino_rviz:/home/home/fairino_ros2_ws/install/fairino_action_manager:/home/home/fairino_ros2_ws/install/fairino_interfaces:/home/home/fairino_ros2_ws/install/fairino_description:/home/home/fairino_ros2_ws/install/dh_robotics_ag95_description /usr/bin/cmake --build /home/home/dcp_ws/build/dh_robotics_ag95_description -- -j10 -l10
[0.291s] Invoked command in '/home/home/dcp_ws/build/dh_robotics_ag95_description' returned '0': CMAKE_PREFIX_PATH=/home/home/dcp_ws/install/robotiq_description:/home/home/dcp_ws/install/pak_hqp_controller:/home/home/dcp_ws/install/kimm_hqp_controller:/home/home/dcp_ws/install/kimm_trajectory_smoother:/home/home/dcp_ws/install/isaacsim_ros2:/home/home/fairino_ros2_ws/install/isaacsim_ros2:/opt/ros/humble:/home/home/dcp_ws/install/kimm_qpoases:/home/home/dcp_ws/install/isaacsim:/home/home/dcp_ws/install/fairino_rviz:/home/home/dcp_ws/install/fairino_action_manager:/home/home/dcp_ws/install/fairino_interfaces:/home/home/dcp_ws/install/fairino_description:/home/home/dcp_ws/install/dh_robotics_ag95_description:/home/home/fairino_ros2_ws/install/kimm_hqp_controller:/home/home/fairino_ros2_ws/install/kimm_trajectory_smoother:/home/home/fairino_ros2_ws/install/kimm_qpoases:/home/home/fairino_ros2_ws/install/isaacsim:/home/home/fairino_ros2_ws/install/fairino_rviz:/home/home/fairino_ros2_ws/install/fairino_action_manager:/home/home/fairino_ros2_ws/install/fairino_interfaces:/home/home/fairino_ros2_ws/install/fairino_description:/home/home/fairino_ros2_ws/install/dh_robotics_ag95_description /usr/bin/cmake --build /home/home/dcp_ws/build/dh_robotics_ag95_description -- -j10 -l10
[0.292s] Invoking command in '/home/home/dcp_ws/build/dh_robotics_ag95_description': CMAKE_PREFIX_PATH=/home/home/dcp_ws/install/robotiq_description:/home/home/dcp_ws/install/pak_hqp_controller:/home/home/dcp_ws/install/kimm_hqp_controller:/home/home/dcp_ws/install/kimm_trajectory_smoother:/home/home/dcp_ws/install/isaacsim_ros2:/home/home/fairino_ros2_ws/install/isaacsim_ros2:/opt/ros/humble:/home/home/dcp_ws/install/kimm_qpoases:/home/home/dcp_ws/install/isaacsim:/home/home/dcp_ws/install/fairino_rviz:/home/home/dcp_ws/install/fairino_action_manager:/home/home/dcp_ws/install/fairino_interfaces:/home/home/dcp_ws/install/fairino_description:/home/home/dcp_ws/install/dh_robotics_ag95_description:/home/home/fairino_ros2_ws/install/kimm_hqp_controller:/home/home/fairino_ros2_ws/install/kimm_trajectory_smoother:/home/home/fairino_ros2_ws/install/kimm_qpoases:/home/home/fairino_ros2_ws/install/isaacsim:/home/home/fairino_ros2_ws/install/fairino_rviz:/home/home/fairino_ros2_ws/install/fairino_action_manager:/home/home/fairino_ros2_ws/install/fairino_interfaces:/home/home/fairino_ros2_ws/install/fairino_description:/home/home/fairino_ros2_ws/install/dh_robotics_ag95_description /usr/bin/cmake --install /home/home/dcp_ws/build/dh_robotics_ag95_description
[0.323s] -- Install configuration: ""
[0.323s] -- Up-to-date: /home/home/dcp_ws/install/dh_robotics_ag95_description/share/dh_robotics_ag95_description/meshes
[0.323s] -- Up-to-date: /home/home/dcp_ws/install/dh_robotics_ag95_description/share/dh_robotics_ag95_description/meshes/visual
[0.323s] -- Up-to-date: /home/home/dcp_ws/install/dh_robotics_ag95_description/share/dh_robotics_ag95_description/meshes/visual/base_link.STL
[0.324s] -- Up-to-date: /home/home/dcp_ws/install/dh_robotics_ag95_description/share/dh_robotics_ag95_description/meshes/visual/distal_phalanx_Link.STL
[0.324s] -- Up-to-date: /home/home/dcp_ws/install/dh_robotics_ag95_description/share/dh_robotics_ag95_description/meshes/visual/crank_Link.STL
[0.324s] -- Up-to-date: /home/home/dcp_ws/install/dh_robotics_ag95_description/share/dh_robotics_ag95_description/meshes/visual/rod_Link.STL
[0.324s] -- Up-to-date: /home/home/dcp_ws/install/dh_robotics_ag95_description/share/dh_robotics_ag95_description/meshes/visual/proximal_phalanx_Link.STL
[0.324s] -- Up-to-date: /home/home/dcp_ws/install/dh_robotics_ag95_description/share/dh_robotics_ag95_description/urdf
[0.325s] -- Up-to-date: /home/home/dcp_ws/install/dh_robotics_ag95_description/share/dh_robotics_ag95_description/urdf/dh_robotics_ag95_gripper.gv
[0.325s] -- Up-to-date: /home/home/dcp_ws/install/dh_robotics_ag95_description/share/dh_robotics_ag95_description/urdf/dh_robotics_ag95_gripper.pdf
[0.325s] -- Up-to-date: /home/home/dcp_ws/install/dh_robotics_ag95_description/share/dh_robotics_ag95_description/urdf/dh_robotics_ag95.urdf
[0.325s] -- Up-to-date: /home/home/dcp_ws/install/dh_robotics_ag95_description/share/dh_robotics_ag95_description/urdf/dh_robotics_ag95_gripper.transmission.xacro
[0.325s] -- Up-to-date: /home/home/dcp_ws/install/dh_robotics_ag95_description/share/dh_robotics_ag95_description/urdf/dh_robotics_ag95_gripper.urdf.xacro
[0.325s] -- Up-to-date: /home/home/dcp_ws/install/dh_robotics_ag95_description/share/dh_robotics_ag95_description/urdf/dh_robotics_ag95_gripper.xacro
[0.325s] -- Up-to-date: /home/home/dcp_ws/install/dh_robotics_ag95_description/share/ament_index/resource_index/package_run_dependencies/dh_robotics_ag95_description
[0.325s] -- Up-to-date: /home/home/dcp_ws/install/dh_robotics_ag95_description/share/ament_index/resource_index/parent_prefix_path/dh_robotics_ag95_description
[0.325s] -- Up-to-date: /home/home/dcp_ws/install/dh_robotics_ag95_description/share/dh_robotics_ag95_description/environment/ament_prefix_path.sh
[0.326s] -- Up-to-date: /home/home/dcp_ws/install/dh_robotics_ag95_description/share/dh_robotics_ag95_description/environment/ament_prefix_path.dsv
[0.326s] -- Up-to-date: /home/home/dcp_ws/install/dh_robotics_ag95_description/share/dh_robotics_ag95_description/environment/path.sh
[0.326s] -- Up-to-date: /home/home/dcp_ws/install/dh_robotics_ag95_description/share/dh_robotics_ag95_description/environment/path.dsv
[0.326s] -- Up-to-date: /home/home/dcp_ws/install/dh_robotics_ag95_description/share/dh_robotics_ag95_description/local_setup.bash
[0.326s] -- Up-to-date: /home/home/dcp_ws/install/dh_robotics_ag95_description/share/dh_robotics_ag95_description/local_setup.sh
[0.327s] -- Up-to-date: /home/home/dcp_ws/install/dh_robotics_ag95_description/share/dh_robotics_ag95_description/local_setup.zsh
[0.327s] -- Up-to-date: /home/home/dcp_ws/install/dh_robotics_ag95_description/share/dh_robotics_ag95_description/local_setup.dsv
[0.327s] -- Installing: /home/home/dcp_ws/install/dh_robotics_ag95_description/share/dh_robotics_ag95_description/package.dsv
[0.327s] -- Up-to-date: /home/home/dcp_ws/install/dh_robotics_ag95_description/share/ament_index/resource_index/packages/dh_robotics_ag95_description
[0.327s] -- Up-to-date: /home/home/dcp_ws/install/dh_robotics_ag95_description/share/dh_robotics_ag95_description/cmake/dh_robotics_ag95_descriptionConfig.cmake
[0.327s] -- Up-to-date: /home/home/dcp_ws/install/dh_robotics_ag95_description/share/dh_robotics_ag95_description/cmake/dh_robotics_ag95_descriptionConfig-version.cmake
[0.327s] -- Up-to-date: /home/home/dcp_ws/install/dh_robotics_ag95_description/share/dh_robotics_ag95_description/package.xml
[0.376s] Invoked command in '/home/home/dcp_ws/build/dh_robotics_ag95_description' returned '0': CMAKE_PREFIX_PATH=/home/home/dcp_ws/install/robotiq_description:/home/home/dcp_ws/install/pak_hqp_controller:/home/home/dcp_ws/install/kimm_hqp_controller:/home/home/dcp_ws/install/kimm_trajectory_smoother:/home/home/dcp_ws/install/isaacsim_ros2:/home/home/fairino_ros2_ws/install/isaacsim_ros2:/opt/ros/humble:/home/home/dcp_ws/install/kimm_qpoases:/home/home/dcp_ws/install/isaacsim:/home/home/dcp_ws/install/fairino_rviz:/home/home/dcp_ws/install/fairino_action_manager:/home/home/dcp_ws/install/fairino_interfaces:/home/home/dcp_ws/install/fairino_description:/home/home/dcp_ws/install/dh_robotics_ag95_description:/home/home/fairino_ros2_ws/install/kimm_hqp_controller:/home/home/fairino_ros2_ws/install/kimm_trajectory_smoother:/home/home/fairino_ros2_ws/install/kimm_qpoases:/home/home/fairino_ros2_ws/install/isaacsim:/home/home/fairino_ros2_ws/install/fairino_rviz:/home/home/fairino_ros2_ws/install/fairino_action_manager:/home/home/fairino_ros2_ws/install/fairino_interfaces:/home/home/fairino_ros2_ws/install/fairino_description:/home/home/fairino_ros2_ws/install/dh_robotics_ag95_description /usr/bin/cmake --install /home/home/dcp_ws/build/dh_robotics_ag95_description
