[  1%] Built target fairino_interfaces__cpp
[ 12%] Built target fairino_interfaces__rosidl_generator_c
[ 12%] Built target ament_cmake_python_symlink_fairino_interfaces
[ 24%] Built target fairino_interfaces__rosidl_typesupport_cpp
[ 35%] Built target fairino_interfaces__rosidl_typesupport_fastrtps_cpp
[ 47%] Built target fairino_interfaces__rosidl_typesupport_c
[ 58%] Built target fairino_interfaces__rosidl_typesupport_introspection_c
[ 70%] Built target fairino_interfaces__rosidl_typesupport_introspection_cpp
[ 82%] Built target fairino_interfaces__rosidl_typesupport_fastrtps_c
[ 82%] Built target fairino_interfaces
[ 83%] Built target fairino_interfaces__py
[ 93%] Built target fairino_interfaces__rosidl_generator_py
[ 95%] Built target fairino_interfaces__rosidl_typesupport_fastrtps_c__pyext
[ 97%] Built target fairino_interfaces__rosidl_typesupport_introspection_c__pyext
[100%] Built target fairino_interfaces__rosidl_typesupport_c__pyext
running egg_info
writing fairino_interfaces.egg-info/PKG-INFO
writing dependency_links to fairino_interfaces.egg-info/dependency_links.txt
writing top-level names to fairino_interfaces.egg-info/top_level.txt
reading manifest file 'fairino_interfaces.egg-info/SOURCES.txt'
writing manifest file 'fairino_interfaces.egg-info/SOURCES.txt'
[100%] Built target ament_cmake_python_build_fairino_interfaces_egg
-- Install configuration: ""
-- Execute custom install script
-- Up-to-date symlink: /home/home/dcp_ws/install/fairino_interfaces/share/ament_index/resource_index/rosidl_interfaces/fairino_interfaces
-- Up-to-date symlink: /home/home/dcp_ws/install/fairino_interfaces/include/fairino_interfaces/fairino_interfaces/action/detail/gripper__functions.h
-- Up-to-date symlink: /home/home/dcp_ws/install/fairino_interfaces/include/fairino_interfaces/fairino_interfaces/action/detail/gripper__struct.h
-- Up-to-date symlink: /home/home/dcp_ws/install/fairino_interfaces/include/fairino_interfaces/fairino_interfaces/action/detail/gripper__type_support.h
-- Up-to-date symlink: /home/home/dcp_ws/install/fairino_interfaces/include/fairino_interfaces/fairino_interfaces/action/detail/joint_posture__functions.h
-- Up-to-date symlink: /home/home/dcp_ws/install/fairino_interfaces/include/fairino_interfaces/fairino_interfaces/action/detail/joint_posture__struct.h
-- Up-to-date symlink: /home/home/dcp_ws/install/fairino_interfaces/include/fairino_interfaces/fairino_interfaces/action/detail/joint_posture__type_support.h
-- Up-to-date symlink: /home/home/dcp_ws/install/fairino_interfaces/include/fairino_interfaces/fairino_interfaces/action/detail/move__functions.h
-- Up-to-date symlink: /home/home/dcp_ws/install/fairino_interfaces/include/fairino_interfaces/fairino_interfaces/action/detail/move__struct.h
-- Up-to-date symlink: /home/home/dcp_ws/install/fairino_interfaces/include/fairino_interfaces/fairino_interfaces/action/detail/move__type_support.h
-- Up-to-date symlink: /home/home/dcp_ws/install/fairino_interfaces/include/fairino_interfaces/fairino_interfaces/action/detail/qr__functions.h
-- Up-to-date symlink: /home/home/dcp_ws/install/fairino_interfaces/include/fairino_interfaces/fairino_interfaces/action/detail/qr__struct.h
-- Up-to-date symlink: /home/home/dcp_ws/install/fairino_interfaces/include/fairino_interfaces/fairino_interfaces/action/detail/qr__type_support.h
-- Up-to-date symlink: /home/home/dcp_ws/install/fairino_interfaces/include/fairino_interfaces/fairino_interfaces/action/detail/se3__functions.h
-- Up-to-date symlink: /home/home/dcp_ws/install/fairino_interfaces/include/fairino_interfaces/fairino_interfaces/action/detail/se3__struct.h
-- Up-to-date symlink: /home/home/dcp_ws/install/fairino_interfaces/include/fairino_interfaces/fairino_interfaces/action/detail/se3__type_support.h
-- Up-to-date symlink: /home/home/dcp_ws/install/fairino_interfaces/include/fairino_interfaces/fairino_interfaces/action/detail/se3_array__functions.h
-- Up-to-date symlink: /home/home/dcp_ws/install/fairino_interfaces/include/fairino_interfaces/fairino_interfaces/action/detail/se3_array__struct.h
-- Up-to-date symlink: /home/home/dcp_ws/install/fairino_interfaces/include/fairino_interfaces/fairino_interfaces/action/detail/se3_array__type_support.h
-- Up-to-date symlink: /home/home/dcp_ws/install/fairino_interfaces/include/fairino_interfaces/fairino_interfaces/action/detail/tool_changer__functions.h
-- Up-to-date symlink: /home/home/dcp_ws/install/fairino_interfaces/include/fairino_interfaces/fairino_interfaces/action/detail/tool_changer__struct.h
-- Up-to-date symlink: /home/home/dcp_ws/install/fairino_interfaces/include/fairino_interfaces/fairino_interfaces/action/detail/tool_changer__type_support.h
-- Up-to-date symlink: /home/home/dcp_ws/install/fairino_interfaces/include/fairino_interfaces/fairino_interfaces/action/gripper.h
-- Up-to-date symlink: /home/home/dcp_ws/install/fairino_interfaces/include/fairino_interfaces/fairino_interfaces/action/joint_posture.h
-- Up-to-date symlink: /home/home/dcp_ws/install/fairino_interfaces/include/fairino_interfaces/fairino_interfaces/action/move.h
-- Up-to-date symlink: /home/home/dcp_ws/install/fairino_interfaces/include/fairino_interfaces/fairino_interfaces/action/qr.h
-- Up-to-date symlink: /home/home/dcp_ws/install/fairino_interfaces/include/fairino_interfaces/fairino_interfaces/action/se3.h
-- Up-to-date symlink: /home/home/dcp_ws/install/fairino_interfaces/include/fairino_interfaces/fairino_interfaces/action/se3_array.h
-- Up-to-date symlink: /home/home/dcp_ws/install/fairino_interfaces/include/fairino_interfaces/fairino_interfaces/action/tool_changer.h
-- Up-to-date symlink: /home/home/dcp_ws/install/fairino_interfaces/include/fairino_interfaces/fairino_interfaces/msg/rosidl_generator_c__visibility_control.h
-- Up-to-date symlink: /home/home/dcp_ws/install/fairino_interfaces/include/fairino_interfaces/fairino_interfaces/srv/detail/pick__functions.h
-- Up-to-date symlink: /home/home/dcp_ws/install/fairino_interfaces/include/fairino_interfaces/fairino_interfaces/srv/detail/pick__struct.h
-- Up-to-date symlink: /home/home/dcp_ws/install/fairino_interfaces/include/fairino_interfaces/fairino_interfaces/srv/detail/pick__type_support.h
-- Up-to-date symlink: /home/home/dcp_ws/install/fairino_interfaces/include/fairino_interfaces/fairino_interfaces/srv/detail/place__functions.h
-- Up-to-date symlink: /home/home/dcp_ws/install/fairino_interfaces/include/fairino_interfaces/fairino_interfaces/srv/detail/place__struct.h
-- Up-to-date symlink: /home/home/dcp_ws/install/fairino_interfaces/include/fairino_interfaces/fairino_interfaces/srv/detail/place__type_support.h
-- Up-to-date symlink: /home/home/dcp_ws/install/fairino_interfaces/include/fairino_interfaces/fairino_interfaces/srv/pick.h
-- Up-to-date symlink: /home/home/dcp_ws/install/fairino_interfaces/include/fairino_interfaces/fairino_interfaces/srv/place.h
-- Up-to-date symlink: /home/home/dcp_ws/install/fairino_interfaces/share/fairino_interfaces/environment/library_path.sh
-- Up-to-date symlink: /home/home/dcp_ws/install/fairino_interfaces/share/fairino_interfaces/environment/library_path.dsv
-- Up-to-date symlink: /home/home/dcp_ws/install/fairino_interfaces/include/fairino_interfaces/fairino_interfaces/action/detail/gripper__rosidl_typesupport_fastrtps_c.h
-- Up-to-date symlink: /home/home/dcp_ws/install/fairino_interfaces/include/fairino_interfaces/fairino_interfaces/action/detail/joint_posture__rosidl_typesupport_fastrtps_c.h
-- Up-to-date symlink: /home/home/dcp_ws/install/fairino_interfaces/include/fairino_interfaces/fairino_interfaces/action/detail/move__rosidl_typesupport_fastrtps_c.h
-- Up-to-date symlink: /home/home/dcp_ws/install/fairino_interfaces/include/fairino_interfaces/fairino_interfaces/action/detail/qr__rosidl_typesupport_fastrtps_c.h
-- Up-to-date symlink: /home/home/dcp_ws/install/fairino_interfaces/include/fairino_interfaces/fairino_interfaces/action/detail/se3__rosidl_typesupport_fastrtps_c.h
-- Up-to-date symlink: /home/home/dcp_ws/install/fairino_interfaces/include/fairino_interfaces/fairino_interfaces/action/detail/se3_array__rosidl_typesupport_fastrtps_c.h
-- Up-to-date symlink: /home/home/dcp_ws/install/fairino_interfaces/include/fairino_interfaces/fairino_interfaces/action/detail/tool_changer__rosidl_typesupport_fastrtps_c.h
-- Up-to-date symlink: /home/home/dcp_ws/install/fairino_interfaces/include/fairino_interfaces/fairino_interfaces/msg/rosidl_typesupport_fastrtps_c__visibility_control.h
-- Up-to-date symlink: /home/home/dcp_ws/install/fairino_interfaces/include/fairino_interfaces/fairino_interfaces/srv/detail/pick__rosidl_typesupport_fastrtps_c.h
-- Up-to-date symlink: /home/home/dcp_ws/install/fairino_interfaces/include/fairino_interfaces/fairino_interfaces/srv/detail/place__rosidl_typesupport_fastrtps_c.h
-- Up-to-date symlink: /home/home/dcp_ws/install/fairino_interfaces/include/fairino_interfaces/fairino_interfaces/action/detail/gripper__rosidl_typesupport_introspection_c.h
-- Up-to-date symlink: /home/home/dcp_ws/install/fairino_interfaces/include/fairino_interfaces/fairino_interfaces/action/detail/joint_posture__rosidl_typesupport_introspection_c.h
-- Up-to-date symlink: /home/home/dcp_ws/install/fairino_interfaces/include/fairino_interfaces/fairino_interfaces/action/detail/move__rosidl_typesupport_introspection_c.h
-- Up-to-date symlink: /home/home/dcp_ws/install/fairino_interfaces/include/fairino_interfaces/fairino_interfaces/action/detail/qr__rosidl_typesupport_introspection_c.h
-- Up-to-date symlink: /home/home/dcp_ws/install/fairino_interfaces/include/fairino_interfaces/fairino_interfaces/action/detail/se3__rosidl_typesupport_introspection_c.h
-- Up-to-date symlink: /home/home/dcp_ws/install/fairino_interfaces/include/fairino_interfaces/fairino_interfaces/action/detail/se3_array__rosidl_typesupport_introspection_c.h
-- Up-to-date symlink: /home/home/dcp_ws/install/fairino_interfaces/include/fairino_interfaces/fairino_interfaces/action/detail/tool_changer__rosidl_typesupport_introspection_c.h
-- Up-to-date symlink: /home/home/dcp_ws/install/fairino_interfaces/include/fairino_interfaces/fairino_interfaces/msg/rosidl_typesupport_introspection_c__visibility_control.h
-- Up-to-date symlink: /home/home/dcp_ws/install/fairino_interfaces/include/fairino_interfaces/fairino_interfaces/srv/detail/pick__rosidl_typesupport_introspection_c.h
-- Up-to-date symlink: /home/home/dcp_ws/install/fairino_interfaces/include/fairino_interfaces/fairino_interfaces/srv/detail/place__rosidl_typesupport_introspection_c.h
-- Up-to-date symlink: /home/home/dcp_ws/install/fairino_interfaces/include/fairino_interfaces/fairino_interfaces/action/detail/gripper__builder.hpp
-- Up-to-date symlink: /home/home/dcp_ws/install/fairino_interfaces/include/fairino_interfaces/fairino_interfaces/action/detail/gripper__struct.hpp
-- Up-to-date symlink: /home/home/dcp_ws/install/fairino_interfaces/include/fairino_interfaces/fairino_interfaces/action/detail/gripper__traits.hpp
-- Up-to-date symlink: /home/home/dcp_ws/install/fairino_interfaces/include/fairino_interfaces/fairino_interfaces/action/detail/gripper__type_support.hpp
-- Up-to-date symlink: /home/home/dcp_ws/install/fairino_interfaces/include/fairino_interfaces/fairino_interfaces/action/detail/joint_posture__builder.hpp
-- Up-to-date symlink: /home/home/dcp_ws/install/fairino_interfaces/include/fairino_interfaces/fairino_interfaces/action/detail/joint_posture__struct.hpp
-- Up-to-date symlink: /home/home/dcp_ws/install/fairino_interfaces/include/fairino_interfaces/fairino_interfaces/action/detail/joint_posture__traits.hpp
-- Up-to-date symlink: /home/home/dcp_ws/install/fairino_interfaces/include/fairino_interfaces/fairino_interfaces/action/detail/joint_posture__type_support.hpp
-- Up-to-date symlink: /home/home/dcp_ws/install/fairino_interfaces/include/fairino_interfaces/fairino_interfaces/action/detail/move__builder.hpp
-- Up-to-date symlink: /home/home/dcp_ws/install/fairino_interfaces/include/fairino_interfaces/fairino_interfaces/action/detail/move__struct.hpp
-- Up-to-date symlink: /home/home/dcp_ws/install/fairino_interfaces/include/fairino_interfaces/fairino_interfaces/action/detail/move__traits.hpp
-- Up-to-date symlink: /home/home/dcp_ws/install/fairino_interfaces/include/fairino_interfaces/fairino_interfaces/action/detail/move__type_support.hpp
-- Up-to-date symlink: /home/home/dcp_ws/install/fairino_interfaces/include/fairino_interfaces/fairino_interfaces/action/detail/qr__builder.hpp
-- Up-to-date symlink: /home/home/dcp_ws/install/fairino_interfaces/include/fairino_interfaces/fairino_interfaces/action/detail/qr__struct.hpp
-- Up-to-date symlink: /home/home/dcp_ws/install/fairino_interfaces/include/fairino_interfaces/fairino_interfaces/action/detail/qr__traits.hpp
-- Up-to-date symlink: /home/home/dcp_ws/install/fairino_interfaces/include/fairino_interfaces/fairino_interfaces/action/detail/qr__type_support.hpp
-- Up-to-date symlink: /home/home/dcp_ws/install/fairino_interfaces/include/fairino_interfaces/fairino_interfaces/action/detail/se3__builder.hpp
-- Up-to-date symlink: /home/home/dcp_ws/install/fairino_interfaces/include/fairino_interfaces/fairino_interfaces/action/detail/se3__struct.hpp
-- Up-to-date symlink: /home/home/dcp_ws/install/fairino_interfaces/include/fairino_interfaces/fairino_interfaces/action/detail/se3__traits.hpp
-- Up-to-date symlink: /home/home/dcp_ws/install/fairino_interfaces/include/fairino_interfaces/fairino_interfaces/action/detail/se3__type_support.hpp
-- Up-to-date symlink: /home/home/dcp_ws/install/fairino_interfaces/include/fairino_interfaces/fairino_interfaces/action/detail/se3_array__builder.hpp
-- Up-to-date symlink: /home/home/dcp_ws/install/fairino_interfaces/include/fairino_interfaces/fairino_interfaces/action/detail/se3_array__struct.hpp
-- Up-to-date symlink: /home/home/dcp_ws/install/fairino_interfaces/include/fairino_interfaces/fairino_interfaces/action/detail/se3_array__traits.hpp
-- Up-to-date symlink: /home/home/dcp_ws/install/fairino_interfaces/include/fairino_interfaces/fairino_interfaces/action/detail/se3_array__type_support.hpp
-- Up-to-date symlink: /home/home/dcp_ws/install/fairino_interfaces/include/fairino_interfaces/fairino_interfaces/action/detail/tool_changer__builder.hpp
-- Up-to-date symlink: /home/home/dcp_ws/install/fairino_interfaces/include/fairino_interfaces/fairino_interfaces/action/detail/tool_changer__struct.hpp
-- Up-to-date symlink: /home/home/dcp_ws/install/fairino_interfaces/include/fairino_interfaces/fairino_interfaces/action/detail/tool_changer__traits.hpp
-- Up-to-date symlink: /home/home/dcp_ws/install/fairino_interfaces/include/fairino_interfaces/fairino_interfaces/action/detail/tool_changer__type_support.hpp
-- Up-to-date symlink: /home/home/dcp_ws/install/fairino_interfaces/include/fairino_interfaces/fairino_interfaces/action/gripper.hpp
-- Up-to-date symlink: /home/home/dcp_ws/install/fairino_interfaces/include/fairino_interfaces/fairino_interfaces/action/joint_posture.hpp
-- Up-to-date symlink: /home/home/dcp_ws/install/fairino_interfaces/include/fairino_interfaces/fairino_interfaces/action/move.hpp
-- Up-to-date symlink: /home/home/dcp_ws/install/fairino_interfaces/include/fairino_interfaces/fairino_interfaces/action/qr.hpp
-- Up-to-date symlink: /home/home/dcp_ws/install/fairino_interfaces/include/fairino_interfaces/fairino_interfaces/action/se3.hpp
-- Up-to-date symlink: /home/home/dcp_ws/install/fairino_interfaces/include/fairino_interfaces/fairino_interfaces/action/se3_array.hpp
-- Up-to-date symlink: /home/home/dcp_ws/install/fairino_interfaces/include/fairino_interfaces/fairino_interfaces/action/tool_changer.hpp
-- Up-to-date symlink: /home/home/dcp_ws/install/fairino_interfaces/include/fairino_interfaces/fairino_interfaces/msg/rosidl_generator_cpp__visibility_control.hpp
-- Up-to-date symlink: /home/home/dcp_ws/install/fairino_interfaces/include/fairino_interfaces/fairino_interfaces/srv/detail/pick__builder.hpp
-- Up-to-date symlink: /home/home/dcp_ws/install/fairino_interfaces/include/fairino_interfaces/fairino_interfaces/srv/detail/pick__struct.hpp
-- Up-to-date symlink: /home/home/dcp_ws/install/fairino_interfaces/include/fairino_interfaces/fairino_interfaces/srv/detail/pick__traits.hpp
-- Up-to-date symlink: /home/home/dcp_ws/install/fairino_interfaces/include/fairino_interfaces/fairino_interfaces/srv/detail/pick__type_support.hpp
-- Up-to-date symlink: /home/home/dcp_ws/install/fairino_interfaces/include/fairino_interfaces/fairino_interfaces/srv/detail/place__builder.hpp
-- Up-to-date symlink: /home/home/dcp_ws/install/fairino_interfaces/include/fairino_interfaces/fairino_interfaces/srv/detail/place__struct.hpp
-- Up-to-date symlink: /home/home/dcp_ws/install/fairino_interfaces/include/fairino_interfaces/fairino_interfaces/srv/detail/place__traits.hpp
-- Up-to-date symlink: /home/home/dcp_ws/install/fairino_interfaces/include/fairino_interfaces/fairino_interfaces/srv/detail/place__type_support.hpp
-- Up-to-date symlink: /home/home/dcp_ws/install/fairino_interfaces/include/fairino_interfaces/fairino_interfaces/srv/pick.hpp
-- Up-to-date symlink: /home/home/dcp_ws/install/fairino_interfaces/include/fairino_interfaces/fairino_interfaces/srv/place.hpp
-- Up-to-date symlink: /home/home/dcp_ws/install/fairino_interfaces/include/fairino_interfaces/fairino_interfaces/action/detail/gripper__rosidl_typesupport_fastrtps_cpp.hpp
-- Up-to-date symlink: /home/home/dcp_ws/install/fairino_interfaces/include/fairino_interfaces/fairino_interfaces/action/detail/joint_posture__rosidl_typesupport_fastrtps_cpp.hpp
-- Up-to-date symlink: /home/home/dcp_ws/install/fairino_interfaces/include/fairino_interfaces/fairino_interfaces/action/detail/move__rosidl_typesupport_fastrtps_cpp.hpp
-- Up-to-date symlink: /home/home/dcp_ws/install/fairino_interfaces/include/fairino_interfaces/fairino_interfaces/action/detail/qr__rosidl_typesupport_fastrtps_cpp.hpp
-- Up-to-date symlink: /home/home/dcp_ws/install/fairino_interfaces/include/fairino_interfaces/fairino_interfaces/action/detail/se3__rosidl_typesupport_fastrtps_cpp.hpp
-- Up-to-date symlink: /home/home/dcp_ws/install/fairino_interfaces/include/fairino_interfaces/fairino_interfaces/action/detail/se3_array__rosidl_typesupport_fastrtps_cpp.hpp
-- Up-to-date symlink: /home/home/dcp_ws/install/fairino_interfaces/include/fairino_interfaces/fairino_interfaces/action/detail/tool_changer__rosidl_typesupport_fastrtps_cpp.hpp
-- Up-to-date symlink: /home/home/dcp_ws/install/fairino_interfaces/include/fairino_interfaces/fairino_interfaces/msg/rosidl_typesupport_fastrtps_cpp__visibility_control.h
-- Up-to-date symlink: /home/home/dcp_ws/install/fairino_interfaces/include/fairino_interfaces/fairino_interfaces/srv/detail/pick__rosidl_typesupport_fastrtps_cpp.hpp
-- Up-to-date symlink: /home/home/dcp_ws/install/fairino_interfaces/include/fairino_interfaces/fairino_interfaces/srv/detail/place__rosidl_typesupport_fastrtps_cpp.hpp
-- Up-to-date symlink: /home/home/dcp_ws/install/fairino_interfaces/include/fairino_interfaces/fairino_interfaces/action/detail/gripper__rosidl_typesupport_introspection_cpp.hpp
-- Up-to-date symlink: /home/home/dcp_ws/install/fairino_interfaces/include/fairino_interfaces/fairino_interfaces/action/detail/joint_posture__rosidl_typesupport_introspection_cpp.hpp
-- Up-to-date symlink: /home/home/dcp_ws/install/fairino_interfaces/include/fairino_interfaces/fairino_interfaces/action/detail/move__rosidl_typesupport_introspection_cpp.hpp
-- Up-to-date symlink: /home/home/dcp_ws/install/fairino_interfaces/include/fairino_interfaces/fairino_interfaces/action/detail/qr__rosidl_typesupport_introspection_cpp.hpp
-- Up-to-date symlink: /home/home/dcp_ws/install/fairino_interfaces/include/fairino_interfaces/fairino_interfaces/action/detail/se3__rosidl_typesupport_introspection_cpp.hpp
-- Up-to-date symlink: /home/home/dcp_ws/install/fairino_interfaces/include/fairino_interfaces/fairino_interfaces/action/detail/se3_array__rosidl_typesupport_introspection_cpp.hpp
-- Up-to-date symlink: /home/home/dcp_ws/install/fairino_interfaces/include/fairino_interfaces/fairino_interfaces/action/detail/tool_changer__rosidl_typesupport_introspection_cpp.hpp
-- Up-to-date symlink: /home/home/dcp_ws/install/fairino_interfaces/include/fairino_interfaces/fairino_interfaces/srv/detail/pick__rosidl_typesupport_introspection_cpp.hpp
-- Up-to-date symlink: /home/home/dcp_ws/install/fairino_interfaces/include/fairino_interfaces/fairino_interfaces/srv/detail/place__rosidl_typesupport_introspection_cpp.hpp
-- Up-to-date symlink: /home/home/dcp_ws/install/fairino_interfaces/share/fairino_interfaces/environment/pythonpath.sh
-- Up-to-date symlink: /home/home/dcp_ws/install/fairino_interfaces/share/fairino_interfaces/environment/pythonpath.dsv
-- Up-to-date symlink: /home/home/dcp_ws/install/fairino_interfaces/local/lib/python3.10/dist-packages/fairino_interfaces-0.0.0-py3.10.egg-info/PKG-INFO
-- Up-to-date symlink: /home/home/dcp_ws/install/fairino_interfaces/local/lib/python3.10/dist-packages/fairino_interfaces-0.0.0-py3.10.egg-info/SOURCES.txt
-- Up-to-date symlink: /home/home/dcp_ws/install/fairino_interfaces/local/lib/python3.10/dist-packages/fairino_interfaces-0.0.0-py3.10.egg-info/dependency_links.txt
-- Up-to-date symlink: /home/home/dcp_ws/install/fairino_interfaces/local/lib/python3.10/dist-packages/fairino_interfaces-0.0.0-py3.10.egg-info/top_level.txt
-- Up-to-date symlink: /home/home/dcp_ws/install/fairino_interfaces/local/lib/python3.10/dist-packages/fairino_interfaces/__init__.py
-- Up-to-date symlink: /home/home/dcp_ws/install/fairino_interfaces/local/lib/python3.10/dist-packages/fairino_interfaces/_fairino_interfaces_s.ep.rosidl_typesupport_c.c
-- Up-to-date symlink: /home/home/dcp_ws/install/fairino_interfaces/local/lib/python3.10/dist-packages/fairino_interfaces/_fairino_interfaces_s.ep.rosidl_typesupport_fastrtps_c.c
-- Up-to-date symlink: /home/home/dcp_ws/install/fairino_interfaces/local/lib/python3.10/dist-packages/fairino_interfaces/_fairino_interfaces_s.ep.rosidl_typesupport_introspection_c.c
-- Up-to-date symlink: /home/home/dcp_ws/install/fairino_interfaces/local/lib/python3.10/dist-packages/fairino_interfaces/action/__init__.py
-- Up-to-date symlink: /home/home/dcp_ws/install/fairino_interfaces/local/lib/python3.10/dist-packages/fairino_interfaces/action/_gripper.py
-- Up-to-date symlink: /home/home/dcp_ws/install/fairino_interfaces/local/lib/python3.10/dist-packages/fairino_interfaces/action/_gripper_s.c
-- Up-to-date symlink: /home/home/dcp_ws/install/fairino_interfaces/local/lib/python3.10/dist-packages/fairino_interfaces/action/_joint_posture.py
-- Up-to-date symlink: /home/home/dcp_ws/install/fairino_interfaces/local/lib/python3.10/dist-packages/fairino_interfaces/action/_joint_posture_s.c
-- Up-to-date symlink: /home/home/dcp_ws/install/fairino_interfaces/local/lib/python3.10/dist-packages/fairino_interfaces/action/_move.py
-- Up-to-date symlink: /home/home/dcp_ws/install/fairino_interfaces/local/lib/python3.10/dist-packages/fairino_interfaces/action/_move_s.c
-- Up-to-date symlink: /home/home/dcp_ws/install/fairino_interfaces/local/lib/python3.10/dist-packages/fairino_interfaces/action/_qr.py
-- Up-to-date symlink: /home/home/dcp_ws/install/fairino_interfaces/local/lib/python3.10/dist-packages/fairino_interfaces/action/_qr_s.c
-- Up-to-date symlink: /home/home/dcp_ws/install/fairino_interfaces/local/lib/python3.10/dist-packages/fairino_interfaces/action/_se3.py
-- Up-to-date symlink: /home/home/dcp_ws/install/fairino_interfaces/local/lib/python3.10/dist-packages/fairino_interfaces/action/_se3_array.py
-- Up-to-date symlink: /home/home/dcp_ws/install/fairino_interfaces/local/lib/python3.10/dist-packages/fairino_interfaces/action/_se3_array_s.c
-- Up-to-date symlink: /home/home/dcp_ws/install/fairino_interfaces/local/lib/python3.10/dist-packages/fairino_interfaces/action/_se3_s.c
-- Up-to-date symlink: /home/home/dcp_ws/install/fairino_interfaces/local/lib/python3.10/dist-packages/fairino_interfaces/action/_tool_changer.py
-- Up-to-date symlink: /home/home/dcp_ws/install/fairino_interfaces/local/lib/python3.10/dist-packages/fairino_interfaces/action/_tool_changer_s.c
-- Up-to-date symlink: /home/home/dcp_ws/install/fairino_interfaces/local/lib/python3.10/dist-packages/fairino_interfaces/fairino_interfaces_s__rosidl_typesupport_c.cpython-310-x86_64-linux-gnu.so
-- Up-to-date symlink: /home/home/dcp_ws/install/fairino_interfaces/local/lib/python3.10/dist-packages/fairino_interfaces/fairino_interfaces_s__rosidl_typesupport_fastrtps_c.cpython-310-x86_64-linux-gnu.so
-- Up-to-date symlink: /home/home/dcp_ws/install/fairino_interfaces/local/lib/python3.10/dist-packages/fairino_interfaces/fairino_interfaces_s__rosidl_typesupport_introspection_c.cpython-310-x86_64-linux-gnu.so
-- Up-to-date symlink: /home/home/dcp_ws/install/fairino_interfaces/local/lib/python3.10/dist-packages/fairino_interfaces/libfairino_interfaces__rosidl_generator_py.so
-- Up-to-date symlink: /home/home/dcp_ws/install/fairino_interfaces/local/lib/python3.10/dist-packages/fairino_interfaces/srv/__init__.py
-- Up-to-date symlink: /home/home/dcp_ws/install/fairino_interfaces/local/lib/python3.10/dist-packages/fairino_interfaces/srv/_pick.py
-- Up-to-date symlink: /home/home/dcp_ws/install/fairino_interfaces/local/lib/python3.10/dist-packages/fairino_interfaces/srv/_pick_s.c
-- Up-to-date symlink: /home/home/dcp_ws/install/fairino_interfaces/local/lib/python3.10/dist-packages/fairino_interfaces/srv/_place.py
-- Up-to-date symlink: /home/home/dcp_ws/install/fairino_interfaces/local/lib/python3.10/dist-packages/fairino_interfaces/srv/_place_s.c
-- Up-to-date symlink: /home/home/dcp_ws/install/fairino_interfaces/local/lib/python3.10/dist-packages/fairino_interfaces/fairino_interfaces_s__rosidl_typesupport_fastrtps_c.cpython-310-x86_64-linux-gnu.so
-- Up-to-date symlink: /home/home/dcp_ws/install/fairino_interfaces/local/lib/python3.10/dist-packages/fairino_interfaces/fairino_interfaces_s__rosidl_typesupport_introspection_c.cpython-310-x86_64-linux-gnu.so
-- Up-to-date symlink: /home/home/dcp_ws/install/fairino_interfaces/local/lib/python3.10/dist-packages/fairino_interfaces/fairino_interfaces_s__rosidl_typesupport_c.cpython-310-x86_64-linux-gnu.so
-- Up-to-date symlink: /home/home/dcp_ws/install/fairino_interfaces/share/fairino_interfaces/action/JointPosture.idl
-- Up-to-date symlink: /home/home/dcp_ws/install/fairino_interfaces/share/fairino_interfaces/action/SE3.idl
-- Up-to-date symlink: /home/home/dcp_ws/install/fairino_interfaces/share/fairino_interfaces/action/SE3Array.idl
-- Up-to-date symlink: /home/home/dcp_ws/install/fairino_interfaces/share/fairino_interfaces/action/Gripper.idl
-- Up-to-date symlink: /home/home/dcp_ws/install/fairino_interfaces/share/fairino_interfaces/action/Move.idl
-- Up-to-date symlink: /home/home/dcp_ws/install/fairino_interfaces/share/fairino_interfaces/action/QR.idl
-- Up-to-date symlink: /home/home/dcp_ws/install/fairino_interfaces/share/fairino_interfaces/action/ToolChanger.idl
-- Up-to-date symlink: /home/home/dcp_ws/install/fairino_interfaces/share/fairino_interfaces/srv/Pick.idl
-- Up-to-date symlink: /home/home/dcp_ws/install/fairino_interfaces/share/fairino_interfaces/srv/Place.idl
-- Up-to-date symlink: /home/home/dcp_ws/install/fairino_interfaces/share/fairino_interfaces/action/JointPosture.action
-- Up-to-date symlink: /home/home/dcp_ws/install/fairino_interfaces/share/fairino_interfaces/action/SE3.action
-- Up-to-date symlink: /home/home/dcp_ws/install/fairino_interfaces/share/fairino_interfaces/action/SE3Array.action
-- Up-to-date symlink: /home/home/dcp_ws/install/fairino_interfaces/share/fairino_interfaces/action/Gripper.action
-- Up-to-date symlink: /home/home/dcp_ws/install/fairino_interfaces/share/fairino_interfaces/action/Move.action
-- Up-to-date symlink: /home/home/dcp_ws/install/fairino_interfaces/share/fairino_interfaces/action/QR.action
-- Up-to-date symlink: /home/home/dcp_ws/install/fairino_interfaces/share/fairino_interfaces/action/ToolChanger.action
-- Up-to-date symlink: /home/home/dcp_ws/install/fairino_interfaces/share/fairino_interfaces/srv/Pick.srv
-- Up-to-date symlink: /home/home/dcp_ws/install/fairino_interfaces/share/fairino_interfaces/srv/Pick_Request.msg
-- Up-to-date symlink: /home/home/dcp_ws/install/fairino_interfaces/share/fairino_interfaces/srv/Pick_Response.msg
-- Up-to-date symlink: /home/home/dcp_ws/install/fairino_interfaces/share/fairino_interfaces/srv/Place.srv
-- Up-to-date symlink: /home/home/dcp_ws/install/fairino_interfaces/share/fairino_interfaces/srv/Place_Request.msg
-- Up-to-date symlink: /home/home/dcp_ws/install/fairino_interfaces/share/fairino_interfaces/srv/Place_Response.msg
-- Up-to-date symlink: /home/home/dcp_ws/install/fairino_interfaces/share/fairino_interfaces/action/Gripper.action
-- Up-to-date symlink: /home/home/dcp_ws/install/fairino_interfaces/share/fairino_interfaces/action/JointPosture.action
-- Up-to-date symlink: /home/home/dcp_ws/install/fairino_interfaces/share/fairino_interfaces/action/Move.action
-- Up-to-date symlink: /home/home/dcp_ws/install/fairino_interfaces/share/fairino_interfaces/action/QR.action
-- Up-to-date symlink: /home/home/dcp_ws/install/fairino_interfaces/share/fairino_interfaces/action/SE3.action
-- Up-to-date symlink: /home/home/dcp_ws/install/fairino_interfaces/share/fairino_interfaces/action/SE3Array.action
-- Up-to-date symlink: /home/home/dcp_ws/install/fairino_interfaces/share/fairino_interfaces/action/ToolChanger.action
-- Up-to-date symlink: /home/home/dcp_ws/install/fairino_interfaces/share/fairino_interfaces/srv/Pick.srv
-- Up-to-date symlink: /home/home/dcp_ws/install/fairino_interfaces/share/fairino_interfaces/srv/Place.srv
-- Up-to-date symlink: /home/home/dcp_ws/install/fairino_interfaces/share/ament_index/resource_index/package_run_dependencies/fairino_interfaces
-- Up-to-date symlink: /home/home/dcp_ws/install/fairino_interfaces/share/ament_index/resource_index/parent_prefix_path/fairino_interfaces
-- Up-to-date symlink: /home/home/dcp_ws/install/fairino_interfaces/share/fairino_interfaces/environment/ament_prefix_path.sh
-- Up-to-date symlink: /home/home/dcp_ws/install/fairino_interfaces/share/fairino_interfaces/environment/ament_prefix_path.dsv
-- Up-to-date symlink: /home/home/dcp_ws/install/fairino_interfaces/share/fairino_interfaces/environment/path.sh
-- Up-to-date symlink: /home/home/dcp_ws/install/fairino_interfaces/share/fairino_interfaces/environment/path.dsv
-- Up-to-date symlink: /home/home/dcp_ws/install/fairino_interfaces/share/fairino_interfaces/local_setup.bash
-- Up-to-date symlink: /home/home/dcp_ws/install/fairino_interfaces/share/fairino_interfaces/local_setup.sh
-- Up-to-date symlink: /home/home/dcp_ws/install/fairino_interfaces/share/fairino_interfaces/local_setup.zsh
-- Up-to-date symlink: /home/home/dcp_ws/install/fairino_interfaces/share/fairino_interfaces/local_setup.dsv
-- Symlinking: /home/home/dcp_ws/install/fairino_interfaces/share/fairino_interfaces/package.dsv
-- Up-to-date symlink: /home/home/dcp_ws/install/fairino_interfaces/share/ament_index/resource_index/packages/fairino_interfaces
-- Up-to-date symlink: /home/home/dcp_ws/install/fairino_interfaces/share/fairino_interfaces/cmake/rosidl_cmake-extras.cmake
-- Up-to-date symlink: /home/home/dcp_ws/install/fairino_interfaces/share/fairino_interfaces/cmake/ament_cmake_export_dependencies-extras.cmake
-- Up-to-date symlink: /home/home/dcp_ws/install/fairino_interfaces/share/fairino_interfaces/cmake/ament_cmake_export_include_directories-extras.cmake
-- Up-to-date symlink: /home/home/dcp_ws/install/fairino_interfaces/share/fairino_interfaces/cmake/ament_cmake_export_libraries-extras.cmake
-- Up-to-date symlink: /home/home/dcp_ws/install/fairino_interfaces/share/fairino_interfaces/cmake/ament_cmake_export_targets-extras.cmake
-- Up-to-date symlink: /home/home/dcp_ws/install/fairino_interfaces/share/fairino_interfaces/cmake/rosidl_cmake_export_typesupport_targets-extras.cmake
-- Up-to-date symlink: /home/home/dcp_ws/install/fairino_interfaces/share/fairino_interfaces/cmake/rosidl_cmake_export_typesupport_libraries-extras.cmake
-- Up-to-date symlink: /home/home/dcp_ws/install/fairino_interfaces/share/fairino_interfaces/cmake/fairino_interfacesConfig.cmake
-- Up-to-date symlink: /home/home/dcp_ws/install/fairino_interfaces/share/fairino_interfaces/cmake/fairino_interfacesConfig-version.cmake
-- Up-to-date symlink: /home/home/dcp_ws/install/fairino_interfaces/share/fairino_interfaces/package.xml
-- Up-to-date: /home/home/dcp_ws/install/fairino_interfaces/lib/libfairino_interfaces__rosidl_generator_c.so
-- Up-to-date: /home/home/dcp_ws/install/fairino_interfaces/lib/libfairino_interfaces__rosidl_typesupport_fastrtps_c.so
-- Up-to-date: /home/home/dcp_ws/install/fairino_interfaces/lib/libfairino_interfaces__rosidl_typesupport_introspection_c.so
-- Up-to-date: /home/home/dcp_ws/install/fairino_interfaces/lib/libfairino_interfaces__rosidl_typesupport_c.so
-- Up-to-date: /home/home/dcp_ws/install/fairino_interfaces/lib/libfairino_interfaces__rosidl_typesupport_fastrtps_cpp.so
-- Up-to-date: /home/home/dcp_ws/install/fairino_interfaces/lib/libfairino_interfaces__rosidl_typesupport_introspection_cpp.so
-- Up-to-date: /home/home/dcp_ws/install/fairino_interfaces/lib/libfairino_interfaces__rosidl_typesupport_cpp.so
Listing '/home/home/dcp_ws/install/fairino_interfaces/local/lib/python3.10/dist-packages/fairino_interfaces'...
Listing '/home/home/dcp_ws/install/fairino_interfaces/local/lib/python3.10/dist-packages/fairino_interfaces/action'...
Listing '/home/home/dcp_ws/install/fairino_interfaces/local/lib/python3.10/dist-packages/fairino_interfaces/srv'...
-- Up-to-date: /home/home/dcp_ws/install/fairino_interfaces/lib/libfairino_interfaces__rosidl_generator_py.so
-- Up-to-date: /home/home/dcp_ws/install/fairino_interfaces/share/fairino_interfaces/cmake/export_fairino_interfaces__rosidl_generator_cExport.cmake
-- Up-to-date: /home/home/dcp_ws/install/fairino_interfaces/share/fairino_interfaces/cmake/export_fairino_interfaces__rosidl_generator_cExport-noconfig.cmake
-- Up-to-date: /home/home/dcp_ws/install/fairino_interfaces/share/fairino_interfaces/cmake/export_fairino_interfaces__rosidl_typesupport_fastrtps_cExport.cmake
-- Up-to-date: /home/home/dcp_ws/install/fairino_interfaces/share/fairino_interfaces/cmake/export_fairino_interfaces__rosidl_typesupport_fastrtps_cExport-noconfig.cmake
-- Up-to-date: /home/home/dcp_ws/install/fairino_interfaces/share/fairino_interfaces/cmake/fairino_interfaces__rosidl_typesupport_introspection_cExport.cmake
-- Up-to-date: /home/home/dcp_ws/install/fairino_interfaces/share/fairino_interfaces/cmake/fairino_interfaces__rosidl_typesupport_introspection_cExport-noconfig.cmake
-- Up-to-date: /home/home/dcp_ws/install/fairino_interfaces/share/fairino_interfaces/cmake/fairino_interfaces__rosidl_typesupport_cExport.cmake
-- Up-to-date: /home/home/dcp_ws/install/fairino_interfaces/share/fairino_interfaces/cmake/fairino_interfaces__rosidl_typesupport_cExport-noconfig.cmake
-- Up-to-date: /home/home/dcp_ws/install/fairino_interfaces/share/fairino_interfaces/cmake/export_fairino_interfaces__rosidl_generator_cppExport.cmake
-- Up-to-date: /home/home/dcp_ws/install/fairino_interfaces/share/fairino_interfaces/cmake/export_fairino_interfaces__rosidl_typesupport_fastrtps_cppExport.cmake
-- Up-to-date: /home/home/dcp_ws/install/fairino_interfaces/share/fairino_interfaces/cmake/export_fairino_interfaces__rosidl_typesupport_fastrtps_cppExport-noconfig.cmake
-- Up-to-date: /home/home/dcp_ws/install/fairino_interfaces/share/fairino_interfaces/cmake/fairino_interfaces__rosidl_typesupport_introspection_cppExport.cmake
-- Up-to-date: /home/home/dcp_ws/install/fairino_interfaces/share/fairino_interfaces/cmake/fairino_interfaces__rosidl_typesupport_introspection_cppExport-noconfig.cmake
-- Up-to-date: /home/home/dcp_ws/install/fairino_interfaces/share/fairino_interfaces/cmake/fairino_interfaces__rosidl_typesupport_cppExport.cmake
-- Up-to-date: /home/home/dcp_ws/install/fairino_interfaces/share/fairino_interfaces/cmake/fairino_interfaces__rosidl_typesupport_cppExport-noconfig.cmake
-- Up-to-date: /home/home/dcp_ws/install/fairino_interfaces/share/fairino_interfaces/cmake/export_fairino_interfaces__rosidl_generator_pyExport.cmake
-- Up-to-date: /home/home/dcp_ws/install/fairino_interfaces/share/fairino_interfaces/cmake/export_fairino_interfaces__rosidl_generator_pyExport-noconfig.cmake
