[100%] Built target pak_hqp_controller
-- Install configuration: ""
-- Up-to-date: /home/home/dcp_ws/install/pak_hqp_controller/lib/libpak_hqp_controller.so
-- Up-to-date: /home/home/dcp_ws/install/pak_hqp_controller/include/
-- Up-to-date: /home/home/dcp_ws/install/pak_hqp_controller/include//pak_hqp_controller
-- Up-to-date: /home/home/dcp_ws/install/pak_hqp_controller/include//pak_hqp_controller/robot
-- Up-to-date: /home/home/dcp_ws/install/pak_hqp_controller/include//pak_hqp_controller/robot/robot_wrapper.hpp
-- Up-to-date: /home/home/dcp_ws/install/pak_hqp_controller/include//pak_hqp_controller/controller
-- Up-to-date: /home/home/dcp_ws/install/pak_hqp_controller/include//pak_hqp_controller/controller/controller.hpp
-- Up-to-date: /home/home/dcp_ws/install/pak_hqp_controller/include//pak_hqp_controller/solver
-- Up-to-date: /home/home/dcp_ws/install/pak_hqp_controller/include//pak_hqp_controller/solver/solver.hpp
-- Up-to-date: /home/home/dcp_ws/install/pak_hqp_controller/include//pak_hqp_controller/task
-- Up-to-date: /home/home/dcp_ws/install/pak_hqp_controller/include//pak_hqp_controller/task/task_singularity_avoidacne.hpp
-- Up-to-date: /home/home/dcp_ws/install/pak_hqp_controller/include//pak_hqp_controller/task/task_base.hpp
-- Up-to-date: /home/home/dcp_ws/install/pak_hqp_controller/include//pak_hqp_controller/task/task_se3_equality.hpp
-- Up-to-date: /home/home/dcp_ws/install/pak_hqp_controller/include//pak_hqp_controller/task/task_parallel_grasp.hpp
-- Up-to-date: /home/home/dcp_ws/install/pak_hqp_controller/include//pak_hqp_controller/task/constraint_base.hpp
-- Up-to-date: /home/home/dcp_ws/install/pak_hqp_controller/share/pak_hqp_controller/environment/library_path.sh
-- Up-to-date: /home/home/dcp_ws/install/pak_hqp_controller/share/pak_hqp_controller/environment/library_path.dsv
-- Up-to-date: /home/home/dcp_ws/install/pak_hqp_controller/share/ament_index/resource_index/package_run_dependencies/pak_hqp_controller
-- Up-to-date: /home/home/dcp_ws/install/pak_hqp_controller/share/ament_index/resource_index/parent_prefix_path/pak_hqp_controller
-- Up-to-date: /home/home/dcp_ws/install/pak_hqp_controller/share/pak_hqp_controller/environment/ament_prefix_path.sh
-- Up-to-date: /home/home/dcp_ws/install/pak_hqp_controller/share/pak_hqp_controller/environment/ament_prefix_path.dsv
-- Up-to-date: /home/home/dcp_ws/install/pak_hqp_controller/share/pak_hqp_controller/environment/path.sh
-- Up-to-date: /home/home/dcp_ws/install/pak_hqp_controller/share/pak_hqp_controller/environment/path.dsv
-- Up-to-date: /home/home/dcp_ws/install/pak_hqp_controller/share/pak_hqp_controller/local_setup.bash
-- Up-to-date: /home/home/dcp_ws/install/pak_hqp_controller/share/pak_hqp_controller/local_setup.sh
-- Up-to-date: /home/home/dcp_ws/install/pak_hqp_controller/share/pak_hqp_controller/local_setup.zsh
-- Up-to-date: /home/home/dcp_ws/install/pak_hqp_controller/share/pak_hqp_controller/local_setup.dsv
-- Installing: /home/home/dcp_ws/install/pak_hqp_controller/share/pak_hqp_controller/package.dsv
-- Up-to-date: /home/home/dcp_ws/install/pak_hqp_controller/share/ament_index/resource_index/packages/pak_hqp_controller
-- Up-to-date: /home/home/dcp_ws/install/pak_hqp_controller/share/pak_hqp_controller/cmake/export_pak_hqp_controllerExport.cmake
-- Up-to-date: /home/home/dcp_ws/install/pak_hqp_controller/share/pak_hqp_controller/cmake/export_pak_hqp_controllerExport-noconfig.cmake
-- Up-to-date: /home/home/dcp_ws/install/pak_hqp_controller/share/pak_hqp_controller/cmake/ament_cmake_export_include_directories-extras.cmake
-- Up-to-date: /home/home/dcp_ws/install/pak_hqp_controller/share/pak_hqp_controller/cmake/ament_cmake_export_targets-extras.cmake
-- Up-to-date: /home/home/dcp_ws/install/pak_hqp_controller/share/pak_hqp_controller/cmake/ament_cmake_export_libraries-extras.cmake
-- Up-to-date: /home/home/dcp_ws/install/pak_hqp_controller/share/pak_hqp_controller/cmake/pak_hqp_controllerConfig.cmake
-- Up-to-date: /home/home/dcp_ws/install/pak_hqp_controller/share/pak_hqp_controller/cmake/pak_hqp_controllerConfig-version.cmake
-- Up-to-date: /home/home/dcp_ws/install/pak_hqp_controller/share/pak_hqp_controller/package.xml
