[0.043s] Invoking command in '/home/home/dcp_ws/build/isaacsim': CMAKE_PREFIX_PATH=/home/home/dcp_ws/install/robotiq_description:/home/home/dcp_ws/install/pak_hqp_controller:/home/home/dcp_ws/install/kimm_hqp_controller:/home/home/dcp_ws/install/kimm_trajectory_smoother:/home/home/dcp_ws/install/isaacsim_ros2:/home/home/fairino_ros2_ws/install/isaacsim_ros2:/opt/ros/humble:/home/home/dcp_ws/install/kimm_qpoases:/home/home/dcp_ws/install/isaacsim:/home/home/dcp_ws/install/fairino_rviz:/home/home/dcp_ws/install/fairino_action_manager:/home/home/dcp_ws/install/fairino_interfaces:/home/home/dcp_ws/install/fairino_description:/home/home/dcp_ws/install/dh_robotics_ag95_description:/home/home/fairino_ros2_ws/install/kimm_hqp_controller:/home/home/fairino_ros2_ws/install/kimm_trajectory_smoother:/home/home/fairino_ros2_ws/install/kimm_qpoases:/home/home/fairino_ros2_ws/install/isaacsim:/home/home/fairino_ros2_ws/install/fairino_rviz:/home/home/fairino_ros2_ws/install/fairino_action_manager:/home/home/fairino_ros2_ws/install/fairino_interfaces:/home/home/fairino_ros2_ws/install/fairino_description:/home/home/fairino_ros2_ws/install/dh_robotics_ag95_description /usr/bin/cmake --build /home/home/dcp_ws/build/isaacsim -- -j10 -l10
[0.301s] Invoked command in '/home/home/dcp_ws/build/isaacsim' returned '0': CMAKE_PREFIX_PATH=/home/home/dcp_ws/install/robotiq_description:/home/home/dcp_ws/install/pak_hqp_controller:/home/home/dcp_ws/install/kimm_hqp_controller:/home/home/dcp_ws/install/kimm_trajectory_smoother:/home/home/dcp_ws/install/isaacsim_ros2:/home/home/fairino_ros2_ws/install/isaacsim_ros2:/opt/ros/humble:/home/home/dcp_ws/install/kimm_qpoases:/home/home/dcp_ws/install/isaacsim:/home/home/dcp_ws/install/fairino_rviz:/home/home/dcp_ws/install/fairino_action_manager:/home/home/dcp_ws/install/fairino_interfaces:/home/home/dcp_ws/install/fairino_description:/home/home/dcp_ws/install/dh_robotics_ag95_description:/home/home/fairino_ros2_ws/install/kimm_hqp_controller:/home/home/fairino_ros2_ws/install/kimm_trajectory_smoother:/home/home/fairino_ros2_ws/install/kimm_qpoases:/home/home/fairino_ros2_ws/install/isaacsim:/home/home/fairino_ros2_ws/install/fairino_rviz:/home/home/fairino_ros2_ws/install/fairino_action_manager:/home/home/fairino_ros2_ws/install/fairino_interfaces:/home/home/fairino_ros2_ws/install/fairino_description:/home/home/fairino_ros2_ws/install/dh_robotics_ag95_description /usr/bin/cmake --build /home/home/dcp_ws/build/isaacsim -- -j10 -l10
[0.303s] Invoking command in '/home/home/dcp_ws/build/isaacsim': CMAKE_PREFIX_PATH=/home/home/dcp_ws/install/robotiq_description:/home/home/dcp_ws/install/pak_hqp_controller:/home/home/dcp_ws/install/kimm_hqp_controller:/home/home/dcp_ws/install/kimm_trajectory_smoother:/home/home/dcp_ws/install/isaacsim_ros2:/home/home/fairino_ros2_ws/install/isaacsim_ros2:/opt/ros/humble:/home/home/dcp_ws/install/kimm_qpoases:/home/home/dcp_ws/install/isaacsim:/home/home/dcp_ws/install/fairino_rviz:/home/home/dcp_ws/install/fairino_action_manager:/home/home/dcp_ws/install/fairino_interfaces:/home/home/dcp_ws/install/fairino_description:/home/home/dcp_ws/install/dh_robotics_ag95_description:/home/home/fairino_ros2_ws/install/kimm_hqp_controller:/home/home/fairino_ros2_ws/install/kimm_trajectory_smoother:/home/home/fairino_ros2_ws/install/kimm_qpoases:/home/home/fairino_ros2_ws/install/isaacsim:/home/home/fairino_ros2_ws/install/fairino_rviz:/home/home/fairino_ros2_ws/install/fairino_action_manager:/home/home/fairino_ros2_ws/install/fairino_interfaces:/home/home/fairino_ros2_ws/install/fairino_description:/home/home/fairino_ros2_ws/install/dh_robotics_ag95_description /usr/bin/cmake --install /home/home/dcp_ws/build/isaacsim
[0.324s] -- Install configuration: ""
[0.324s] -- Up-to-date: /home/home/dcp_ws/install/isaacsim/share/isaacsim/scripts
[0.324s] -- Up-to-date: /home/home/dcp_ws/install/isaacsim/share/isaacsim/scripts/run_isaacsim.py
[0.324s] -- Up-to-date: /home/home/dcp_ws/install/isaacsim/share/isaacsim/scripts/open_isaacsim_stage.py
[0.324s] -- Up-to-date: /home/home/dcp_ws/install/isaacsim/share/isaacsim/launch
[0.324s] -- Up-to-date: /home/home/dcp_ws/install/isaacsim/share/isaacsim/launch/run_isaacsim.launch.py
[0.324s] -- Up-to-date: /home/home/dcp_ws/install/isaacsim/lib/isaacsim/run_isaacsim.py
[0.324s] -- Up-to-date: /home/home/dcp_ws/install/isaacsim/lib/isaacsim/open_isaacsim_stage.py
[0.324s] -- Up-to-date: /home/home/dcp_ws/install/isaacsim/share/ament_index/resource_index/package_run_dependencies/isaacsim
[0.324s] -- Up-to-date: /home/home/dcp_ws/install/isaacsim/share/ament_index/resource_index/parent_prefix_path/isaacsim
[0.324s] -- Up-to-date: /home/home/dcp_ws/install/isaacsim/share/isaacsim/environment/ament_prefix_path.sh
[0.324s] -- Up-to-date: /home/home/dcp_ws/install/isaacsim/share/isaacsim/environment/ament_prefix_path.dsv
[0.324s] -- Up-to-date: /home/home/dcp_ws/install/isaacsim/share/isaacsim/environment/path.sh
[0.324s] -- Up-to-date: /home/home/dcp_ws/install/isaacsim/share/isaacsim/environment/path.dsv
[0.325s] -- Up-to-date: /home/home/dcp_ws/install/isaacsim/share/isaacsim/local_setup.bash
[0.325s] -- Up-to-date: /home/home/dcp_ws/install/isaacsim/share/isaacsim/local_setup.sh
[0.325s] -- Up-to-date: /home/home/dcp_ws/install/isaacsim/share/isaacsim/local_setup.zsh
[0.325s] -- Up-to-date: /home/home/dcp_ws/install/isaacsim/share/isaacsim/local_setup.dsv
[0.325s] -- Installing: /home/home/dcp_ws/install/isaacsim/share/isaacsim/package.dsv
[0.325s] -- Up-to-date: /home/home/dcp_ws/install/isaacsim/share/ament_index/resource_index/packages/isaacsim
[0.325s] -- Up-to-date: /home/home/dcp_ws/install/isaacsim/share/isaacsim/cmake/isaacsimConfig.cmake
[0.325s] -- Up-to-date: /home/home/dcp_ws/install/isaacsim/share/isaacsim/cmake/isaacsimConfig-version.cmake
[0.325s] -- Up-to-date: /home/home/dcp_ws/install/isaacsim/share/isaacsim/package.xml
[0.379s] Invoked command in '/home/home/dcp_ws/build/isaacsim' returned '0': CMAKE_PREFIX_PATH=/home/home/dcp_ws/install/robotiq_description:/home/home/dcp_ws/install/pak_hqp_controller:/home/home/dcp_ws/install/kimm_hqp_controller:/home/home/dcp_ws/install/kimm_trajectory_smoother:/home/home/dcp_ws/install/isaacsim_ros2:/home/home/fairino_ros2_ws/install/isaacsim_ros2:/opt/ros/humble:/home/home/dcp_ws/install/kimm_qpoases:/home/home/dcp_ws/install/isaacsim:/home/home/dcp_ws/install/fairino_rviz:/home/home/dcp_ws/install/fairino_action_manager:/home/home/dcp_ws/install/fairino_interfaces:/home/home/dcp_ws/install/fairino_description:/home/home/dcp_ws/install/dh_robotics_ag95_description:/home/home/fairino_ros2_ws/install/kimm_hqp_controller:/home/home/fairino_ros2_ws/install/kimm_trajectory_smoother:/home/home/fairino_ros2_ws/install/kimm_qpoases:/home/home/fairino_ros2_ws/install/isaacsim:/home/home/fairino_ros2_ws/install/fairino_rviz:/home/home/fairino_ros2_ws/install/fairino_action_manager:/home/home/fairino_ros2_ws/install/fairino_interfaces:/home/home/fairino_ros2_ws/install/fairino_description:/home/home/fairino_ros2_ws/install/dh_robotics_ag95_description /usr/bin/cmake --install /home/home/dcp_ws/build/isaacsim
