-- Install configuration: ""
-- Up-to-date: /home/home/dcp_ws/install/dh_robotics_ag95_description/share/dh_robotics_ag95_description/meshes
-- Up-to-date: /home/home/dcp_ws/install/dh_robotics_ag95_description/share/dh_robotics_ag95_description/meshes/visual
-- Up-to-date: /home/home/dcp_ws/install/dh_robotics_ag95_description/share/dh_robotics_ag95_description/meshes/visual/base_link.STL
-- Up-to-date: /home/home/dcp_ws/install/dh_robotics_ag95_description/share/dh_robotics_ag95_description/meshes/visual/distal_phalanx_Link.STL
-- Up-to-date: /home/home/dcp_ws/install/dh_robotics_ag95_description/share/dh_robotics_ag95_description/meshes/visual/crank_Link.STL
-- Up-to-date: /home/home/dcp_ws/install/dh_robotics_ag95_description/share/dh_robotics_ag95_description/meshes/visual/rod_Link.STL
-- Up-to-date: /home/home/dcp_ws/install/dh_robotics_ag95_description/share/dh_robotics_ag95_description/meshes/visual/proximal_phalanx_Link.STL
-- Up-to-date: /home/home/dcp_ws/install/dh_robotics_ag95_description/share/dh_robotics_ag95_description/urdf
-- Up-to-date: /home/home/dcp_ws/install/dh_robotics_ag95_description/share/dh_robotics_ag95_description/urdf/dh_robotics_ag95_gripper.gv
-- Up-to-date: /home/home/dcp_ws/install/dh_robotics_ag95_description/share/dh_robotics_ag95_description/urdf/dh_robotics_ag95_gripper.pdf
-- Up-to-date: /home/home/dcp_ws/install/dh_robotics_ag95_description/share/dh_robotics_ag95_description/urdf/dh_robotics_ag95.urdf
-- Up-to-date: /home/home/dcp_ws/install/dh_robotics_ag95_description/share/dh_robotics_ag95_description/urdf/dh_robotics_ag95_gripper.transmission.xacro
-- Up-to-date: /home/home/dcp_ws/install/dh_robotics_ag95_description/share/dh_robotics_ag95_description/urdf/dh_robotics_ag95_gripper.urdf.xacro
-- Up-to-date: /home/home/dcp_ws/install/dh_robotics_ag95_description/share/dh_robotics_ag95_description/urdf/dh_robotics_ag95_gripper.xacro
-- Up-to-date: /home/home/dcp_ws/install/dh_robotics_ag95_description/share/ament_index/resource_index/package_run_dependencies/dh_robotics_ag95_description
-- Up-to-date: /home/home/dcp_ws/install/dh_robotics_ag95_description/share/ament_index/resource_index/parent_prefix_path/dh_robotics_ag95_description
-- Up-to-date: /home/home/dcp_ws/install/dh_robotics_ag95_description/share/dh_robotics_ag95_description/environment/ament_prefix_path.sh
-- Up-to-date: /home/home/dcp_ws/install/dh_robotics_ag95_description/share/dh_robotics_ag95_description/environment/ament_prefix_path.dsv
-- Up-to-date: /home/home/dcp_ws/install/dh_robotics_ag95_description/share/dh_robotics_ag95_description/environment/path.sh
-- Up-to-date: /home/home/dcp_ws/install/dh_robotics_ag95_description/share/dh_robotics_ag95_description/environment/path.dsv
-- Up-to-date: /home/home/dcp_ws/install/dh_robotics_ag95_description/share/dh_robotics_ag95_description/local_setup.bash
-- Up-to-date: /home/home/dcp_ws/install/dh_robotics_ag95_description/share/dh_robotics_ag95_description/local_setup.sh
-- Up-to-date: /home/home/dcp_ws/install/dh_robotics_ag95_description/share/dh_robotics_ag95_description/local_setup.zsh
-- Up-to-date: /home/home/dcp_ws/install/dh_robotics_ag95_description/share/dh_robotics_ag95_description/local_setup.dsv
-- Up-to-date: /home/home/dcp_ws/install/dh_robotics_ag95_description/share/dh_robotics_ag95_description/package.dsv
-- Up-to-date: /home/home/dcp_ws/install/dh_robotics_ag95_description/share/ament_index/resource_index/packages/dh_robotics_ag95_description
-- Up-to-date: /home/home/dcp_ws/install/dh_robotics_ag95_description/share/dh_robotics_ag95_description/cmake/dh_robotics_ag95_descriptionConfig.cmake
-- Up-to-date: /home/home/dcp_ws/install/dh_robotics_ag95_description/share/dh_robotics_ag95_description/cmake/dh_robotics_ag95_descriptionConfig-version.cmake
-- Up-to-date: /home/home/dcp_ws/install/dh_robotics_ag95_description/share/dh_robotics_ag95_description/package.xml
