-- The C compiler identification is GNU 11.4.0
-- The CXX compiler identification is GNU 11.4.0
-- Detecting C compiler ABI info
-- Detecting C compiler ABI info - done
-- Check for working C compiler: /usr/bin/cc - skipped
-- Detecting C compile features
-- Detecting C compile features - done
-- Detecting CXX compiler ABI info
-- Detecting CXX compiler ABI info - done
-- Check for working CXX compiler: /usr/bin/c++ - skipped
-- Detecting CXX compile features
-- Detecting CXX compile features - done
-- Found ament_cmake: 1.3.12 (/opt/ros/humble/share/ament_cmake/cmake)
-- Found Python3: /usr/bin/python3 (found version "3.10.17") found components: Interpreter 
-- Found rclcpp: 16.0.14 (/opt/ros/humble/share/rclcpp/cmake)
-- Found rosidl_generator_c: 3.1.7 (/opt/ros/humble/share/rosidl_generator_c/cmake)
-- Found rosidl_adapter: 3.1.7 (/opt/ros/humble/share/rosidl_adapter/cmake)
-- Found rosidl_generator_cpp: 3.1.7 (/opt/ros/humble/share/rosidl_generator_cpp/cmake)
-- Using all available rosidl_typesupport_c: rosidl_typesupport_fastrtps_c;rosidl_typesupport_introspection_c
-- Using all available rosidl_typesupport_cpp: rosidl_typesupport_fastrtps_cpp;rosidl_typesupport_introspection_cpp
-- Found rmw_implementation_cmake: 6.1.2 (/opt/ros/humble/share/rmw_implementation_cmake/cmake)
-- Found rmw_fastrtps_cpp: 6.2.8 (/opt/ros/humble/share/rmw_fastrtps_cpp/cmake)
-- Found OpenSSL: /usr/lib/x86_64-linux-gnu/libcrypto.so (found version "3.0.2")  
-- Found FastRTPS: /opt/ros/humble/include  
-- Using RMW implementation 'rmw_fastrtps_cpp' as default
-- Looking for pthread.h
-- Looking for pthread.h - found
-- Performing Test CMAKE_HAVE_LIBC_PTHREAD
-- Performing Test CMAKE_HAVE_LIBC_PTHREAD - Success
-- Found Threads: TRUE  
-- pinocchio_default FOUND. pinocchio_default at /opt/ros/humble/lib/x86_64-linux-gnu/libpinocchio_default.so
-- pinocchio_parsers FOUND. pinocchio_parsers at /opt/ros/humble/lib/x86_64-linux-gnu/libpinocchio_parsers.so
-- boost_filesystem FOUND. boost_filesystem at /lib/x86_64-linux-gnu/libboost_filesystem.so
-- boost_serialization FOUND. boost_serialization at /lib/x86_64-linux-gnu/libboost_serialization.so
-- boost_system FOUND. boost_system at /lib/x86_64-linux-gnu/libboost_system.so
-- Found Boost: /usr/include (found version "1.74.0") found components: filesystem serialization system 
-- eigenpy FOUND. eigenpy at /opt/ros/humble/lib/x86_64-linux-gnu/libeigenpy.so
-- Checking for NumPy
--   NUMPY_INCLUDE_DIRS=/usr/lib/python3/dist-packages/numpy/core/include
--   NUMPY_VERSION=1.21.5
-- Found Python3: /usr/bin/python3 (found version "3.10.17") found components: Interpreter Development.Module NumPy 
-- PythonLibraryDirs: 
-- PythonLibVersionString: 3.10.17
-- Python site lib: lib/python3.10/site-packages
-- Python include dirs: /usr/include/python3.10
-- Checking for NumPy
--   NUMPY_INCLUDE_DIRS=/usr/lib/python3/dist-packages/numpy/core/include
--   NUMPY_VERSION=1.21.5
-- NumPy include dir: /usr/lib/python3/dist-packages/numpy/core/include
-- Found Boost: /usr/include (found version "1.74.0") found components: python310 
-- Default C++ standard: 201703
-- Minimal C++ standard upgraded to 11
-- C++ standard sufficient: Minimal required 11, currently defined: 17
-- CMAKE_CXX_STANDARD was not set: automatically set to currently defined standard 17
-- hpp-fcl FOUND. hpp-fcl at /opt/ros/humble/lib/x86_64-linux-gnu/libhpp-fcl.so
-- Found Boost: /usr/include (found version "1.74.0") found components: chrono serialization filesystem 
-- C++ standard sufficient: Minimal required 11, currently defined: 17
-- C++ standard sufficient: Minimal required 11, currently defined: 17
-- Found kimm_qpoases: 1.0.0 (/home/home/dcp_ws/install/kimm_qpoases/share/kimm_qpoases/cmake)
-- Found kimm_trajectory_smoother: 1.0.0 (/home/home/dcp_ws/install/kimm_trajectory_smoother/share/kimm_trajectory_smoother/cmake)
-- Configuring done
-- Generating done
-- Build files have been written to: /home/home/dcp_ws/build/kimm_hqp_controller
[ 10%] [32mBuilding CXX object CMakeFiles/kimm_hqp_controller.dir/src/formulation/contact_level.cpp.o[0m
[ 10%] [32mBuilding CXX object CMakeFiles/kimm_hqp_controller.dir/src/formulation/inverse_dynamics_formulation_acc.cpp.o[0m
[ 13%] [32mBuilding CXX object CMakeFiles/kimm_hqp_controller.dir/src/formulation/inverse_dynamics_formulation_base.cpp.o[0m
[ 10%] [32mBuilding CXX object CMakeFiles/kimm_hqp_controller.dir/src/contact/contact_point.cpp.o[0m
[ 20%] [32mBuilding CXX object CMakeFiles/kimm_hqp_controller.dir/src/math/constraint_base.cpp.o[0m
[ 20%] [32mBuilding CXX object CMakeFiles/kimm_hqp_controller.dir/src/contact/contact_base.cpp.o[0m
[ 24%] [32mBuilding CXX object CMakeFiles/kimm_hqp_controller.dir/src/math/constraint_bound.cpp.o[0m
[ 27%] [32mBuilding CXX object CMakeFiles/kimm_hqp_controller.dir/src/math/constraint_equality.cpp.o[0m
[ 31%] [32mBuilding CXX object CMakeFiles/kimm_hqp_controller.dir/src/math/constraint_inequality.cpp.o[0m
[ 34%] [32mBuilding CXX object CMakeFiles/kimm_hqp_controller.dir/src/math/util.cpp.o[0m
[ 37%] [32mBuilding CXX object CMakeFiles/kimm_hqp_controller.dir/src/robot/robot_wrapper.cpp.o[0m
[ 41%] [32mBuilding CXX object CMakeFiles/kimm_hqp_controller.dir/src/solver/solver_HQP_base.cpp.o[0m
[ 44%] [32mBuilding CXX object CMakeFiles/kimm_hqp_controller.dir/src/solver/solver_HQP_eiquadprog.cpp.o[0m
[ 48%] [32mBuilding CXX object CMakeFiles/kimm_hqp_controller.dir/src/solver/solver_HQP_eiquadprog_fast.cpp.o[0m
[ 51%] [32mBuilding CXX object CMakeFiles/kimm_hqp_controller.dir/src/solver/solver_HQP_factory.cpp.o[0m
[ 55%] [32mBuilding CXX object CMakeFiles/kimm_hqp_controller.dir/src/solver/solver_HQP_qpoases.cpp.o[0m
[ 58%] [32mBuilding CXX object CMakeFiles/kimm_hqp_controller.dir/src/solver/util.cpp.o[0m
[ 62%] [32mBuilding CXX object CMakeFiles/kimm_hqp_controller.dir/src/tasks/task_base.cpp.o[0m
[ 65%] [32mBuilding CXX object CMakeFiles/kimm_hqp_controller.dir/src/tasks/task_contact_force.cpp.o[0m
[ 68%] [32mBuilding CXX object CMakeFiles/kimm_hqp_controller.dir/src/tasks/task_joint_bound.cpp.o[0m
[ 72%] [32mBuilding CXX object CMakeFiles/kimm_hqp_controller.dir/src/tasks/task_joint_posture.cpp.o[0m
[ 75%] [32mBuilding CXX object CMakeFiles/kimm_hqp_controller.dir/src/tasks/task_mobile_base.cpp.o[0m
[ 79%] [32mBuilding CXX object CMakeFiles/kimm_hqp_controller.dir/src/tasks/task_motion.cpp.o[0m
[ 82%] [32mBuilding CXX object CMakeFiles/kimm_hqp_controller.dir/src/tasks/task_se3_equality.cpp.o[0m
[ 86%] [32mBuilding CXX object CMakeFiles/kimm_hqp_controller.dir/src/trajectory/trajectory_euclidian.cpp.o[0m
[ 89%] [32mBuilding CXX object CMakeFiles/kimm_hqp_controller.dir/src/trajectory/trajectory_se3.cpp.o[0m
[ 93%] [32mBuilding CXX object CMakeFiles/kimm_hqp_controller.dir/src/util/statistics.cpp.o[0m
[ 96%] [32mBuilding CXX object CMakeFiles/kimm_hqp_controller.dir/src/util/stop_watch.cpp.o[0m
[100%] [32m[1mLinking CXX shared library libkimm_hqp_controller.so[0m
[100%] Built target kimm_hqp_controller
