[0.008s] Invoking command in '/home/home/dcp_ws/build/pak_hqp_controller': CMAKE_PREFIX_PATH=${CMAKE_PREFIX_PATH}:/home/home/dcp_ws/install/isaacsim_ros2:/home/home/kimm_ws/install/rb5_action_manager:/opt/ros/humble /usr/bin/cmake /home/home/dcp_ws/src/fairino/pak_hqp_controller -DCMAKE_INSTALL_PREFIX=/home/home/dcp_ws/install/pak_hqp_controller
[0.038s] -- The C compiler identification is GNU 11.4.0
[0.067s] -- The CXX compiler identification is GNU 11.4.0
[0.070s] -- Detecting C compiler ABI info
[0.108s] -- Detecting C compiler ABI info - done
[0.115s] -- Check for working C compiler: /usr/bin/cc - skipped
[0.115s] -- Detecting C compile features
[0.115s] -- Detecting C compile features - done
[0.115s] -- Detecting CXX compiler ABI info
[0.159s] -- Detecting CXX compiler ABI info - done
[0.164s] -- Check for working CXX compiler: /usr/bin/c++ - skipped
[0.164s] -- Detecting CXX compile features
[0.164s] -- Detecting CXX compile features - done
[0.165s] -- Found ament_cmake: 1.3.11 (/opt/ros/humble/share/ament_cmake/cmake)
[0.270s] -- Found Python3: /usr/bin/python3 (found version "3.10.12") found components: Interpreter 
[0.327s] -- pinocchio_default FOUND. pinocchio_default at /opt/ros/humble/lib/x86_64-linux-gnu/libpinocchio_default.so
[0.327s] -- pinocchio_parsers FOUND. pinocchio_parsers at /opt/ros/humble/lib/x86_64-linux-gnu/libpinocchio_parsers.so
[0.329s] -- boost_filesystem FOUND. boost_filesystem at /lib/x86_64-linux-gnu/libboost_filesystem.so
[0.329s] -- boost_serialization FOUND. boost_serialization at /lib/x86_64-linux-gnu/libboost_serialization.so
[0.329s] -- boost_system FOUND. boost_system at /lib/x86_64-linux-gnu/libboost_system.so
[0.368s] -- Found Boost: /usr/include (found version "1.74.0") found components: filesystem serialization system 
[0.369s] -- eigenpy FOUND. eigenpy at /opt/ros/humble/lib/x86_64-linux-gnu/libeigenpy.so
[0.388s] -- Checking for NumPy
[0.543s] --   NUMPY_INCLUDE_DIRS=/usr/lib/python3/dist-packages/numpy/core/include
[0.608s] --   NUMPY_VERSION=1.21.5
[0.806s] -- Found Python3: /usr/bin/python3 (found version "3.10.12") found components: Interpreter Development.Module NumPy 
[0.807s] -- PythonLibraryDirs: 
[0.807s] -- PythonLibVersionString: 3.10.12
[0.831s] -- Python site lib: lib/python3.10/site-packages
[0.831s] -- Python include dirs: /usr/include/python3.10
[0.868s] -- Checking for NumPy
[0.931s] --   NUMPY_INCLUDE_DIRS=/usr/lib/python3/dist-packages/numpy/core/include
[0.996s] --   NUMPY_VERSION=1.21.5
[0.996s] -- NumPy include dir: /usr/lib/python3/dist-packages/numpy/core/include
[0.999s] [33mCMake Warning at /usr/share/cmake-3.22/Modules/FindBoost.cmake:2201 (message):
[0.999s]   No header defined for python310; skipping header check (note: header-only
[0.999s]   libraries have no designated component)
[0.999s] Call Stack (most recent call first):
[0.999s]   /opt/ros/humble/lib/x86_64-linux-gnu/cmake/eigenpy/boost.cmake:148 (find_package)
[0.999s]   /opt/ros/humble/lib/x86_64-linux-gnu/cmake/eigenpy/eigenpyConfig.cmake:149 (SEARCH_FOR_BOOST_PYTHON)
[0.999s]   /usr/share/cmake-3.22/Modules/CMakeFindDependencyMacro.cmake:47 (find_package)
[0.999s]   /opt/ros/humble/lib/x86_64-linux-gnu/cmake/pinocchio/pinocchioConfig.cmake:161 (find_dependency)
[0.999s]   CMakeLists.txt:6 (find_package)
[0.999s] 
[0.999s] [0m
[1.001s] -- Found Boost: /usr/include (found version "1.74.0") found components: python310 
[1.177s] -- Default C++ standard: 201703
[1.177s] -- Minimal C++ standard upgraded to 11
[1.177s] -- C++ standard sufficient: Minimal required 11, currently defined: 17
[1.177s] -- CMAKE_CXX_STANDARD was not set: automatically set to currently defined standard 17
[1.177s] -- hpp-fcl FOUND. hpp-fcl at /opt/ros/humble/lib/x86_64-linux-gnu/libhpp-fcl.so
[1.184s] -- Found Boost: /usr/include (found version "1.74.0") found components: chrono serialization filesystem 
[1.186s] -- C++ standard sufficient: Minimal required 11, currently defined: 17
[1.186s] -- C++ standard sufficient: Minimal required 11, currently defined: 17
[1.228s] -- Configuring done
[1.231s] -- Generating done
[1.232s] -- Build files have been written to: /home/home/dcp_ws/build/pak_hqp_controller
[1.239s] Invoked command in '/home/home/dcp_ws/build/pak_hqp_controller' returned '0': CMAKE_PREFIX_PATH=${CMAKE_PREFIX_PATH}:/home/home/dcp_ws/install/isaacsim_ros2:/home/home/kimm_ws/install/rb5_action_manager:/opt/ros/humble /usr/bin/cmake /home/home/dcp_ws/src/fairino/pak_hqp_controller -DCMAKE_INSTALL_PREFIX=/home/home/dcp_ws/install/pak_hqp_controller
[1.239s] Invoking command in '/home/home/dcp_ws/build/pak_hqp_controller': CMAKE_PREFIX_PATH=${CMAKE_PREFIX_PATH}:/home/home/dcp_ws/install/isaacsim_ros2:/home/home/kimm_ws/install/rb5_action_manager:/opt/ros/humble /usr/bin/cmake --build /home/home/dcp_ws/build/pak_hqp_controller -- -j10 -l10
[1.276s] [ 14%] [32mBuilding CXX object CMakeFiles/pak_hqp_controller.dir/src/robot/robot_wrapper.cpp.o[0m
[1.276s] [ 57%] [32mBuilding CXX object CMakeFiles/pak_hqp_controller.dir/src/solver/solver.cpp.o[0m
[1.276s] [ 57%] [32mBuilding CXX object CMakeFiles/pak_hqp_controller.dir/src/task/task_se3_equality.cpp.o[0m
[1.276s] [ 57%] [32mBuilding CXX object CMakeFiles/pak_hqp_controller.dir/src/task/task_only_yaw_free.cpp.o[0m
[1.277s] [ 71%] [32mBuilding CXX object CMakeFiles/pak_hqp_controller.dir/src/controller/controller.cpp.o[0m
[1.281s] [ 85%] [32mBuilding CXX object CMakeFiles/pak_hqp_controller.dir/src/task/task_singularity_avoidance.cpp.o[0m
[15.989s] In file included from [01m[K/opt/ros/humble/include/pinocchio/parsers/urdf.hpp:351[m[K,
[15.989s]                  from [01m[K/home/home/dcp_ws/src/fairino/pak_hqp_controller/include/pak_hqp_controller/robot/robot_wrapper.hpp:5[m[K,
[15.989s]                  from [01m[K/home/home/dcp_ws/src/fairino/pak_hqp_controller/src/robot/robot_wrapper.cpp:1[m[K:
[15.989s] [01m[K/opt/ros/humble/include/pinocchio/parsers/urdf/model.hxx:[m[K In member function ‘[01m[Kpinocchio::JointIndex pinocchio::urdf::details::UrdfVisitor<Scalar, Options, JointCollectionTpl>::addMimicJoint(const Frame&, const SE3&, const string&, const VectorConstRef&, const VectorConstRef&, const VectorConstRef&, const VectorConstRef&, const VectorConstRef&, const VectorConstRef&, const MimicInfo_&) [with TypeX = pinocchio::JointModelRevoluteTpl<double, 0, 0>; TypeY = pinocchio::JointModelRevoluteTpl<double, 0, 1>; TypeZ = pinocchio::JointModelRevoluteTpl<double, 0, 2>; TypeUnaligned = pinocchio::JointModelRevoluteUnalignedTpl<double>; Scalar = double; int Options = 0; JointCollectionTpl = pinocchio::JointCollectionDefaultTpl][m[K’:
[15.989s] [01m[K/opt/ros/humble/include/pinocchio/parsers/urdf/model.hxx:543:9:[m[K [01;35m[Kwarning: [m[Kcontrol reaches end of non-void function [[01;35m[K]8;;https://gcc.gnu.org/onlinedocs/gcc/Warning-Options.html#index-Wreturn-type-Wreturn-type]8;;[m[K]
[15.989s]   543 |         [01;35m[K}[m[K
[15.989s]       |         [01;35m[K^[m[K
[15.989s] [01m[K/opt/ros/humble/include/pinocchio/parsers/urdf/model.hxx:[m[K In member function ‘[01m[Kpinocchio::JointIndex pinocchio::urdf::details::UrdfVisitor<Scalar, Options, JointCollectionTpl>::addMimicJoint(const Frame&, const SE3&, const string&, const VectorConstRef&, const VectorConstRef&, const VectorConstRef&, const VectorConstRef&, const VectorConstRef&, const VectorConstRef&, const MimicInfo_&) [with TypeX = pinocchio::JointModelPrismaticTpl<double, 0, 0>; TypeY = pinocchio::JointModelPrismaticTpl<double, 0, 1>; TypeZ = pinocchio::JointModelPrismaticTpl<double, 0, 2>; TypeUnaligned = pinocchio::JointModelPrismaticUnalignedTpl<double>; Scalar = double; int Options = 0; JointCollectionTpl = pinocchio::JointCollectionDefaultTpl][m[K’:
[15.989s] [01m[K/opt/ros/humble/include/pinocchio/parsers/urdf/model.hxx:543:9:[m[K [01;35m[Kwarning: [m[Kcontrol reaches end of non-void function [[01;35m[K]8;;https://gcc.gnu.org/onlinedocs/gcc/Warning-Options.html#index-Wreturn-type-Wreturn-type]8;;[m[K]
[15.989s]   543 |         [01;35m[K}[m[K
[15.989s]       |         [01;35m[K^[m[K
[23.677s] [100%] [32m[1mLinking CXX shared library libpak_hqp_controller.so[0m
[25.276s] [100%] Built target pak_hqp_controller
[25.287s] Invoked command in '/home/home/dcp_ws/build/pak_hqp_controller' returned '0': CMAKE_PREFIX_PATH=${CMAKE_PREFIX_PATH}:/home/home/dcp_ws/install/isaacsim_ros2:/home/home/kimm_ws/install/rb5_action_manager:/opt/ros/humble /usr/bin/cmake --build /home/home/dcp_ws/build/pak_hqp_controller -- -j10 -l10
[25.292s] Invoking command in '/home/home/dcp_ws/build/pak_hqp_controller': CMAKE_PREFIX_PATH=${CMAKE_PREFIX_PATH}:/home/home/dcp_ws/install/isaacsim_ros2:/home/home/kimm_ws/install/rb5_action_manager:/opt/ros/humble /usr/bin/cmake --install /home/home/dcp_ws/build/pak_hqp_controller
[25.293s] -- Install configuration: ""
[25.293s] -- Installing: /home/home/dcp_ws/install/pak_hqp_controller/lib/libpak_hqp_controller.so
[25.306s] -- Set runtime path of "/home/home/dcp_ws/install/pak_hqp_controller/lib/libpak_hqp_controller.so" to ""
[25.306s] -- Installing: /home/home/dcp_ws/install/pak_hqp_controller/include/
[25.306s] -- Installing: /home/home/dcp_ws/install/pak_hqp_controller/include//pak_hqp_controller
[25.306s] -- Installing: /home/home/dcp_ws/install/pak_hqp_controller/include//pak_hqp_controller/controller
[25.306s] -- Installing: /home/home/dcp_ws/install/pak_hqp_controller/include//pak_hqp_controller/controller/controller.hpp
[25.306s] -- Installing: /home/home/dcp_ws/install/pak_hqp_controller/include//pak_hqp_controller/robot
[25.306s] -- Installing: /home/home/dcp_ws/install/pak_hqp_controller/include//pak_hqp_controller/robot/robot_wrapper.hpp
[25.306s] -- Installing: /home/home/dcp_ws/install/pak_hqp_controller/include//pak_hqp_controller/task
[25.306s] -- Installing: /home/home/dcp_ws/install/pak_hqp_controller/include//pak_hqp_controller/task/task_only_yaw_free.hpp
[25.306s] -- Installing: /home/home/dcp_ws/install/pak_hqp_controller/include//pak_hqp_controller/task/task_se3_equality.hpp
[25.306s] -- Installing: /home/home/dcp_ws/install/pak_hqp_controller/include//pak_hqp_controller/task/task_singularity_avoidacne.hpp
[25.306s] -- Installing: /home/home/dcp_ws/install/pak_hqp_controller/include//pak_hqp_controller/task/constraint_base.hpp
[25.306s] -- Installing: /home/home/dcp_ws/install/pak_hqp_controller/include//pak_hqp_controller/task/task_base.hpp
[25.306s] -- Installing: /home/home/dcp_ws/install/pak_hqp_controller/include//pak_hqp_controller/utils
[25.307s] -- Installing: /home/home/dcp_ws/install/pak_hqp_controller/include//pak_hqp_controller/solver
[25.307s] -- Installing: /home/home/dcp_ws/install/pak_hqp_controller/include//pak_hqp_controller/solver/solver.hpp
[25.307s] -- Installing: /home/home/dcp_ws/install/pak_hqp_controller/share/pak_hqp_controller/environment/library_path.sh
[25.307s] -- Installing: /home/home/dcp_ws/install/pak_hqp_controller/share/pak_hqp_controller/environment/library_path.dsv
[25.307s] -- Installing: /home/home/dcp_ws/install/pak_hqp_controller/share/ament_index/resource_index/package_run_dependencies/pak_hqp_controller
[25.307s] -- Installing: /home/home/dcp_ws/install/pak_hqp_controller/share/ament_index/resource_index/parent_prefix_path/pak_hqp_controller
[25.307s] -- Installing: /home/home/dcp_ws/install/pak_hqp_controller/share/pak_hqp_controller/environment/ament_prefix_path.sh
[25.307s] -- Installing: /home/home/dcp_ws/install/pak_hqp_controller/share/pak_hqp_controller/environment/ament_prefix_path.dsv
[25.307s] -- Installing: /home/home/dcp_ws/install/pak_hqp_controller/share/pak_hqp_controller/environment/path.sh
[25.307s] -- Installing: /home/home/dcp_ws/install/pak_hqp_controller/share/pak_hqp_controller/environment/path.dsv
[25.307s] -- Installing: /home/home/dcp_ws/install/pak_hqp_controller/share/pak_hqp_controller/local_setup.bash
[25.307s] -- Installing: /home/home/dcp_ws/install/pak_hqp_controller/share/pak_hqp_controller/local_setup.sh
[25.307s] -- Installing: /home/home/dcp_ws/install/pak_hqp_controller/share/pak_hqp_controller/local_setup.zsh
[25.307s] -- Installing: /home/home/dcp_ws/install/pak_hqp_controller/share/pak_hqp_controller/local_setup.dsv
[25.307s] -- Installing: /home/home/dcp_ws/install/pak_hqp_controller/share/pak_hqp_controller/package.dsv
[25.307s] -- Installing: /home/home/dcp_ws/install/pak_hqp_controller/share/ament_index/resource_index/packages/pak_hqp_controller
[25.307s] -- Installing: /home/home/dcp_ws/install/pak_hqp_controller/share/pak_hqp_controller/cmake/export_pak_hqp_controllerExport.cmake
[25.307s] -- Installing: /home/home/dcp_ws/install/pak_hqp_controller/share/pak_hqp_controller/cmake/export_pak_hqp_controllerExport-noconfig.cmake
[25.307s] -- Installing: /home/home/dcp_ws/install/pak_hqp_controller/share/pak_hqp_controller/cmake/ament_cmake_export_include_directories-extras.cmake
[25.307s] -- Installing: /home/home/dcp_ws/install/pak_hqp_controller/share/pak_hqp_controller/cmake/ament_cmake_export_targets-extras.cmake
[25.307s] -- Installing: /home/home/dcp_ws/install/pak_hqp_controller/share/pak_hqp_controller/cmake/ament_cmake_export_libraries-extras.cmake
[25.307s] -- Installing: /home/home/dcp_ws/install/pak_hqp_controller/share/pak_hqp_controller/cmake/pak_hqp_controllerConfig.cmake
[25.307s] -- Installing: /home/home/dcp_ws/install/pak_hqp_controller/share/pak_hqp_controller/cmake/pak_hqp_controllerConfig-version.cmake
[25.307s] -- Installing: /home/home/dcp_ws/install/pak_hqp_controller/share/pak_hqp_controller/package.xml
[25.309s] Invoked command in '/home/home/dcp_ws/build/pak_hqp_controller' returned '0': CMAKE_PREFIX_PATH=${CMAKE_PREFIX_PATH}:/home/home/dcp_ws/install/isaacsim_ros2:/home/home/kimm_ws/install/rb5_action_manager:/opt/ros/humble /usr/bin/cmake --install /home/home/dcp_ws/build/pak_hqp_controller
