-- The C compiler identification is GNU 11.4.0
-- The CXX compiler identification is GNU 11.4.0
-- Detecting C compiler ABI info
-- Detecting C compiler ABI info - done
-- Check for working C compiler: /usr/bin/cc - skipped
-- Detecting C compile features
-- Detecting C compile features - done
-- Detecting CXX compiler ABI info
-- Detecting CXX compiler ABI info - done
-- Check for working CXX compiler: /usr/bin/c++ - skipped
-- Detecting CXX compile features
-- Detecting CXX compile features - done
-- Found ament_cmake: 1.3.11 (/opt/ros/humble/share/ament_cmake/cmake)
-- Found Python3: /usr/bin/python3 (found version "3.10.12") found components: Interpreter 
-- Override CMake install command with custom implementation using symlinks instead of copying resources
-- Found rclpy: 3.3.16 (/opt/ros/humble/share/rclpy/cmake)
-- Found moveit: 2.5.9 (/opt/ros/humble/share/moveit/cmake)
-- Configuring done
-- Generating done
-- Build files have been written to: /home/home/dcp_ws/build/fairino_rviz
-- Install configuration: ""
-- Execute custom install script
-- Symlinking: /home/home/dcp_ws/install/fairino_rviz/share/fairino_rviz/rviz2/fr5.rviz
-- Symlinking: /home/home/dcp_ws/install/fairino_rviz/share/fairino_rviz/launch/view_robot.launch.py
-- Symlinking: /home/home/dcp_ws/install/fairino_rviz/share/ament_index/resource_index/package_run_dependencies/fairino_rviz
-- Symlinking: /home/home/dcp_ws/install/fairino_rviz/share/ament_index/resource_index/parent_prefix_path/fairino_rviz
-- Symlinking: /home/home/dcp_ws/install/fairino_rviz/share/fairino_rviz/environment/ament_prefix_path.sh
-- Symlinking: /home/home/dcp_ws/install/fairino_rviz/share/fairino_rviz/environment/ament_prefix_path.dsv
-- Symlinking: /home/home/dcp_ws/install/fairino_rviz/share/fairino_rviz/environment/path.sh
-- Symlinking: /home/home/dcp_ws/install/fairino_rviz/share/fairino_rviz/environment/path.dsv
-- Symlinking: /home/home/dcp_ws/install/fairino_rviz/share/fairino_rviz/local_setup.bash
-- Symlinking: /home/home/dcp_ws/install/fairino_rviz/share/fairino_rviz/local_setup.sh
-- Symlinking: /home/home/dcp_ws/install/fairino_rviz/share/fairino_rviz/local_setup.zsh
-- Symlinking: /home/home/dcp_ws/install/fairino_rviz/share/fairino_rviz/local_setup.dsv
-- Symlinking: /home/home/dcp_ws/install/fairino_rviz/share/fairino_rviz/package.dsv
-- Symlinking: /home/home/dcp_ws/install/fairino_rviz/share/ament_index/resource_index/packages/fairino_rviz
-- Symlinking: /home/home/dcp_ws/install/fairino_rviz/share/fairino_rviz/cmake/fairino_rvizConfig.cmake
-- Symlinking: /home/home/dcp_ws/install/fairino_rviz/share/fairino_rviz/cmake/fairino_rvizConfig-version.cmake
-- Symlinking: /home/home/dcp_ws/install/fairino_rviz/share/fairino_rviz/package.xml
