[0.032s] Invoking command in '/home/home/dcp_ws/build/dh_robotics_ag95_description': CMAKE_PREFIX_PATH=/home/home/dcp_ws/install/robotiq_description:/home/home/dcp_ws/install/isaacsim:/home/home/dcp_ws/install/fairino_rviz:/home/home/dcp_ws/install/fairino_action_manager:/home/home/dcp_ws/install/fairino_interfaces:/home/home/dcp_ws/install/fairino_description:/home/home/dcp_ws/install/dh_robotics_ag95_description:/home/home/dcp_ws/install/pak_hqp_controller:/home/home/dcp_ws/install/kimm_hqp_controller:/home/home/dcp_ws/install/kimm_trajectory_smoother:/home/home/dcp_ws/install/isaacsim_ros2:/home/home/kimm_ws/install/rb5_action_manager:/opt/ros/humble:/home/home/dcp_ws/install/kimm_qpoases:/home/home/gello_ws/install/franka_plugin:/home/home/gello_ws/install/franka_description:/home/home/gello_ws/install/dynamixel_sdk_examples:/home/home/gello_ws/install/dynamixel_sdk_custom_interfaces:/home/home/gello_ws/install/dynamixel:/home/home/gello_ws/install/dynamixel_sdk:/home/home/kimm_ws/install/rbpodo_bringup:/home/home/kimm_ws/install/rbpodo_hardware:/home/home/kimm_ws/install/rbpodo_msgs:/home/home/kimm_ws/install/rb3_730es_u_moveit_config:/home/home/kimm_ws/install/rbpodo_description:/home/home/kimm_ws/install/rb5_gui_manager:/home/home/kimm_ws/install/action_interface /usr/bin/cmake --build /home/home/dcp_ws/build/dh_robotics_ag95_description -- -j10 -l10
[0.206s] Invoked command in '/home/home/dcp_ws/build/dh_robotics_ag95_description' returned '0': CMAKE_PREFIX_PATH=/home/home/dcp_ws/install/robotiq_description:/home/home/dcp_ws/install/isaacsim:/home/home/dcp_ws/install/fairino_rviz:/home/home/dcp_ws/install/fairino_action_manager:/home/home/dcp_ws/install/fairino_interfaces:/home/home/dcp_ws/install/fairino_description:/home/home/dcp_ws/install/dh_robotics_ag95_description:/home/home/dcp_ws/install/pak_hqp_controller:/home/home/dcp_ws/install/kimm_hqp_controller:/home/home/dcp_ws/install/kimm_trajectory_smoother:/home/home/dcp_ws/install/isaacsim_ros2:/home/home/kimm_ws/install/rb5_action_manager:/opt/ros/humble:/home/home/dcp_ws/install/kimm_qpoases:/home/home/gello_ws/install/franka_plugin:/home/home/gello_ws/install/franka_description:/home/home/gello_ws/install/dynamixel_sdk_examples:/home/home/gello_ws/install/dynamixel_sdk_custom_interfaces:/home/home/gello_ws/install/dynamixel:/home/home/gello_ws/install/dynamixel_sdk:/home/home/kimm_ws/install/rbpodo_bringup:/home/home/kimm_ws/install/rbpodo_hardware:/home/home/kimm_ws/install/rbpodo_msgs:/home/home/kimm_ws/install/rb3_730es_u_moveit_config:/home/home/kimm_ws/install/rbpodo_description:/home/home/kimm_ws/install/rb5_gui_manager:/home/home/kimm_ws/install/action_interface /usr/bin/cmake --build /home/home/dcp_ws/build/dh_robotics_ag95_description -- -j10 -l10
[0.206s] Invoking command in '/home/home/dcp_ws/build/dh_robotics_ag95_description': CMAKE_PREFIX_PATH=/home/home/dcp_ws/install/robotiq_description:/home/home/dcp_ws/install/isaacsim:/home/home/dcp_ws/install/fairino_rviz:/home/home/dcp_ws/install/fairino_action_manager:/home/home/dcp_ws/install/fairino_interfaces:/home/home/dcp_ws/install/fairino_description:/home/home/dcp_ws/install/dh_robotics_ag95_description:/home/home/dcp_ws/install/pak_hqp_controller:/home/home/dcp_ws/install/kimm_hqp_controller:/home/home/dcp_ws/install/kimm_trajectory_smoother:/home/home/dcp_ws/install/isaacsim_ros2:/home/home/kimm_ws/install/rb5_action_manager:/opt/ros/humble:/home/home/dcp_ws/install/kimm_qpoases:/home/home/gello_ws/install/franka_plugin:/home/home/gello_ws/install/franka_description:/home/home/gello_ws/install/dynamixel_sdk_examples:/home/home/gello_ws/install/dynamixel_sdk_custom_interfaces:/home/home/gello_ws/install/dynamixel:/home/home/gello_ws/install/dynamixel_sdk:/home/home/kimm_ws/install/rbpodo_bringup:/home/home/kimm_ws/install/rbpodo_hardware:/home/home/kimm_ws/install/rbpodo_msgs:/home/home/kimm_ws/install/rb3_730es_u_moveit_config:/home/home/kimm_ws/install/rbpodo_description:/home/home/kimm_ws/install/rb5_gui_manager:/home/home/kimm_ws/install/action_interface /usr/bin/cmake --install /home/home/dcp_ws/build/dh_robotics_ag95_description
[0.225s] -- Install configuration: ""
[0.226s] -- Execute custom install script
[0.228s] -- Up-to-date symlink: /home/home/dcp_ws/install/dh_robotics_ag95_description/share/dh_robotics_ag95_description/meshes/visual/base_link.STL
[0.228s] -- Up-to-date symlink: /home/home/dcp_ws/install/dh_robotics_ag95_description/share/dh_robotics_ag95_description/meshes/visual/crank_Link.STL
[0.228s] -- Up-to-date symlink: /home/home/dcp_ws/install/dh_robotics_ag95_description/share/dh_robotics_ag95_description/meshes/visual/distal_phalanx_Link.STL
[0.235s] -- Up-to-date symlink: /home/home/dcp_ws/install/dh_robotics_ag95_description/share/dh_robotics_ag95_description/meshes/visual/proximal_phalanx_Link.STL
[0.235s] -- Up-to-date symlink: /home/home/dcp_ws/install/dh_robotics_ag95_description/share/dh_robotics_ag95_description/meshes/visual/rod_Link.STL
[0.235s] -- Up-to-date symlink: /home/home/dcp_ws/install/dh_robotics_ag95_description/share/dh_robotics_ag95_description/urdf/dh_robotics_ag95.urdf
[0.235s] -- Up-to-date symlink: /home/home/dcp_ws/install/dh_robotics_ag95_description/share/dh_robotics_ag95_description/urdf/dh_robotics_ag95_gripper.gv
[0.235s] -- Up-to-date symlink: /home/home/dcp_ws/install/dh_robotics_ag95_description/share/dh_robotics_ag95_description/urdf/dh_robotics_ag95_gripper.pdf
[0.236s] -- Up-to-date symlink: /home/home/dcp_ws/install/dh_robotics_ag95_description/share/dh_robotics_ag95_description/urdf/dh_robotics_ag95_gripper.transmission.xacro
[0.236s] -- Up-to-date symlink: /home/home/dcp_ws/install/dh_robotics_ag95_description/share/dh_robotics_ag95_description/urdf/dh_robotics_ag95_gripper.urdf.xacro
[0.238s] -- Up-to-date symlink: /home/home/dcp_ws/install/dh_robotics_ag95_description/share/dh_robotics_ag95_description/urdf/dh_robotics_ag95_gripper.xacro
[0.239s] -- Up-to-date symlink: /home/home/dcp_ws/install/dh_robotics_ag95_description/share/ament_index/resource_index/package_run_dependencies/dh_robotics_ag95_description
[0.239s] -- Up-to-date symlink: /home/home/dcp_ws/install/dh_robotics_ag95_description/share/ament_index/resource_index/parent_prefix_path/dh_robotics_ag95_description
[0.239s] -- Up-to-date symlink: /home/home/dcp_ws/install/dh_robotics_ag95_description/share/dh_robotics_ag95_description/environment/ament_prefix_path.sh
[0.239s] -- Up-to-date symlink: /home/home/dcp_ws/install/dh_robotics_ag95_description/share/dh_robotics_ag95_description/environment/ament_prefix_path.dsv
[0.239s] -- Up-to-date symlink: /home/home/dcp_ws/install/dh_robotics_ag95_description/share/dh_robotics_ag95_description/environment/path.sh
[0.239s] -- Up-to-date symlink: /home/home/dcp_ws/install/dh_robotics_ag95_description/share/dh_robotics_ag95_description/environment/path.dsv
[0.240s] -- Up-to-date symlink: /home/home/dcp_ws/install/dh_robotics_ag95_description/share/dh_robotics_ag95_description/local_setup.bash
[0.240s] -- Up-to-date symlink: /home/home/dcp_ws/install/dh_robotics_ag95_description/share/dh_robotics_ag95_description/local_setup.sh
[0.240s] -- Up-to-date symlink: /home/home/dcp_ws/install/dh_robotics_ag95_description/share/dh_robotics_ag95_description/local_setup.zsh
[0.240s] -- Up-to-date symlink: /home/home/dcp_ws/install/dh_robotics_ag95_description/share/dh_robotics_ag95_description/local_setup.dsv
[0.240s] -- Symlinking: /home/home/dcp_ws/install/dh_robotics_ag95_description/share/dh_robotics_ag95_description/package.dsv
[0.247s] -- Up-to-date symlink: /home/home/dcp_ws/install/dh_robotics_ag95_description/share/ament_index/resource_index/packages/dh_robotics_ag95_description
[0.247s] -- Up-to-date symlink: /home/home/dcp_ws/install/dh_robotics_ag95_description/share/dh_robotics_ag95_description/cmake/dh_robotics_ag95_descriptionConfig.cmake
[0.247s] -- Up-to-date symlink: /home/home/dcp_ws/install/dh_robotics_ag95_description/share/dh_robotics_ag95_description/cmake/dh_robotics_ag95_descriptionConfig-version.cmake
[0.247s] -- Up-to-date symlink: /home/home/dcp_ws/install/dh_robotics_ag95_description/share/dh_robotics_ag95_description/package.xml
[0.303s] Invoked command in '/home/home/dcp_ws/build/dh_robotics_ag95_description' returned '0': CMAKE_PREFIX_PATH=/home/home/dcp_ws/install/robotiq_description:/home/home/dcp_ws/install/isaacsim:/home/home/dcp_ws/install/fairino_rviz:/home/home/dcp_ws/install/fairino_action_manager:/home/home/dcp_ws/install/fairino_interfaces:/home/home/dcp_ws/install/fairino_description:/home/home/dcp_ws/install/dh_robotics_ag95_description:/home/home/dcp_ws/install/pak_hqp_controller:/home/home/dcp_ws/install/kimm_hqp_controller:/home/home/dcp_ws/install/kimm_trajectory_smoother:/home/home/dcp_ws/install/isaacsim_ros2:/home/home/kimm_ws/install/rb5_action_manager:/opt/ros/humble:/home/home/dcp_ws/install/kimm_qpoases:/home/home/gello_ws/install/franka_plugin:/home/home/gello_ws/install/franka_description:/home/home/gello_ws/install/dynamixel_sdk_examples:/home/home/gello_ws/install/dynamixel_sdk_custom_interfaces:/home/home/gello_ws/install/dynamixel:/home/home/gello_ws/install/dynamixel_sdk:/home/home/kimm_ws/install/rbpodo_bringup:/home/home/kimm_ws/install/rbpodo_hardware:/home/home/kimm_ws/install/rbpodo_msgs:/home/home/kimm_ws/install/rb3_730es_u_moveit_config:/home/home/kimm_ws/install/rbpodo_description:/home/home/kimm_ws/install/rb5_gui_manager:/home/home/kimm_ws/install/action_interface /usr/bin/cmake --install /home/home/dcp_ws/build/dh_robotics_ag95_description
