-- The C compiler identification is GNU 11.4.0
-- The CXX compiler identification is GNU 11.4.0
-- Detecting C compiler ABI info
-- Detecting C compiler ABI info - done
-- Check for working C compiler: /usr/bin/cc - skipped
-- Detecting C compile features
-- Detecting C compile features - done
-- Detecting CXX compiler ABI info
-- Detecting CXX compiler ABI info - done
-- Check for working CXX compiler: /usr/bin/c++ - skipped
-- Detecting CXX compile features
-- Detecting CXX compile features - done
-- Found ament_cmake: 1.3.11 (/opt/ros/humble/share/ament_cmake/cmake)
-- Found Python3: /usr/bin/python3 (found version "3.10.12") found components: Interpreter 
-- Found rclcpp: 16.0.12 (/opt/ros/humble/share/rclcpp/cmake)
-- Found rosidl_generator_c: 3.1.6 (/opt/ros/humble/share/rosidl_generator_c/cmake)
-- Found rosidl_adapter: 3.1.6 (/opt/ros/humble/share/rosidl_adapter/cmake)
-- Found rosidl_generator_cpp: 3.1.6 (/opt/ros/humble/share/rosidl_generator_cpp/cmake)
-- Using all available rosidl_typesupport_c: rosidl_typesupport_fastrtps_c;rosidl_typesupport_introspection_c
-- Using all available rosidl_typesupport_cpp: rosidl_typesupport_fastrtps_cpp;rosidl_typesupport_introspection_cpp
-- Found rmw_implementation_cmake: 6.1.2 (/opt/ros/humble/share/rmw_implementation_cmake/cmake)
-- Found rmw_fastrtps_cpp: 6.2.7 (/opt/ros/humble/share/rmw_fastrtps_cpp/cmake)
-- Found OpenSSL: /usr/lib/x86_64-linux-gnu/libcrypto.so (found version "3.0.2")  
-- Found FastRTPS: /opt/ros/humble/include  
-- Using RMW implementation 'rmw_fastrtps_cpp' as default
-- Looking for pthread.h
-- Looking for pthread.h - found
-- Performing Test CMAKE_HAVE_LIBC_PTHREAD
-- Performing Test CMAKE_HAVE_LIBC_PTHREAD - Success
-- Found Threads: TRUE  
-- pinocchio_default FOUND. pinocchio_default at /opt/ros/humble/lib/x86_64-linux-gnu/libpinocchio_default.so
-- pinocchio_parsers FOUND. pinocchio_parsers at /opt/ros/humble/lib/x86_64-linux-gnu/libpinocchio_parsers.so
-- boost_filesystem FOUND. boost_filesystem at /lib/x86_64-linux-gnu/libboost_filesystem.so
-- boost_serialization FOUND. boost_serialization at /lib/x86_64-linux-gnu/libboost_serialization.so
-- boost_system FOUND. boost_system at /lib/x86_64-linux-gnu/libboost_system.so
-- Found Boost: /usr/include (found version "1.74.0") found components: filesystem serialization system 
-- eigenpy FOUND. eigenpy at /opt/ros/humble/lib/x86_64-linux-gnu/libeigenpy.so
-- Checking for NumPy
--   NUMPY_INCLUDE_DIRS=/usr/lib/python3/dist-packages/numpy/core/include
--   NUMPY_VERSION=1.21.5
-- Found Python3: /usr/bin/python3 (found version "3.10.12") found components: Interpreter Development.Module NumPy 
-- PythonLibraryDirs: 
-- PythonLibVersionString: 3.10.12
-- Python site lib: lib/python3.10/site-packages
-- Python include dirs: /usr/include/python3.10
-- Checking for NumPy
--   NUMPY_INCLUDE_DIRS=/usr/lib/python3/dist-packages/numpy/core/include
--   NUMPY_VERSION=1.21.5
-- NumPy include dir: /usr/lib/python3/dist-packages/numpy/core/include
-- Found Boost: /usr/include (found version "1.74.0") found components: python310 
-- Default C++ standard: 201703
-- Minimal C++ standard upgraded to 11
-- C++ standard sufficient: Minimal required 11, currently defined: 17
-- CMAKE_CXX_STANDARD was not set: automatically set to currently defined standard 17
-- hpp-fcl FOUND. hpp-fcl at /opt/ros/humble/lib/x86_64-linux-gnu/libhpp-fcl.so
-- Found Boost: /usr/include (found version "1.74.0") found components: chrono serialization filesystem 
-- C++ standard sufficient: Minimal required 11, currently defined: 17
-- C++ standard sufficient: Minimal required 11, currently defined: 17
-- Found kimm_qpoases: 1.0.0 (/home/home/dcp_ws/install/kimm_qpoases/share/kimm_qpoases/cmake)
-- Found kimm_trajectory_smoother: 1.0.0 (/home/home/dcp_ws/install/kimm_trajectory_smoother/share/kimm_trajectory_smoother/cmake)
-- Configuring done
-- Generating done
-- Build files have been written to: /home/home/dcp_ws/build/kimm_hqp_controller
[  3%] [32mBuilding CXX object CMakeFiles/kimm_hqp_controller.dir/src/formulation/contact_level.cpp.o[0m
[ 10%] [32mBuilding CXX object CMakeFiles/kimm_hqp_controller.dir/src/formulation/inverse_dynamics_formulation_base.cpp.o[0m
[ 13%] [32mBuilding CXX object CMakeFiles/kimm_hqp_controller.dir/src/contact/contact_base.cpp.o[0m
[ 17%] [32mBuilding CXX object CMakeFiles/kimm_hqp_controller.dir/src/formulation/inverse_dynamics_formulation_acc.cpp.o[0m
[ 10%] [32mBuilding CXX object CMakeFiles/kimm_hqp_controller.dir/src/math/constraint_base.cpp.o[0m
[ 20%] [32mBuilding CXX object CMakeFiles/kimm_hqp_controller.dir/src/contact/contact_point.cpp.o[0m
[ 24%] [32mBuilding CXX object CMakeFiles/kimm_hqp_controller.dir/src/math/constraint_bound.cpp.o[0m
[ 27%] [32mBuilding CXX object CMakeFiles/kimm_hqp_controller.dir/src/math/constraint_inequality.cpp.o[0m
[ 31%] [32mBuilding CXX object CMakeFiles/kimm_hqp_controller.dir/src/math/constraint_equality.cpp.o[0m
[ 34%] [32mBuilding CXX object CMakeFiles/kimm_hqp_controller.dir/src/math/util.cpp.o[0m
[ 37%] [32mBuilding CXX object CMakeFiles/kimm_hqp_controller.dir/src/robot/robot_wrapper.cpp.o[0m
[ 41%] [32mBuilding CXX object CMakeFiles/kimm_hqp_controller.dir/src/solver/solver_HQP_base.cpp.o[0m
[ 44%] [32mBuilding CXX object CMakeFiles/kimm_hqp_controller.dir/src/solver/solver_HQP_eiquadprog.cpp.o[0m
[ 48%] [32mBuilding CXX object CMakeFiles/kimm_hqp_controller.dir/src/solver/solver_HQP_eiquadprog_fast.cpp.o[0m
[ 51%] [32mBuilding CXX object CMakeFiles/kimm_hqp_controller.dir/src/solver/solver_HQP_factory.cpp.o[0m
[ 55%] [32mBuilding CXX object CMakeFiles/kimm_hqp_controller.dir/src/solver/solver_HQP_qpoases.cpp.o[0m
[ 58%] [32mBuilding CXX object CMakeFiles/kimm_hqp_controller.dir/src/solver/util.cpp.o[0m
[ 62%] [32mBuilding CXX object CMakeFiles/kimm_hqp_controller.dir/src/tasks/task_base.cpp.o[0m
[ 65%] [32mBuilding CXX object CMakeFiles/kimm_hqp_controller.dir/src/tasks/task_contact_force.cpp.o[0m
[ 68%] [32mBuilding CXX object CMakeFiles/kimm_hqp_controller.dir/src/tasks/task_joint_bound.cpp.o[0m
[ 72%] [32mBuilding CXX object CMakeFiles/kimm_hqp_controller.dir/src/tasks/task_joint_posture.cpp.o[0m
[ 75%] [32mBuilding CXX object CMakeFiles/kimm_hqp_controller.dir/src/tasks/task_mobile_base.cpp.o[0m
[ 79%] [32mBuilding CXX object CMakeFiles/kimm_hqp_controller.dir/src/tasks/task_motion.cpp.o[0m
[ 82%] [32mBuilding CXX object CMakeFiles/kimm_hqp_controller.dir/src/tasks/task_se3_equality.cpp.o[0m
[ 86%] [32mBuilding CXX object CMakeFiles/kimm_hqp_controller.dir/src/trajectory/trajectory_euclidian.cpp.o[0m
[ 89%] [32mBuilding CXX object CMakeFiles/kimm_hqp_controller.dir/src/trajectory/trajectory_se3.cpp.o[0m
[ 93%] [32mBuilding CXX object CMakeFiles/kimm_hqp_controller.dir/src/util/statistics.cpp.o[0m
[ 96%] [32mBuilding CXX object CMakeFiles/kimm_hqp_controller.dir/src/util/stop_watch.cpp.o[0m
[100%] [32m[1mLinking CXX shared library libkimm_hqp_controller.so[0m
[100%] Built target kimm_hqp_controller
-- Install configuration: ""
-- Installing: /home/home/dcp_ws/install/kimm_hqp_controller/include
-- Installing: /home/home/dcp_ws/install/kimm_hqp_controller/include/kimm_hqp_controller
-- Installing: /home/home/dcp_ws/install/kimm_hqp_controller/include/kimm_hqp_controller/contact
-- Installing: /home/home/dcp_ws/install/kimm_hqp_controller/include/kimm_hqp_controller/contact/contact_base.hpp
-- Installing: /home/home/dcp_ws/install/kimm_hqp_controller/include/kimm_hqp_controller/contact/contact_point.hpp
-- Installing: /home/home/dcp_ws/install/kimm_hqp_controller/include/kimm_hqp_controller/contact/fwd.hpp
-- Installing: /home/home/dcp_ws/install/kimm_hqp_controller/include/kimm_hqp_controller/robot
-- Installing: /home/home/dcp_ws/install/kimm_hqp_controller/include/kimm_hqp_controller/robot/robot_wrapper.hpp
-- Installing: /home/home/dcp_ws/install/kimm_hqp_controller/include/kimm_hqp_controller/robot/fwd.hpp
-- Installing: /home/home/dcp_ws/install/kimm_hqp_controller/include/kimm_hqp_controller/util
-- Installing: /home/home/dcp_ws/install/kimm_hqp_controller/include/kimm_hqp_controller/util/Stdafx.hh
-- Installing: /home/home/dcp_ws/install/kimm_hqp_controller/include/kimm_hqp_controller/util/statistics.hpp
-- Installing: /home/home/dcp_ws/install/kimm_hqp_controller/include/kimm_hqp_controller/util/stop_watch.hpp
-- Installing: /home/home/dcp_ws/install/kimm_hqp_controller/include/kimm_hqp_controller/math
-- Installing: /home/home/dcp_ws/install/kimm_hqp_controller/include/kimm_hqp_controller/math/constraint_bound.hpp
-- Installing: /home/home/dcp_ws/install/kimm_hqp_controller/include/kimm_hqp_controller/math/constraint_equality.hpp
-- Installing: /home/home/dcp_ws/install/kimm_hqp_controller/include/kimm_hqp_controller/math/constraint_inequality.hpp
-- Installing: /home/home/dcp_ws/install/kimm_hqp_controller/include/kimm_hqp_controller/math/fwd.hpp
-- Installing: /home/home/dcp_ws/install/kimm_hqp_controller/include/kimm_hqp_controller/math/constraint_base.hpp
-- Installing: /home/home/dcp_ws/install/kimm_hqp_controller/include/kimm_hqp_controller/math/util.hpp
-- Installing: /home/home/dcp_ws/install/kimm_hqp_controller/include/kimm_hqp_controller/config.hpp
-- Installing: /home/home/dcp_ws/install/kimm_hqp_controller/include/kimm_hqp_controller/tasks
-- Installing: /home/home/dcp_ws/install/kimm_hqp_controller/include/kimm_hqp_controller/tasks/task_joint_posture.hpp
-- Installing: /home/home/dcp_ws/install/kimm_hqp_controller/include/kimm_hqp_controller/tasks/task_mobile_base.hpp
-- Installing: /home/home/dcp_ws/install/kimm_hqp_controller/include/kimm_hqp_controller/tasks/fwd.hpp
-- Installing: /home/home/dcp_ws/install/kimm_hqp_controller/include/kimm_hqp_controller/tasks/task_joint_bound.hpp
-- Installing: /home/home/dcp_ws/install/kimm_hqp_controller/include/kimm_hqp_controller/tasks/task_se3_equality.hpp
-- Installing: /home/home/dcp_ws/install/kimm_hqp_controller/include/kimm_hqp_controller/tasks/task_base.hpp
-- Installing: /home/home/dcp_ws/install/kimm_hqp_controller/include/kimm_hqp_controller/tasks/task_motion.hpp
-- Installing: /home/home/dcp_ws/install/kimm_hqp_controller/include/kimm_hqp_controller/tasks/task_contact_force.hpp
-- Installing: /home/home/dcp_ws/install/kimm_hqp_controller/include/kimm_hqp_controller/trajectory
-- Installing: /home/home/dcp_ws/install/kimm_hqp_controller/include/kimm_hqp_controller/trajectory/trajectory_euclidian.hpp
-- Installing: /home/home/dcp_ws/install/kimm_hqp_controller/include/kimm_hqp_controller/trajectory/trajectory_se3.hpp
-- Installing: /home/home/dcp_ws/install/kimm_hqp_controller/include/kimm_hqp_controller/trajectory/fwd.hpp
-- Installing: /home/home/dcp_ws/install/kimm_hqp_controller/include/kimm_hqp_controller/trajectory/trajectory_base.hpp
-- Installing: /home/home/dcp_ws/install/kimm_hqp_controller/include/kimm_hqp_controller/solver
-- Installing: /home/home/dcp_ws/install/kimm_hqp_controller/include/kimm_hqp_controller/solver/solver_HQP_eiquadprog.hpp
-- Installing: /home/home/dcp_ws/install/kimm_hqp_controller/include/kimm_hqp_controller/solver/solver_HQP_factory.hxx
-- Installing: /home/home/dcp_ws/install/kimm_hqp_controller/include/kimm_hqp_controller/solver/solver_HQP_factory.hpp
-- Installing: /home/home/dcp_ws/install/kimm_hqp_controller/include/kimm_hqp_controller/solver/solver_HQP_eiquadprog_rt.hxx
-- Installing: /home/home/dcp_ws/install/kimm_hqp_controller/include/kimm_hqp_controller/solver/solver_HQP_output.hpp
-- Installing: /home/home/dcp_ws/install/kimm_hqp_controller/include/kimm_hqp_controller/solver/solver_HQP_eiquadprog_fast.hpp
-- Installing: /home/home/dcp_ws/install/kimm_hqp_controller/include/kimm_hqp_controller/solver/fwd.hpp
-- Installing: /home/home/dcp_ws/install/kimm_hqp_controller/include/kimm_hqp_controller/solver/solver_HQP_eiquadprog_rt.hpp
-- Installing: /home/home/dcp_ws/install/kimm_hqp_controller/include/kimm_hqp_controller/solver/util.hpp
-- Installing: /home/home/dcp_ws/install/kimm_hqp_controller/include/kimm_hqp_controller/solver/solver_HQP_base.hpp
-- Installing: /home/home/dcp_ws/install/kimm_hqp_controller/include/kimm_hqp_controller/solver/solver_HQP_qpoases.hpp
-- Installing: /home/home/dcp_ws/install/kimm_hqp_controller/include/kimm_hqp_controller/formulation
-- Installing: /home/home/dcp_ws/install/kimm_hqp_controller/include/kimm_hqp_controller/formulation/contact_level.hpp
-- Installing: /home/home/dcp_ws/install/kimm_hqp_controller/include/kimm_hqp_controller/formulation/inverse_dynamics_formulation_weighted_acc.hpp
-- Installing: /home/home/dcp_ws/install/kimm_hqp_controller/include/kimm_hqp_controller/formulation/inverse_dynamics_formulation_base.hpp
-- Installing: /home/home/dcp_ws/install/kimm_hqp_controller/include/kimm_hqp_controller/formulation/inverse_dynamics_formulation_acc.hpp
-- Installing: /home/home/dcp_ws/install/kimm_hqp_controller/lib/libkimm_hqp_controller.so
-- Set runtime path of "/home/home/dcp_ws/install/kimm_hqp_controller/lib/libkimm_hqp_controller.so" to ""
-- Installing: /home/home/dcp_ws/install/kimm_hqp_controller/share/kimm_hqp_controller/cmake/export_kimm_hqp_controller.cmake
-- Installing: /home/home/dcp_ws/install/kimm_hqp_controller/share/kimm_hqp_controller/cmake/export_kimm_hqp_controller-noconfig.cmake
-- Installing: /home/home/dcp_ws/install/kimm_hqp_controller/share/kimm_hqp_controller/environment/library_path.sh
-- Installing: /home/home/dcp_ws/install/kimm_hqp_controller/share/kimm_hqp_controller/environment/library_path.dsv
-- Installing: /home/home/dcp_ws/install/kimm_hqp_controller/share/ament_index/resource_index/package_run_dependencies/kimm_hqp_controller
-- Installing: /home/home/dcp_ws/install/kimm_hqp_controller/share/ament_index/resource_index/parent_prefix_path/kimm_hqp_controller
-- Installing: /home/home/dcp_ws/install/kimm_hqp_controller/share/kimm_hqp_controller/environment/ament_prefix_path.sh
-- Installing: /home/home/dcp_ws/install/kimm_hqp_controller/share/kimm_hqp_controller/environment/ament_prefix_path.dsv
-- Installing: /home/home/dcp_ws/install/kimm_hqp_controller/share/kimm_hqp_controller/environment/path.sh
-- Installing: /home/home/dcp_ws/install/kimm_hqp_controller/share/kimm_hqp_controller/environment/path.dsv
-- Installing: /home/home/dcp_ws/install/kimm_hqp_controller/share/kimm_hqp_controller/local_setup.bash
-- Installing: /home/home/dcp_ws/install/kimm_hqp_controller/share/kimm_hqp_controller/local_setup.sh
-- Installing: /home/home/dcp_ws/install/kimm_hqp_controller/share/kimm_hqp_controller/local_setup.zsh
-- Installing: /home/home/dcp_ws/install/kimm_hqp_controller/share/kimm_hqp_controller/local_setup.dsv
-- Installing: /home/home/dcp_ws/install/kimm_hqp_controller/share/kimm_hqp_controller/package.dsv
-- Installing: /home/home/dcp_ws/install/kimm_hqp_controller/share/ament_index/resource_index/packages/kimm_hqp_controller
-- Installing: /home/home/dcp_ws/install/kimm_hqp_controller/share/kimm_hqp_controller/cmake/export_kimm_hqp_controllerExport.cmake
-- Installing: /home/home/dcp_ws/install/kimm_hqp_controller/share/kimm_hqp_controller/cmake/export_kimm_hqp_controllerExport-noconfig.cmake
-- Installing: /home/home/dcp_ws/install/kimm_hqp_controller/share/kimm_hqp_controller/cmake/ament_cmake_export_include_directories-extras.cmake
-- Installing: /home/home/dcp_ws/install/kimm_hqp_controller/share/kimm_hqp_controller/cmake/ament_cmake_export_libraries-extras.cmake
-- Installing: /home/home/dcp_ws/install/kimm_hqp_controller/share/kimm_hqp_controller/cmake/ament_cmake_export_dependencies-extras.cmake
-- Installing: /home/home/dcp_ws/install/kimm_hqp_controller/share/kimm_hqp_controller/cmake/ament_cmake_export_targets-extras.cmake
-- Installing: /home/home/dcp_ws/install/kimm_hqp_controller/share/kimm_hqp_controller/cmake/kimm_hqp_controllerConfig.cmake
-- Installing: /home/home/dcp_ws/install/kimm_hqp_controller/share/kimm_hqp_controller/cmake/kimm_hqp_controllerConfig-version.cmake
-- Installing: /home/home/dcp_ws/install/kimm_hqp_controller/share/kimm_hqp_controller/package.xml
