[0.031s] Invoking command in '/home/home/dcp_ws/build/fairino_interfaces': CMAKE_PREFIX_PATH=/home/home/dcp_ws/install/robotiq_description:/home/home/dcp_ws/install/isaacsim:/home/home/dcp_ws/install/fairino_rviz:/home/home/dcp_ws/install/fairino_action_manager:/home/home/dcp_ws/install/fairino_interfaces:/home/home/dcp_ws/install/fairino_description:/home/home/dcp_ws/install/dh_robotics_ag95_description:/home/home/dcp_ws/install/pak_hqp_controller:/home/home/dcp_ws/install/kimm_hqp_controller:/home/home/dcp_ws/install/kimm_trajectory_smoother:/home/home/dcp_ws/install/isaacsim_ros2:/home/home/kimm_ws/install/rb5_action_manager:/opt/ros/humble:/home/home/dcp_ws/install/kimm_qpoases:/home/home/gello_ws/install/franka_plugin:/home/home/gello_ws/install/franka_description:/home/home/gello_ws/install/dynamixel_sdk_examples:/home/home/gello_ws/install/dynamixel_sdk_custom_interfaces:/home/home/gello_ws/install/dynamixel:/home/home/gello_ws/install/dynamixel_sdk:/home/home/kimm_ws/install/rbpodo_bringup:/home/home/kimm_ws/install/rbpodo_hardware:/home/home/kimm_ws/install/rbpodo_msgs:/home/home/kimm_ws/install/rb3_730es_u_moveit_config:/home/home/kimm_ws/install/rbpodo_description:/home/home/kimm_ws/install/rb5_gui_manager:/home/home/kimm_ws/install/action_interface /usr/bin/cmake /home/home/dcp_ws/src/fairino/fairino_interfaces -DAMENT_CMAKE_SYMLINK_INSTALL=1 -DCMAKE_INSTALL_PREFIX=/home/home/dcp_ws/install/fairino_interfaces
[0.188s] -- The C compiler identification is GNU 11.4.0
[0.188s] -- The CXX compiler identification is GNU 11.4.0
[0.188s] -- Detecting C compiler ABI info
[0.188s] -- Detecting C compiler ABI info - done
[0.188s] -- Check for working C compiler: /usr/bin/cc - skipped
[0.188s] -- Detecting C compile features
[0.188s] -- Detecting C compile features - done
[0.188s] -- Detecting CXX compiler ABI info
[0.233s] -- Detecting CXX compiler ABI info - done
[0.246s] -- Check for working CXX compiler: /usr/bin/c++ - skipped
[0.246s] -- Detecting CXX compile features
[0.246s] -- Detecting CXX compile features - done
[0.246s] -- Found ament_cmake: 1.3.11 (/opt/ros/humble/share/ament_cmake/cmake)
[0.375s] -- Found Python3: /usr/bin/python3 (found version "3.10.12") found components: Interpreter 
[0.416s] -- Override CMake install command with custom implementation using symlinks instead of copying resources
[0.436s] -- Found rosidl_default_generators: 1.2.0 (/opt/ros/humble/share/rosidl_default_generators/cmake)
[0.439s] -- Using all available rosidl_typesupport_c: rosidl_typesupport_fastrtps_c;rosidl_typesupport_introspection_c
[0.444s] -- Found rosidl_adapter: 3.1.6 (/opt/ros/humble/share/rosidl_adapter/cmake)
[0.484s] -- Using all available rosidl_typesupport_cpp: rosidl_typesupport_fastrtps_cpp;rosidl_typesupport_introspection_cpp
[0.498s] -- Found std_msgs: 4.8.0 (/opt/ros/humble/share/std_msgs/cmake)
[0.509s] -- Found geometry_msgs: 4.8.0 (/opt/ros/humble/share/geometry_msgs/cmake)
[0.513s] -- Found sensor_msgs: 4.8.0 (/opt/ros/humble/share/sensor_msgs/cmake)
[0.789s] -- Found ament_cmake_ros: 0.10.0 (/opt/ros/humble/share/ament_cmake_ros/cmake)
[0.981s] -- Using all available rosidl_typesupport_c: rosidl_typesupport_fastrtps_c;rosidl_typesupport_introspection_c
[1.216s] -- Using all available rosidl_typesupport_cpp: rosidl_typesupport_fastrtps_cpp;rosidl_typesupport_introspection_cpp
[1.248s] -- Found PythonInterp: /usr/bin/python3 (found suitable version "3.10.12", minimum required is "3.6") 
[1.248s] -- Found python_cmake_module: 0.10.0 (/opt/ros/humble/share/python_cmake_module/cmake)
[1.253s] -- Found PythonLibs: /usr/lib/x86_64-linux-gnu/libpython3.10.so (found suitable version "3.10.12", minimum required is "3.5") 
[1.253s] -- Using PYTHON_EXECUTABLE: /usr/bin/python3
[1.253s] -- Using PYTHON_INCLUDE_DIRS: /usr/include/python3.10
[1.253s] -- Using PYTHON_LIBRARIES: /usr/lib/x86_64-linux-gnu/libpython3.10.so
[1.279s] -- Found PythonExtra: .so  
[1.333s] -- Found ament_lint_auto: 0.12.12 (/opt/ros/humble/share/ament_lint_auto/cmake)
[1.346s] -- Added test 'copyright' to check source files copyright and LICENSE
[1.347s] -- Added test 'lint_cmake' to check CMake code style
[1.347s] -- Added test 'xmllint' to check XML markup files
[1.349s] -- Configuring done
[1.373s] -- Generating done
[1.379s] -- Build files have been written to: /home/home/dcp_ws/build/fairino_interfaces
[1.385s] Invoked command in '/home/home/dcp_ws/build/fairino_interfaces' returned '0': CMAKE_PREFIX_PATH=/home/home/dcp_ws/install/robotiq_description:/home/home/dcp_ws/install/isaacsim:/home/home/dcp_ws/install/fairino_rviz:/home/home/dcp_ws/install/fairino_action_manager:/home/home/dcp_ws/install/fairino_interfaces:/home/home/dcp_ws/install/fairino_description:/home/home/dcp_ws/install/dh_robotics_ag95_description:/home/home/dcp_ws/install/pak_hqp_controller:/home/home/dcp_ws/install/kimm_hqp_controller:/home/home/dcp_ws/install/kimm_trajectory_smoother:/home/home/dcp_ws/install/isaacsim_ros2:/home/home/kimm_ws/install/rb5_action_manager:/opt/ros/humble:/home/home/dcp_ws/install/kimm_qpoases:/home/home/gello_ws/install/franka_plugin:/home/home/gello_ws/install/franka_description:/home/home/gello_ws/install/dynamixel_sdk_examples:/home/home/gello_ws/install/dynamixel_sdk_custom_interfaces:/home/home/gello_ws/install/dynamixel:/home/home/gello_ws/install/dynamixel_sdk:/home/home/kimm_ws/install/rbpodo_bringup:/home/home/kimm_ws/install/rbpodo_hardware:/home/home/kimm_ws/install/rbpodo_msgs:/home/home/kimm_ws/install/rb3_730es_u_moveit_config:/home/home/kimm_ws/install/rbpodo_description:/home/home/kimm_ws/install/rb5_gui_manager:/home/home/kimm_ws/install/action_interface /usr/bin/cmake /home/home/dcp_ws/src/fairino/fairino_interfaces -DAMENT_CMAKE_SYMLINK_INSTALL=1 -DCMAKE_INSTALL_PREFIX=/home/home/dcp_ws/install/fairino_interfaces
[1.386s] Invoking command in '/home/home/dcp_ws/build/fairino_interfaces': CMAKE_PREFIX_PATH=/home/home/dcp_ws/install/robotiq_description:/home/home/dcp_ws/install/isaacsim:/home/home/dcp_ws/install/fairino_rviz:/home/home/dcp_ws/install/fairino_action_manager:/home/home/dcp_ws/install/fairino_interfaces:/home/home/dcp_ws/install/fairino_description:/home/home/dcp_ws/install/dh_robotics_ag95_description:/home/home/dcp_ws/install/pak_hqp_controller:/home/home/dcp_ws/install/kimm_hqp_controller:/home/home/dcp_ws/install/kimm_trajectory_smoother:/home/home/dcp_ws/install/isaacsim_ros2:/home/home/kimm_ws/install/rb5_action_manager:/opt/ros/humble:/home/home/dcp_ws/install/kimm_qpoases:/home/home/gello_ws/install/franka_plugin:/home/home/gello_ws/install/franka_description:/home/home/gello_ws/install/dynamixel_sdk_examples:/home/home/gello_ws/install/dynamixel_sdk_custom_interfaces:/home/home/gello_ws/install/dynamixel:/home/home/gello_ws/install/dynamixel_sdk:/home/home/kimm_ws/install/rbpodo_bringup:/home/home/kimm_ws/install/rbpodo_hardware:/home/home/kimm_ws/install/rbpodo_msgs:/home/home/kimm_ws/install/rb3_730es_u_moveit_config:/home/home/kimm_ws/install/rbpodo_description:/home/home/kimm_ws/install/rb5_gui_manager:/home/home/kimm_ws/install/action_interface /usr/bin/cmake --build /home/home/dcp_ws/build/fairino_interfaces -- -j10 -l10
[1.412s] [  1%] [34m[1mGenerating C code for ROS interfaces[0m
[1.420s] [  2%] [34m[1mGenerating C++ code for ROS interfaces[0m
[1.423s] [  2%] Built target ament_cmake_python_symlink_fairino_interfaces
[1.538s] running egg_info
[1.539s] creating fairino_interfaces.egg-info
[1.539s] writing fairino_interfaces.egg-info/PKG-INFO
[1.539s] writing dependency_links to fairino_interfaces.egg-info/dependency_links.txt
[1.539s] writing top-level names to fairino_interfaces.egg-info/top_level.txt
[1.539s] writing manifest file 'fairino_interfaces.egg-info/SOURCES.txt'
[1.540s] reading manifest file 'fairino_interfaces.egg-info/SOURCES.txt'
[1.540s] writing manifest file 'fairino_interfaces.egg-info/SOURCES.txt'
[1.555s] [  2%] Built target ament_cmake_python_build_fairino_interfaces_egg
[2.316s] [  3%] [32mBuilding C object CMakeFiles/fairino_interfaces__rosidl_generator_c.dir/rosidl_generator_c/fairino_interfaces/action/detail/joint_posture__functions.c.o[0m
[2.317s] [  4%] [32mBuilding C object CMakeFiles/fairino_interfaces__rosidl_generator_c.dir/rosidl_generator_c/fairino_interfaces/action/detail/se3_array__functions.c.o[0m
[2.321s] [  5%] [32mBuilding C object CMakeFiles/fairino_interfaces__rosidl_generator_c.dir/rosidl_generator_c/fairino_interfaces/action/detail/se3__functions.c.o[0m
[2.321s] [  6%] [32mBuilding C object CMakeFiles/fairino_interfaces__rosidl_generator_c.dir/rosidl_generator_c/fairino_interfaces/action/detail/gripper__functions.c.o[0m
[2.329s] [  7%] [32mBuilding C object CMakeFiles/fairino_interfaces__rosidl_generator_c.dir/rosidl_generator_c/fairino_interfaces/action/detail/qr__functions.c.o[0m
[2.333s] [  8%] [32mBuilding C object CMakeFiles/fairino_interfaces__rosidl_generator_c.dir/rosidl_generator_c/fairino_interfaces/action/detail/tool_changer__functions.c.o[0m
[2.335s] [  9%] [32mBuilding C object CMakeFiles/fairino_interfaces__rosidl_generator_c.dir/rosidl_generator_c/fairino_interfaces/action/detail/move__functions.c.o[0m
[2.338s] [ 10%] [32mBuilding C object CMakeFiles/fairino_interfaces__rosidl_generator_c.dir/rosidl_generator_c/fairino_interfaces/srv/detail/place__functions.c.o[0m
[2.338s] [ 11%] [32mBuilding C object CMakeFiles/fairino_interfaces__rosidl_generator_c.dir/rosidl_generator_c/fairino_interfaces/srv/detail/pick__functions.c.o[0m
[2.405s] [ 11%] Built target fairino_interfaces__cpp
[2.412s] [ 12%] [34m[1mGenerating C++ type support for eProsima Fast-RTPS[0m
[2.412s] [ 13%] [34m[1mGenerating C++ type support dispatch for ROS interfaces[0m
[2.412s] [ 14%] [34m[1mGenerating C++ introspection for ROS interfaces[0m
[2.439s] [ 15%] [32m[1mLinking C shared library libfairino_interfaces__rosidl_generator_c.so[0m
[2.463s] [ 15%] Built target fairino_interfaces__rosidl_generator_c
[2.469s] [ 16%] [34m[1mGenerating C type support for eProsima Fast-RTPS[0m
[2.472s] [ 17%] [34m[1mGenerating C introspection for ROS interfaces[0m
[2.472s] [ 18%] [34m[1mGenerating C type support dispatch for ROS interfaces[0m
[2.871s] [ 20%] [32mBuilding CXX object CMakeFiles/fairino_interfaces__rosidl_typesupport_cpp.dir/rosidl_typesupport_cpp/fairino_interfaces/action/joint_posture__type_support.cpp.o[0m
[2.872s] [ 22%] [32mBuilding CXX object CMakeFiles/fairino_interfaces__rosidl_typesupport_cpp.dir/rosidl_typesupport_cpp/fairino_interfaces/action/se3__type_support.cpp.o[0m
[2.872s] [ 22%] [32mBuilding CXX object CMakeFiles/fairino_interfaces__rosidl_typesupport_cpp.dir/rosidl_typesupport_cpp/fairino_interfaces/action/se3_array__type_support.cpp.o[0m
[2.872s] [ 23%] [32mBuilding CXX object CMakeFiles/fairino_interfaces__rosidl_typesupport_cpp.dir/rosidl_typesupport_cpp/fairino_interfaces/action/gripper__type_support.cpp.o[0m
[2.872s] [ 24%] [32mBuilding CXX object CMakeFiles/fairino_interfaces__rosidl_typesupport_cpp.dir/rosidl_typesupport_cpp/fairino_interfaces/action/move__type_support.cpp.o[0m
[2.950s] [ 25%] [32mBuilding CXX object CMakeFiles/fairino_interfaces__rosidl_typesupport_c.dir/rosidl_typesupport_c/fairino_interfaces/action/joint_posture__type_support.cpp.o[0m
[2.985s] [ 26%] [32mBuilding CXX object CMakeFiles/fairino_interfaces__rosidl_typesupport_c.dir/rosidl_typesupport_c/fairino_interfaces/action/se3__type_support.cpp.o[0m
[3.019s] [ 27%] [32mBuilding CXX object CMakeFiles/fairino_interfaces__rosidl_typesupport_c.dir/rosidl_typesupport_c/fairino_interfaces/action/se3_array__type_support.cpp.o[0m
[3.076s] [ 28%] [32mBuilding CXX object CMakeFiles/fairino_interfaces__rosidl_typesupport_c.dir/rosidl_typesupport_c/fairino_interfaces/action/gripper__type_support.cpp.o[0m
[3.082s] [ 29%] [32mBuilding CXX object CMakeFiles/fairino_interfaces__rosidl_typesupport_cpp.dir/rosidl_typesupport_cpp/fairino_interfaces/action/qr__type_support.cpp.o[0m
[3.085s] [ 30%] [32mBuilding CXX object CMakeFiles/fairino_interfaces__rosidl_typesupport_cpp.dir/rosidl_typesupport_cpp/fairino_interfaces/action/tool_changer__type_support.cpp.o[0m
[3.111s] [ 31%] [32mBuilding CXX object CMakeFiles/fairino_interfaces__rosidl_typesupport_c.dir/rosidl_typesupport_c/fairino_interfaces/action/move__type_support.cpp.o[0m
[3.117s] [ 32%] [32mBuilding CXX object CMakeFiles/fairino_interfaces__rosidl_typesupport_cpp.dir/rosidl_typesupport_cpp/fairino_interfaces/srv/pick__type_support.cpp.o[0m
[3.126s] [ 33%] [32mBuilding CXX object CMakeFiles/fairino_interfaces__rosidl_typesupport_introspection_cpp.dir/rosidl_typesupport_introspection_cpp/fairino_interfaces/action/detail/joint_posture__type_support.cpp.o[0m
[3.135s] [ 34%] [32mBuilding CXX object CMakeFiles/fairino_interfaces__rosidl_typesupport_cpp.dir/rosidl_typesupport_cpp/fairino_interfaces/srv/place__type_support.cpp.o[0m
[3.142s] [ 35%] [32mBuilding CXX object CMakeFiles/fairino_interfaces__rosidl_typesupport_c.dir/rosidl_typesupport_c/fairino_interfaces/action/qr__type_support.cpp.o[0m
[3.170s] [ 36%] [32mBuilding CXX object CMakeFiles/fairino_interfaces__rosidl_typesupport_c.dir/rosidl_typesupport_c/fairino_interfaces/action/tool_changer__type_support.cpp.o[0m
[3.197s] [ 37%] [32mBuilding CXX object CMakeFiles/fairino_interfaces__rosidl_typesupport_c.dir/rosidl_typesupport_c/fairino_interfaces/srv/pick__type_support.cpp.o[0m
[3.201s] [ 38%] [32mBuilding C object CMakeFiles/fairino_interfaces__rosidl_typesupport_introspection_c.dir/rosidl_typesupport_introspection_c/fairino_interfaces/action/detail/joint_posture__type_support.c.o[0m
[3.203s] [ 40%] [32mBuilding CXX object CMakeFiles/fairino_interfaces__rosidl_typesupport_c.dir/rosidl_typesupport_c/fairino_interfaces/srv/place__type_support.cpp.o[0m
[3.229s] [ 41%] [32m[1mLinking CXX shared library libfairino_interfaces__rosidl_typesupport_c.so[0m
[3.229s] [ 42%] [32mBuilding CXX object CMakeFiles/fairino_interfaces__rosidl_typesupport_fastrtps_c.dir/rosidl_typesupport_fastrtps_c/fairino_interfaces/action/detail/joint_posture__type_support_c.cpp.o[0m
[3.234s] [ 43%] [32mBuilding C object CMakeFiles/fairino_interfaces__rosidl_typesupport_introspection_c.dir/rosidl_typesupport_introspection_c/fairino_interfaces/action/detail/se3_array__type_support.c.o[0m
[3.234s] [ 44%] [32mBuilding C object CMakeFiles/fairino_interfaces__rosidl_typesupport_introspection_c.dir/rosidl_typesupport_introspection_c/fairino_interfaces/action/detail/se3__type_support.c.o[0m
[3.249s] [ 45%] [32mBuilding CXX object CMakeFiles/fairino_interfaces__rosidl_typesupport_fastrtps_cpp.dir/rosidl_typesupport_fastrtps_cpp/fairino_interfaces/action/detail/dds_fastrtps/joint_posture__type_support.cpp.o[0m
[3.256s] [ 46%] [32mBuilding C object CMakeFiles/fairino_interfaces__rosidl_typesupport_introspection_c.dir/rosidl_typesupport_introspection_c/fairino_interfaces/action/detail/gripper__type_support.c.o[0m
[3.267s] [ 46%] Built target fairino_interfaces__rosidl_typesupport_c
[3.275s] [ 47%] [32mBuilding CXX object CMakeFiles/fairino_interfaces__rosidl_typesupport_introspection_cpp.dir/rosidl_typesupport_introspection_cpp/fairino_interfaces/action/detail/se3__type_support.cpp.o[0m
[3.276s] [ 48%] [32mBuilding C object CMakeFiles/fairino_interfaces__rosidl_typesupport_introspection_c.dir/rosidl_typesupport_introspection_c/fairino_interfaces/action/detail/move__type_support.c.o[0m
[3.277s] [ 49%] [32mBuilding CXX object CMakeFiles/fairino_interfaces__rosidl_typesupport_fastrtps_cpp.dir/rosidl_typesupport_fastrtps_cpp/fairino_interfaces/action/detail/dds_fastrtps/se3__type_support.cpp.o[0m
[3.289s] [ 50%] [32mBuilding CXX object CMakeFiles/fairino_interfaces__rosidl_typesupport_fastrtps_cpp.dir/rosidl_typesupport_fastrtps_cpp/fairino_interfaces/action/detail/dds_fastrtps/se3_array__type_support.cpp.o[0m
[3.291s] [ 51%] [32mBuilding C object CMakeFiles/fairino_interfaces__rosidl_typesupport_introspection_c.dir/rosidl_typesupport_introspection_c/fairino_interfaces/action/detail/qr__type_support.c.o[0m
[3.301s] [ 52%] [32mBuilding CXX object CMakeFiles/fairino_interfaces__rosidl_typesupport_fastrtps_cpp.dir/rosidl_typesupport_fastrtps_cpp/fairino_interfaces/action/detail/dds_fastrtps/gripper__type_support.cpp.o[0m
[3.303s] [ 53%] [32mBuilding C object CMakeFiles/fairino_interfaces__rosidl_typesupport_introspection_c.dir/rosidl_typesupport_introspection_c/fairino_interfaces/action/detail/tool_changer__type_support.c.o[0m
[3.324s] [ 54%] [32mBuilding C object CMakeFiles/fairino_interfaces__rosidl_typesupport_introspection_c.dir/rosidl_typesupport_introspection_c/fairino_interfaces/srv/detail/pick__type_support.c.o[0m
[3.333s] [ 55%] [32mBuilding C object CMakeFiles/fairino_interfaces__rosidl_typesupport_introspection_c.dir/rosidl_typesupport_introspection_c/fairino_interfaces/srv/detail/place__type_support.c.o[0m
[3.348s] [ 56%] [32m[1mLinking CXX shared library libfairino_interfaces__rosidl_typesupport_cpp.so[0m
[3.349s] [ 57%] [32mBuilding CXX object CMakeFiles/fairino_interfaces__rosidl_typesupport_fastrtps_cpp.dir/rosidl_typesupport_fastrtps_cpp/fairino_interfaces/action/detail/dds_fastrtps/move__type_support.cpp.o[0m
[3.361s] [ 58%] [32m[1mLinking C shared library libfairino_interfaces__rosidl_typesupport_introspection_c.so[0m
[3.383s] [ 58%] Built target fairino_interfaces__rosidl_typesupport_cpp
[3.390s] [ 60%] [32mBuilding CXX object CMakeFiles/fairino_interfaces__rosidl_typesupport_introspection_cpp.dir/rosidl_typesupport_introspection_cpp/fairino_interfaces/action/detail/se3_array__type_support.cpp.o[0m
[3.392s] [ 60%] Built target fairino_interfaces__rosidl_typesupport_introspection_c
[3.399s] [ 61%] [32mBuilding CXX object CMakeFiles/fairino_interfaces__rosidl_typesupport_introspection_cpp.dir/rosidl_typesupport_introspection_cpp/fairino_interfaces/action/detail/gripper__type_support.cpp.o[0m
[3.422s] [ 62%] [32mBuilding CXX object CMakeFiles/fairino_interfaces__rosidl_typesupport_introspection_cpp.dir/rosidl_typesupport_introspection_cpp/fairino_interfaces/action/detail/move__type_support.cpp.o[0m
[3.428s] [ 63%] [32mBuilding CXX object CMakeFiles/fairino_interfaces__rosidl_typesupport_fastrtps_c.dir/rosidl_typesupport_fastrtps_c/fairino_interfaces/action/detail/se3__type_support_c.cpp.o[0m
[3.533s] [ 64%] [32mBuilding CXX object CMakeFiles/fairino_interfaces__rosidl_typesupport_fastrtps_cpp.dir/rosidl_typesupport_fastrtps_cpp/fairino_interfaces/action/detail/dds_fastrtps/qr__type_support.cpp.o[0m
[3.546s] [ 65%] [32mBuilding CXX object CMakeFiles/fairino_interfaces__rosidl_typesupport_fastrtps_cpp.dir/rosidl_typesupport_fastrtps_cpp/fairino_interfaces/action/detail/dds_fastrtps/tool_changer__type_support.cpp.o[0m
[3.565s] [ 66%] [32mBuilding CXX object CMakeFiles/fairino_interfaces__rosidl_typesupport_introspection_cpp.dir/rosidl_typesupport_introspection_cpp/fairino_interfaces/action/detail/qr__type_support.cpp.o[0m
[3.587s] [ 67%] [32mBuilding CXX object CMakeFiles/fairino_interfaces__rosidl_typesupport_fastrtps_cpp.dir/rosidl_typesupport_fastrtps_cpp/fairino_interfaces/srv/detail/dds_fastrtps/pick__type_support.cpp.o[0m
[3.629s] [ 68%] [32mBuilding CXX object CMakeFiles/fairino_interfaces__rosidl_typesupport_fastrtps_cpp.dir/rosidl_typesupport_fastrtps_cpp/fairino_interfaces/srv/detail/dds_fastrtps/place__type_support.cpp.o[0m
[3.633s] [ 69%] [32mBuilding CXX object CMakeFiles/fairino_interfaces__rosidl_typesupport_fastrtps_c.dir/rosidl_typesupport_fastrtps_c/fairino_interfaces/action/detail/se3_array__type_support_c.cpp.o[0m
[3.689s] [ 70%] [32mBuilding CXX object CMakeFiles/fairino_interfaces__rosidl_typesupport_fastrtps_c.dir/rosidl_typesupport_fastrtps_c/fairino_interfaces/action/detail/gripper__type_support_c.cpp.o[0m
[3.728s] [ 71%] [32mBuilding CXX object CMakeFiles/fairino_interfaces__rosidl_typesupport_introspection_cpp.dir/rosidl_typesupport_introspection_cpp/fairino_interfaces/action/detail/tool_changer__type_support.cpp.o[0m
[3.755s] [ 72%] [32mBuilding CXX object CMakeFiles/fairino_interfaces__rosidl_typesupport_introspection_cpp.dir/rosidl_typesupport_introspection_cpp/fairino_interfaces/srv/detail/pick__type_support.cpp.o[0m
[3.790s] [ 73%] [32mBuilding CXX object CMakeFiles/fairino_interfaces__rosidl_typesupport_fastrtps_c.dir/rosidl_typesupport_fastrtps_c/fairino_interfaces/action/detail/move__type_support_c.cpp.o[0m
[3.805s] [ 74%] [32mBuilding CXX object CMakeFiles/fairino_interfaces__rosidl_typesupport_introspection_cpp.dir/rosidl_typesupport_introspection_cpp/fairino_interfaces/srv/detail/place__type_support.cpp.o[0m
[3.827s] [ 75%] [32mBuilding CXX object CMakeFiles/fairino_interfaces__rosidl_typesupport_fastrtps_c.dir/rosidl_typesupport_fastrtps_c/fairino_interfaces/action/detail/qr__type_support_c.cpp.o[0m
[3.838s] [ 76%] [32mBuilding CXX object CMakeFiles/fairino_interfaces__rosidl_typesupport_fastrtps_c.dir/rosidl_typesupport_fastrtps_c/fairino_interfaces/action/detail/tool_changer__type_support_c.cpp.o[0m
[3.855s] [ 77%] [32mBuilding CXX object CMakeFiles/fairino_interfaces__rosidl_typesupport_fastrtps_c.dir/rosidl_typesupport_fastrtps_c/fairino_interfaces/srv/detail/pick__type_support_c.cpp.o[0m
[3.859s] [ 78%] [32m[1mLinking CXX shared library libfairino_interfaces__rosidl_typesupport_fastrtps_cpp.so[0m
[3.881s] [ 80%] [32mBuilding CXX object CMakeFiles/fairino_interfaces__rosidl_typesupport_fastrtps_c.dir/rosidl_typesupport_fastrtps_c/fairino_interfaces/srv/detail/place__type_support_c.cpp.o[0m
[3.932s] [ 80%] Built target fairino_interfaces__rosidl_typesupport_fastrtps_cpp
[4.024s] [ 81%] [32m[1mLinking CXX shared library libfairino_interfaces__rosidl_typesupport_introspection_cpp.so[0m
[4.053s] [ 82%] [32m[1mLinking CXX shared library libfairino_interfaces__rosidl_typesupport_fastrtps_c.so[0m
[4.076s] [ 82%] Built target fairino_interfaces__rosidl_typesupport_introspection_cpp
[4.100s] [ 82%] Built target fairino_interfaces__rosidl_typesupport_fastrtps_c
[4.116s] [ 82%] Built target fairino_interfaces
[4.129s] [ 83%] [34m[1mGenerating Python code for ROS interfaces[0m
[5.817s] [ 83%] Built target fairino_interfaces__py
[5.830s] [ 86%] [32mBuilding C object CMakeFiles/fairino_interfaces__rosidl_generator_py.dir/rosidl_generator_py/fairino_interfaces/action/_se3_array_s.c.o[0m
[5.830s] [ 86%] [32mBuilding C object CMakeFiles/fairino_interfaces__rosidl_generator_py.dir/rosidl_generator_py/fairino_interfaces/action/_gripper_s.c.o[0m
[5.830s] [ 86%] [32mBuilding C object CMakeFiles/fairino_interfaces__rosidl_generator_py.dir/rosidl_generator_py/fairino_interfaces/action/_joint_posture_s.c.o[0m
[5.830s] [ 87%] [32mBuilding C object CMakeFiles/fairino_interfaces__rosidl_generator_py.dir/rosidl_generator_py/fairino_interfaces/action/_tool_changer_s.c.o[0m
[5.830s] [ 88%] [32mBuilding C object CMakeFiles/fairino_interfaces__rosidl_generator_py.dir/rosidl_generator_py/fairino_interfaces/action/_move_s.c.o[0m
[5.830s] [ 89%] [32mBuilding C object CMakeFiles/fairino_interfaces__rosidl_generator_py.dir/rosidl_generator_py/fairino_interfaces/action/_qr_s.c.o[0m
[5.830s] [ 90%] [32mBuilding C object CMakeFiles/fairino_interfaces__rosidl_generator_py.dir/rosidl_generator_py/fairino_interfaces/action/_se3_s.c.o[0m
[5.831s] [ 91%] [32mBuilding C object CMakeFiles/fairino_interfaces__rosidl_generator_py.dir/rosidl_generator_py/fairino_interfaces/srv/_pick_s.c.o[0m
[5.831s] [ 92%] [32mBuilding C object CMakeFiles/fairino_interfaces__rosidl_generator_py.dir/rosidl_generator_py/fairino_interfaces/srv/_place_s.c.o[0m
[5.920s] [ 93%] [32m[1mLinking C shared library rosidl_generator_py/fairino_interfaces/libfairino_interfaces__rosidl_generator_py.so[0m
[5.947s] [ 93%] Built target fairino_interfaces__rosidl_generator_py
[5.961s] [ 94%] [32mBuilding C object CMakeFiles/fairino_interfaces__rosidl_typesupport_c__pyext.dir/rosidl_generator_py/fairino_interfaces/_fairino_interfaces_s.ep.rosidl_typesupport_c.c.o[0m
[5.962s] [ 96%] [32mBuilding C object CMakeFiles/fairino_interfaces__rosidl_typesupport_fastrtps_c__pyext.dir/rosidl_generator_py/fairino_interfaces/_fairino_interfaces_s.ep.rosidl_typesupport_fastrtps_c.c.o[0m
[5.962s] [ 96%] [32mBuilding C object CMakeFiles/fairino_interfaces__rosidl_typesupport_introspection_c__pyext.dir/rosidl_generator_py/fairino_interfaces/_fairino_interfaces_s.ep.rosidl_typesupport_introspection_c.c.o[0m
[6.093s] [ 97%] [32m[1mLinking C shared library rosidl_generator_py/fairino_interfaces/fairino_interfaces_s__rosidl_typesupport_fastrtps_c.cpython-310-x86_64-linux-gnu.so[0m
[6.094s] [ 98%] [32m[1mLinking C shared library rosidl_generator_py/fairino_interfaces/fairino_interfaces_s__rosidl_typesupport_c.cpython-310-x86_64-linux-gnu.so[0m
[6.100s] [100%] [32m[1mLinking C shared library rosidl_generator_py/fairino_interfaces/fairino_interfaces_s__rosidl_typesupport_introspection_c.cpython-310-x86_64-linux-gnu.so[0m
[6.126s] [100%] Built target fairino_interfaces__rosidl_typesupport_c__pyext
[6.126s] [100%] Built target fairino_interfaces__rosidl_typesupport_fastrtps_c__pyext
[6.129s] [100%] Built target fairino_interfaces__rosidl_typesupport_introspection_c__pyext
[6.141s] Invoked command in '/home/home/dcp_ws/build/fairino_interfaces' returned '0': CMAKE_PREFIX_PATH=/home/home/dcp_ws/install/robotiq_description:/home/home/dcp_ws/install/isaacsim:/home/home/dcp_ws/install/fairino_rviz:/home/home/dcp_ws/install/fairino_action_manager:/home/home/dcp_ws/install/fairino_interfaces:/home/home/dcp_ws/install/fairino_description:/home/home/dcp_ws/install/dh_robotics_ag95_description:/home/home/dcp_ws/install/pak_hqp_controller:/home/home/dcp_ws/install/kimm_hqp_controller:/home/home/dcp_ws/install/kimm_trajectory_smoother:/home/home/dcp_ws/install/isaacsim_ros2:/home/home/kimm_ws/install/rb5_action_manager:/opt/ros/humble:/home/home/dcp_ws/install/kimm_qpoases:/home/home/gello_ws/install/franka_plugin:/home/home/gello_ws/install/franka_description:/home/home/gello_ws/install/dynamixel_sdk_examples:/home/home/gello_ws/install/dynamixel_sdk_custom_interfaces:/home/home/gello_ws/install/dynamixel:/home/home/gello_ws/install/dynamixel_sdk:/home/home/kimm_ws/install/rbpodo_bringup:/home/home/kimm_ws/install/rbpodo_hardware:/home/home/kimm_ws/install/rbpodo_msgs:/home/home/kimm_ws/install/rb3_730es_u_moveit_config:/home/home/kimm_ws/install/rbpodo_description:/home/home/kimm_ws/install/rb5_gui_manager:/home/home/kimm_ws/install/action_interface /usr/bin/cmake --build /home/home/dcp_ws/build/fairino_interfaces -- -j10 -l10
[6.141s] Invoking command in '/home/home/dcp_ws/build/fairino_interfaces': CMAKE_PREFIX_PATH=/home/home/dcp_ws/install/robotiq_description:/home/home/dcp_ws/install/isaacsim:/home/home/dcp_ws/install/fairino_rviz:/home/home/dcp_ws/install/fairino_action_manager:/home/home/dcp_ws/install/fairino_interfaces:/home/home/dcp_ws/install/fairino_description:/home/home/dcp_ws/install/dh_robotics_ag95_description:/home/home/dcp_ws/install/pak_hqp_controller:/home/home/dcp_ws/install/kimm_hqp_controller:/home/home/dcp_ws/install/kimm_trajectory_smoother:/home/home/dcp_ws/install/isaacsim_ros2:/home/home/kimm_ws/install/rb5_action_manager:/opt/ros/humble:/home/home/dcp_ws/install/kimm_qpoases:/home/home/gello_ws/install/franka_plugin:/home/home/gello_ws/install/franka_description:/home/home/gello_ws/install/dynamixel_sdk_examples:/home/home/gello_ws/install/dynamixel_sdk_custom_interfaces:/home/home/gello_ws/install/dynamixel:/home/home/gello_ws/install/dynamixel_sdk:/home/home/kimm_ws/install/rbpodo_bringup:/home/home/kimm_ws/install/rbpodo_hardware:/home/home/kimm_ws/install/rbpodo_msgs:/home/home/kimm_ws/install/rb3_730es_u_moveit_config:/home/home/kimm_ws/install/rbpodo_description:/home/home/kimm_ws/install/rb5_gui_manager:/home/home/kimm_ws/install/action_interface /usr/bin/cmake --install /home/home/dcp_ws/build/fairino_interfaces
[6.143s] -- Install configuration: ""
[6.144s] -- Execute custom install script
[6.144s] -- Symlinking: /home/home/dcp_ws/install/fairino_interfaces/share/ament_index/resource_index/rosidl_interfaces/fairino_interfaces
[6.151s] -- Symlinking: /home/home/dcp_ws/install/fairino_interfaces/include/fairino_interfaces/fairino_interfaces/action/detail/gripper__functions.h
[6.156s] -- Symlinking: /home/home/dcp_ws/install/fairino_interfaces/include/fairino_interfaces/fairino_interfaces/action/detail/gripper__struct.h
[6.162s] -- Symlinking: /home/home/dcp_ws/install/fairino_interfaces/include/fairino_interfaces/fairino_interfaces/action/detail/gripper__type_support.h
[6.168s] -- Symlinking: /home/home/dcp_ws/install/fairino_interfaces/include/fairino_interfaces/fairino_interfaces/action/detail/joint_posture__functions.h
[6.176s] -- Symlinking: /home/home/dcp_ws/install/fairino_interfaces/include/fairino_interfaces/fairino_interfaces/action/detail/joint_posture__struct.h
[6.184s] -- Symlinking: /home/home/dcp_ws/install/fairino_interfaces/include/fairino_interfaces/fairino_interfaces/action/detail/joint_posture__type_support.h
[6.189s] -- Symlinking: /home/home/dcp_ws/install/fairino_interfaces/include/fairino_interfaces/fairino_interfaces/action/detail/move__functions.h
[6.195s] -- Symlinking: /home/home/dcp_ws/install/fairino_interfaces/include/fairino_interfaces/fairino_interfaces/action/detail/move__struct.h
[6.201s] -- Symlinking: /home/home/dcp_ws/install/fairino_interfaces/include/fairino_interfaces/fairino_interfaces/action/detail/move__type_support.h
[6.206s] -- Symlinking: /home/home/dcp_ws/install/fairino_interfaces/include/fairino_interfaces/fairino_interfaces/action/detail/qr__functions.h
[6.210s] -- Symlinking: /home/home/dcp_ws/install/fairino_interfaces/include/fairino_interfaces/fairino_interfaces/action/detail/qr__struct.h
[6.216s] -- Symlinking: /home/home/dcp_ws/install/fairino_interfaces/include/fairino_interfaces/fairino_interfaces/action/detail/qr__type_support.h
[6.221s] -- Symlinking: /home/home/dcp_ws/install/fairino_interfaces/include/fairino_interfaces/fairino_interfaces/action/detail/se3__functions.h
[6.225s] -- Symlinking: /home/home/dcp_ws/install/fairino_interfaces/include/fairino_interfaces/fairino_interfaces/action/detail/se3__struct.h
[6.229s] -- Symlinking: /home/home/dcp_ws/install/fairino_interfaces/include/fairino_interfaces/fairino_interfaces/action/detail/se3__type_support.h
[6.234s] -- Symlinking: /home/home/dcp_ws/install/fairino_interfaces/include/fairino_interfaces/fairino_interfaces/action/detail/se3_array__functions.h
[6.238s] -- Symlinking: /home/home/dcp_ws/install/fairino_interfaces/include/fairino_interfaces/fairino_interfaces/action/detail/se3_array__struct.h
[6.244s] -- Symlinking: /home/home/dcp_ws/install/fairino_interfaces/include/fairino_interfaces/fairino_interfaces/action/detail/se3_array__type_support.h
[6.250s] -- Symlinking: /home/home/dcp_ws/install/fairino_interfaces/include/fairino_interfaces/fairino_interfaces/action/detail/tool_changer__functions.h
[6.255s] -- Symlinking: /home/home/dcp_ws/install/fairino_interfaces/include/fairino_interfaces/fairino_interfaces/action/detail/tool_changer__struct.h
[6.261s] -- Symlinking: /home/home/dcp_ws/install/fairino_interfaces/include/fairino_interfaces/fairino_interfaces/action/detail/tool_changer__type_support.h
[6.266s] -- Symlinking: /home/home/dcp_ws/install/fairino_interfaces/include/fairino_interfaces/fairino_interfaces/action/gripper.h
[6.271s] -- Symlinking: /home/home/dcp_ws/install/fairino_interfaces/include/fairino_interfaces/fairino_interfaces/action/joint_posture.h
[6.275s] -- Symlinking: /home/home/dcp_ws/install/fairino_interfaces/include/fairino_interfaces/fairino_interfaces/action/move.h
[6.282s] -- Symlinking: /home/home/dcp_ws/install/fairino_interfaces/include/fairino_interfaces/fairino_interfaces/action/qr.h
[6.286s] -- Symlinking: /home/home/dcp_ws/install/fairino_interfaces/include/fairino_interfaces/fairino_interfaces/action/se3.h
[6.292s] -- Symlinking: /home/home/dcp_ws/install/fairino_interfaces/include/fairino_interfaces/fairino_interfaces/action/se3_array.h
[6.297s] -- Symlinking: /home/home/dcp_ws/install/fairino_interfaces/include/fairino_interfaces/fairino_interfaces/action/tool_changer.h
[6.302s] -- Symlinking: /home/home/dcp_ws/install/fairino_interfaces/include/fairino_interfaces/fairino_interfaces/msg/rosidl_generator_c__visibility_control.h
[6.307s] -- Symlinking: /home/home/dcp_ws/install/fairino_interfaces/include/fairino_interfaces/fairino_interfaces/srv/detail/pick__functions.h
[6.313s] -- Symlinking: /home/home/dcp_ws/install/fairino_interfaces/include/fairino_interfaces/fairino_interfaces/srv/detail/pick__struct.h
[6.317s] -- Symlinking: /home/home/dcp_ws/install/fairino_interfaces/include/fairino_interfaces/fairino_interfaces/srv/detail/pick__type_support.h
[6.323s] -- Symlinking: /home/home/dcp_ws/install/fairino_interfaces/include/fairino_interfaces/fairino_interfaces/srv/detail/place__functions.h
[6.329s] -- Symlinking: /home/home/dcp_ws/install/fairino_interfaces/include/fairino_interfaces/fairino_interfaces/srv/detail/place__struct.h
[6.334s] -- Symlinking: /home/home/dcp_ws/install/fairino_interfaces/include/fairino_interfaces/fairino_interfaces/srv/detail/place__type_support.h
[6.339s] -- Symlinking: /home/home/dcp_ws/install/fairino_interfaces/include/fairino_interfaces/fairino_interfaces/srv/pick.h
[6.345s] -- Symlinking: /home/home/dcp_ws/install/fairino_interfaces/include/fairino_interfaces/fairino_interfaces/srv/place.h
[6.352s] -- Symlinking: /home/home/dcp_ws/install/fairino_interfaces/share/fairino_interfaces/environment/library_path.sh
[6.357s] -- Symlinking: /home/home/dcp_ws/install/fairino_interfaces/share/fairino_interfaces/environment/library_path.dsv
[6.366s] -- Symlinking: /home/home/dcp_ws/install/fairino_interfaces/include/fairino_interfaces/fairino_interfaces/action/detail/gripper__rosidl_typesupport_fastrtps_c.h
[6.372s] -- Symlinking: /home/home/dcp_ws/install/fairino_interfaces/include/fairino_interfaces/fairino_interfaces/action/detail/joint_posture__rosidl_typesupport_fastrtps_c.h
[6.378s] -- Symlinking: /home/home/dcp_ws/install/fairino_interfaces/include/fairino_interfaces/fairino_interfaces/action/detail/move__rosidl_typesupport_fastrtps_c.h
[6.383s] -- Symlinking: /home/home/dcp_ws/install/fairino_interfaces/include/fairino_interfaces/fairino_interfaces/action/detail/qr__rosidl_typesupport_fastrtps_c.h
[6.390s] -- Symlinking: /home/home/dcp_ws/install/fairino_interfaces/include/fairino_interfaces/fairino_interfaces/action/detail/se3__rosidl_typesupport_fastrtps_c.h
[6.396s] -- Symlinking: /home/home/dcp_ws/install/fairino_interfaces/include/fairino_interfaces/fairino_interfaces/action/detail/se3_array__rosidl_typesupport_fastrtps_c.h
[6.401s] -- Symlinking: /home/home/dcp_ws/install/fairino_interfaces/include/fairino_interfaces/fairino_interfaces/action/detail/tool_changer__rosidl_typesupport_fastrtps_c.h
[6.407s] -- Symlinking: /home/home/dcp_ws/install/fairino_interfaces/include/fairino_interfaces/fairino_interfaces/msg/rosidl_typesupport_fastrtps_c__visibility_control.h
[6.415s] -- Symlinking: /home/home/dcp_ws/install/fairino_interfaces/include/fairino_interfaces/fairino_interfaces/srv/detail/pick__rosidl_typesupport_fastrtps_c.h
[6.417s] -- Symlinking: /home/home/dcp_ws/install/fairino_interfaces/include/fairino_interfaces/fairino_interfaces/srv/detail/place__rosidl_typesupport_fastrtps_c.h
[6.424s] -- Symlinking: /home/home/dcp_ws/install/fairino_interfaces/include/fairino_interfaces/fairino_interfaces/action/detail/gripper__rosidl_typesupport_introspection_c.h
[6.430s] -- Symlinking: /home/home/dcp_ws/install/fairino_interfaces/include/fairino_interfaces/fairino_interfaces/action/detail/joint_posture__rosidl_typesupport_introspection_c.h
[6.435s] -- Symlinking: /home/home/dcp_ws/install/fairino_interfaces/include/fairino_interfaces/fairino_interfaces/action/detail/move__rosidl_typesupport_introspection_c.h
[6.441s] -- Symlinking: /home/home/dcp_ws/install/fairino_interfaces/include/fairino_interfaces/fairino_interfaces/action/detail/qr__rosidl_typesupport_introspection_c.h
[6.446s] -- Symlinking: /home/home/dcp_ws/install/fairino_interfaces/include/fairino_interfaces/fairino_interfaces/action/detail/se3__rosidl_typesupport_introspection_c.h
[6.451s] -- Symlinking: /home/home/dcp_ws/install/fairino_interfaces/include/fairino_interfaces/fairino_interfaces/action/detail/se3_array__rosidl_typesupport_introspection_c.h
[6.464s] -- Symlinking: /home/home/dcp_ws/install/fairino_interfaces/include/fairino_interfaces/fairino_interfaces/action/detail/tool_changer__rosidl_typesupport_introspection_c.h
[6.473s] -- Symlinking: /home/home/dcp_ws/install/fairino_interfaces/include/fairino_interfaces/fairino_interfaces/msg/rosidl_typesupport_introspection_c__visibility_control.h
[6.481s] -- Symlinking: /home/home/dcp_ws/install/fairino_interfaces/include/fairino_interfaces/fairino_interfaces/srv/detail/pick__rosidl_typesupport_introspection_c.h
[6.489s] -- Symlinking: /home/home/dcp_ws/install/fairino_interfaces/include/fairino_interfaces/fairino_interfaces/srv/detail/place__rosidl_typesupport_introspection_c.h
[6.500s] -- Symlinking: /home/home/dcp_ws/install/fairino_interfaces/include/fairino_interfaces/fairino_interfaces/action/detail/gripper__builder.hpp
[6.507s] -- Symlinking: /home/home/dcp_ws/install/fairino_interfaces/include/fairino_interfaces/fairino_interfaces/action/detail/gripper__struct.hpp
[6.512s] -- Symlinking: /home/home/dcp_ws/install/fairino_interfaces/include/fairino_interfaces/fairino_interfaces/action/detail/gripper__traits.hpp
[6.517s] -- Symlinking: /home/home/dcp_ws/install/fairino_interfaces/include/fairino_interfaces/fairino_interfaces/action/detail/gripper__type_support.hpp
[6.521s] -- Symlinking: /home/home/dcp_ws/install/fairino_interfaces/include/fairino_interfaces/fairino_interfaces/action/detail/joint_posture__builder.hpp
[6.526s] -- Symlinking: /home/home/dcp_ws/install/fairino_interfaces/include/fairino_interfaces/fairino_interfaces/action/detail/joint_posture__struct.hpp
[6.531s] -- Symlinking: /home/home/dcp_ws/install/fairino_interfaces/include/fairino_interfaces/fairino_interfaces/action/detail/joint_posture__traits.hpp
[6.536s] -- Symlinking: /home/home/dcp_ws/install/fairino_interfaces/include/fairino_interfaces/fairino_interfaces/action/detail/joint_posture__type_support.hpp
[6.541s] -- Symlinking: /home/home/dcp_ws/install/fairino_interfaces/include/fairino_interfaces/fairino_interfaces/action/detail/move__builder.hpp
[6.545s] -- Symlinking: /home/home/dcp_ws/install/fairino_interfaces/include/fairino_interfaces/fairino_interfaces/action/detail/move__struct.hpp
[6.550s] -- Symlinking: /home/home/dcp_ws/install/fairino_interfaces/include/fairino_interfaces/fairino_interfaces/action/detail/move__traits.hpp
[6.555s] -- Symlinking: /home/home/dcp_ws/install/fairino_interfaces/include/fairino_interfaces/fairino_interfaces/action/detail/move__type_support.hpp
[6.560s] -- Symlinking: /home/home/dcp_ws/install/fairino_interfaces/include/fairino_interfaces/fairino_interfaces/action/detail/qr__builder.hpp
[6.565s] -- Symlinking: /home/home/dcp_ws/install/fairino_interfaces/include/fairino_interfaces/fairino_interfaces/action/detail/qr__struct.hpp
[6.569s] -- Symlinking: /home/home/dcp_ws/install/fairino_interfaces/include/fairino_interfaces/fairino_interfaces/action/detail/qr__traits.hpp
[6.574s] -- Symlinking: /home/home/dcp_ws/install/fairino_interfaces/include/fairino_interfaces/fairino_interfaces/action/detail/qr__type_support.hpp
[6.579s] -- Symlinking: /home/home/dcp_ws/install/fairino_interfaces/include/fairino_interfaces/fairino_interfaces/action/detail/se3__builder.hpp
[6.584s] -- Symlinking: /home/home/dcp_ws/install/fairino_interfaces/include/fairino_interfaces/fairino_interfaces/action/detail/se3__struct.hpp
[6.589s] -- Symlinking: /home/home/dcp_ws/install/fairino_interfaces/include/fairino_interfaces/fairino_interfaces/action/detail/se3__traits.hpp
[6.594s] -- Symlinking: /home/home/dcp_ws/install/fairino_interfaces/include/fairino_interfaces/fairino_interfaces/action/detail/se3__type_support.hpp
[6.599s] -- Symlinking: /home/home/dcp_ws/install/fairino_interfaces/include/fairino_interfaces/fairino_interfaces/action/detail/se3_array__builder.hpp
[6.603s] -- Symlinking: /home/home/dcp_ws/install/fairino_interfaces/include/fairino_interfaces/fairino_interfaces/action/detail/se3_array__struct.hpp
[6.608s] -- Symlinking: /home/home/dcp_ws/install/fairino_interfaces/include/fairino_interfaces/fairino_interfaces/action/detail/se3_array__traits.hpp
[6.613s] -- Symlinking: /home/home/dcp_ws/install/fairino_interfaces/include/fairino_interfaces/fairino_interfaces/action/detail/se3_array__type_support.hpp
[6.618s] -- Symlinking: /home/home/dcp_ws/install/fairino_interfaces/include/fairino_interfaces/fairino_interfaces/action/detail/tool_changer__builder.hpp
[6.622s] -- Symlinking: /home/home/dcp_ws/install/fairino_interfaces/include/fairino_interfaces/fairino_interfaces/action/detail/tool_changer__struct.hpp
[6.627s] -- Symlinking: /home/home/dcp_ws/install/fairino_interfaces/include/fairino_interfaces/fairino_interfaces/action/detail/tool_changer__traits.hpp
[6.633s] -- Symlinking: /home/home/dcp_ws/install/fairino_interfaces/include/fairino_interfaces/fairino_interfaces/action/detail/tool_changer__type_support.hpp
[6.638s] -- Symlinking: /home/home/dcp_ws/install/fairino_interfaces/include/fairino_interfaces/fairino_interfaces/action/gripper.hpp
[6.642s] -- Symlinking: /home/home/dcp_ws/install/fairino_interfaces/include/fairino_interfaces/fairino_interfaces/action/joint_posture.hpp
[6.648s] -- Symlinking: /home/home/dcp_ws/install/fairino_interfaces/include/fairino_interfaces/fairino_interfaces/action/move.hpp
[6.653s] -- Symlinking: /home/home/dcp_ws/install/fairino_interfaces/include/fairino_interfaces/fairino_interfaces/action/qr.hpp
[6.658s] -- Symlinking: /home/home/dcp_ws/install/fairino_interfaces/include/fairino_interfaces/fairino_interfaces/action/se3.hpp
[6.663s] -- Symlinking: /home/home/dcp_ws/install/fairino_interfaces/include/fairino_interfaces/fairino_interfaces/action/se3_array.hpp
[6.668s] -- Symlinking: /home/home/dcp_ws/install/fairino_interfaces/include/fairino_interfaces/fairino_interfaces/action/tool_changer.hpp
[6.673s] -- Symlinking: /home/home/dcp_ws/install/fairino_interfaces/include/fairino_interfaces/fairino_interfaces/msg/rosidl_generator_cpp__visibility_control.hpp
[6.681s] -- Symlinking: /home/home/dcp_ws/install/fairino_interfaces/include/fairino_interfaces/fairino_interfaces/srv/detail/pick__builder.hpp
[6.689s] -- Symlinking: /home/home/dcp_ws/install/fairino_interfaces/include/fairino_interfaces/fairino_interfaces/srv/detail/pick__struct.hpp
[6.695s] -- Symlinking: /home/home/dcp_ws/install/fairino_interfaces/include/fairino_interfaces/fairino_interfaces/srv/detail/pick__traits.hpp
[6.701s] -- Symlinking: /home/home/dcp_ws/install/fairino_interfaces/include/fairino_interfaces/fairino_interfaces/srv/detail/pick__type_support.hpp
[6.706s] -- Symlinking: /home/home/dcp_ws/install/fairino_interfaces/include/fairino_interfaces/fairino_interfaces/srv/detail/place__builder.hpp
[6.713s] -- Symlinking: /home/home/dcp_ws/install/fairino_interfaces/include/fairino_interfaces/fairino_interfaces/srv/detail/place__struct.hpp
[6.718s] -- Symlinking: /home/home/dcp_ws/install/fairino_interfaces/include/fairino_interfaces/fairino_interfaces/srv/detail/place__traits.hpp
[6.723s] -- Symlinking: /home/home/dcp_ws/install/fairino_interfaces/include/fairino_interfaces/fairino_interfaces/srv/detail/place__type_support.hpp
[6.728s] -- Symlinking: /home/home/dcp_ws/install/fairino_interfaces/include/fairino_interfaces/fairino_interfaces/srv/pick.hpp
[6.733s] -- Symlinking: /home/home/dcp_ws/install/fairino_interfaces/include/fairino_interfaces/fairino_interfaces/srv/place.hpp
[6.738s] -- Symlinking: /home/home/dcp_ws/install/fairino_interfaces/include/fairino_interfaces/fairino_interfaces/action/detail/gripper__rosidl_typesupport_fastrtps_cpp.hpp
[6.743s] -- Symlinking: /home/home/dcp_ws/install/fairino_interfaces/include/fairino_interfaces/fairino_interfaces/action/detail/joint_posture__rosidl_typesupport_fastrtps_cpp.hpp
[6.748s] -- Symlinking: /home/home/dcp_ws/install/fairino_interfaces/include/fairino_interfaces/fairino_interfaces/action/detail/move__rosidl_typesupport_fastrtps_cpp.hpp
[6.752s] -- Symlinking: /home/home/dcp_ws/install/fairino_interfaces/include/fairino_interfaces/fairino_interfaces/action/detail/qr__rosidl_typesupport_fastrtps_cpp.hpp
[6.758s] -- Symlinking: /home/home/dcp_ws/install/fairino_interfaces/include/fairino_interfaces/fairino_interfaces/action/detail/se3__rosidl_typesupport_fastrtps_cpp.hpp
[6.762s] -- Symlinking: /home/home/dcp_ws/install/fairino_interfaces/include/fairino_interfaces/fairino_interfaces/action/detail/se3_array__rosidl_typesupport_fastrtps_cpp.hpp
[6.768s] -- Symlinking: /home/home/dcp_ws/install/fairino_interfaces/include/fairino_interfaces/fairino_interfaces/action/detail/tool_changer__rosidl_typesupport_fastrtps_cpp.hpp
[6.772s] -- Symlinking: /home/home/dcp_ws/install/fairino_interfaces/include/fairino_interfaces/fairino_interfaces/msg/rosidl_typesupport_fastrtps_cpp__visibility_control.h
[6.778s] -- Symlinking: /home/home/dcp_ws/install/fairino_interfaces/include/fairino_interfaces/fairino_interfaces/srv/detail/pick__rosidl_typesupport_fastrtps_cpp.hpp
[6.785s] -- Symlinking: /home/home/dcp_ws/install/fairino_interfaces/include/fairino_interfaces/fairino_interfaces/srv/detail/place__rosidl_typesupport_fastrtps_cpp.hpp
[6.789s] -- Symlinking: /home/home/dcp_ws/install/fairino_interfaces/include/fairino_interfaces/fairino_interfaces/action/detail/gripper__rosidl_typesupport_introspection_cpp.hpp
[6.795s] -- Symlinking: /home/home/dcp_ws/install/fairino_interfaces/include/fairino_interfaces/fairino_interfaces/action/detail/joint_posture__rosidl_typesupport_introspection_cpp.hpp
[6.801s] -- Symlinking: /home/home/dcp_ws/install/fairino_interfaces/include/fairino_interfaces/fairino_interfaces/action/detail/move__rosidl_typesupport_introspection_cpp.hpp
[6.807s] -- Symlinking: /home/home/dcp_ws/install/fairino_interfaces/include/fairino_interfaces/fairino_interfaces/action/detail/qr__rosidl_typesupport_introspection_cpp.hpp
[6.812s] -- Symlinking: /home/home/dcp_ws/install/fairino_interfaces/include/fairino_interfaces/fairino_interfaces/action/detail/se3__rosidl_typesupport_introspection_cpp.hpp
[6.817s] -- Symlinking: /home/home/dcp_ws/install/fairino_interfaces/include/fairino_interfaces/fairino_interfaces/action/detail/se3_array__rosidl_typesupport_introspection_cpp.hpp
[6.822s] -- Symlinking: /home/home/dcp_ws/install/fairino_interfaces/include/fairino_interfaces/fairino_interfaces/action/detail/tool_changer__rosidl_typesupport_introspection_cpp.hpp
[6.826s] -- Symlinking: /home/home/dcp_ws/install/fairino_interfaces/include/fairino_interfaces/fairino_interfaces/srv/detail/pick__rosidl_typesupport_introspection_cpp.hpp
[6.831s] -- Symlinking: /home/home/dcp_ws/install/fairino_interfaces/include/fairino_interfaces/fairino_interfaces/srv/detail/place__rosidl_typesupport_introspection_cpp.hpp
[6.838s] -- Symlinking: /home/home/dcp_ws/install/fairino_interfaces/share/fairino_interfaces/environment/pythonpath.sh
[6.843s] -- Symlinking: /home/home/dcp_ws/install/fairino_interfaces/share/fairino_interfaces/environment/pythonpath.dsv
[6.849s] -- Symlinking: /home/home/dcp_ws/install/fairino_interfaces/local/lib/python3.10/dist-packages/fairino_interfaces-0.0.0-py3.10.egg-info/PKG-INFO
[6.854s] -- Symlinking: /home/home/dcp_ws/install/fairino_interfaces/local/lib/python3.10/dist-packages/fairino_interfaces-0.0.0-py3.10.egg-info/SOURCES.txt
[6.858s] -- Symlinking: /home/home/dcp_ws/install/fairino_interfaces/local/lib/python3.10/dist-packages/fairino_interfaces-0.0.0-py3.10.egg-info/dependency_links.txt
[6.862s] -- Symlinking: /home/home/dcp_ws/install/fairino_interfaces/local/lib/python3.10/dist-packages/fairino_interfaces-0.0.0-py3.10.egg-info/top_level.txt
[6.868s] -- Symlinking: /home/home/dcp_ws/install/fairino_interfaces/local/lib/python3.10/dist-packages/fairino_interfaces/__init__.py
[6.872s] -- Symlinking: /home/home/dcp_ws/install/fairino_interfaces/local/lib/python3.10/dist-packages/fairino_interfaces/_fairino_interfaces_s.ep.rosidl_typesupport_c.c
[6.879s] -- Symlinking: /home/home/dcp_ws/install/fairino_interfaces/local/lib/python3.10/dist-packages/fairino_interfaces/_fairino_interfaces_s.ep.rosidl_typesupport_fastrtps_c.c
[6.885s] -- Symlinking: /home/home/dcp_ws/install/fairino_interfaces/local/lib/python3.10/dist-packages/fairino_interfaces/_fairino_interfaces_s.ep.rosidl_typesupport_introspection_c.c
[6.890s] -- Symlinking: /home/home/dcp_ws/install/fairino_interfaces/local/lib/python3.10/dist-packages/fairino_interfaces/action/__init__.py
[6.895s] -- Symlinking: /home/home/dcp_ws/install/fairino_interfaces/local/lib/python3.10/dist-packages/fairino_interfaces/action/_gripper.py
[6.901s] -- Symlinking: /home/home/dcp_ws/install/fairino_interfaces/local/lib/python3.10/dist-packages/fairino_interfaces/action/_gripper_s.c
[6.906s] -- Symlinking: /home/home/dcp_ws/install/fairino_interfaces/local/lib/python3.10/dist-packages/fairino_interfaces/action/_joint_posture.py
[6.910s] -- Symlinking: /home/home/dcp_ws/install/fairino_interfaces/local/lib/python3.10/dist-packages/fairino_interfaces/action/_joint_posture_s.c
[6.916s] -- Symlinking: /home/home/dcp_ws/install/fairino_interfaces/local/lib/python3.10/dist-packages/fairino_interfaces/action/_move.py
[6.924s] -- Symlinking: /home/home/dcp_ws/install/fairino_interfaces/local/lib/python3.10/dist-packages/fairino_interfaces/action/_move_s.c
[6.929s] -- Symlinking: /home/home/dcp_ws/install/fairino_interfaces/local/lib/python3.10/dist-packages/fairino_interfaces/action/_qr.py
[6.935s] -- Symlinking: /home/home/dcp_ws/install/fairino_interfaces/local/lib/python3.10/dist-packages/fairino_interfaces/action/_qr_s.c
[6.940s] -- Symlinking: /home/home/dcp_ws/install/fairino_interfaces/local/lib/python3.10/dist-packages/fairino_interfaces/action/_se3.py
[6.945s] -- Symlinking: /home/home/dcp_ws/install/fairino_interfaces/local/lib/python3.10/dist-packages/fairino_interfaces/action/_se3_array.py
[6.950s] -- Symlinking: /home/home/dcp_ws/install/fairino_interfaces/local/lib/python3.10/dist-packages/fairino_interfaces/action/_se3_array_s.c
[6.955s] -- Symlinking: /home/home/dcp_ws/install/fairino_interfaces/local/lib/python3.10/dist-packages/fairino_interfaces/action/_se3_s.c
[6.961s] -- Symlinking: /home/home/dcp_ws/install/fairino_interfaces/local/lib/python3.10/dist-packages/fairino_interfaces/action/_tool_changer.py
[6.966s] -- Symlinking: /home/home/dcp_ws/install/fairino_interfaces/local/lib/python3.10/dist-packages/fairino_interfaces/action/_tool_changer_s.c
[6.970s] -- Symlinking: /home/home/dcp_ws/install/fairino_interfaces/local/lib/python3.10/dist-packages/fairino_interfaces/fairino_interfaces_s__rosidl_typesupport_c.cpython-310-x86_64-linux-gnu.so
[6.975s] -- Symlinking: /home/home/dcp_ws/install/fairino_interfaces/local/lib/python3.10/dist-packages/fairino_interfaces/fairino_interfaces_s__rosidl_typesupport_fastrtps_c.cpython-310-x86_64-linux-gnu.so
[6.980s] -- Symlinking: /home/home/dcp_ws/install/fairino_interfaces/local/lib/python3.10/dist-packages/fairino_interfaces/fairino_interfaces_s__rosidl_typesupport_introspection_c.cpython-310-x86_64-linux-gnu.so
[6.985s] -- Symlinking: /home/home/dcp_ws/install/fairino_interfaces/local/lib/python3.10/dist-packages/fairino_interfaces/libfairino_interfaces__rosidl_generator_py.so
[6.990s] -- Symlinking: /home/home/dcp_ws/install/fairino_interfaces/local/lib/python3.10/dist-packages/fairino_interfaces/srv/__init__.py
[7.001s] -- Symlinking: /home/home/dcp_ws/install/fairino_interfaces/local/lib/python3.10/dist-packages/fairino_interfaces/srv/_pick.py
[7.007s] -- Symlinking: /home/home/dcp_ws/install/fairino_interfaces/local/lib/python3.10/dist-packages/fairino_interfaces/srv/_pick_s.c
[7.013s] -- Symlinking: /home/home/dcp_ws/install/fairino_interfaces/local/lib/python3.10/dist-packages/fairino_interfaces/srv/_place.py
[7.019s] -- Symlinking: /home/home/dcp_ws/install/fairino_interfaces/local/lib/python3.10/dist-packages/fairino_interfaces/srv/_place_s.c
[7.024s] -- Up-to-date symlink: /home/home/dcp_ws/install/fairino_interfaces/local/lib/python3.10/dist-packages/fairino_interfaces/fairino_interfaces_s__rosidl_typesupport_fastrtps_c.cpython-310-x86_64-linux-gnu.so
[7.024s] -- Up-to-date symlink: /home/home/dcp_ws/install/fairino_interfaces/local/lib/python3.10/dist-packages/fairino_interfaces/fairino_interfaces_s__rosidl_typesupport_introspection_c.cpython-310-x86_64-linux-gnu.so
[7.025s] -- Up-to-date symlink: /home/home/dcp_ws/install/fairino_interfaces/local/lib/python3.10/dist-packages/fairino_interfaces/fairino_interfaces_s__rosidl_typesupport_c.cpython-310-x86_64-linux-gnu.so
[7.025s] -- Symlinking: /home/home/dcp_ws/install/fairino_interfaces/share/fairino_interfaces/action/JointPosture.idl
[7.029s] -- Symlinking: /home/home/dcp_ws/install/fairino_interfaces/share/fairino_interfaces/action/SE3.idl
[7.034s] -- Symlinking: /home/home/dcp_ws/install/fairino_interfaces/share/fairino_interfaces/action/SE3Array.idl
[7.042s] -- Symlinking: /home/home/dcp_ws/install/fairino_interfaces/share/fairino_interfaces/action/Gripper.idl
[7.047s] -- Symlinking: /home/home/dcp_ws/install/fairino_interfaces/share/fairino_interfaces/action/Move.idl
[7.052s] -- Symlinking: /home/home/dcp_ws/install/fairino_interfaces/share/fairino_interfaces/action/QR.idl
[7.057s] -- Symlinking: /home/home/dcp_ws/install/fairino_interfaces/share/fairino_interfaces/action/ToolChanger.idl
[7.063s] -- Symlinking: /home/home/dcp_ws/install/fairino_interfaces/share/fairino_interfaces/srv/Pick.idl
[7.069s] -- Symlinking: /home/home/dcp_ws/install/fairino_interfaces/share/fairino_interfaces/srv/Place.idl
[7.075s] -- Symlinking: /home/home/dcp_ws/install/fairino_interfaces/share/fairino_interfaces/action/JointPosture.action
[7.081s] -- Symlinking: /home/home/dcp_ws/install/fairino_interfaces/share/fairino_interfaces/action/SE3.action
[7.085s] -- Symlinking: /home/home/dcp_ws/install/fairino_interfaces/share/fairino_interfaces/action/SE3Array.action
[7.091s] -- Symlinking: /home/home/dcp_ws/install/fairino_interfaces/share/fairino_interfaces/action/Gripper.action
[7.098s] -- Symlinking: /home/home/dcp_ws/install/fairino_interfaces/share/fairino_interfaces/action/Move.action
[7.103s] -- Symlinking: /home/home/dcp_ws/install/fairino_interfaces/share/fairino_interfaces/action/QR.action
[7.109s] -- Symlinking: /home/home/dcp_ws/install/fairino_interfaces/share/fairino_interfaces/action/ToolChanger.action
[7.114s] -- Symlinking: /home/home/dcp_ws/install/fairino_interfaces/share/fairino_interfaces/srv/Pick.srv
[7.119s] -- Symlinking: /home/home/dcp_ws/install/fairino_interfaces/share/fairino_interfaces/srv/Pick_Request.msg
[7.125s] -- Symlinking: /home/home/dcp_ws/install/fairino_interfaces/share/fairino_interfaces/srv/Pick_Response.msg
[7.131s] -- Symlinking: /home/home/dcp_ws/install/fairino_interfaces/share/fairino_interfaces/srv/Place.srv
[7.135s] -- Symlinking: /home/home/dcp_ws/install/fairino_interfaces/share/fairino_interfaces/srv/Place_Request.msg
[7.140s] -- Symlinking: /home/home/dcp_ws/install/fairino_interfaces/share/fairino_interfaces/srv/Place_Response.msg
[7.147s] -- Up-to-date symlink: /home/home/dcp_ws/install/fairino_interfaces/share/fairino_interfaces/action/Gripper.action
[7.147s] -- Up-to-date symlink: /home/home/dcp_ws/install/fairino_interfaces/share/fairino_interfaces/action/JointPosture.action
[7.147s] -- Up-to-date symlink: /home/home/dcp_ws/install/fairino_interfaces/share/fairino_interfaces/action/Move.action
[7.147s] -- Up-to-date symlink: /home/home/dcp_ws/install/fairino_interfaces/share/fairino_interfaces/action/QR.action
[7.147s] -- Up-to-date symlink: /home/home/dcp_ws/install/fairino_interfaces/share/fairino_interfaces/action/SE3.action
[7.147s] -- Up-to-date symlink: /home/home/dcp_ws/install/fairino_interfaces/share/fairino_interfaces/action/SE3Array.action
[7.147s] -- Up-to-date symlink: /home/home/dcp_ws/install/fairino_interfaces/share/fairino_interfaces/action/ToolChanger.action
[7.147s] -- Up-to-date symlink: /home/home/dcp_ws/install/fairino_interfaces/share/fairino_interfaces/srv/Pick.srv
[7.147s] -- Up-to-date symlink: /home/home/dcp_ws/install/fairino_interfaces/share/fairino_interfaces/srv/Place.srv
[7.147s] -- Symlinking: /home/home/dcp_ws/install/fairino_interfaces/share/ament_index/resource_index/package_run_dependencies/fairino_interfaces
[7.152s] -- Symlinking: /home/home/dcp_ws/install/fairino_interfaces/share/ament_index/resource_index/parent_prefix_path/fairino_interfaces
[7.160s] -- Symlinking: /home/home/dcp_ws/install/fairino_interfaces/share/fairino_interfaces/environment/ament_prefix_path.sh
[7.166s] -- Symlinking: /home/home/dcp_ws/install/fairino_interfaces/share/fairino_interfaces/environment/ament_prefix_path.dsv
[7.172s] -- Symlinking: /home/home/dcp_ws/install/fairino_interfaces/share/fairino_interfaces/environment/path.sh
[7.178s] -- Symlinking: /home/home/dcp_ws/install/fairino_interfaces/share/fairino_interfaces/environment/path.dsv
[7.186s] -- Symlinking: /home/home/dcp_ws/install/fairino_interfaces/share/fairino_interfaces/local_setup.bash
[7.195s] -- Symlinking: /home/home/dcp_ws/install/fairino_interfaces/share/fairino_interfaces/local_setup.sh
[7.201s] -- Symlinking: /home/home/dcp_ws/install/fairino_interfaces/share/fairino_interfaces/local_setup.zsh
[7.208s] -- Symlinking: /home/home/dcp_ws/install/fairino_interfaces/share/fairino_interfaces/local_setup.dsv
[7.213s] -- Symlinking: /home/home/dcp_ws/install/fairino_interfaces/share/fairino_interfaces/package.dsv
[7.219s] -- Symlinking: /home/home/dcp_ws/install/fairino_interfaces/share/ament_index/resource_index/packages/fairino_interfaces
[7.225s] -- Symlinking: /home/home/dcp_ws/install/fairino_interfaces/share/fairino_interfaces/cmake/rosidl_cmake-extras.cmake
[7.231s] -- Symlinking: /home/home/dcp_ws/install/fairino_interfaces/share/fairino_interfaces/cmake/ament_cmake_export_dependencies-extras.cmake
[7.235s] -- Symlinking: /home/home/dcp_ws/install/fairino_interfaces/share/fairino_interfaces/cmake/ament_cmake_export_include_directories-extras.cmake
[7.240s] -- Symlinking: /home/home/dcp_ws/install/fairino_interfaces/share/fairino_interfaces/cmake/ament_cmake_export_libraries-extras.cmake
[7.247s] -- Symlinking: /home/home/dcp_ws/install/fairino_interfaces/share/fairino_interfaces/cmake/ament_cmake_export_targets-extras.cmake
[7.252s] -- Symlinking: /home/home/dcp_ws/install/fairino_interfaces/share/fairino_interfaces/cmake/rosidl_cmake_export_typesupport_targets-extras.cmake
[7.259s] -- Symlinking: /home/home/dcp_ws/install/fairino_interfaces/share/fairino_interfaces/cmake/rosidl_cmake_export_typesupport_libraries-extras.cmake
[7.265s] -- Symlinking: /home/home/dcp_ws/install/fairino_interfaces/share/fairino_interfaces/cmake/fairino_interfacesConfig.cmake
[7.269s] -- Symlinking: /home/home/dcp_ws/install/fairino_interfaces/share/fairino_interfaces/cmake/fairino_interfacesConfig-version.cmake
[7.275s] -- Symlinking: /home/home/dcp_ws/install/fairino_interfaces/share/fairino_interfaces/package.xml
[7.280s] -- Installing: /home/home/dcp_ws/install/fairino_interfaces/lib/libfairino_interfaces__rosidl_generator_c.so
[7.282s] -- Set runtime path of "/home/home/dcp_ws/install/fairino_interfaces/lib/libfairino_interfaces__rosidl_generator_c.so" to ""
[7.282s] -- Installing: /home/home/dcp_ws/install/fairino_interfaces/lib/libfairino_interfaces__rosidl_typesupport_fastrtps_c.so
[7.282s] -- Set runtime path of "/home/home/dcp_ws/install/fairino_interfaces/lib/libfairino_interfaces__rosidl_typesupport_fastrtps_c.so" to ""
[7.282s] -- Installing: /home/home/dcp_ws/install/fairino_interfaces/lib/libfairino_interfaces__rosidl_typesupport_introspection_c.so
[7.282s] -- Set runtime path of "/home/home/dcp_ws/install/fairino_interfaces/lib/libfairino_interfaces__rosidl_typesupport_introspection_c.so" to ""
[7.282s] -- Installing: /home/home/dcp_ws/install/fairino_interfaces/lib/libfairino_interfaces__rosidl_typesupport_c.so
[7.282s] -- Set runtime path of "/home/home/dcp_ws/install/fairino_interfaces/lib/libfairino_interfaces__rosidl_typesupport_c.so" to ""
[7.282s] -- Installing: /home/home/dcp_ws/install/fairino_interfaces/lib/libfairino_interfaces__rosidl_typesupport_fastrtps_cpp.so
[7.282s] -- Set runtime path of "/home/home/dcp_ws/install/fairino_interfaces/lib/libfairino_interfaces__rosidl_typesupport_fastrtps_cpp.so" to ""
[7.282s] -- Installing: /home/home/dcp_ws/install/fairino_interfaces/lib/libfairino_interfaces__rosidl_typesupport_introspection_cpp.so
[7.282s] -- Set runtime path of "/home/home/dcp_ws/install/fairino_interfaces/lib/libfairino_interfaces__rosidl_typesupport_introspection_cpp.so" to ""
[7.282s] -- Installing: /home/home/dcp_ws/install/fairino_interfaces/lib/libfairino_interfaces__rosidl_typesupport_cpp.so
[7.282s] -- Set runtime path of "/home/home/dcp_ws/install/fairino_interfaces/lib/libfairino_interfaces__rosidl_typesupport_cpp.so" to ""
[7.320s] Listing '/home/home/dcp_ws/install/fairino_interfaces/local/lib/python3.10/dist-packages/fairino_interfaces'...
[7.320s] Compiling '/home/home/dcp_ws/install/fairino_interfaces/local/lib/python3.10/dist-packages/fairino_interfaces/__init__.py'...
[7.320s] Listing '/home/home/dcp_ws/install/fairino_interfaces/local/lib/python3.10/dist-packages/fairino_interfaces/action'...
[7.320s] Compiling '/home/home/dcp_ws/install/fairino_interfaces/local/lib/python3.10/dist-packages/fairino_interfaces/action/__init__.py'...
[7.320s] Compiling '/home/home/dcp_ws/install/fairino_interfaces/local/lib/python3.10/dist-packages/fairino_interfaces/action/_gripper.py'...
[7.320s] Compiling '/home/home/dcp_ws/install/fairino_interfaces/local/lib/python3.10/dist-packages/fairino_interfaces/action/_joint_posture.py'...
[7.320s] Compiling '/home/home/dcp_ws/install/fairino_interfaces/local/lib/python3.10/dist-packages/fairino_interfaces/action/_move.py'...
[7.320s] Compiling '/home/home/dcp_ws/install/fairino_interfaces/local/lib/python3.10/dist-packages/fairino_interfaces/action/_qr.py'...
[7.320s] Compiling '/home/home/dcp_ws/install/fairino_interfaces/local/lib/python3.10/dist-packages/fairino_interfaces/action/_se3.py'...
[7.320s] Compiling '/home/home/dcp_ws/install/fairino_interfaces/local/lib/python3.10/dist-packages/fairino_interfaces/action/_se3_array.py'...
[7.320s] Compiling '/home/home/dcp_ws/install/fairino_interfaces/local/lib/python3.10/dist-packages/fairino_interfaces/action/_tool_changer.py'...
[7.320s] Listing '/home/home/dcp_ws/install/fairino_interfaces/local/lib/python3.10/dist-packages/fairino_interfaces/srv'...
[7.321s] Compiling '/home/home/dcp_ws/install/fairino_interfaces/local/lib/python3.10/dist-packages/fairino_interfaces/srv/__init__.py'...
[7.321s] Compiling '/home/home/dcp_ws/install/fairino_interfaces/local/lib/python3.10/dist-packages/fairino_interfaces/srv/_pick.py'...
[7.321s] Compiling '/home/home/dcp_ws/install/fairino_interfaces/local/lib/python3.10/dist-packages/fairino_interfaces/srv/_place.py'...
[7.323s] -- Installing: /home/home/dcp_ws/install/fairino_interfaces/lib/libfairino_interfaces__rosidl_generator_py.so
[7.326s] -- Set runtime path of "/home/home/dcp_ws/install/fairino_interfaces/lib/libfairino_interfaces__rosidl_generator_py.so" to ""
[7.326s] -- Installing: /home/home/dcp_ws/install/fairino_interfaces/share/fairino_interfaces/cmake/export_fairino_interfaces__rosidl_generator_cExport.cmake
[7.326s] -- Installing: /home/home/dcp_ws/install/fairino_interfaces/share/fairino_interfaces/cmake/export_fairino_interfaces__rosidl_generator_cExport-noconfig.cmake
[7.326s] -- Installing: /home/home/dcp_ws/install/fairino_interfaces/share/fairino_interfaces/cmake/export_fairino_interfaces__rosidl_typesupport_fastrtps_cExport.cmake
[7.326s] -- Installing: /home/home/dcp_ws/install/fairino_interfaces/share/fairino_interfaces/cmake/export_fairino_interfaces__rosidl_typesupport_fastrtps_cExport-noconfig.cmake
[7.326s] -- Installing: /home/home/dcp_ws/install/fairino_interfaces/share/fairino_interfaces/cmake/fairino_interfaces__rosidl_typesupport_introspection_cExport.cmake
[7.326s] -- Installing: /home/home/dcp_ws/install/fairino_interfaces/share/fairino_interfaces/cmake/fairino_interfaces__rosidl_typesupport_introspection_cExport-noconfig.cmake
[7.327s] -- Installing: /home/home/dcp_ws/install/fairino_interfaces/share/fairino_interfaces/cmake/fairino_interfaces__rosidl_typesupport_cExport.cmake
[7.327s] -- Installing: /home/home/dcp_ws/install/fairino_interfaces/share/fairino_interfaces/cmake/fairino_interfaces__rosidl_typesupport_cExport-noconfig.cmake
[7.327s] -- Installing: /home/home/dcp_ws/install/fairino_interfaces/share/fairino_interfaces/cmake/export_fairino_interfaces__rosidl_generator_cppExport.cmake
[7.327s] -- Installing: /home/home/dcp_ws/install/fairino_interfaces/share/fairino_interfaces/cmake/export_fairino_interfaces__rosidl_typesupport_fastrtps_cppExport.cmake
[7.327s] -- Installing: /home/home/dcp_ws/install/fairino_interfaces/share/fairino_interfaces/cmake/export_fairino_interfaces__rosidl_typesupport_fastrtps_cppExport-noconfig.cmake
[7.327s] -- Installing: /home/home/dcp_ws/install/fairino_interfaces/share/fairino_interfaces/cmake/fairino_interfaces__rosidl_typesupport_introspection_cppExport.cmake
[7.327s] -- Installing: /home/home/dcp_ws/install/fairino_interfaces/share/fairino_interfaces/cmake/fairino_interfaces__rosidl_typesupport_introspection_cppExport-noconfig.cmake
[7.327s] -- Installing: /home/home/dcp_ws/install/fairino_interfaces/share/fairino_interfaces/cmake/fairino_interfaces__rosidl_typesupport_cppExport.cmake
[7.327s] -- Installing: /home/home/dcp_ws/install/fairino_interfaces/share/fairino_interfaces/cmake/fairino_interfaces__rosidl_typesupport_cppExport-noconfig.cmake
[7.327s] -- Installing: /home/home/dcp_ws/install/fairino_interfaces/share/fairino_interfaces/cmake/export_fairino_interfaces__rosidl_generator_pyExport.cmake
[7.327s] -- Installing: /home/home/dcp_ws/install/fairino_interfaces/share/fairino_interfaces/cmake/export_fairino_interfaces__rosidl_generator_pyExport-noconfig.cmake
[7.327s] Invoked command in '/home/home/dcp_ws/build/fairino_interfaces' returned '0': CMAKE_PREFIX_PATH=/home/home/dcp_ws/install/robotiq_description:/home/home/dcp_ws/install/isaacsim:/home/home/dcp_ws/install/fairino_rviz:/home/home/dcp_ws/install/fairino_action_manager:/home/home/dcp_ws/install/fairino_interfaces:/home/home/dcp_ws/install/fairino_description:/home/home/dcp_ws/install/dh_robotics_ag95_description:/home/home/dcp_ws/install/pak_hqp_controller:/home/home/dcp_ws/install/kimm_hqp_controller:/home/home/dcp_ws/install/kimm_trajectory_smoother:/home/home/dcp_ws/install/isaacsim_ros2:/home/home/kimm_ws/install/rb5_action_manager:/opt/ros/humble:/home/home/dcp_ws/install/kimm_qpoases:/home/home/gello_ws/install/franka_plugin:/home/home/gello_ws/install/franka_description:/home/home/gello_ws/install/dynamixel_sdk_examples:/home/home/gello_ws/install/dynamixel_sdk_custom_interfaces:/home/home/gello_ws/install/dynamixel:/home/home/gello_ws/install/dynamixel_sdk:/home/home/kimm_ws/install/rbpodo_bringup:/home/home/kimm_ws/install/rbpodo_hardware:/home/home/kimm_ws/install/rbpodo_msgs:/home/home/kimm_ws/install/rb3_730es_u_moveit_config:/home/home/kimm_ws/install/rbpodo_description:/home/home/kimm_ws/install/rb5_gui_manager:/home/home/kimm_ws/install/action_interface /usr/bin/cmake --install /home/home/dcp_ws/build/fairino_interfaces
