[0.022s] Invoking command in '/home/home/dcp_ws/build/kimm_hqp_controller': CMAKE_PREFIX_PATH=/home/home/dcp_ws/install/kimm_trajectory_smoother:/home/home/dcp_ws/install/isaacsim_ros2:/home/home/kimm_ws/install/rb5_action_manager:/opt/ros/humble:/home/home/dcp_ws/install/kimm_qpoases:/home/home/dcp_ws/install/robotiq_description:/home/home/dcp_ws/install/isaacsim:/home/home/dcp_ws/install/fairino_rviz:/home/home/dcp_ws/install/fairino_action_manager:/home/home/dcp_ws/install/fairino_interfaces:/home/home/dcp_ws/install/fairino_description:/home/home/dcp_ws/install/dh_robotics_ag95_description:/home/home/dcp_ws/install/pak_hqp_controller:/home/home/dcp_ws/install/kimm_hqp_controller:/home/home/gello_ws/install/franka_plugin:/home/home/gello_ws/install/franka_description:/home/home/gello_ws/install/dynamixel_sdk_examples:/home/home/gello_ws/install/dynamixel_sdk_custom_interfaces:/home/home/gello_ws/install/dynamixel:/home/home/gello_ws/install/dynamixel_sdk:/home/home/kimm_ws/install/rbpodo_bringup:/home/home/kimm_ws/install/rbpodo_hardware:/home/home/kimm_ws/install/rbpodo_msgs:/home/home/kimm_ws/install/rb3_730es_u_moveit_config:/home/home/kimm_ws/install/rbpodo_description:/home/home/kimm_ws/install/rb5_gui_manager:/home/home/kimm_ws/install/action_interface LD_LIBRARY_PATH=/home/home/dcp_ws/install/kimm_trajectory_smoother/lib:/home/home/dcp_ws/install/kimm_qpoases/lib:/home/home/dcp_ws/install/fairino_action_manager/lib:/home/home/dcp_ws/install/fairino_interfaces/lib:/home/home/dcp_ws/install/pak_hqp_controller/lib:/home/home/dcp_ws/install/kimm_hqp_controller/lib:/home/home/gello_ws/install/franka_plugin/lib:/home/home/gello_ws/install/dynamixel_sdk_custom_interfaces/lib:/home/home/gello_ws/install/dynamixel_sdk/lib:/home/home/kimm_ws/install/rbpodo_hardware/lib:/home/home/kimm_ws/install/rbpodo_msgs/lib:/home/home/kimm_ws/install/rb5_gui_manager/lib:/home/home/kimm_ws/install/action_interface/lib:/usr/lib/x86_64-linux-gnu/gazebo-11/plugins:/opt/ros/humble/opt/rviz_ogre_vendor/lib:/opt/ros/humble/lib/x86_64-linux-gnu:/opt/ros/humble/lib /usr/bin/cmake --build /home/home/dcp_ws/build/kimm_hqp_controller -- -j10 -l10
[0.091s] [100%] Built target kimm_hqp_controller
[0.106s] Invoked command in '/home/home/dcp_ws/build/kimm_hqp_controller' returned '0': CMAKE_PREFIX_PATH=/home/home/dcp_ws/install/kimm_trajectory_smoother:/home/home/dcp_ws/install/isaacsim_ros2:/home/home/kimm_ws/install/rb5_action_manager:/opt/ros/humble:/home/home/dcp_ws/install/kimm_qpoases:/home/home/dcp_ws/install/robotiq_description:/home/home/dcp_ws/install/isaacsim:/home/home/dcp_ws/install/fairino_rviz:/home/home/dcp_ws/install/fairino_action_manager:/home/home/dcp_ws/install/fairino_interfaces:/home/home/dcp_ws/install/fairino_description:/home/home/dcp_ws/install/dh_robotics_ag95_description:/home/home/dcp_ws/install/pak_hqp_controller:/home/home/dcp_ws/install/kimm_hqp_controller:/home/home/gello_ws/install/franka_plugin:/home/home/gello_ws/install/franka_description:/home/home/gello_ws/install/dynamixel_sdk_examples:/home/home/gello_ws/install/dynamixel_sdk_custom_interfaces:/home/home/gello_ws/install/dynamixel:/home/home/gello_ws/install/dynamixel_sdk:/home/home/kimm_ws/install/rbpodo_bringup:/home/home/kimm_ws/install/rbpodo_hardware:/home/home/kimm_ws/install/rbpodo_msgs:/home/home/kimm_ws/install/rb3_730es_u_moveit_config:/home/home/kimm_ws/install/rbpodo_description:/home/home/kimm_ws/install/rb5_gui_manager:/home/home/kimm_ws/install/action_interface LD_LIBRARY_PATH=/home/home/dcp_ws/install/kimm_trajectory_smoother/lib:/home/home/dcp_ws/install/kimm_qpoases/lib:/home/home/dcp_ws/install/fairino_action_manager/lib:/home/home/dcp_ws/install/fairino_interfaces/lib:/home/home/dcp_ws/install/pak_hqp_controller/lib:/home/home/dcp_ws/install/kimm_hqp_controller/lib:/home/home/gello_ws/install/franka_plugin/lib:/home/home/gello_ws/install/dynamixel_sdk_custom_interfaces/lib:/home/home/gello_ws/install/dynamixel_sdk/lib:/home/home/kimm_ws/install/rbpodo_hardware/lib:/home/home/kimm_ws/install/rbpodo_msgs/lib:/home/home/kimm_ws/install/rb5_gui_manager/lib:/home/home/kimm_ws/install/action_interface/lib:/usr/lib/x86_64-linux-gnu/gazebo-11/plugins:/opt/ros/humble/opt/rviz_ogre_vendor/lib:/opt/ros/humble/lib/x86_64-linux-gnu:/opt/ros/humble/lib /usr/bin/cmake --build /home/home/dcp_ws/build/kimm_hqp_controller -- -j10 -l10
[0.106s] Invoking command in '/home/home/dcp_ws/build/kimm_hqp_controller': CMAKE_PREFIX_PATH=/home/home/dcp_ws/install/kimm_trajectory_smoother:/home/home/dcp_ws/install/isaacsim_ros2:/home/home/kimm_ws/install/rb5_action_manager:/opt/ros/humble:/home/home/dcp_ws/install/kimm_qpoases:/home/home/dcp_ws/install/robotiq_description:/home/home/dcp_ws/install/isaacsim:/home/home/dcp_ws/install/fairino_rviz:/home/home/dcp_ws/install/fairino_action_manager:/home/home/dcp_ws/install/fairino_interfaces:/home/home/dcp_ws/install/fairino_description:/home/home/dcp_ws/install/dh_robotics_ag95_description:/home/home/dcp_ws/install/pak_hqp_controller:/home/home/dcp_ws/install/kimm_hqp_controller:/home/home/gello_ws/install/franka_plugin:/home/home/gello_ws/install/franka_description:/home/home/gello_ws/install/dynamixel_sdk_examples:/home/home/gello_ws/install/dynamixel_sdk_custom_interfaces:/home/home/gello_ws/install/dynamixel:/home/home/gello_ws/install/dynamixel_sdk:/home/home/kimm_ws/install/rbpodo_bringup:/home/home/kimm_ws/install/rbpodo_hardware:/home/home/kimm_ws/install/rbpodo_msgs:/home/home/kimm_ws/install/rb3_730es_u_moveit_config:/home/home/kimm_ws/install/rbpodo_description:/home/home/kimm_ws/install/rb5_gui_manager:/home/home/kimm_ws/install/action_interface LD_LIBRARY_PATH=/home/home/dcp_ws/install/kimm_trajectory_smoother/lib:/home/home/dcp_ws/install/kimm_qpoases/lib:/home/home/dcp_ws/install/fairino_action_manager/lib:/home/home/dcp_ws/install/fairino_interfaces/lib:/home/home/dcp_ws/install/pak_hqp_controller/lib:/home/home/dcp_ws/install/kimm_hqp_controller/lib:/home/home/gello_ws/install/franka_plugin/lib:/home/home/gello_ws/install/dynamixel_sdk_custom_interfaces/lib:/home/home/gello_ws/install/dynamixel_sdk/lib:/home/home/kimm_ws/install/rbpodo_hardware/lib:/home/home/kimm_ws/install/rbpodo_msgs/lib:/home/home/kimm_ws/install/rb5_gui_manager/lib:/home/home/kimm_ws/install/action_interface/lib:/usr/lib/x86_64-linux-gnu/gazebo-11/plugins:/opt/ros/humble/opt/rviz_ogre_vendor/lib:/opt/ros/humble/lib/x86_64-linux-gnu:/opt/ros/humble/lib /usr/bin/cmake --install /home/home/dcp_ws/build/kimm_hqp_controller
[0.109s] -- Install configuration: ""
[0.109s] -- Execute custom install script
[0.109s] -- Up-to-date symlink: /home/home/dcp_ws/install/kimm_hqp_controller/include/kimm_hqp_controller/config.hpp
[0.109s] -- Up-to-date symlink: /home/home/dcp_ws/install/kimm_hqp_controller/include/kimm_hqp_controller/contact/contact_base.hpp
[0.109s] -- Up-to-date symlink: /home/home/dcp_ws/install/kimm_hqp_controller/include/kimm_hqp_controller/contact/contact_point.hpp
[0.110s] -- Up-to-date symlink: /home/home/dcp_ws/install/kimm_hqp_controller/include/kimm_hqp_controller/contact/fwd.hpp
[0.110s] -- Up-to-date symlink: /home/home/dcp_ws/install/kimm_hqp_controller/include/kimm_hqp_controller/formulation/contact_level.hpp
[0.110s] -- Up-to-date symlink: /home/home/dcp_ws/install/kimm_hqp_controller/include/kimm_hqp_controller/formulation/inverse_dynamics_formulation_acc.hpp
[0.110s] -- Up-to-date symlink: /home/home/dcp_ws/install/kimm_hqp_controller/include/kimm_hqp_controller/formulation/inverse_dynamics_formulation_base.hpp
[0.110s] -- Up-to-date symlink: /home/home/dcp_ws/install/kimm_hqp_controller/include/kimm_hqp_controller/formulation/inverse_dynamics_formulation_weighted_acc.hpp
[0.110s] -- Up-to-date symlink: /home/home/dcp_ws/install/kimm_hqp_controller/include/kimm_hqp_controller/math/constraint_base.hpp
[0.110s] -- Up-to-date symlink: /home/home/dcp_ws/install/kimm_hqp_controller/include/kimm_hqp_controller/math/constraint_bound.hpp
[0.110s] -- Up-to-date symlink: /home/home/dcp_ws/install/kimm_hqp_controller/include/kimm_hqp_controller/math/constraint_equality.hpp
[0.110s] -- Up-to-date symlink: /home/home/dcp_ws/install/kimm_hqp_controller/include/kimm_hqp_controller/math/constraint_inequality.hpp
[0.110s] -- Up-to-date symlink: /home/home/dcp_ws/install/kimm_hqp_controller/include/kimm_hqp_controller/math/fwd.hpp
[0.110s] -- Up-to-date symlink: /home/home/dcp_ws/install/kimm_hqp_controller/include/kimm_hqp_controller/math/util.hpp
[0.110s] -- Up-to-date symlink: /home/home/dcp_ws/install/kimm_hqp_controller/include/kimm_hqp_controller/robot/fwd.hpp
[0.110s] -- Up-to-date symlink: /home/home/dcp_ws/install/kimm_hqp_controller/include/kimm_hqp_controller/robot/robot_wrapper.hpp
[0.110s] -- Up-to-date symlink: /home/home/dcp_ws/install/kimm_hqp_controller/include/kimm_hqp_controller/solver/fwd.hpp
[0.110s] -- Up-to-date symlink: /home/home/dcp_ws/install/kimm_hqp_controller/include/kimm_hqp_controller/solver/solver_HQP_base.hpp
[0.110s] -- Up-to-date symlink: /home/home/dcp_ws/install/kimm_hqp_controller/include/kimm_hqp_controller/solver/solver_HQP_eiquadprog.hpp
[0.110s] -- Up-to-date symlink: /home/home/dcp_ws/install/kimm_hqp_controller/include/kimm_hqp_controller/solver/solver_HQP_eiquadprog_fast.hpp
[0.110s] -- Up-to-date symlink: /home/home/dcp_ws/install/kimm_hqp_controller/include/kimm_hqp_controller/solver/solver_HQP_eiquadprog_rt.hpp
[0.110s] -- Up-to-date symlink: /home/home/dcp_ws/install/kimm_hqp_controller/include/kimm_hqp_controller/solver/solver_HQP_eiquadprog_rt.hxx
[0.112s] -- Up-to-date symlink: /home/home/dcp_ws/install/kimm_hqp_controller/include/kimm_hqp_controller/solver/solver_HQP_factory.hpp
[0.112s] -- Up-to-date symlink: /home/home/dcp_ws/install/kimm_hqp_controller/include/kimm_hqp_controller/solver/solver_HQP_factory.hxx
[0.112s] -- Up-to-date symlink: /home/home/dcp_ws/install/kimm_hqp_controller/include/kimm_hqp_controller/solver/solver_HQP_output.hpp
[0.112s] -- Up-to-date symlink: /home/home/dcp_ws/install/kimm_hqp_controller/include/kimm_hqp_controller/solver/solver_HQP_qpoases.hpp
[0.112s] -- Up-to-date symlink: /home/home/dcp_ws/install/kimm_hqp_controller/include/kimm_hqp_controller/solver/util.hpp
[0.112s] -- Up-to-date symlink: /home/home/dcp_ws/install/kimm_hqp_controller/include/kimm_hqp_controller/tasks/fwd.hpp
[0.112s] -- Up-to-date symlink: /home/home/dcp_ws/install/kimm_hqp_controller/include/kimm_hqp_controller/tasks/task_base.hpp
[0.112s] -- Up-to-date symlink: /home/home/dcp_ws/install/kimm_hqp_controller/include/kimm_hqp_controller/tasks/task_contact_force.hpp
[0.112s] -- Up-to-date symlink: /home/home/dcp_ws/install/kimm_hqp_controller/include/kimm_hqp_controller/tasks/task_joint_bound.hpp
[0.112s] -- Up-to-date symlink: /home/home/dcp_ws/install/kimm_hqp_controller/include/kimm_hqp_controller/tasks/task_joint_posture.hpp
[0.112s] -- Up-to-date symlink: /home/home/dcp_ws/install/kimm_hqp_controller/include/kimm_hqp_controller/tasks/task_mobile_base.hpp
[0.112s] -- Up-to-date symlink: /home/home/dcp_ws/install/kimm_hqp_controller/include/kimm_hqp_controller/tasks/task_motion.hpp
[0.112s] -- Up-to-date symlink: /home/home/dcp_ws/install/kimm_hqp_controller/include/kimm_hqp_controller/tasks/task_se3_equality.hpp
[0.112s] -- Up-to-date symlink: /home/home/dcp_ws/install/kimm_hqp_controller/include/kimm_hqp_controller/trajectory/fwd.hpp
[0.112s] -- Up-to-date symlink: /home/home/dcp_ws/install/kimm_hqp_controller/include/kimm_hqp_controller/trajectory/trajectory_base.hpp
[0.112s] -- Up-to-date symlink: /home/home/dcp_ws/install/kimm_hqp_controller/include/kimm_hqp_controller/trajectory/trajectory_euclidian.hpp
[0.112s] -- Up-to-date symlink: /home/home/dcp_ws/install/kimm_hqp_controller/include/kimm_hqp_controller/trajectory/trajectory_se3.hpp
[0.112s] -- Up-to-date symlink: /home/home/dcp_ws/install/kimm_hqp_controller/include/kimm_hqp_controller/util/Stdafx.hh
[0.112s] -- Up-to-date symlink: /home/home/dcp_ws/install/kimm_hqp_controller/include/kimm_hqp_controller/util/statistics.hpp
[0.112s] -- Up-to-date symlink: /home/home/dcp_ws/install/kimm_hqp_controller/include/kimm_hqp_controller/util/stop_watch.hpp
[0.112s] -- Up-to-date symlink: /home/home/dcp_ws/install/kimm_hqp_controller/share/kimm_hqp_controller/environment/library_path.sh
[0.112s] -- Up-to-date symlink: /home/home/dcp_ws/install/kimm_hqp_controller/share/kimm_hqp_controller/environment/library_path.dsv
[0.112s] -- Up-to-date symlink: /home/home/dcp_ws/install/kimm_hqp_controller/share/ament_index/resource_index/package_run_dependencies/kimm_hqp_controller
[0.112s] -- Up-to-date symlink: /home/home/dcp_ws/install/kimm_hqp_controller/share/ament_index/resource_index/parent_prefix_path/kimm_hqp_controller
[0.112s] -- Up-to-date symlink: /home/home/dcp_ws/install/kimm_hqp_controller/share/kimm_hqp_controller/environment/ament_prefix_path.sh
[0.112s] -- Up-to-date symlink: /home/home/dcp_ws/install/kimm_hqp_controller/share/kimm_hqp_controller/environment/ament_prefix_path.dsv
[0.113s] -- Up-to-date symlink: /home/home/dcp_ws/install/kimm_hqp_controller/share/kimm_hqp_controller/environment/path.sh
[0.113s] -- Up-to-date symlink: /home/home/dcp_ws/install/kimm_hqp_controller/share/kimm_hqp_controller/environment/path.dsv
[0.113s] -- Up-to-date symlink: /home/home/dcp_ws/install/kimm_hqp_controller/share/kimm_hqp_controller/local_setup.bash
[0.113s] -- Up-to-date symlink: /home/home/dcp_ws/install/kimm_hqp_controller/share/kimm_hqp_controller/local_setup.sh
[0.113s] -- Up-to-date symlink: /home/home/dcp_ws/install/kimm_hqp_controller/share/kimm_hqp_controller/local_setup.zsh
[0.113s] -- Up-to-date symlink: /home/home/dcp_ws/install/kimm_hqp_controller/share/kimm_hqp_controller/local_setup.dsv
[0.113s] -- Symlinking: /home/home/dcp_ws/install/kimm_hqp_controller/share/kimm_hqp_controller/package.dsv
[0.119s] -- Up-to-date symlink: /home/home/dcp_ws/install/kimm_hqp_controller/share/ament_index/resource_index/packages/kimm_hqp_controller
[0.119s] -- Up-to-date symlink: /home/home/dcp_ws/install/kimm_hqp_controller/share/kimm_hqp_controller/cmake/ament_cmake_export_include_directories-extras.cmake
[0.119s] -- Up-to-date symlink: /home/home/dcp_ws/install/kimm_hqp_controller/share/kimm_hqp_controller/cmake/ament_cmake_export_libraries-extras.cmake
[0.119s] -- Up-to-date symlink: /home/home/dcp_ws/install/kimm_hqp_controller/share/kimm_hqp_controller/cmake/ament_cmake_export_dependencies-extras.cmake
[0.119s] -- Up-to-date symlink: /home/home/dcp_ws/install/kimm_hqp_controller/share/kimm_hqp_controller/cmake/ament_cmake_export_targets-extras.cmake
[0.122s] -- Up-to-date symlink: /home/home/dcp_ws/install/kimm_hqp_controller/share/kimm_hqp_controller/cmake/kimm_hqp_controllerConfig.cmake
[0.122s] -- Up-to-date symlink: /home/home/dcp_ws/install/kimm_hqp_controller/share/kimm_hqp_controller/cmake/kimm_hqp_controllerConfig-version.cmake
[0.122s] -- Up-to-date symlink: /home/home/dcp_ws/install/kimm_hqp_controller/share/kimm_hqp_controller/package.xml
[0.122s] -- Up-to-date: /home/home/dcp_ws/install/kimm_hqp_controller/lib/libkimm_hqp_controller.so
[0.122s] -- Up-to-date: /home/home/dcp_ws/install/kimm_hqp_controller/share/kimm_hqp_controller/cmake/export_kimm_hqp_controller.cmake
[0.122s] -- Up-to-date: /home/home/dcp_ws/install/kimm_hqp_controller/share/kimm_hqp_controller/cmake/export_kimm_hqp_controller-noconfig.cmake
[0.122s] -- Up-to-date: /home/home/dcp_ws/install/kimm_hqp_controller/share/kimm_hqp_controller/cmake/export_kimm_hqp_controllerExport.cmake
[0.122s] -- Up-to-date: /home/home/dcp_ws/install/kimm_hqp_controller/share/kimm_hqp_controller/cmake/export_kimm_hqp_controllerExport-noconfig.cmake
[0.123s] Invoked command in '/home/home/dcp_ws/build/kimm_hqp_controller' returned '0': CMAKE_PREFIX_PATH=/home/home/dcp_ws/install/kimm_trajectory_smoother:/home/home/dcp_ws/install/isaacsim_ros2:/home/home/kimm_ws/install/rb5_action_manager:/opt/ros/humble:/home/home/dcp_ws/install/kimm_qpoases:/home/home/dcp_ws/install/robotiq_description:/home/home/dcp_ws/install/isaacsim:/home/home/dcp_ws/install/fairino_rviz:/home/home/dcp_ws/install/fairino_action_manager:/home/home/dcp_ws/install/fairino_interfaces:/home/home/dcp_ws/install/fairino_description:/home/home/dcp_ws/install/dh_robotics_ag95_description:/home/home/dcp_ws/install/pak_hqp_controller:/home/home/dcp_ws/install/kimm_hqp_controller:/home/home/gello_ws/install/franka_plugin:/home/home/gello_ws/install/franka_description:/home/home/gello_ws/install/dynamixel_sdk_examples:/home/home/gello_ws/install/dynamixel_sdk_custom_interfaces:/home/home/gello_ws/install/dynamixel:/home/home/gello_ws/install/dynamixel_sdk:/home/home/kimm_ws/install/rbpodo_bringup:/home/home/kimm_ws/install/rbpodo_hardware:/home/home/kimm_ws/install/rbpodo_msgs:/home/home/kimm_ws/install/rb3_730es_u_moveit_config:/home/home/kimm_ws/install/rbpodo_description:/home/home/kimm_ws/install/rb5_gui_manager:/home/home/kimm_ws/install/action_interface LD_LIBRARY_PATH=/home/home/dcp_ws/install/kimm_trajectory_smoother/lib:/home/home/dcp_ws/install/kimm_qpoases/lib:/home/home/dcp_ws/install/fairino_action_manager/lib:/home/home/dcp_ws/install/fairino_interfaces/lib:/home/home/dcp_ws/install/pak_hqp_controller/lib:/home/home/dcp_ws/install/kimm_hqp_controller/lib:/home/home/gello_ws/install/franka_plugin/lib:/home/home/gello_ws/install/dynamixel_sdk_custom_interfaces/lib:/home/home/gello_ws/install/dynamixel_sdk/lib:/home/home/kimm_ws/install/rbpodo_hardware/lib:/home/home/kimm_ws/install/rbpodo_msgs/lib:/home/home/kimm_ws/install/rb5_gui_manager/lib:/home/home/kimm_ws/install/action_interface/lib:/usr/lib/x86_64-linux-gnu/gazebo-11/plugins:/opt/ros/humble/opt/rviz_ogre_vendor/lib:/opt/ros/humble/lib/x86_64-linux-gnu:/opt/ros/humble/lib /usr/bin/cmake --install /home/home/dcp_ws/build/kimm_hqp_controller
