[0.046s] Invoking command in '/home/home/dcp_ws/build/fairino_rviz': CMAKE_PREFIX_PATH=/home/home/dcp_ws/install/robotiq_description:/home/home/dcp_ws/install/pak_hqp_controller:/home/home/dcp_ws/install/kimm_hqp_controller:/home/home/dcp_ws/install/kimm_trajectory_smoother:/home/home/dcp_ws/install/isaacsim_ros2:/home/home/fairino_ros2_ws/install/isaacsim_ros2:/opt/ros/humble:/home/home/dcp_ws/install/kimm_qpoases:/home/home/dcp_ws/install/isaacsim:/home/home/dcp_ws/install/fairino_rviz:/home/home/dcp_ws/install/fairino_action_manager:/home/home/dcp_ws/install/fairino_interfaces:/home/home/dcp_ws/install/fairino_description:/home/home/dcp_ws/install/dh_robotics_ag95_description:/home/home/fairino_ros2_ws/install/kimm_hqp_controller:/home/home/fairino_ros2_ws/install/kimm_trajectory_smoother:/home/home/fairino_ros2_ws/install/kimm_qpoases:/home/home/fairino_ros2_ws/install/isaacsim:/home/home/fairino_ros2_ws/install/fairino_rviz:/home/home/fairino_ros2_ws/install/fairino_action_manager:/home/home/fairino_ros2_ws/install/fairino_interfaces:/home/home/fairino_ros2_ws/install/fairino_description:/home/home/fairino_ros2_ws/install/dh_robotics_ag95_description /usr/bin/cmake --build /home/home/dcp_ws/build/fairino_rviz -- -j10 -l10
[0.303s] Invoked command in '/home/home/dcp_ws/build/fairino_rviz' returned '0': CMAKE_PREFIX_PATH=/home/home/dcp_ws/install/robotiq_description:/home/home/dcp_ws/install/pak_hqp_controller:/home/home/dcp_ws/install/kimm_hqp_controller:/home/home/dcp_ws/install/kimm_trajectory_smoother:/home/home/dcp_ws/install/isaacsim_ros2:/home/home/fairino_ros2_ws/install/isaacsim_ros2:/opt/ros/humble:/home/home/dcp_ws/install/kimm_qpoases:/home/home/dcp_ws/install/isaacsim:/home/home/dcp_ws/install/fairino_rviz:/home/home/dcp_ws/install/fairino_action_manager:/home/home/dcp_ws/install/fairino_interfaces:/home/home/dcp_ws/install/fairino_description:/home/home/dcp_ws/install/dh_robotics_ag95_description:/home/home/fairino_ros2_ws/install/kimm_hqp_controller:/home/home/fairino_ros2_ws/install/kimm_trajectory_smoother:/home/home/fairino_ros2_ws/install/kimm_qpoases:/home/home/fairino_ros2_ws/install/isaacsim:/home/home/fairino_ros2_ws/install/fairino_rviz:/home/home/fairino_ros2_ws/install/fairino_action_manager:/home/home/fairino_ros2_ws/install/fairino_interfaces:/home/home/fairino_ros2_ws/install/fairino_description:/home/home/fairino_ros2_ws/install/dh_robotics_ag95_description /usr/bin/cmake --build /home/home/dcp_ws/build/fairino_rviz -- -j10 -l10
[0.305s] Invoking command in '/home/home/dcp_ws/build/fairino_rviz': CMAKE_PREFIX_PATH=/home/home/dcp_ws/install/robotiq_description:/home/home/dcp_ws/install/pak_hqp_controller:/home/home/dcp_ws/install/kimm_hqp_controller:/home/home/dcp_ws/install/kimm_trajectory_smoother:/home/home/dcp_ws/install/isaacsim_ros2:/home/home/fairino_ros2_ws/install/isaacsim_ros2:/opt/ros/humble:/home/home/dcp_ws/install/kimm_qpoases:/home/home/dcp_ws/install/isaacsim:/home/home/dcp_ws/install/fairino_rviz:/home/home/dcp_ws/install/fairino_action_manager:/home/home/dcp_ws/install/fairino_interfaces:/home/home/dcp_ws/install/fairino_description:/home/home/dcp_ws/install/dh_robotics_ag95_description:/home/home/fairino_ros2_ws/install/kimm_hqp_controller:/home/home/fairino_ros2_ws/install/kimm_trajectory_smoother:/home/home/fairino_ros2_ws/install/kimm_qpoases:/home/home/fairino_ros2_ws/install/isaacsim:/home/home/fairino_ros2_ws/install/fairino_rviz:/home/home/fairino_ros2_ws/install/fairino_action_manager:/home/home/fairino_ros2_ws/install/fairino_interfaces:/home/home/fairino_ros2_ws/install/fairino_description:/home/home/fairino_ros2_ws/install/dh_robotics_ag95_description /usr/bin/cmake --install /home/home/dcp_ws/build/fairino_rviz
[0.342s] -- Install configuration: ""
[0.342s] -- Up-to-date: /home/home/dcp_ws/install/fairino_rviz/share/fairino_rviz/rviz2
[0.342s] -- Up-to-date: /home/home/dcp_ws/install/fairino_rviz/share/fairino_rviz/rviz2/fr5.rviz
[0.342s] -- Up-to-date: /home/home/dcp_ws/install/fairino_rviz/share/fairino_rviz/launch
[0.342s] -- Up-to-date: /home/home/dcp_ws/install/fairino_rviz/share/fairino_rviz/launch/view_robot.launch.py
[0.342s] -- Up-to-date: /home/home/dcp_ws/install/fairino_rviz/share/ament_index/resource_index/package_run_dependencies/fairino_rviz
[0.342s] -- Up-to-date: /home/home/dcp_ws/install/fairino_rviz/share/ament_index/resource_index/parent_prefix_path/fairino_rviz
[0.342s] -- Up-to-date: /home/home/dcp_ws/install/fairino_rviz/share/fairino_rviz/environment/ament_prefix_path.sh
[0.342s] -- Up-to-date: /home/home/dcp_ws/install/fairino_rviz/share/fairino_rviz/environment/ament_prefix_path.dsv
[0.342s] -- Up-to-date: /home/home/dcp_ws/install/fairino_rviz/share/fairino_rviz/environment/path.sh
[0.342s] -- Up-to-date: /home/home/dcp_ws/install/fairino_rviz/share/fairino_rviz/environment/path.dsv
[0.343s] -- Up-to-date: /home/home/dcp_ws/install/fairino_rviz/share/fairino_rviz/local_setup.bash
[0.343s] -- Up-to-date: /home/home/dcp_ws/install/fairino_rviz/share/fairino_rviz/local_setup.sh
[0.343s] -- Up-to-date: /home/home/dcp_ws/install/fairino_rviz/share/fairino_rviz/local_setup.zsh
[0.343s] -- Up-to-date: /home/home/dcp_ws/install/fairino_rviz/share/fairino_rviz/local_setup.dsv
[0.343s] -- Installing: /home/home/dcp_ws/install/fairino_rviz/share/fairino_rviz/package.dsv
[0.343s] -- Up-to-date: /home/home/dcp_ws/install/fairino_rviz/share/ament_index/resource_index/packages/fairino_rviz
[0.343s] -- Up-to-date: /home/home/dcp_ws/install/fairino_rviz/share/fairino_rviz/cmake/fairino_rvizConfig.cmake
[0.343s] -- Up-to-date: /home/home/dcp_ws/install/fairino_rviz/share/fairino_rviz/cmake/fairino_rvizConfig-version.cmake
[0.343s] -- Up-to-date: /home/home/dcp_ws/install/fairino_rviz/share/fairino_rviz/package.xml
[0.396s] Invoked command in '/home/home/dcp_ws/build/fairino_rviz' returned '0': CMAKE_PREFIX_PATH=/home/home/dcp_ws/install/robotiq_description:/home/home/dcp_ws/install/pak_hqp_controller:/home/home/dcp_ws/install/kimm_hqp_controller:/home/home/dcp_ws/install/kimm_trajectory_smoother:/home/home/dcp_ws/install/isaacsim_ros2:/home/home/fairino_ros2_ws/install/isaacsim_ros2:/opt/ros/humble:/home/home/dcp_ws/install/kimm_qpoases:/home/home/dcp_ws/install/isaacsim:/home/home/dcp_ws/install/fairino_rviz:/home/home/dcp_ws/install/fairino_action_manager:/home/home/dcp_ws/install/fairino_interfaces:/home/home/dcp_ws/install/fairino_description:/home/home/dcp_ws/install/dh_robotics_ag95_description:/home/home/fairino_ros2_ws/install/kimm_hqp_controller:/home/home/fairino_ros2_ws/install/kimm_trajectory_smoother:/home/home/fairino_ros2_ws/install/kimm_qpoases:/home/home/fairino_ros2_ws/install/isaacsim:/home/home/fairino_ros2_ws/install/fairino_rviz:/home/home/fairino_ros2_ws/install/fairino_action_manager:/home/home/fairino_ros2_ws/install/fairino_interfaces:/home/home/fairino_ros2_ws/install/fairino_description:/home/home/fairino_ros2_ws/install/dh_robotics_ag95_description /usr/bin/cmake --install /home/home/dcp_ws/build/fairino_rviz
