-- The C compiler identification is GNU 11.4.0
-- The CXX compiler identification is GNU 11.4.0
-- Detecting C compiler ABI info
-- Detecting C compiler ABI info - done
-- Check for working C compiler: /usr/bin/cc - skipped
-- Detecting C compile features
-- Detecting C compile features - done
-- Detecting CXX compiler ABI info
-- Detecting CXX compiler ABI info - done
-- Check for working CXX compiler: /usr/bin/c++ - skipped
-- Detecting CXX compile features
-- Detecting CXX compile features - done
-- Found ament_cmake: 1.3.11 (/opt/ros/humble/share/ament_cmake/cmake)
-- Found Python3: /usr/bin/python3 (found version "3.10.12") found components: Interpreter 
-- Override CMake install command with custom implementation using symlinks instead of copying resources
-- Found rclpy: 3.3.16 (/opt/ros/humble/share/rclpy/cmake)
-- Configuring done
-- Generating done
-- Build files have been written to: /home/home/dcp_ws/build/isaacsim
-- Install configuration: ""
-- Execute custom install script
-- Symlinking: /home/home/dcp_ws/install/isaacsim/share/isaacsim/scripts/open_isaacsim_stage.py
-- Symlinking: /home/home/dcp_ws/install/isaacsim/share/isaacsim/scripts/run_isaacsim.py
-- Symlinking: /home/home/dcp_ws/install/isaacsim/share/isaacsim/launch/run_isaacsim.launch.py
-- Symlinking: /home/home/dcp_ws/install/isaacsim/lib/isaacsim/run_isaacsim.py
-- Symlinking: /home/home/dcp_ws/install/isaacsim/lib/isaacsim/open_isaacsim_stage.py
-- Symlinking: /home/home/dcp_ws/install/isaacsim/share/ament_index/resource_index/package_run_dependencies/isaacsim
-- Symlinking: /home/home/dcp_ws/install/isaacsim/share/ament_index/resource_index/parent_prefix_path/isaacsim
-- Symlinking: /home/home/dcp_ws/install/isaacsim/share/isaacsim/environment/ament_prefix_path.sh
-- Symlinking: /home/home/dcp_ws/install/isaacsim/share/isaacsim/environment/ament_prefix_path.dsv
-- Symlinking: /home/home/dcp_ws/install/isaacsim/share/isaacsim/environment/path.sh
-- Symlinking: /home/home/dcp_ws/install/isaacsim/share/isaacsim/environment/path.dsv
-- Symlinking: /home/home/dcp_ws/install/isaacsim/share/isaacsim/local_setup.bash
-- Symlinking: /home/home/dcp_ws/install/isaacsim/share/isaacsim/local_setup.sh
-- Symlinking: /home/home/dcp_ws/install/isaacsim/share/isaacsim/local_setup.zsh
-- Symlinking: /home/home/dcp_ws/install/isaacsim/share/isaacsim/local_setup.dsv
-- Symlinking: /home/home/dcp_ws/install/isaacsim/share/isaacsim/package.dsv
-- Symlinking: /home/home/dcp_ws/install/isaacsim/share/ament_index/resource_index/packages/isaacsim
-- Symlinking: /home/home/dcp_ws/install/isaacsim/share/isaacsim/cmake/isaacsimConfig.cmake
-- Symlinking: /home/home/dcp_ws/install/isaacsim/share/isaacsim/cmake/isaacsimConfig-version.cmake
-- Symlinking: /home/home/dcp_ws/install/isaacsim/share/isaacsim/package.xml
