[0.023s] Invoking command in '/home/home/dcp_ws/build/dh_robotics_ag95_description': CMAKE_PREFIX_PATH=/home/home/dcp_ws/install/robotiq_description:/home/home/dcp_ws/install/pak_hqp_controller:/home/home/dcp_ws/install/kimm_hqp_controller:/home/home/dcp_ws/install/kimm_trajectory_smoother:/home/home/dcp_ws/install/kimm_qpoases:/home/home/dcp_ws/install/isaacsim:/home/home/dcp_ws/install/fairino_rviz:/home/home/dcp_ws/install/fairino_action_manager:/home/home/dcp_ws/install/fairino_interfaces:/home/home/dcp_ws/install/fairino_description:/home/home/dcp_ws/install/dh_robotics_ag95_description:/home/home/fairino_ros2_ws/install/kimm_hqp_controller:/home/home/fairino_ros2_ws/install/kimm_trajectory_smoother:/home/home/dcp_ws/install/isaacsim_ros2:/home/home/fairino_ros2_ws/install/isaacsim_ros2:/opt/ros/humble:/home/home/fairino_ros2_ws/install/kimm_qpoases:/home/home/fairino_ros2_ws/install/isaacsim:/home/home/fairino_ros2_ws/install/fairino_rviz:/home/home/fairino_ros2_ws/install/fairino_action_manager:/home/home/fairino_ros2_ws/install/fairino_interfaces:/home/home/fairino_ros2_ws/install/fairino_description:/home/home/fairino_ros2_ws/install/dh_robotics_ag95_description /usr/bin/cmake /home/home/dcp_ws/src/fairino/dh_robotics_ag95_description -DCMAKE_INSTALL_PREFIX=/home/home/dcp_ws/install/dh_robotics_ag95_description
[0.171s] -- The C compiler identification is GNU 11.4.0
[0.171s] -- The CXX compiler identification is GNU 11.4.0
[0.171s] -- Detecting C compiler ABI info
[0.171s] -- Detecting C compiler ABI info - done
[0.171s] -- Check for working C compiler: /usr/bin/cc - skipped
[0.171s] -- Detecting C compile features
[0.172s] -- Detecting C compile features - done
[0.172s] -- Detecting CXX compiler ABI info
[0.215s] -- Detecting CXX compiler ABI info - done
[0.219s] -- Check for working CXX compiler: /usr/bin/c++ - skipped
[0.219s] -- Detecting CXX compile features
[0.219s] -- Detecting CXX compile features - done
[0.219s] -- Found ament_cmake: 1.3.12 (/opt/ros/humble/share/ament_cmake/cmake)
[0.305s] -- Found Python3: /usr/bin/python3 (found version "3.10.17") found components: Interpreter 
[0.372s] -- Found ament_lint_auto: 0.12.14 (/opt/ros/humble/share/ament_lint_auto/cmake)
[0.440s] -- Added test 'lint_cmake' to check CMake code style
[0.441s] -- Added test 'xmllint' to check XML markup files
[0.445s] -- Configuring done
[0.449s] -- Generating done
[0.449s] -- Build files have been written to: /home/home/dcp_ws/build/dh_robotics_ag95_description
[0.451s] Invoked command in '/home/home/dcp_ws/build/dh_robotics_ag95_description' returned '0': CMAKE_PREFIX_PATH=/home/home/dcp_ws/install/robotiq_description:/home/home/dcp_ws/install/pak_hqp_controller:/home/home/dcp_ws/install/kimm_hqp_controller:/home/home/dcp_ws/install/kimm_trajectory_smoother:/home/home/dcp_ws/install/kimm_qpoases:/home/home/dcp_ws/install/isaacsim:/home/home/dcp_ws/install/fairino_rviz:/home/home/dcp_ws/install/fairino_action_manager:/home/home/dcp_ws/install/fairino_interfaces:/home/home/dcp_ws/install/fairino_description:/home/home/dcp_ws/install/dh_robotics_ag95_description:/home/home/fairino_ros2_ws/install/kimm_hqp_controller:/home/home/fairino_ros2_ws/install/kimm_trajectory_smoother:/home/home/dcp_ws/install/isaacsim_ros2:/home/home/fairino_ros2_ws/install/isaacsim_ros2:/opt/ros/humble:/home/home/fairino_ros2_ws/install/kimm_qpoases:/home/home/fairino_ros2_ws/install/isaacsim:/home/home/fairino_ros2_ws/install/fairino_rviz:/home/home/fairino_ros2_ws/install/fairino_action_manager:/home/home/fairino_ros2_ws/install/fairino_interfaces:/home/home/fairino_ros2_ws/install/fairino_description:/home/home/fairino_ros2_ws/install/dh_robotics_ag95_description /usr/bin/cmake /home/home/dcp_ws/src/fairino/dh_robotics_ag95_description -DCMAKE_INSTALL_PREFIX=/home/home/dcp_ws/install/dh_robotics_ag95_description
[0.453s] Invoking command in '/home/home/dcp_ws/build/dh_robotics_ag95_description': CMAKE_PREFIX_PATH=/home/home/dcp_ws/install/robotiq_description:/home/home/dcp_ws/install/pak_hqp_controller:/home/home/dcp_ws/install/kimm_hqp_controller:/home/home/dcp_ws/install/kimm_trajectory_smoother:/home/home/dcp_ws/install/kimm_qpoases:/home/home/dcp_ws/install/isaacsim:/home/home/dcp_ws/install/fairino_rviz:/home/home/dcp_ws/install/fairino_action_manager:/home/home/dcp_ws/install/fairino_interfaces:/home/home/dcp_ws/install/fairino_description:/home/home/dcp_ws/install/dh_robotics_ag95_description:/home/home/fairino_ros2_ws/install/kimm_hqp_controller:/home/home/fairino_ros2_ws/install/kimm_trajectory_smoother:/home/home/dcp_ws/install/isaacsim_ros2:/home/home/fairino_ros2_ws/install/isaacsim_ros2:/opt/ros/humble:/home/home/fairino_ros2_ws/install/kimm_qpoases:/home/home/fairino_ros2_ws/install/isaacsim:/home/home/fairino_ros2_ws/install/fairino_rviz:/home/home/fairino_ros2_ws/install/fairino_action_manager:/home/home/fairino_ros2_ws/install/fairino_interfaces:/home/home/fairino_ros2_ws/install/fairino_description:/home/home/fairino_ros2_ws/install/dh_robotics_ag95_description /usr/bin/cmake --build /home/home/dcp_ws/build/dh_robotics_ag95_description -- -j10 -l10
[0.588s] Invoked command in '/home/home/dcp_ws/build/dh_robotics_ag95_description' returned '0': CMAKE_PREFIX_PATH=/home/home/dcp_ws/install/robotiq_description:/home/home/dcp_ws/install/pak_hqp_controller:/home/home/dcp_ws/install/kimm_hqp_controller:/home/home/dcp_ws/install/kimm_trajectory_smoother:/home/home/dcp_ws/install/kimm_qpoases:/home/home/dcp_ws/install/isaacsim:/home/home/dcp_ws/install/fairino_rviz:/home/home/dcp_ws/install/fairino_action_manager:/home/home/dcp_ws/install/fairino_interfaces:/home/home/dcp_ws/install/fairino_description:/home/home/dcp_ws/install/dh_robotics_ag95_description:/home/home/fairino_ros2_ws/install/kimm_hqp_controller:/home/home/fairino_ros2_ws/install/kimm_trajectory_smoother:/home/home/dcp_ws/install/isaacsim_ros2:/home/home/fairino_ros2_ws/install/isaacsim_ros2:/opt/ros/humble:/home/home/fairino_ros2_ws/install/kimm_qpoases:/home/home/fairino_ros2_ws/install/isaacsim:/home/home/fairino_ros2_ws/install/fairino_rviz:/home/home/fairino_ros2_ws/install/fairino_action_manager:/home/home/fairino_ros2_ws/install/fairino_interfaces:/home/home/fairino_ros2_ws/install/fairino_description:/home/home/fairino_ros2_ws/install/dh_robotics_ag95_description /usr/bin/cmake --build /home/home/dcp_ws/build/dh_robotics_ag95_description -- -j10 -l10
[0.591s] Invoking command in '/home/home/dcp_ws/build/dh_robotics_ag95_description': CMAKE_PREFIX_PATH=/home/home/dcp_ws/install/robotiq_description:/home/home/dcp_ws/install/pak_hqp_controller:/home/home/dcp_ws/install/kimm_hqp_controller:/home/home/dcp_ws/install/kimm_trajectory_smoother:/home/home/dcp_ws/install/kimm_qpoases:/home/home/dcp_ws/install/isaacsim:/home/home/dcp_ws/install/fairino_rviz:/home/home/dcp_ws/install/fairino_action_manager:/home/home/dcp_ws/install/fairino_interfaces:/home/home/dcp_ws/install/fairino_description:/home/home/dcp_ws/install/dh_robotics_ag95_description:/home/home/fairino_ros2_ws/install/kimm_hqp_controller:/home/home/fairino_ros2_ws/install/kimm_trajectory_smoother:/home/home/dcp_ws/install/isaacsim_ros2:/home/home/fairino_ros2_ws/install/isaacsim_ros2:/opt/ros/humble:/home/home/fairino_ros2_ws/install/kimm_qpoases:/home/home/fairino_ros2_ws/install/isaacsim:/home/home/fairino_ros2_ws/install/fairino_rviz:/home/home/fairino_ros2_ws/install/fairino_action_manager:/home/home/fairino_ros2_ws/install/fairino_interfaces:/home/home/fairino_ros2_ws/install/fairino_description:/home/home/fairino_ros2_ws/install/dh_robotics_ag95_description /usr/bin/cmake --install /home/home/dcp_ws/build/dh_robotics_ag95_description
[0.644s] -- Install configuration: ""
[0.644s] -- Installing: /home/home/dcp_ws/install/dh_robotics_ag95_description/share/dh_robotics_ag95_description/meshes
[0.644s] -- Installing: /home/home/dcp_ws/install/dh_robotics_ag95_description/share/dh_robotics_ag95_description/meshes/visual
[0.644s] -- Installing: /home/home/dcp_ws/install/dh_robotics_ag95_description/share/dh_robotics_ag95_description/meshes/visual/base_link.STL
[0.644s] -- Installing: /home/home/dcp_ws/install/dh_robotics_ag95_description/share/dh_robotics_ag95_description/meshes/visual/distal_phalanx_Link.STL
[0.644s] -- Installing: /home/home/dcp_ws/install/dh_robotics_ag95_description/share/dh_robotics_ag95_description/meshes/visual/crank_Link.STL
[0.644s] -- Installing: /home/home/dcp_ws/install/dh_robotics_ag95_description/share/dh_robotics_ag95_description/meshes/visual/rod_Link.STL
[0.645s] -- Installing: /home/home/dcp_ws/install/dh_robotics_ag95_description/share/dh_robotics_ag95_description/meshes/visual/proximal_phalanx_Link.STL
[0.645s] -- Installing: /home/home/dcp_ws/install/dh_robotics_ag95_description/share/dh_robotics_ag95_description/urdf
[0.645s] -- Installing: /home/home/dcp_ws/install/dh_robotics_ag95_description/share/dh_robotics_ag95_description/urdf/dh_robotics_ag95_gripper.gv
[0.645s] -- Installing: /home/home/dcp_ws/install/dh_robotics_ag95_description/share/dh_robotics_ag95_description/urdf/dh_robotics_ag95_gripper.pdf
[0.645s] -- Installing: /home/home/dcp_ws/install/dh_robotics_ag95_description/share/dh_robotics_ag95_description/urdf/dh_robotics_ag95.urdf
[0.645s] -- Installing: /home/home/dcp_ws/install/dh_robotics_ag95_description/share/dh_robotics_ag95_description/urdf/dh_robotics_ag95_gripper.transmission.xacro
[0.645s] -- Installing: /home/home/dcp_ws/install/dh_robotics_ag95_description/share/dh_robotics_ag95_description/urdf/dh_robotics_ag95_gripper.urdf.xacro
[0.645s] -- Installing: /home/home/dcp_ws/install/dh_robotics_ag95_description/share/dh_robotics_ag95_description/urdf/dh_robotics_ag95_gripper.xacro
[0.645s] -- Installing: /home/home/dcp_ws/install/dh_robotics_ag95_description/share/ament_index/resource_index/package_run_dependencies/dh_robotics_ag95_description
[0.645s] -- Installing: /home/home/dcp_ws/install/dh_robotics_ag95_description/share/ament_index/resource_index/parent_prefix_path/dh_robotics_ag95_description
[0.645s] -- Installing: /home/home/dcp_ws/install/dh_robotics_ag95_description/share/dh_robotics_ag95_description/environment/ament_prefix_path.sh
[0.645s] -- Installing: /home/home/dcp_ws/install/dh_robotics_ag95_description/share/dh_robotics_ag95_description/environment/ament_prefix_path.dsv
[0.645s] -- Installing: /home/home/dcp_ws/install/dh_robotics_ag95_description/share/dh_robotics_ag95_description/environment/path.sh
[0.645s] -- Installing: /home/home/dcp_ws/install/dh_robotics_ag95_description/share/dh_robotics_ag95_description/environment/path.dsv
[0.645s] -- Installing: /home/home/dcp_ws/install/dh_robotics_ag95_description/share/dh_robotics_ag95_description/local_setup.bash
[0.645s] -- Installing: /home/home/dcp_ws/install/dh_robotics_ag95_description/share/dh_robotics_ag95_description/local_setup.sh
[0.645s] -- Installing: /home/home/dcp_ws/install/dh_robotics_ag95_description/share/dh_robotics_ag95_description/local_setup.zsh
[0.645s] -- Installing: /home/home/dcp_ws/install/dh_robotics_ag95_description/share/dh_robotics_ag95_description/local_setup.dsv
[0.645s] -- Installing: /home/home/dcp_ws/install/dh_robotics_ag95_description/share/dh_robotics_ag95_description/package.dsv
[0.645s] -- Installing: /home/home/dcp_ws/install/dh_robotics_ag95_description/share/ament_index/resource_index/packages/dh_robotics_ag95_description
[0.645s] -- Installing: /home/home/dcp_ws/install/dh_robotics_ag95_description/share/dh_robotics_ag95_description/cmake/dh_robotics_ag95_descriptionConfig.cmake
[0.645s] -- Installing: /home/home/dcp_ws/install/dh_robotics_ag95_description/share/dh_robotics_ag95_description/cmake/dh_robotics_ag95_descriptionConfig-version.cmake
[0.645s] -- Installing: /home/home/dcp_ws/install/dh_robotics_ag95_description/share/dh_robotics_ag95_description/package.xml
[0.670s] Invoked command in '/home/home/dcp_ws/build/dh_robotics_ag95_description' returned '0': CMAKE_PREFIX_PATH=/home/home/dcp_ws/install/robotiq_description:/home/home/dcp_ws/install/pak_hqp_controller:/home/home/dcp_ws/install/kimm_hqp_controller:/home/home/dcp_ws/install/kimm_trajectory_smoother:/home/home/dcp_ws/install/kimm_qpoases:/home/home/dcp_ws/install/isaacsim:/home/home/dcp_ws/install/fairino_rviz:/home/home/dcp_ws/install/fairino_action_manager:/home/home/dcp_ws/install/fairino_interfaces:/home/home/dcp_ws/install/fairino_description:/home/home/dcp_ws/install/dh_robotics_ag95_description:/home/home/fairino_ros2_ws/install/kimm_hqp_controller:/home/home/fairino_ros2_ws/install/kimm_trajectory_smoother:/home/home/dcp_ws/install/isaacsim_ros2:/home/home/fairino_ros2_ws/install/isaacsim_ros2:/opt/ros/humble:/home/home/fairino_ros2_ws/install/kimm_qpoases:/home/home/fairino_ros2_ws/install/isaacsim:/home/home/fairino_ros2_ws/install/fairino_rviz:/home/home/fairino_ros2_ws/install/fairino_action_manager:/home/home/fairino_ros2_ws/install/fairino_interfaces:/home/home/fairino_ros2_ws/install/fairino_description:/home/home/fairino_ros2_ws/install/dh_robotics_ag95_description /usr/bin/cmake --install /home/home/dcp_ws/build/dh_robotics_ag95_description
