[0.034s] Invoking command in '/home/home/dcp_ws/build/fairino_interfaces': CMAKE_PREFIX_PATH=/home/home/dcp_ws/install/robotiq_description:/home/home/dcp_ws/install/isaacsim:/home/home/dcp_ws/install/fairino_rviz:/home/home/dcp_ws/install/fairino_action_manager:/home/home/dcp_ws/install/fairino_interfaces:/home/home/dcp_ws/install/fairino_description:/home/home/dcp_ws/install/dh_robotics_ag95_description:/home/home/dcp_ws/install/pak_hqp_controller:/home/home/dcp_ws/install/kimm_hqp_controller:/home/home/dcp_ws/install/kimm_trajectory_smoother:/home/home/dcp_ws/install/isaacsim_ros2:/home/home/kimm_ws/install/rb5_action_manager:/opt/ros/humble:/home/home/dcp_ws/install/kimm_qpoases:/home/home/gello_ws/install/franka_plugin:/home/home/gello_ws/install/franka_description:/home/home/gello_ws/install/dynamixel_sdk_examples:/home/home/gello_ws/install/dynamixel_sdk_custom_interfaces:/home/home/gello_ws/install/dynamixel:/home/home/gello_ws/install/dynamixel_sdk:/home/home/kimm_ws/install/rbpodo_bringup:/home/home/kimm_ws/install/rbpodo_hardware:/home/home/kimm_ws/install/rbpodo_msgs:/home/home/kimm_ws/install/rb3_730es_u_moveit_config:/home/home/kimm_ws/install/rbpodo_description:/home/home/kimm_ws/install/rb5_gui_manager:/home/home/kimm_ws/install/action_interface /usr/bin/cmake --build /home/home/dcp_ws/build/fairino_interfaces -- -j10 -l10
[0.172s] -- Found ament_cmake: 1.3.11 (/opt/ros/humble/share/ament_cmake/cmake)
[0.172s] -- Override CMake install command with custom implementation using symlinks instead of copying resources
[0.172s] -- Found rosidl_default_generators: 1.2.0 (/opt/ros/humble/share/rosidl_default_generators/cmake)
[0.172s] -- Using all available rosidl_typesupport_c: rosidl_typesupport_fastrtps_c;rosidl_typesupport_introspection_c
[0.172s] -- Found rosidl_adapter: 3.1.6 (/opt/ros/humble/share/rosidl_adapter/cmake)
[0.172s] -- Using all available rosidl_typesupport_cpp: rosidl_typesupport_fastrtps_cpp;rosidl_typesupport_introspection_cpp
[0.172s] -- Found std_msgs: 4.8.0 (/opt/ros/humble/share/std_msgs/cmake)
[0.172s] -- Found geometry_msgs: 4.8.0 (/opt/ros/humble/share/geometry_msgs/cmake)
[0.175s] -- Found sensor_msgs: 4.8.0 (/opt/ros/humble/share/sensor_msgs/cmake)
[0.429s] -- Found ament_cmake_ros: 0.10.0 (/opt/ros/humble/share/ament_cmake_ros/cmake)
[0.601s] -- Using all available rosidl_typesupport_c: rosidl_typesupport_fastrtps_c;rosidl_typesupport_introspection_c
[0.823s] -- Using all available rosidl_typesupport_cpp: rosidl_typesupport_fastrtps_cpp;rosidl_typesupport_introspection_cpp
[0.841s] -- Found python_cmake_module: 0.10.0 (/opt/ros/humble/share/python_cmake_module/cmake)
[0.859s] -- Using PYTHON_EXECUTABLE: /usr/bin/python3
[0.859s] -- Using PYTHON_INCLUDE_DIRS: /usr/include/python3.10
[0.859s] -- Using PYTHON_LIBRARIES: /usr/lib/x86_64-linux-gnu/libpython3.10.so
[0.891s] -- Found ament_lint_auto: 0.12.12 (/opt/ros/humble/share/ament_lint_auto/cmake)
[0.895s] -- Added test 'copyright' to check source files copyright and LICENSE
[0.896s] -- Added test 'lint_cmake' to check CMake code style
[0.896s] -- Added test 'xmllint' to check XML markup files
[0.897s] -- Configuring done
[0.920s] -- Generating done
[0.927s] -- Build files have been written to: /home/home/dcp_ws/build/fairino_interfaces
[0.947s] [  1%] [34m[1mGenerating C code for ROS interfaces[0m
[0.954s] [  2%] [34m[1mGenerating C++ code for ROS interfaces[0m
[0.956s] [  2%] Built target ament_cmake_python_symlink_fairino_interfaces
[1.073s] running egg_info
[1.073s] writing fairino_interfaces.egg-info/PKG-INFO
[1.073s] writing dependency_links to fairino_interfaces.egg-info/dependency_links.txt
[1.073s] writing top-level names to fairino_interfaces.egg-info/top_level.txt
[1.074s] reading manifest file 'fairino_interfaces.egg-info/SOURCES.txt'
[1.075s] writing manifest file 'fairino_interfaces.egg-info/SOURCES.txt'
[1.092s] [  2%] Built target ament_cmake_python_build_fairino_interfaces_egg
[1.801s] [35m[1mConsolidate compiler generated dependencies of target fairino_interfaces__rosidl_generator_c[0m
[1.810s] [  3%] [32mBuilding C object CMakeFiles/fairino_interfaces__rosidl_generator_c.dir/rosidl_generator_c/fairino_interfaces/action/detail/joint_posture__functions.c.o[0m
[1.814s] [  4%] [32mBuilding C object CMakeFiles/fairino_interfaces__rosidl_generator_c.dir/rosidl_generator_c/fairino_interfaces/action/detail/se3__functions.c.o[0m
[1.814s] [  5%] [32mBuilding C object CMakeFiles/fairino_interfaces__rosidl_generator_c.dir/rosidl_generator_c/fairino_interfaces/action/detail/se3_array__functions.c.o[0m
[1.819s] [  6%] [32mBuilding C object CMakeFiles/fairino_interfaces__rosidl_generator_c.dir/rosidl_generator_c/fairino_interfaces/action/detail/move__functions.c.o[0m
[1.820s] [  7%] [32mBuilding C object CMakeFiles/fairino_interfaces__rosidl_generator_c.dir/rosidl_generator_c/fairino_interfaces/action/detail/gripper__functions.c.o[0m
[1.827s] [  8%] [32mBuilding C object CMakeFiles/fairino_interfaces__rosidl_generator_c.dir/rosidl_generator_c/fairino_interfaces/action/detail/qr__functions.c.o[0m
[1.827s] [  9%] [32mBuilding C object CMakeFiles/fairino_interfaces__rosidl_generator_c.dir/rosidl_generator_c/fairino_interfaces/action/detail/tool_changer__functions.c.o[0m
[1.827s] [ 10%] [32mBuilding C object CMakeFiles/fairino_interfaces__rosidl_generator_c.dir/rosidl_generator_c/fairino_interfaces/srv/detail/pick__functions.c.o[0m
[1.835s] [ 11%] [32mBuilding C object CMakeFiles/fairino_interfaces__rosidl_generator_c.dir/rosidl_generator_c/fairino_interfaces/srv/detail/place__functions.c.o[0m
[1.835s] [ 11%] Built target fairino_interfaces__cpp
[1.839s] [ 12%] [34m[1mGenerating C++ type support dispatch for ROS interfaces[0m
[1.865s] [ 13%] [34m[1mGenerating C++ type support for eProsima Fast-RTPS[0m
[1.873s] [ 14%] [34m[1mGenerating C++ introspection for ROS interfaces[0m
[1.903s] [ 15%] [32m[1mLinking C shared library libfairino_interfaces__rosidl_generator_c.so[0m
[1.929s] [ 15%] Built target fairino_interfaces__rosidl_generator_c
[1.935s] [ 16%] [34m[1mGenerating C type support for eProsima Fast-RTPS[0m
[1.936s] [ 17%] [34m[1mGenerating C type support dispatch for ROS interfaces[0m
[1.936s] [ 18%] [34m[1mGenerating C introspection for ROS interfaces[0m
[2.274s] [35m[1mConsolidate compiler generated dependencies of target fairino_interfaces__rosidl_typesupport_cpp[0m
[2.285s] [ 20%] [32mBuilding CXX object CMakeFiles/fairino_interfaces__rosidl_typesupport_cpp.dir/rosidl_typesupport_cpp/fairino_interfaces/action/joint_posture__type_support.cpp.o[0m
[2.286s] [ 21%] [32mBuilding CXX object CMakeFiles/fairino_interfaces__rosidl_typesupport_cpp.dir/rosidl_typesupport_cpp/fairino_interfaces/action/se3__type_support.cpp.o[0m
[2.286s] [ 22%] [32mBuilding CXX object CMakeFiles/fairino_interfaces__rosidl_typesupport_cpp.dir/rosidl_typesupport_cpp/fairino_interfaces/action/se3_array__type_support.cpp.o[0m
[2.286s] [ 23%] [32mBuilding CXX object CMakeFiles/fairino_interfaces__rosidl_typesupport_cpp.dir/rosidl_typesupport_cpp/fairino_interfaces/action/move__type_support.cpp.o[0m
[2.286s] [ 24%] [32mBuilding CXX object CMakeFiles/fairino_interfaces__rosidl_typesupport_cpp.dir/rosidl_typesupport_cpp/fairino_interfaces/action/gripper__type_support.cpp.o[0m
[2.399s] [35m[1mConsolidate compiler generated dependencies of target fairino_interfaces__rosidl_typesupport_c[0m
[2.412s] [ 25%] [32mBuilding CXX object CMakeFiles/fairino_interfaces__rosidl_typesupport_c.dir/rosidl_typesupport_c/fairino_interfaces/action/joint_posture__type_support.cpp.o[0m
[2.458s] [ 26%] [32mBuilding CXX object CMakeFiles/fairino_interfaces__rosidl_typesupport_c.dir/rosidl_typesupport_c/fairino_interfaces/action/se3__type_support.cpp.o[0m
[2.502s] [ 27%] [32mBuilding CXX object CMakeFiles/fairino_interfaces__rosidl_typesupport_c.dir/rosidl_typesupport_c/fairino_interfaces/action/se3_array__type_support.cpp.o[0m
[2.503s] [ 28%] [32mBuilding CXX object CMakeFiles/fairino_interfaces__rosidl_typesupport_cpp.dir/rosidl_typesupport_cpp/fairino_interfaces/action/qr__type_support.cpp.o[0m
[2.524s] [35m[1mConsolidate compiler generated dependencies of target fairino_interfaces__rosidl_typesupport_introspection_cpp[0m
[2.529s] [ 29%] [32mBuilding CXX object CMakeFiles/fairino_interfaces__rosidl_typesupport_cpp.dir/rosidl_typesupport_cpp/fairino_interfaces/action/tool_changer__type_support.cpp.o[0m
[2.535s] [ 30%] [32mBuilding CXX object CMakeFiles/fairino_interfaces__rosidl_typesupport_c.dir/rosidl_typesupport_c/fairino_interfaces/action/gripper__type_support.cpp.o[0m
[2.539s] [ 31%] [32mBuilding CXX object CMakeFiles/fairino_interfaces__rosidl_typesupport_introspection_cpp.dir/rosidl_typesupport_introspection_cpp/fairino_interfaces/action/detail/joint_posture__type_support.cpp.o[0m
[2.554s] [ 32%] [32mBuilding CXX object CMakeFiles/fairino_interfaces__rosidl_typesupport_cpp.dir/rosidl_typesupport_cpp/fairino_interfaces/srv/pick__type_support.cpp.o[0m
[2.560s] [ 34%] [32mBuilding CXX object CMakeFiles/fairino_interfaces__rosidl_typesupport_c.dir/rosidl_typesupport_c/fairino_interfaces/action/move__type_support.cpp.o[0m
[2.561s] [ 34%] [32mBuilding CXX object CMakeFiles/fairino_interfaces__rosidl_typesupport_cpp.dir/rosidl_typesupport_cpp/fairino_interfaces/srv/place__type_support.cpp.o[0m
[2.562s] [ 35%] [32mBuilding CXX object CMakeFiles/fairino_interfaces__rosidl_typesupport_c.dir/rosidl_typesupport_c/fairino_interfaces/action/qr__type_support.cpp.o[0m
[2.588s] [ 36%] [32mBuilding CXX object CMakeFiles/fairino_interfaces__rosidl_typesupport_c.dir/rosidl_typesupport_c/fairino_interfaces/action/tool_changer__type_support.cpp.o[0m
[2.594s] [ 37%] [32mBuilding CXX object CMakeFiles/fairino_interfaces__rosidl_typesupport_c.dir/rosidl_typesupport_c/fairino_interfaces/srv/pick__type_support.cpp.o[0m
[2.621s] [ 38%] [32mBuilding CXX object CMakeFiles/fairino_interfaces__rosidl_typesupport_c.dir/rosidl_typesupport_c/fairino_interfaces/srv/place__type_support.cpp.o[0m
[2.641s] [ 40%] [32m[1mLinking CXX shared library libfairino_interfaces__rosidl_typesupport_c.so[0m
[2.664s] [35m[1mConsolidate compiler generated dependencies of target fairino_interfaces__rosidl_typesupport_fastrtps_cpp[0m
[2.675s] [ 40%] Built target fairino_interfaces__rosidl_typesupport_c
[2.675s] [ 41%] [32mBuilding CXX object CMakeFiles/fairino_interfaces__rosidl_typesupport_fastrtps_cpp.dir/rosidl_typesupport_fastrtps_cpp/fairino_interfaces/action/detail/dds_fastrtps/joint_posture__type_support.cpp.o[0m
[2.680s] [ 42%] [32mBuilding CXX object CMakeFiles/fairino_interfaces__rosidl_typesupport_introspection_cpp.dir/rosidl_typesupport_introspection_cpp/fairino_interfaces/action/detail/se3__type_support.cpp.o[0m
[2.684s] [35m[1mConsolidate compiler generated dependencies of target fairino_interfaces__rosidl_typesupport_introspection_c[0m
[2.684s] [ 43%] [32mBuilding CXX object CMakeFiles/fairino_interfaces__rosidl_typesupport_introspection_cpp.dir/rosidl_typesupport_introspection_cpp/fairino_interfaces/action/detail/se3_array__type_support.cpp.o[0m
[2.694s] [ 44%] [32mBuilding C object CMakeFiles/fairino_interfaces__rosidl_typesupport_introspection_c.dir/rosidl_typesupport_introspection_c/fairino_interfaces/action/detail/joint_posture__type_support.c.o[0m
[2.703s] [ 45%] [32mBuilding C object CMakeFiles/fairino_interfaces__rosidl_typesupport_introspection_c.dir/rosidl_typesupport_introspection_c/fairino_interfaces/action/detail/se3__type_support.c.o[0m
[2.724s] [ 46%] [32mBuilding C object CMakeFiles/fairino_interfaces__rosidl_typesupport_introspection_c.dir/rosidl_typesupport_introspection_c/fairino_interfaces/action/detail/se3_array__type_support.c.o[0m
[2.730s] [ 47%] [32mBuilding CXX object CMakeFiles/fairino_interfaces__rosidl_typesupport_introspection_cpp.dir/rosidl_typesupport_introspection_cpp/fairino_interfaces/action/detail/gripper__type_support.cpp.o[0m
[2.731s] [ 48%] [32mBuilding CXX object CMakeFiles/fairino_interfaces__rosidl_typesupport_fastrtps_cpp.dir/rosidl_typesupport_fastrtps_cpp/fairino_interfaces/action/detail/dds_fastrtps/se3__type_support.cpp.o[0m
[2.736s] [35m[1mConsolidate compiler generated dependencies of target fairino_interfaces__rosidl_typesupport_fastrtps_c[0m
[2.736s] [ 49%] [32mBuilding C object CMakeFiles/fairino_interfaces__rosidl_typesupport_introspection_c.dir/rosidl_typesupport_introspection_c/fairino_interfaces/action/detail/gripper__type_support.c.o[0m
[2.752s] [ 50%] [32mBuilding CXX object CMakeFiles/fairino_interfaces__rosidl_typesupport_fastrtps_c.dir/rosidl_typesupport_fastrtps_c/fairino_interfaces/action/detail/joint_posture__type_support_c.cpp.o[0m
[2.760s] [ 51%] [32mBuilding CXX object CMakeFiles/fairino_interfaces__rosidl_typesupport_fastrtps_c.dir/rosidl_typesupport_fastrtps_c/fairino_interfaces/action/detail/se3__type_support_c.cpp.o[0m
[2.772s] [ 52%] [32mBuilding C object CMakeFiles/fairino_interfaces__rosidl_typesupport_introspection_c.dir/rosidl_typesupport_introspection_c/fairino_interfaces/action/detail/move__type_support.c.o[0m
[2.790s] [ 53%] [32m[1mLinking CXX shared library libfairino_interfaces__rosidl_typesupport_cpp.so[0m
[2.814s] [ 54%] [32mBuilding C object CMakeFiles/fairino_interfaces__rosidl_typesupport_introspection_c.dir/rosidl_typesupport_introspection_c/fairino_interfaces/action/detail/qr__type_support.c.o[0m
[2.848s] [ 54%] Built target fairino_interfaces__rosidl_typesupport_cpp
[2.859s] [ 55%] [32mBuilding CXX object CMakeFiles/fairino_interfaces__rosidl_typesupport_fastrtps_cpp.dir/rosidl_typesupport_fastrtps_cpp/fairino_interfaces/action/detail/dds_fastrtps/se3_array__type_support.cpp.o[0m
[2.872s] [ 56%] [32mBuilding C object CMakeFiles/fairino_interfaces__rosidl_typesupport_introspection_c.dir/rosidl_typesupport_introspection_c/fairino_interfaces/action/detail/tool_changer__type_support.c.o[0m
[2.880s] [ 57%] [32mBuilding C object CMakeFiles/fairino_interfaces__rosidl_typesupport_introspection_c.dir/rosidl_typesupport_introspection_c/fairino_interfaces/srv/detail/pick__type_support.c.o[0m
[2.907s] [ 58%] [32mBuilding C object CMakeFiles/fairino_interfaces__rosidl_typesupport_introspection_c.dir/rosidl_typesupport_introspection_c/fairino_interfaces/srv/detail/place__type_support.c.o[0m
[2.907s] [ 60%] [32mBuilding CXX object CMakeFiles/fairino_interfaces__rosidl_typesupport_fastrtps_cpp.dir/rosidl_typesupport_fastrtps_cpp/fairino_interfaces/action/detail/dds_fastrtps/gripper__type_support.cpp.o[0m
[2.935s] [ 61%] [32m[1mLinking C shared library libfairino_interfaces__rosidl_typesupport_introspection_c.so[0m
[2.949s] [ 62%] [32mBuilding CXX object CMakeFiles/fairino_interfaces__rosidl_typesupport_fastrtps_c.dir/rosidl_typesupport_fastrtps_c/fairino_interfaces/action/detail/se3_array__type_support_c.cpp.o[0m
[2.960s] [ 63%] [32mBuilding CXX object CMakeFiles/fairino_interfaces__rosidl_typesupport_fastrtps_c.dir/rosidl_typesupport_fastrtps_c/fairino_interfaces/action/detail/gripper__type_support_c.cpp.o[0m
[2.971s] [ 63%] Built target fairino_interfaces__rosidl_typesupport_introspection_c
[2.978s] [ 64%] [32mBuilding CXX object CMakeFiles/fairino_interfaces__rosidl_typesupport_fastrtps_c.dir/rosidl_typesupport_fastrtps_c/fairino_interfaces/action/detail/move__type_support_c.cpp.o[0m
[2.996s] [ 65%] [32mBuilding CXX object CMakeFiles/fairino_interfaces__rosidl_typesupport_fastrtps_c.dir/rosidl_typesupport_fastrtps_c/fairino_interfaces/action/detail/qr__type_support_c.cpp.o[0m
[3.041s] [ 66%] [32mBuilding CXX object CMakeFiles/fairino_interfaces__rosidl_typesupport_introspection_cpp.dir/rosidl_typesupport_introspection_cpp/fairino_interfaces/action/detail/move__type_support.cpp.o[0m
[3.044s] [ 67%] [32mBuilding CXX object CMakeFiles/fairino_interfaces__rosidl_typesupport_introspection_cpp.dir/rosidl_typesupport_introspection_cpp/fairino_interfaces/action/detail/qr__type_support.cpp.o[0m
[3.070s] [ 68%] [32mBuilding CXX object CMakeFiles/fairino_interfaces__rosidl_typesupport_introspection_cpp.dir/rosidl_typesupport_introspection_cpp/fairino_interfaces/action/detail/tool_changer__type_support.cpp.o[0m
[3.102s] [ 69%] [32mBuilding CXX object CMakeFiles/fairino_interfaces__rosidl_typesupport_fastrtps_cpp.dir/rosidl_typesupport_fastrtps_cpp/fairino_interfaces/action/detail/dds_fastrtps/move__type_support.cpp.o[0m
[3.162s] [ 70%] [32mBuilding CXX object CMakeFiles/fairino_interfaces__rosidl_typesupport_fastrtps_cpp.dir/rosidl_typesupport_fastrtps_cpp/fairino_interfaces/action/detail/dds_fastrtps/qr__type_support.cpp.o[0m
[3.172s] [ 71%] [32mBuilding CXX object CMakeFiles/fairino_interfaces__rosidl_typesupport_fastrtps_c.dir/rosidl_typesupport_fastrtps_c/fairino_interfaces/action/detail/tool_changer__type_support_c.cpp.o[0m
[3.185s] [ 72%] [32mBuilding CXX object CMakeFiles/fairino_interfaces__rosidl_typesupport_fastrtps_cpp.dir/rosidl_typesupport_fastrtps_cpp/fairino_interfaces/action/detail/dds_fastrtps/tool_changer__type_support.cpp.o[0m
[3.195s] [ 74%] [32mBuilding CXX object CMakeFiles/fairino_interfaces__rosidl_typesupport_fastrtps_c.dir/rosidl_typesupport_fastrtps_c/fairino_interfaces/srv/detail/pick__type_support_c.cpp.o[0m
[3.195s] [ 74%] [32mBuilding CXX object CMakeFiles/fairino_interfaces__rosidl_typesupport_fastrtps_c.dir/rosidl_typesupport_fastrtps_c/fairino_interfaces/srv/detail/place__type_support_c.cpp.o[0m
[3.210s] [ 75%] [32mBuilding CXX object CMakeFiles/fairino_interfaces__rosidl_typesupport_introspection_cpp.dir/rosidl_typesupport_introspection_cpp/fairino_interfaces/srv/detail/pick__type_support.cpp.o[0m
[3.328s] [ 76%] [32mBuilding CXX object CMakeFiles/fairino_interfaces__rosidl_typesupport_introspection_cpp.dir/rosidl_typesupport_introspection_cpp/fairino_interfaces/srv/detail/place__type_support.cpp.o[0m
[3.363s] [ 77%] [32mBuilding CXX object CMakeFiles/fairino_interfaces__rosidl_typesupport_fastrtps_cpp.dir/rosidl_typesupport_fastrtps_cpp/fairino_interfaces/srv/detail/dds_fastrtps/pick__type_support.cpp.o[0m
[3.363s] [ 78%] [32mBuilding CXX object CMakeFiles/fairino_interfaces__rosidl_typesupport_fastrtps_cpp.dir/rosidl_typesupport_fastrtps_cpp/fairino_interfaces/srv/detail/dds_fastrtps/place__type_support.cpp.o[0m
[3.413s] [ 80%] [32m[1mLinking CXX shared library libfairino_interfaces__rosidl_typesupport_fastrtps_c.so[0m
[3.462s] [ 80%] Built target fairino_interfaces__rosidl_typesupport_fastrtps_c
[3.518s] [ 81%] [32m[1mLinking CXX shared library libfairino_interfaces__rosidl_typesupport_introspection_cpp.so[0m
[3.558s] [ 82%] [32m[1mLinking CXX shared library libfairino_interfaces__rosidl_typesupport_fastrtps_cpp.so[0m
[3.579s] [ 82%] Built target fairino_interfaces__rosidl_typesupport_introspection_cpp
[3.605s] [ 82%] Built target fairino_interfaces__rosidl_typesupport_fastrtps_cpp
[3.620s] [ 82%] Built target fairino_interfaces
[3.633s] [ 83%] [34m[1mGenerating Python code for ROS interfaces[0m
[5.332s] [ 83%] Built target fairino_interfaces__py
[5.341s] [35m[1mConsolidate compiler generated dependencies of target fairino_interfaces__rosidl_generator_py[0m
[5.350s] [ 86%] [32mBuilding C object CMakeFiles/fairino_interfaces__rosidl_generator_py.dir/rosidl_generator_py/fairino_interfaces/action/_se3_array_s.c.o[0m
[5.350s] [ 86%] [32mBuilding C object CMakeFiles/fairino_interfaces__rosidl_generator_py.dir/rosidl_generator_py/fairino_interfaces/action/_gripper_s.c.o[0m
[5.350s] [ 87%] [32mBuilding C object CMakeFiles/fairino_interfaces__rosidl_generator_py.dir/rosidl_generator_py/fairino_interfaces/action/_se3_s.c.o[0m
[5.350s] [ 89%] [32mBuilding C object CMakeFiles/fairino_interfaces__rosidl_generator_py.dir/rosidl_generator_py/fairino_interfaces/srv/_place_s.c.o[0m
[5.350s] [ 90%] [32mBuilding C object CMakeFiles/fairino_interfaces__rosidl_generator_py.dir/rosidl_generator_py/fairino_interfaces/action/_move_s.c.o[0m
[5.350s] [ 91%] [32mBuilding C object CMakeFiles/fairino_interfaces__rosidl_generator_py.dir/rosidl_generator_py/fairino_interfaces/srv/_pick_s.c.o[0m
[5.352s] [ 91%] [32mBuilding C object CMakeFiles/fairino_interfaces__rosidl_generator_py.dir/rosidl_generator_py/fairino_interfaces/action/_qr_s.c.o[0m
[5.352s] [ 92%] [32mBuilding C object CMakeFiles/fairino_interfaces__rosidl_generator_py.dir/rosidl_generator_py/fairino_interfaces/action/_tool_changer_s.c.o[0m
[5.352s] [ 91%] [32mBuilding C object CMakeFiles/fairino_interfaces__rosidl_generator_py.dir/rosidl_generator_py/fairino_interfaces/action/_joint_posture_s.c.o[0m
[5.436s] [ 93%] [32m[1mLinking C shared library rosidl_generator_py/fairino_interfaces/libfairino_interfaces__rosidl_generator_py.so[0m
[5.461s] [ 93%] Built target fairino_interfaces__rosidl_generator_py
[5.471s] [35m[1mConsolidate compiler generated dependencies of target fairino_interfaces__rosidl_typesupport_fastrtps_c__pyext[0m
[5.471s] [35m[1mConsolidate compiler generated dependencies of target fairino_interfaces__rosidl_typesupport_introspection_c__pyext[0m
[5.473s] [35m[1mConsolidate compiler generated dependencies of target fairino_interfaces__rosidl_typesupport_c__pyext[0m
[5.477s] [ 94%] [32mBuilding C object CMakeFiles/fairino_interfaces__rosidl_typesupport_fastrtps_c__pyext.dir/rosidl_generator_py/fairino_interfaces/_fairino_interfaces_s.ep.rosidl_typesupport_fastrtps_c.c.o[0m
[5.480s] [ 95%] [32mBuilding C object CMakeFiles/fairino_interfaces__rosidl_typesupport_introspection_c__pyext.dir/rosidl_generator_py/fairino_interfaces/_fairino_interfaces_s.ep.rosidl_typesupport_introspection_c.c.o[0m
[5.481s] [ 96%] [32mBuilding C object CMakeFiles/fairino_interfaces__rosidl_typesupport_c__pyext.dir/rosidl_generator_py/fairino_interfaces/_fairino_interfaces_s.ep.rosidl_typesupport_c.c.o[0m
[5.611s] [ 97%] [32m[1mLinking C shared library rosidl_generator_py/fairino_interfaces/fairino_interfaces_s__rosidl_typesupport_fastrtps_c.cpython-310-x86_64-linux-gnu.so[0m
[5.616s] [ 98%] [32m[1mLinking C shared library rosidl_generator_py/fairino_interfaces/fairino_interfaces_s__rosidl_typesupport_introspection_c.cpython-310-x86_64-linux-gnu.so[0m
[5.620s] [100%] [32m[1mLinking C shared library rosidl_generator_py/fairino_interfaces/fairino_interfaces_s__rosidl_typesupport_c.cpython-310-x86_64-linux-gnu.so[0m
[5.646s] [100%] Built target fairino_interfaces__rosidl_typesupport_fastrtps_c__pyext
[5.648s] [100%] Built target fairino_interfaces__rosidl_typesupport_introspection_c__pyext
[5.649s] [100%] Built target fairino_interfaces__rosidl_typesupport_c__pyext
[5.666s] Invoked command in '/home/home/dcp_ws/build/fairino_interfaces' returned '0': CMAKE_PREFIX_PATH=/home/home/dcp_ws/install/robotiq_description:/home/home/dcp_ws/install/isaacsim:/home/home/dcp_ws/install/fairino_rviz:/home/home/dcp_ws/install/fairino_action_manager:/home/home/dcp_ws/install/fairino_interfaces:/home/home/dcp_ws/install/fairino_description:/home/home/dcp_ws/install/dh_robotics_ag95_description:/home/home/dcp_ws/install/pak_hqp_controller:/home/home/dcp_ws/install/kimm_hqp_controller:/home/home/dcp_ws/install/kimm_trajectory_smoother:/home/home/dcp_ws/install/isaacsim_ros2:/home/home/kimm_ws/install/rb5_action_manager:/opt/ros/humble:/home/home/dcp_ws/install/kimm_qpoases:/home/home/gello_ws/install/franka_plugin:/home/home/gello_ws/install/franka_description:/home/home/gello_ws/install/dynamixel_sdk_examples:/home/home/gello_ws/install/dynamixel_sdk_custom_interfaces:/home/home/gello_ws/install/dynamixel:/home/home/gello_ws/install/dynamixel_sdk:/home/home/kimm_ws/install/rbpodo_bringup:/home/home/kimm_ws/install/rbpodo_hardware:/home/home/kimm_ws/install/rbpodo_msgs:/home/home/kimm_ws/install/rb3_730es_u_moveit_config:/home/home/kimm_ws/install/rbpodo_description:/home/home/kimm_ws/install/rb5_gui_manager:/home/home/kimm_ws/install/action_interface /usr/bin/cmake --build /home/home/dcp_ws/build/fairino_interfaces -- -j10 -l10
[5.670s] Invoking command in '/home/home/dcp_ws/build/fairino_interfaces': CMAKE_PREFIX_PATH=/home/home/dcp_ws/install/robotiq_description:/home/home/dcp_ws/install/isaacsim:/home/home/dcp_ws/install/fairino_rviz:/home/home/dcp_ws/install/fairino_action_manager:/home/home/dcp_ws/install/fairino_interfaces:/home/home/dcp_ws/install/fairino_description:/home/home/dcp_ws/install/dh_robotics_ag95_description:/home/home/dcp_ws/install/pak_hqp_controller:/home/home/dcp_ws/install/kimm_hqp_controller:/home/home/dcp_ws/install/kimm_trajectory_smoother:/home/home/dcp_ws/install/isaacsim_ros2:/home/home/kimm_ws/install/rb5_action_manager:/opt/ros/humble:/home/home/dcp_ws/install/kimm_qpoases:/home/home/gello_ws/install/franka_plugin:/home/home/gello_ws/install/franka_description:/home/home/gello_ws/install/dynamixel_sdk_examples:/home/home/gello_ws/install/dynamixel_sdk_custom_interfaces:/home/home/gello_ws/install/dynamixel:/home/home/gello_ws/install/dynamixel_sdk:/home/home/kimm_ws/install/rbpodo_bringup:/home/home/kimm_ws/install/rbpodo_hardware:/home/home/kimm_ws/install/rbpodo_msgs:/home/home/kimm_ws/install/rb3_730es_u_moveit_config:/home/home/kimm_ws/install/rbpodo_description:/home/home/kimm_ws/install/rb5_gui_manager:/home/home/kimm_ws/install/action_interface /usr/bin/cmake --install /home/home/dcp_ws/build/fairino_interfaces
[5.675s] -- Install configuration: ""
[5.675s] -- Execute custom install script
[5.675s] -- Up-to-date symlink: /home/home/dcp_ws/install/fairino_interfaces/share/ament_index/resource_index/rosidl_interfaces/fairino_interfaces
[5.676s] -- Up-to-date symlink: /home/home/dcp_ws/install/fairino_interfaces/include/fairino_interfaces/fairino_interfaces/action/detail/gripper__functions.h
[5.676s] -- Up-to-date symlink: /home/home/dcp_ws/install/fairino_interfaces/include/fairino_interfaces/fairino_interfaces/action/detail/gripper__struct.h
[5.677s] -- Up-to-date symlink: /home/home/dcp_ws/install/fairino_interfaces/include/fairino_interfaces/fairino_interfaces/action/detail/gripper__type_support.h
[5.677s] -- Up-to-date symlink: /home/home/dcp_ws/install/fairino_interfaces/include/fairino_interfaces/fairino_interfaces/action/detail/joint_posture__functions.h
[5.677s] -- Up-to-date symlink: /home/home/dcp_ws/install/fairino_interfaces/include/fairino_interfaces/fairino_interfaces/action/detail/joint_posture__struct.h
[5.677s] -- Up-to-date symlink: /home/home/dcp_ws/install/fairino_interfaces/include/fairino_interfaces/fairino_interfaces/action/detail/joint_posture__type_support.h
[5.677s] -- Up-to-date symlink: /home/home/dcp_ws/install/fairino_interfaces/include/fairino_interfaces/fairino_interfaces/action/detail/move__functions.h
[5.677s] -- Up-to-date symlink: /home/home/dcp_ws/install/fairino_interfaces/include/fairino_interfaces/fairino_interfaces/action/detail/move__struct.h
[5.677s] -- Up-to-date symlink: /home/home/dcp_ws/install/fairino_interfaces/include/fairino_interfaces/fairino_interfaces/action/detail/move__type_support.h
[5.677s] -- Up-to-date symlink: /home/home/dcp_ws/install/fairino_interfaces/include/fairino_interfaces/fairino_interfaces/action/detail/qr__functions.h
[5.677s] -- Up-to-date symlink: /home/home/dcp_ws/install/fairino_interfaces/include/fairino_interfaces/fairino_interfaces/action/detail/qr__struct.h
[5.677s] -- Up-to-date symlink: /home/home/dcp_ws/install/fairino_interfaces/include/fairino_interfaces/fairino_interfaces/action/detail/qr__type_support.h
[5.677s] -- Up-to-date symlink: /home/home/dcp_ws/install/fairino_interfaces/include/fairino_interfaces/fairino_interfaces/action/detail/se3__functions.h
[5.678s] -- Up-to-date symlink: /home/home/dcp_ws/install/fairino_interfaces/include/fairino_interfaces/fairino_interfaces/action/detail/se3__struct.h
[5.678s] -- Up-to-date symlink: /home/home/dcp_ws/install/fairino_interfaces/include/fairino_interfaces/fairino_interfaces/action/detail/se3__type_support.h
[5.678s] -- Up-to-date symlink: /home/home/dcp_ws/install/fairino_interfaces/include/fairino_interfaces/fairino_interfaces/action/detail/se3_array__functions.h
[5.678s] -- Up-to-date symlink: /home/home/dcp_ws/install/fairino_interfaces/include/fairino_interfaces/fairino_interfaces/action/detail/se3_array__struct.h
[5.678s] -- Up-to-date symlink: /home/home/dcp_ws/install/fairino_interfaces/include/fairino_interfaces/fairino_interfaces/action/detail/se3_array__type_support.h
[5.678s] -- Up-to-date symlink: /home/home/dcp_ws/install/fairino_interfaces/include/fairino_interfaces/fairino_interfaces/action/detail/tool_changer__functions.h
[5.678s] -- Up-to-date symlink: /home/home/dcp_ws/install/fairino_interfaces/include/fairino_interfaces/fairino_interfaces/action/detail/tool_changer__struct.h
[5.678s] -- Up-to-date symlink: /home/home/dcp_ws/install/fairino_interfaces/include/fairino_interfaces/fairino_interfaces/action/detail/tool_changer__type_support.h
[5.680s] -- Up-to-date symlink: /home/home/dcp_ws/install/fairino_interfaces/include/fairino_interfaces/fairino_interfaces/action/gripper.h
[5.680s] -- Up-to-date symlink: /home/home/dcp_ws/install/fairino_interfaces/include/fairino_interfaces/fairino_interfaces/action/joint_posture.h
[5.680s] -- Up-to-date symlink: /home/home/dcp_ws/install/fairino_interfaces/include/fairino_interfaces/fairino_interfaces/action/move.h
[5.680s] -- Up-to-date symlink: /home/home/dcp_ws/install/fairino_interfaces/include/fairino_interfaces/fairino_interfaces/action/qr.h
[5.680s] -- Up-to-date symlink: /home/home/dcp_ws/install/fairino_interfaces/include/fairino_interfaces/fairino_interfaces/action/se3.h
[5.680s] -- Up-to-date symlink: /home/home/dcp_ws/install/fairino_interfaces/include/fairino_interfaces/fairino_interfaces/action/se3_array.h
[5.680s] -- Up-to-date symlink: /home/home/dcp_ws/install/fairino_interfaces/include/fairino_interfaces/fairino_interfaces/action/tool_changer.h
[5.680s] -- Up-to-date symlink: /home/home/dcp_ws/install/fairino_interfaces/include/fairino_interfaces/fairino_interfaces/msg/rosidl_generator_c__visibility_control.h
[5.680s] -- Up-to-date symlink: /home/home/dcp_ws/install/fairino_interfaces/include/fairino_interfaces/fairino_interfaces/srv/detail/pick__functions.h
[5.680s] -- Up-to-date symlink: /home/home/dcp_ws/install/fairino_interfaces/include/fairino_interfaces/fairino_interfaces/srv/detail/pick__struct.h
[5.680s] -- Up-to-date symlink: /home/home/dcp_ws/install/fairino_interfaces/include/fairino_interfaces/fairino_interfaces/srv/detail/pick__type_support.h
[5.680s] -- Up-to-date symlink: /home/home/dcp_ws/install/fairino_interfaces/include/fairino_interfaces/fairino_interfaces/srv/detail/place__functions.h
[5.680s] -- Up-to-date symlink: /home/home/dcp_ws/install/fairino_interfaces/include/fairino_interfaces/fairino_interfaces/srv/detail/place__struct.h
[5.680s] -- Up-to-date symlink: /home/home/dcp_ws/install/fairino_interfaces/include/fairino_interfaces/fairino_interfaces/srv/detail/place__type_support.h
[5.680s] -- Up-to-date symlink: /home/home/dcp_ws/install/fairino_interfaces/include/fairino_interfaces/fairino_interfaces/srv/pick.h
[5.680s] -- Up-to-date symlink: /home/home/dcp_ws/install/fairino_interfaces/include/fairino_interfaces/fairino_interfaces/srv/place.h
[5.680s] -- Up-to-date symlink: /home/home/dcp_ws/install/fairino_interfaces/share/fairino_interfaces/environment/library_path.sh
[5.680s] -- Up-to-date symlink: /home/home/dcp_ws/install/fairino_interfaces/share/fairino_interfaces/environment/library_path.dsv
[5.681s] -- Up-to-date symlink: /home/home/dcp_ws/install/fairino_interfaces/include/fairino_interfaces/fairino_interfaces/action/detail/gripper__rosidl_typesupport_fastrtps_c.h
[5.681s] -- Up-to-date symlink: /home/home/dcp_ws/install/fairino_interfaces/include/fairino_interfaces/fairino_interfaces/action/detail/joint_posture__rosidl_typesupport_fastrtps_c.h
[5.681s] -- Up-to-date symlink: /home/home/dcp_ws/install/fairino_interfaces/include/fairino_interfaces/fairino_interfaces/action/detail/move__rosidl_typesupport_fastrtps_c.h
[5.681s] -- Up-to-date symlink: /home/home/dcp_ws/install/fairino_interfaces/include/fairino_interfaces/fairino_interfaces/action/detail/qr__rosidl_typesupport_fastrtps_c.h
[5.681s] -- Up-to-date symlink: /home/home/dcp_ws/install/fairino_interfaces/include/fairino_interfaces/fairino_interfaces/action/detail/se3__rosidl_typesupport_fastrtps_c.h
[5.681s] -- Up-to-date symlink: /home/home/dcp_ws/install/fairino_interfaces/include/fairino_interfaces/fairino_interfaces/action/detail/se3_array__rosidl_typesupport_fastrtps_c.h
[5.681s] -- Up-to-date symlink: /home/home/dcp_ws/install/fairino_interfaces/include/fairino_interfaces/fairino_interfaces/action/detail/tool_changer__rosidl_typesupport_fastrtps_c.h
[5.681s] -- Up-to-date symlink: /home/home/dcp_ws/install/fairino_interfaces/include/fairino_interfaces/fairino_interfaces/msg/rosidl_typesupport_fastrtps_c__visibility_control.h
[5.681s] -- Up-to-date symlink: /home/home/dcp_ws/install/fairino_interfaces/include/fairino_interfaces/fairino_interfaces/srv/detail/pick__rosidl_typesupport_fastrtps_c.h
[5.681s] -- Up-to-date symlink: /home/home/dcp_ws/install/fairino_interfaces/include/fairino_interfaces/fairino_interfaces/srv/detail/place__rosidl_typesupport_fastrtps_c.h
[5.682s] -- Up-to-date symlink: /home/home/dcp_ws/install/fairino_interfaces/include/fairino_interfaces/fairino_interfaces/action/detail/gripper__rosidl_typesupport_introspection_c.h
[5.682s] -- Up-to-date symlink: /home/home/dcp_ws/install/fairino_interfaces/include/fairino_interfaces/fairino_interfaces/action/detail/joint_posture__rosidl_typesupport_introspection_c.h
[5.682s] -- Up-to-date symlink: /home/home/dcp_ws/install/fairino_interfaces/include/fairino_interfaces/fairino_interfaces/action/detail/move__rosidl_typesupport_introspection_c.h
[5.682s] -- Up-to-date symlink: /home/home/dcp_ws/install/fairino_interfaces/include/fairino_interfaces/fairino_interfaces/action/detail/qr__rosidl_typesupport_introspection_c.h
[5.682s] -- Up-to-date symlink: /home/home/dcp_ws/install/fairino_interfaces/include/fairino_interfaces/fairino_interfaces/action/detail/se3__rosidl_typesupport_introspection_c.h
[5.682s] -- Up-to-date symlink: /home/home/dcp_ws/install/fairino_interfaces/include/fairino_interfaces/fairino_interfaces/action/detail/se3_array__rosidl_typesupport_introspection_c.h
[5.682s] -- Up-to-date symlink: /home/home/dcp_ws/install/fairino_interfaces/include/fairino_interfaces/fairino_interfaces/action/detail/tool_changer__rosidl_typesupport_introspection_c.h
[5.682s] -- Up-to-date symlink: /home/home/dcp_ws/install/fairino_interfaces/include/fairino_interfaces/fairino_interfaces/msg/rosidl_typesupport_introspection_c__visibility_control.h
[5.682s] -- Up-to-date symlink: /home/home/dcp_ws/install/fairino_interfaces/include/fairino_interfaces/fairino_interfaces/srv/detail/pick__rosidl_typesupport_introspection_c.h
[5.682s] -- Up-to-date symlink: /home/home/dcp_ws/install/fairino_interfaces/include/fairino_interfaces/fairino_interfaces/srv/detail/place__rosidl_typesupport_introspection_c.h
[5.682s] -- Up-to-date symlink: /home/home/dcp_ws/install/fairino_interfaces/include/fairino_interfaces/fairino_interfaces/action/detail/gripper__builder.hpp
[5.682s] -- Up-to-date symlink: /home/home/dcp_ws/install/fairino_interfaces/include/fairino_interfaces/fairino_interfaces/action/detail/gripper__struct.hpp
[5.682s] -- Up-to-date symlink: /home/home/dcp_ws/install/fairino_interfaces/include/fairino_interfaces/fairino_interfaces/action/detail/gripper__traits.hpp
[5.682s] -- Up-to-date symlink: /home/home/dcp_ws/install/fairino_interfaces/include/fairino_interfaces/fairino_interfaces/action/detail/gripper__type_support.hpp
[5.682s] -- Up-to-date symlink: /home/home/dcp_ws/install/fairino_interfaces/include/fairino_interfaces/fairino_interfaces/action/detail/joint_posture__builder.hpp
[5.683s] -- Up-to-date symlink: /home/home/dcp_ws/install/fairino_interfaces/include/fairino_interfaces/fairino_interfaces/action/detail/joint_posture__struct.hpp
[5.683s] -- Up-to-date symlink: /home/home/dcp_ws/install/fairino_interfaces/include/fairino_interfaces/fairino_interfaces/action/detail/joint_posture__traits.hpp
[5.683s] -- Up-to-date symlink: /home/home/dcp_ws/install/fairino_interfaces/include/fairino_interfaces/fairino_interfaces/action/detail/joint_posture__type_support.hpp
[5.683s] -- Up-to-date symlink: /home/home/dcp_ws/install/fairino_interfaces/include/fairino_interfaces/fairino_interfaces/action/detail/move__builder.hpp
[5.683s] -- Up-to-date symlink: /home/home/dcp_ws/install/fairino_interfaces/include/fairino_interfaces/fairino_interfaces/action/detail/move__struct.hpp
[5.683s] -- Up-to-date symlink: /home/home/dcp_ws/install/fairino_interfaces/include/fairino_interfaces/fairino_interfaces/action/detail/move__traits.hpp
[5.683s] -- Up-to-date symlink: /home/home/dcp_ws/install/fairino_interfaces/include/fairino_interfaces/fairino_interfaces/action/detail/move__type_support.hpp
[5.683s] -- Up-to-date symlink: /home/home/dcp_ws/install/fairino_interfaces/include/fairino_interfaces/fairino_interfaces/action/detail/qr__builder.hpp
[5.683s] -- Up-to-date symlink: /home/home/dcp_ws/install/fairino_interfaces/include/fairino_interfaces/fairino_interfaces/action/detail/qr__struct.hpp
[5.683s] -- Up-to-date symlink: /home/home/dcp_ws/install/fairino_interfaces/include/fairino_interfaces/fairino_interfaces/action/detail/qr__traits.hpp
[5.683s] -- Up-to-date symlink: /home/home/dcp_ws/install/fairino_interfaces/include/fairino_interfaces/fairino_interfaces/action/detail/qr__type_support.hpp
[5.683s] -- Up-to-date symlink: /home/home/dcp_ws/install/fairino_interfaces/include/fairino_interfaces/fairino_interfaces/action/detail/se3__builder.hpp
[5.683s] -- Up-to-date symlink: /home/home/dcp_ws/install/fairino_interfaces/include/fairino_interfaces/fairino_interfaces/action/detail/se3__struct.hpp
[5.683s] -- Up-to-date symlink: /home/home/dcp_ws/install/fairino_interfaces/include/fairino_interfaces/fairino_interfaces/action/detail/se3__traits.hpp
[5.683s] -- Up-to-date symlink: /home/home/dcp_ws/install/fairino_interfaces/include/fairino_interfaces/fairino_interfaces/action/detail/se3__type_support.hpp
[5.683s] -- Up-to-date symlink: /home/home/dcp_ws/install/fairino_interfaces/include/fairino_interfaces/fairino_interfaces/action/detail/se3_array__builder.hpp
[5.683s] -- Up-to-date symlink: /home/home/dcp_ws/install/fairino_interfaces/include/fairino_interfaces/fairino_interfaces/action/detail/se3_array__struct.hpp
[5.683s] -- Up-to-date symlink: /home/home/dcp_ws/install/fairino_interfaces/include/fairino_interfaces/fairino_interfaces/action/detail/se3_array__traits.hpp
[5.683s] -- Up-to-date symlink: /home/home/dcp_ws/install/fairino_interfaces/include/fairino_interfaces/fairino_interfaces/action/detail/se3_array__type_support.hpp
[5.684s] -- Up-to-date symlink: /home/home/dcp_ws/install/fairino_interfaces/include/fairino_interfaces/fairino_interfaces/action/detail/tool_changer__builder.hpp
[5.684s] -- Up-to-date symlink: /home/home/dcp_ws/install/fairino_interfaces/include/fairino_interfaces/fairino_interfaces/action/detail/tool_changer__struct.hpp
[5.684s] -- Up-to-date symlink: /home/home/dcp_ws/install/fairino_interfaces/include/fairino_interfaces/fairino_interfaces/action/detail/tool_changer__traits.hpp
[5.684s] -- Up-to-date symlink: /home/home/dcp_ws/install/fairino_interfaces/include/fairino_interfaces/fairino_interfaces/action/detail/tool_changer__type_support.hpp
[5.684s] -- Up-to-date symlink: /home/home/dcp_ws/install/fairino_interfaces/include/fairino_interfaces/fairino_interfaces/action/gripper.hpp
[5.684s] -- Up-to-date symlink: /home/home/dcp_ws/install/fairino_interfaces/include/fairino_interfaces/fairino_interfaces/action/joint_posture.hpp
[5.684s] -- Up-to-date symlink: /home/home/dcp_ws/install/fairino_interfaces/include/fairino_interfaces/fairino_interfaces/action/move.hpp
[5.684s] -- Up-to-date symlink: /home/home/dcp_ws/install/fairino_interfaces/include/fairino_interfaces/fairino_interfaces/action/qr.hpp
[5.684s] -- Up-to-date symlink: /home/home/dcp_ws/install/fairino_interfaces/include/fairino_interfaces/fairino_interfaces/action/se3.hpp
[5.684s] -- Up-to-date symlink: /home/home/dcp_ws/install/fairino_interfaces/include/fairino_interfaces/fairino_interfaces/action/se3_array.hpp
[5.684s] -- Up-to-date symlink: /home/home/dcp_ws/install/fairino_interfaces/include/fairino_interfaces/fairino_interfaces/action/tool_changer.hpp
[5.684s] -- Up-to-date symlink: /home/home/dcp_ws/install/fairino_interfaces/include/fairino_interfaces/fairino_interfaces/msg/rosidl_generator_cpp__visibility_control.hpp
[5.684s] -- Up-to-date symlink: /home/home/dcp_ws/install/fairino_interfaces/include/fairino_interfaces/fairino_interfaces/srv/detail/pick__builder.hpp
[5.684s] -- Up-to-date symlink: /home/home/dcp_ws/install/fairino_interfaces/include/fairino_interfaces/fairino_interfaces/srv/detail/pick__struct.hpp
[5.684s] -- Up-to-date symlink: /home/home/dcp_ws/install/fairino_interfaces/include/fairino_interfaces/fairino_interfaces/srv/detail/pick__traits.hpp
[5.684s] -- Up-to-date symlink: /home/home/dcp_ws/install/fairino_interfaces/include/fairino_interfaces/fairino_interfaces/srv/detail/pick__type_support.hpp
[5.684s] -- Up-to-date symlink: /home/home/dcp_ws/install/fairino_interfaces/include/fairino_interfaces/fairino_interfaces/srv/detail/place__builder.hpp
[5.684s] -- Up-to-date symlink: /home/home/dcp_ws/install/fairino_interfaces/include/fairino_interfaces/fairino_interfaces/srv/detail/place__struct.hpp
[5.684s] -- Up-to-date symlink: /home/home/dcp_ws/install/fairino_interfaces/include/fairino_interfaces/fairino_interfaces/srv/detail/place__traits.hpp
[5.685s] -- Up-to-date symlink: /home/home/dcp_ws/install/fairino_interfaces/include/fairino_interfaces/fairino_interfaces/srv/detail/place__type_support.hpp
[5.685s] -- Up-to-date symlink: /home/home/dcp_ws/install/fairino_interfaces/include/fairino_interfaces/fairino_interfaces/srv/pick.hpp
[5.685s] -- Up-to-date symlink: /home/home/dcp_ws/install/fairino_interfaces/include/fairino_interfaces/fairino_interfaces/srv/place.hpp
[5.685s] -- Up-to-date symlink: /home/home/dcp_ws/install/fairino_interfaces/include/fairino_interfaces/fairino_interfaces/action/detail/gripper__rosidl_typesupport_fastrtps_cpp.hpp
[5.685s] -- Up-to-date symlink: /home/home/dcp_ws/install/fairino_interfaces/include/fairino_interfaces/fairino_interfaces/action/detail/joint_posture__rosidl_typesupport_fastrtps_cpp.hpp
[5.685s] -- Up-to-date symlink: /home/home/dcp_ws/install/fairino_interfaces/include/fairino_interfaces/fairino_interfaces/action/detail/move__rosidl_typesupport_fastrtps_cpp.hpp
[5.687s] -- Up-to-date symlink: /home/home/dcp_ws/install/fairino_interfaces/include/fairino_interfaces/fairino_interfaces/action/detail/qr__rosidl_typesupport_fastrtps_cpp.hpp
[5.687s] -- Up-to-date symlink: /home/home/dcp_ws/install/fairino_interfaces/include/fairino_interfaces/fairino_interfaces/action/detail/se3__rosidl_typesupport_fastrtps_cpp.hpp
[5.687s] -- Up-to-date symlink: /home/home/dcp_ws/install/fairino_interfaces/include/fairino_interfaces/fairino_interfaces/action/detail/se3_array__rosidl_typesupport_fastrtps_cpp.hpp
[5.687s] -- Up-to-date symlink: /home/home/dcp_ws/install/fairino_interfaces/include/fairino_interfaces/fairino_interfaces/action/detail/tool_changer__rosidl_typesupport_fastrtps_cpp.hpp
[5.687s] -- Up-to-date symlink: /home/home/dcp_ws/install/fairino_interfaces/include/fairino_interfaces/fairino_interfaces/msg/rosidl_typesupport_fastrtps_cpp__visibility_control.h
[5.687s] -- Up-to-date symlink: /home/home/dcp_ws/install/fairino_interfaces/include/fairino_interfaces/fairino_interfaces/srv/detail/pick__rosidl_typesupport_fastrtps_cpp.hpp
[5.687s] -- Up-to-date symlink: /home/home/dcp_ws/install/fairino_interfaces/include/fairino_interfaces/fairino_interfaces/srv/detail/place__rosidl_typesupport_fastrtps_cpp.hpp
[5.687s] -- Up-to-date symlink: /home/home/dcp_ws/install/fairino_interfaces/include/fairino_interfaces/fairino_interfaces/action/detail/gripper__rosidl_typesupport_introspection_cpp.hpp
[5.687s] -- Up-to-date symlink: /home/home/dcp_ws/install/fairino_interfaces/include/fairino_interfaces/fairino_interfaces/action/detail/joint_posture__rosidl_typesupport_introspection_cpp.hpp
[5.687s] -- Up-to-date symlink: /home/home/dcp_ws/install/fairino_interfaces/include/fairino_interfaces/fairino_interfaces/action/detail/move__rosidl_typesupport_introspection_cpp.hpp
[5.687s] -- Up-to-date symlink: /home/home/dcp_ws/install/fairino_interfaces/include/fairino_interfaces/fairino_interfaces/action/detail/qr__rosidl_typesupport_introspection_cpp.hpp
[5.687s] -- Up-to-date symlink: /home/home/dcp_ws/install/fairino_interfaces/include/fairino_interfaces/fairino_interfaces/action/detail/se3__rosidl_typesupport_introspection_cpp.hpp
[5.687s] -- Up-to-date symlink: /home/home/dcp_ws/install/fairino_interfaces/include/fairino_interfaces/fairino_interfaces/action/detail/se3_array__rosidl_typesupport_introspection_cpp.hpp
[5.687s] -- Up-to-date symlink: /home/home/dcp_ws/install/fairino_interfaces/include/fairino_interfaces/fairino_interfaces/action/detail/tool_changer__rosidl_typesupport_introspection_cpp.hpp
[5.687s] -- Up-to-date symlink: /home/home/dcp_ws/install/fairino_interfaces/include/fairino_interfaces/fairino_interfaces/srv/detail/pick__rosidl_typesupport_introspection_cpp.hpp
[5.687s] -- Up-to-date symlink: /home/home/dcp_ws/install/fairino_interfaces/include/fairino_interfaces/fairino_interfaces/srv/detail/place__rosidl_typesupport_introspection_cpp.hpp
[5.688s] -- Up-to-date symlink: /home/home/dcp_ws/install/fairino_interfaces/share/fairino_interfaces/environment/pythonpath.sh
[5.688s] -- Up-to-date symlink: /home/home/dcp_ws/install/fairino_interfaces/share/fairino_interfaces/environment/pythonpath.dsv
[5.688s] -- Up-to-date symlink: /home/home/dcp_ws/install/fairino_interfaces/local/lib/python3.10/dist-packages/fairino_interfaces-0.0.0-py3.10.egg-info/PKG-INFO
[5.688s] -- Up-to-date symlink: /home/home/dcp_ws/install/fairino_interfaces/local/lib/python3.10/dist-packages/fairino_interfaces-0.0.0-py3.10.egg-info/SOURCES.txt
[5.688s] -- Up-to-date symlink: /home/home/dcp_ws/install/fairino_interfaces/local/lib/python3.10/dist-packages/fairino_interfaces-0.0.0-py3.10.egg-info/dependency_links.txt
[5.688s] -- Up-to-date symlink: /home/home/dcp_ws/install/fairino_interfaces/local/lib/python3.10/dist-packages/fairino_interfaces-0.0.0-py3.10.egg-info/top_level.txt
[5.688s] -- Up-to-date symlink: /home/home/dcp_ws/install/fairino_interfaces/local/lib/python3.10/dist-packages/fairino_interfaces/__init__.py
[5.688s] -- Up-to-date symlink: /home/home/dcp_ws/install/fairino_interfaces/local/lib/python3.10/dist-packages/fairino_interfaces/_fairino_interfaces_s.ep.rosidl_typesupport_c.c
[5.688s] -- Up-to-date symlink: /home/home/dcp_ws/install/fairino_interfaces/local/lib/python3.10/dist-packages/fairino_interfaces/_fairino_interfaces_s.ep.rosidl_typesupport_fastrtps_c.c
[5.688s] -- Up-to-date symlink: /home/home/dcp_ws/install/fairino_interfaces/local/lib/python3.10/dist-packages/fairino_interfaces/_fairino_interfaces_s.ep.rosidl_typesupport_introspection_c.c
[5.688s] -- Up-to-date symlink: /home/home/dcp_ws/install/fairino_interfaces/local/lib/python3.10/dist-packages/fairino_interfaces/action/__init__.py
[5.688s] -- Up-to-date symlink: /home/home/dcp_ws/install/fairino_interfaces/local/lib/python3.10/dist-packages/fairino_interfaces/action/_gripper.py
[5.688s] -- Up-to-date symlink: /home/home/dcp_ws/install/fairino_interfaces/local/lib/python3.10/dist-packages/fairino_interfaces/action/_gripper_s.c
[5.688s] -- Up-to-date symlink: /home/home/dcp_ws/install/fairino_interfaces/local/lib/python3.10/dist-packages/fairino_interfaces/action/_joint_posture.py
[5.688s] -- Up-to-date symlink: /home/home/dcp_ws/install/fairino_interfaces/local/lib/python3.10/dist-packages/fairino_interfaces/action/_joint_posture_s.c
[5.688s] -- Up-to-date symlink: /home/home/dcp_ws/install/fairino_interfaces/local/lib/python3.10/dist-packages/fairino_interfaces/action/_move.py
[5.688s] -- Up-to-date symlink: /home/home/dcp_ws/install/fairino_interfaces/local/lib/python3.10/dist-packages/fairino_interfaces/action/_move_s.c
[5.688s] -- Up-to-date symlink: /home/home/dcp_ws/install/fairino_interfaces/local/lib/python3.10/dist-packages/fairino_interfaces/action/_qr.py
[5.688s] -- Up-to-date symlink: /home/home/dcp_ws/install/fairino_interfaces/local/lib/python3.10/dist-packages/fairino_interfaces/action/_qr_s.c
[5.688s] -- Up-to-date symlink: /home/home/dcp_ws/install/fairino_interfaces/local/lib/python3.10/dist-packages/fairino_interfaces/action/_se3.py
[5.688s] -- Up-to-date symlink: /home/home/dcp_ws/install/fairino_interfaces/local/lib/python3.10/dist-packages/fairino_interfaces/action/_se3_array.py
[5.688s] -- Up-to-date symlink: /home/home/dcp_ws/install/fairino_interfaces/local/lib/python3.10/dist-packages/fairino_interfaces/action/_se3_array_s.c
[5.688s] -- Up-to-date symlink: /home/home/dcp_ws/install/fairino_interfaces/local/lib/python3.10/dist-packages/fairino_interfaces/action/_se3_s.c
[5.688s] -- Up-to-date symlink: /home/home/dcp_ws/install/fairino_interfaces/local/lib/python3.10/dist-packages/fairino_interfaces/action/_tool_changer.py
[5.688s] -- Up-to-date symlink: /home/home/dcp_ws/install/fairino_interfaces/local/lib/python3.10/dist-packages/fairino_interfaces/action/_tool_changer_s.c
[5.688s] -- Up-to-date symlink: /home/home/dcp_ws/install/fairino_interfaces/local/lib/python3.10/dist-packages/fairino_interfaces/fairino_interfaces_s__rosidl_typesupport_c.cpython-310-x86_64-linux-gnu.so
[5.688s] -- Up-to-date symlink: /home/home/dcp_ws/install/fairino_interfaces/local/lib/python3.10/dist-packages/fairino_interfaces/fairino_interfaces_s__rosidl_typesupport_fastrtps_c.cpython-310-x86_64-linux-gnu.so
[5.689s] -- Up-to-date symlink: /home/home/dcp_ws/install/fairino_interfaces/local/lib/python3.10/dist-packages/fairino_interfaces/fairino_interfaces_s__rosidl_typesupport_introspection_c.cpython-310-x86_64-linux-gnu.so
[5.689s] -- Up-to-date symlink: /home/home/dcp_ws/install/fairino_interfaces/local/lib/python3.10/dist-packages/fairino_interfaces/libfairino_interfaces__rosidl_generator_py.so
[5.689s] -- Up-to-date symlink: /home/home/dcp_ws/install/fairino_interfaces/local/lib/python3.10/dist-packages/fairino_interfaces/srv/__init__.py
[5.689s] -- Up-to-date symlink: /home/home/dcp_ws/install/fairino_interfaces/local/lib/python3.10/dist-packages/fairino_interfaces/srv/_pick.py
[5.689s] -- Up-to-date symlink: /home/home/dcp_ws/install/fairino_interfaces/local/lib/python3.10/dist-packages/fairino_interfaces/srv/_pick_s.c
[5.689s] -- Up-to-date symlink: /home/home/dcp_ws/install/fairino_interfaces/local/lib/python3.10/dist-packages/fairino_interfaces/srv/_place.py
[5.689s] -- Up-to-date symlink: /home/home/dcp_ws/install/fairino_interfaces/local/lib/python3.10/dist-packages/fairino_interfaces/srv/_place_s.c
[5.689s] -- Up-to-date symlink: /home/home/dcp_ws/install/fairino_interfaces/local/lib/python3.10/dist-packages/fairino_interfaces/fairino_interfaces_s__rosidl_typesupport_fastrtps_c.cpython-310-x86_64-linux-gnu.so
[5.689s] -- Up-to-date symlink: /home/home/dcp_ws/install/fairino_interfaces/local/lib/python3.10/dist-packages/fairino_interfaces/fairino_interfaces_s__rosidl_typesupport_introspection_c.cpython-310-x86_64-linux-gnu.so
[5.689s] -- Up-to-date symlink: /home/home/dcp_ws/install/fairino_interfaces/local/lib/python3.10/dist-packages/fairino_interfaces/fairino_interfaces_s__rosidl_typesupport_c.cpython-310-x86_64-linux-gnu.so
[5.689s] -- Up-to-date symlink: /home/home/dcp_ws/install/fairino_interfaces/share/fairino_interfaces/action/JointPosture.idl
[5.689s] -- Up-to-date symlink: /home/home/dcp_ws/install/fairino_interfaces/share/fairino_interfaces/action/SE3.idl
[5.689s] -- Up-to-date symlink: /home/home/dcp_ws/install/fairino_interfaces/share/fairino_interfaces/action/SE3Array.idl
[5.689s] -- Up-to-date symlink: /home/home/dcp_ws/install/fairino_interfaces/share/fairino_interfaces/action/Gripper.idl
[5.689s] -- Up-to-date symlink: /home/home/dcp_ws/install/fairino_interfaces/share/fairino_interfaces/action/Move.idl
[5.689s] -- Up-to-date symlink: /home/home/dcp_ws/install/fairino_interfaces/share/fairino_interfaces/action/QR.idl
[5.689s] -- Up-to-date symlink: /home/home/dcp_ws/install/fairino_interfaces/share/fairino_interfaces/action/ToolChanger.idl
[5.689s] -- Up-to-date symlink: /home/home/dcp_ws/install/fairino_interfaces/share/fairino_interfaces/srv/Pick.idl
[5.689s] -- Up-to-date symlink: /home/home/dcp_ws/install/fairino_interfaces/share/fairino_interfaces/srv/Place.idl
[5.690s] -- Up-to-date symlink: /home/home/dcp_ws/install/fairino_interfaces/share/fairino_interfaces/action/JointPosture.action
[5.690s] -- Up-to-date symlink: /home/home/dcp_ws/install/fairino_interfaces/share/fairino_interfaces/action/SE3.action
[5.690s] -- Up-to-date symlink: /home/home/dcp_ws/install/fairino_interfaces/share/fairino_interfaces/action/SE3Array.action
[5.690s] -- Up-to-date symlink: /home/home/dcp_ws/install/fairino_interfaces/share/fairino_interfaces/action/Gripper.action
[5.690s] -- Up-to-date symlink: /home/home/dcp_ws/install/fairino_interfaces/share/fairino_interfaces/action/Move.action
[5.690s] -- Up-to-date symlink: /home/home/dcp_ws/install/fairino_interfaces/share/fairino_interfaces/action/QR.action
[5.690s] -- Up-to-date symlink: /home/home/dcp_ws/install/fairino_interfaces/share/fairino_interfaces/action/ToolChanger.action
[5.690s] -- Up-to-date symlink: /home/home/dcp_ws/install/fairino_interfaces/share/fairino_interfaces/srv/Pick.srv
[5.690s] -- Up-to-date symlink: /home/home/dcp_ws/install/fairino_interfaces/share/fairino_interfaces/srv/Pick_Request.msg
[5.690s] -- Up-to-date symlink: /home/home/dcp_ws/install/fairino_interfaces/share/fairino_interfaces/srv/Pick_Response.msg
[5.690s] -- Up-to-date symlink: /home/home/dcp_ws/install/fairino_interfaces/share/fairino_interfaces/srv/Place.srv
[5.690s] -- Up-to-date symlink: /home/home/dcp_ws/install/fairino_interfaces/share/fairino_interfaces/srv/Place_Request.msg
[5.690s] -- Up-to-date symlink: /home/home/dcp_ws/install/fairino_interfaces/share/fairino_interfaces/srv/Place_Response.msg
[5.690s] -- Up-to-date symlink: /home/home/dcp_ws/install/fairino_interfaces/share/fairino_interfaces/action/Gripper.action
[5.690s] -- Up-to-date symlink: /home/home/dcp_ws/install/fairino_interfaces/share/fairino_interfaces/action/JointPosture.action
[5.690s] -- Up-to-date symlink: /home/home/dcp_ws/install/fairino_interfaces/share/fairino_interfaces/action/Move.action
[5.690s] -- Up-to-date symlink: /home/home/dcp_ws/install/fairino_interfaces/share/fairino_interfaces/action/QR.action
[5.690s] -- Up-to-date symlink: /home/home/dcp_ws/install/fairino_interfaces/share/fairino_interfaces/action/SE3.action
[5.690s] -- Up-to-date symlink: /home/home/dcp_ws/install/fairino_interfaces/share/fairino_interfaces/action/SE3Array.action
[5.690s] -- Up-to-date symlink: /home/home/dcp_ws/install/fairino_interfaces/share/fairino_interfaces/action/ToolChanger.action
[5.690s] -- Up-to-date symlink: /home/home/dcp_ws/install/fairino_interfaces/share/fairino_interfaces/srv/Pick.srv
[5.690s] -- Up-to-date symlink: /home/home/dcp_ws/install/fairino_interfaces/share/fairino_interfaces/srv/Place.srv
[5.690s] -- Up-to-date symlink: /home/home/dcp_ws/install/fairino_interfaces/share/ament_index/resource_index/package_run_dependencies/fairino_interfaces
[5.690s] -- Up-to-date symlink: /home/home/dcp_ws/install/fairino_interfaces/share/ament_index/resource_index/parent_prefix_path/fairino_interfaces
[5.690s] -- Up-to-date symlink: /home/home/dcp_ws/install/fairino_interfaces/share/fairino_interfaces/environment/ament_prefix_path.sh
[5.690s] -- Up-to-date symlink: /home/home/dcp_ws/install/fairino_interfaces/share/fairino_interfaces/environment/ament_prefix_path.dsv
[5.690s] -- Up-to-date symlink: /home/home/dcp_ws/install/fairino_interfaces/share/fairino_interfaces/environment/path.sh
[5.690s] -- Up-to-date symlink: /home/home/dcp_ws/install/fairino_interfaces/share/fairino_interfaces/environment/path.dsv
[5.690s] -- Up-to-date symlink: /home/home/dcp_ws/install/fairino_interfaces/share/fairino_interfaces/local_setup.bash
[5.690s] -- Up-to-date symlink: /home/home/dcp_ws/install/fairino_interfaces/share/fairino_interfaces/local_setup.sh
[5.690s] -- Up-to-date symlink: /home/home/dcp_ws/install/fairino_interfaces/share/fairino_interfaces/local_setup.zsh
[5.690s] -- Up-to-date symlink: /home/home/dcp_ws/install/fairino_interfaces/share/fairino_interfaces/local_setup.dsv
[5.690s] -- Symlinking: /home/home/dcp_ws/install/fairino_interfaces/share/fairino_interfaces/package.dsv
[5.696s] -- Up-to-date symlink: /home/home/dcp_ws/install/fairino_interfaces/share/ament_index/resource_index/packages/fairino_interfaces
[5.696s] -- Up-to-date symlink: /home/home/dcp_ws/install/fairino_interfaces/share/fairino_interfaces/cmake/rosidl_cmake-extras.cmake
[5.696s] -- Up-to-date symlink: /home/home/dcp_ws/install/fairino_interfaces/share/fairino_interfaces/cmake/ament_cmake_export_dependencies-extras.cmake
[5.696s] -- Up-to-date symlink: /home/home/dcp_ws/install/fairino_interfaces/share/fairino_interfaces/cmake/ament_cmake_export_include_directories-extras.cmake
[5.696s] -- Up-to-date symlink: /home/home/dcp_ws/install/fairino_interfaces/share/fairino_interfaces/cmake/ament_cmake_export_libraries-extras.cmake
[5.696s] -- Up-to-date symlink: /home/home/dcp_ws/install/fairino_interfaces/share/fairino_interfaces/cmake/ament_cmake_export_targets-extras.cmake
[5.696s] -- Up-to-date symlink: /home/home/dcp_ws/install/fairino_interfaces/share/fairino_interfaces/cmake/rosidl_cmake_export_typesupport_targets-extras.cmake
[5.696s] -- Up-to-date symlink: /home/home/dcp_ws/install/fairino_interfaces/share/fairino_interfaces/cmake/rosidl_cmake_export_typesupport_libraries-extras.cmake
[5.696s] -- Up-to-date symlink: /home/home/dcp_ws/install/fairino_interfaces/share/fairino_interfaces/cmake/fairino_interfacesConfig.cmake
[5.696s] -- Up-to-date symlink: /home/home/dcp_ws/install/fairino_interfaces/share/fairino_interfaces/cmake/fairino_interfacesConfig-version.cmake
[5.696s] -- Up-to-date symlink: /home/home/dcp_ws/install/fairino_interfaces/share/fairino_interfaces/package.xml
[5.696s] -- Installing: /home/home/dcp_ws/install/fairino_interfaces/lib/libfairino_interfaces__rosidl_generator_c.so
[5.696s] -- Set runtime path of "/home/home/dcp_ws/install/fairino_interfaces/lib/libfairino_interfaces__rosidl_generator_c.so" to ""
[5.696s] -- Installing: /home/home/dcp_ws/install/fairino_interfaces/lib/libfairino_interfaces__rosidl_typesupport_fastrtps_c.so
[5.698s] -- Set runtime path of "/home/home/dcp_ws/install/fairino_interfaces/lib/libfairino_interfaces__rosidl_typesupport_fastrtps_c.so" to ""
[5.698s] -- Installing: /home/home/dcp_ws/install/fairino_interfaces/lib/libfairino_interfaces__rosidl_typesupport_introspection_c.so
[5.698s] -- Set runtime path of "/home/home/dcp_ws/install/fairino_interfaces/lib/libfairino_interfaces__rosidl_typesupport_introspection_c.so" to ""
[5.698s] -- Installing: /home/home/dcp_ws/install/fairino_interfaces/lib/libfairino_interfaces__rosidl_typesupport_c.so
[5.698s] -- Set runtime path of "/home/home/dcp_ws/install/fairino_interfaces/lib/libfairino_interfaces__rosidl_typesupport_c.so" to ""
[5.698s] -- Installing: /home/home/dcp_ws/install/fairino_interfaces/lib/libfairino_interfaces__rosidl_typesupport_fastrtps_cpp.so
[5.698s] -- Set runtime path of "/home/home/dcp_ws/install/fairino_interfaces/lib/libfairino_interfaces__rosidl_typesupport_fastrtps_cpp.so" to ""
[5.698s] -- Installing: /home/home/dcp_ws/install/fairino_interfaces/lib/libfairino_interfaces__rosidl_typesupport_introspection_cpp.so
[5.698s] -- Set runtime path of "/home/home/dcp_ws/install/fairino_interfaces/lib/libfairino_interfaces__rosidl_typesupport_introspection_cpp.so" to ""
[5.698s] -- Installing: /home/home/dcp_ws/install/fairino_interfaces/lib/libfairino_interfaces__rosidl_typesupport_cpp.so
[5.698s] -- Set runtime path of "/home/home/dcp_ws/install/fairino_interfaces/lib/libfairino_interfaces__rosidl_typesupport_cpp.so" to ""
[5.736s] Listing '/home/home/dcp_ws/install/fairino_interfaces/local/lib/python3.10/dist-packages/fairino_interfaces'...
[5.736s] Compiling '/home/home/dcp_ws/install/fairino_interfaces/local/lib/python3.10/dist-packages/fairino_interfaces/__init__.py'...
[5.736s] Listing '/home/home/dcp_ws/install/fairino_interfaces/local/lib/python3.10/dist-packages/fairino_interfaces/action'...
[5.736s] Compiling '/home/home/dcp_ws/install/fairino_interfaces/local/lib/python3.10/dist-packages/fairino_interfaces/action/__init__.py'...
[5.736s] Compiling '/home/home/dcp_ws/install/fairino_interfaces/local/lib/python3.10/dist-packages/fairino_interfaces/action/_gripper.py'...
[5.736s] Compiling '/home/home/dcp_ws/install/fairino_interfaces/local/lib/python3.10/dist-packages/fairino_interfaces/action/_joint_posture.py'...
[5.736s] Compiling '/home/home/dcp_ws/install/fairino_interfaces/local/lib/python3.10/dist-packages/fairino_interfaces/action/_move.py'...
[5.736s] Compiling '/home/home/dcp_ws/install/fairino_interfaces/local/lib/python3.10/dist-packages/fairino_interfaces/action/_qr.py'...
[5.737s] Compiling '/home/home/dcp_ws/install/fairino_interfaces/local/lib/python3.10/dist-packages/fairino_interfaces/action/_se3.py'...
[5.737s] Compiling '/home/home/dcp_ws/install/fairino_interfaces/local/lib/python3.10/dist-packages/fairino_interfaces/action/_se3_array.py'...
[5.737s] Compiling '/home/home/dcp_ws/install/fairino_interfaces/local/lib/python3.10/dist-packages/fairino_interfaces/action/_tool_changer.py'...
[5.737s] Listing '/home/home/dcp_ws/install/fairino_interfaces/local/lib/python3.10/dist-packages/fairino_interfaces/srv'...
[5.737s] Compiling '/home/home/dcp_ws/install/fairino_interfaces/local/lib/python3.10/dist-packages/fairino_interfaces/srv/__init__.py'...
[5.737s] Compiling '/home/home/dcp_ws/install/fairino_interfaces/local/lib/python3.10/dist-packages/fairino_interfaces/srv/_pick.py'...
[5.737s] Compiling '/home/home/dcp_ws/install/fairino_interfaces/local/lib/python3.10/dist-packages/fairino_interfaces/srv/_place.py'...
[5.739s] -- Installing: /home/home/dcp_ws/install/fairino_interfaces/lib/libfairino_interfaces__rosidl_generator_py.so
[5.740s] -- Set runtime path of "/home/home/dcp_ws/install/fairino_interfaces/lib/libfairino_interfaces__rosidl_generator_py.so" to ""
[5.740s] -- Up-to-date: /home/home/dcp_ws/install/fairino_interfaces/share/fairino_interfaces/cmake/export_fairino_interfaces__rosidl_generator_cExport.cmake
[5.740s] -- Up-to-date: /home/home/dcp_ws/install/fairino_interfaces/share/fairino_interfaces/cmake/export_fairino_interfaces__rosidl_generator_cExport-noconfig.cmake
[5.740s] -- Up-to-date: /home/home/dcp_ws/install/fairino_interfaces/share/fairino_interfaces/cmake/export_fairino_interfaces__rosidl_typesupport_fastrtps_cExport.cmake
[5.740s] -- Up-to-date: /home/home/dcp_ws/install/fairino_interfaces/share/fairino_interfaces/cmake/export_fairino_interfaces__rosidl_typesupport_fastrtps_cExport-noconfig.cmake
[5.741s] -- Up-to-date: /home/home/dcp_ws/install/fairino_interfaces/share/fairino_interfaces/cmake/fairino_interfaces__rosidl_typesupport_introspection_cExport.cmake
[5.741s] -- Up-to-date: /home/home/dcp_ws/install/fairino_interfaces/share/fairino_interfaces/cmake/fairino_interfaces__rosidl_typesupport_introspection_cExport-noconfig.cmake
[5.741s] -- Up-to-date: /home/home/dcp_ws/install/fairino_interfaces/share/fairino_interfaces/cmake/fairino_interfaces__rosidl_typesupport_cExport.cmake
[5.741s] -- Up-to-date: /home/home/dcp_ws/install/fairino_interfaces/share/fairino_interfaces/cmake/fairino_interfaces__rosidl_typesupport_cExport-noconfig.cmake
[5.741s] -- Up-to-date: /home/home/dcp_ws/install/fairino_interfaces/share/fairino_interfaces/cmake/export_fairino_interfaces__rosidl_generator_cppExport.cmake
[5.741s] -- Up-to-date: /home/home/dcp_ws/install/fairino_interfaces/share/fairino_interfaces/cmake/export_fairino_interfaces__rosidl_typesupport_fastrtps_cppExport.cmake
[5.741s] -- Up-to-date: /home/home/dcp_ws/install/fairino_interfaces/share/fairino_interfaces/cmake/export_fairino_interfaces__rosidl_typesupport_fastrtps_cppExport-noconfig.cmake
[5.741s] -- Up-to-date: /home/home/dcp_ws/install/fairino_interfaces/share/fairino_interfaces/cmake/fairino_interfaces__rosidl_typesupport_introspection_cppExport.cmake
[5.741s] -- Up-to-date: /home/home/dcp_ws/install/fairino_interfaces/share/fairino_interfaces/cmake/fairino_interfaces__rosidl_typesupport_introspection_cppExport-noconfig.cmake
[5.741s] -- Up-to-date: /home/home/dcp_ws/install/fairino_interfaces/share/fairino_interfaces/cmake/fairino_interfaces__rosidl_typesupport_cppExport.cmake
[5.742s] -- Up-to-date: /home/home/dcp_ws/install/fairino_interfaces/share/fairino_interfaces/cmake/fairino_interfaces__rosidl_typesupport_cppExport-noconfig.cmake
[5.742s] -- Up-to-date: /home/home/dcp_ws/install/fairino_interfaces/share/fairino_interfaces/cmake/export_fairino_interfaces__rosidl_generator_pyExport.cmake
[5.742s] -- Up-to-date: /home/home/dcp_ws/install/fairino_interfaces/share/fairino_interfaces/cmake/export_fairino_interfaces__rosidl_generator_pyExport-noconfig.cmake
[5.743s] Invoked command in '/home/home/dcp_ws/build/fairino_interfaces' returned '0': CMAKE_PREFIX_PATH=/home/home/dcp_ws/install/robotiq_description:/home/home/dcp_ws/install/isaacsim:/home/home/dcp_ws/install/fairino_rviz:/home/home/dcp_ws/install/fairino_action_manager:/home/home/dcp_ws/install/fairino_interfaces:/home/home/dcp_ws/install/fairino_description:/home/home/dcp_ws/install/dh_robotics_ag95_description:/home/home/dcp_ws/install/pak_hqp_controller:/home/home/dcp_ws/install/kimm_hqp_controller:/home/home/dcp_ws/install/kimm_trajectory_smoother:/home/home/dcp_ws/install/isaacsim_ros2:/home/home/kimm_ws/install/rb5_action_manager:/opt/ros/humble:/home/home/dcp_ws/install/kimm_qpoases:/home/home/gello_ws/install/franka_plugin:/home/home/gello_ws/install/franka_description:/home/home/gello_ws/install/dynamixel_sdk_examples:/home/home/gello_ws/install/dynamixel_sdk_custom_interfaces:/home/home/gello_ws/install/dynamixel:/home/home/gello_ws/install/dynamixel_sdk:/home/home/kimm_ws/install/rbpodo_bringup:/home/home/kimm_ws/install/rbpodo_hardware:/home/home/kimm_ws/install/rbpodo_msgs:/home/home/kimm_ws/install/rb3_730es_u_moveit_config:/home/home/kimm_ws/install/rbpodo_description:/home/home/kimm_ws/install/rb5_gui_manager:/home/home/kimm_ws/install/action_interface /usr/bin/cmake --install /home/home/dcp_ws/build/fairino_interfaces
