-- Install configuration: ""
-- Execute custom install script
-- Up-to-date symlink: /home/home/dcp_ws/install/robotiq_description/share/robotiq_description/config/robotiq_controllers.yaml
-- Up-to-date symlink: /home/home/dcp_ws/install/robotiq_description/share/robotiq_description/launch/robotiq_control.launch.py
-- Up-to-date symlink: /home/home/dcp_ws/install/robotiq_description/share/robotiq_description/launch/view_gripper.launch.py
-- Up-to-date symlink: /home/home/dcp_ws/install/robotiq_description/share/robotiq_description/meshes/collision/2f_140/robotiq_2f_140_base_link.stl
-- Up-to-date symlink: /home/home/dcp_ws/install/robotiq_description/share/robotiq_description/meshes/collision/2f_140/robotiq_2f_140_coupling.stl
-- Up-to-date symlink: /home/home/dcp_ws/install/robotiq_description/share/robotiq_description/meshes/collision/2f_140/robotiq_2f_140_inner_finger.stl
-- Up-to-date symlink: /home/home/dcp_ws/install/robotiq_description/share/robotiq_description/meshes/collision/2f_140/robotiq_2f_140_inner_knuckle.stl
-- Up-to-date symlink: /home/home/dcp_ws/install/robotiq_description/share/robotiq_description/meshes/collision/2f_140/robotiq_2f_140_outer_finger.stl
-- Up-to-date symlink: /home/home/dcp_ws/install/robotiq_description/share/robotiq_description/meshes/collision/2f_140/robotiq_2f_140_outer_knuckle.stl
-- Up-to-date symlink: /home/home/dcp_ws/install/robotiq_description/share/robotiq_description/meshes/collision/2f_85/left_finger.stl
-- Up-to-date symlink: /home/home/dcp_ws/install/robotiq_description/share/robotiq_description/meshes/collision/2f_85/left_finger_tip.stl
-- Up-to-date symlink: /home/home/dcp_ws/install/robotiq_description/share/robotiq_description/meshes/collision/2f_85/left_inner_knuckle.stl
-- Up-to-date symlink: /home/home/dcp_ws/install/robotiq_description/share/robotiq_description/meshes/collision/2f_85/left_knuckle.stl
-- Up-to-date symlink: /home/home/dcp_ws/install/robotiq_description/share/robotiq_description/meshes/collision/2f_85/right_finger.stl
-- Up-to-date symlink: /home/home/dcp_ws/install/robotiq_description/share/robotiq_description/meshes/collision/2f_85/right_finger_tip.stl
-- Up-to-date symlink: /home/home/dcp_ws/install/robotiq_description/share/robotiq_description/meshes/collision/2f_85/right_inner_knuckle.stl
-- Up-to-date symlink: /home/home/dcp_ws/install/robotiq_description/share/robotiq_description/meshes/collision/2f_85/right_knuckle.stl
-- Up-to-date symlink: /home/home/dcp_ws/install/robotiq_description/share/robotiq_description/meshes/collision/2f_85/robotiq_base.stl
-- Up-to-date symlink: /home/home/dcp_ws/install/robotiq_description/share/robotiq_description/meshes/collision/2f_85/ur_to_robotiq_adapter.stl
-- Up-to-date symlink: /home/home/dcp_ws/install/robotiq_description/share/robotiq_description/meshes/fairino5_v6/base_link.STL
-- Up-to-date symlink: /home/home/dcp_ws/install/robotiq_description/share/robotiq_description/meshes/fairino5_v6/forearm_link.STL
-- Up-to-date symlink: /home/home/dcp_ws/install/robotiq_description/share/robotiq_description/meshes/fairino5_v6/shoulder_link.STL
-- Up-to-date symlink: /home/home/dcp_ws/install/robotiq_description/share/robotiq_description/meshes/fairino5_v6/upperarm_link.STL
-- Up-to-date symlink: /home/home/dcp_ws/install/robotiq_description/share/robotiq_description/meshes/fairino5_v6/wrist1_link.STL
-- Up-to-date symlink: /home/home/dcp_ws/install/robotiq_description/share/robotiq_description/meshes/fairino5_v6/wrist2_link.STL
-- Up-to-date symlink: /home/home/dcp_ws/install/robotiq_description/share/robotiq_description/meshes/fairino5_v6/wrist3_link.STL
-- Up-to-date symlink: /home/home/dcp_ws/install/robotiq_description/share/robotiq_description/meshes/visual/2f_140/robotiq_2f_140_base_link.stl
-- Up-to-date symlink: /home/home/dcp_ws/install/robotiq_description/share/robotiq_description/meshes/visual/2f_140/robotiq_2f_140_coupling.stl
-- Up-to-date symlink: /home/home/dcp_ws/install/robotiq_description/share/robotiq_description/meshes/visual/2f_140/robotiq_2f_140_inner_finger.stl
-- Up-to-date symlink: /home/home/dcp_ws/install/robotiq_description/share/robotiq_description/meshes/visual/2f_140/robotiq_2f_140_inner_knuckle.stl
-- Up-to-date symlink: /home/home/dcp_ws/install/robotiq_description/share/robotiq_description/meshes/visual/2f_140/robotiq_2f_140_outer_finger.stl
-- Up-to-date symlink: /home/home/dcp_ws/install/robotiq_description/share/robotiq_description/meshes/visual/2f_140/robotiq_2f_140_outer_knuckle.stl
-- Up-to-date symlink: /home/home/dcp_ws/install/robotiq_description/share/robotiq_description/meshes/visual/2f_85/left_finger.dae
-- Up-to-date symlink: /home/home/dcp_ws/install/robotiq_description/share/robotiq_description/meshes/visual/2f_85/left_finger_tip.dae
-- Up-to-date symlink: /home/home/dcp_ws/install/robotiq_description/share/robotiq_description/meshes/visual/2f_85/left_inner_knuckle.dae
-- Up-to-date symlink: /home/home/dcp_ws/install/robotiq_description/share/robotiq_description/meshes/visual/2f_85/left_knuckle.dae
-- Up-to-date symlink: /home/home/dcp_ws/install/robotiq_description/share/robotiq_description/meshes/visual/2f_85/right_finger.dae
-- Up-to-date symlink: /home/home/dcp_ws/install/robotiq_description/share/robotiq_description/meshes/visual/2f_85/right_finger_tip.dae
-- Up-to-date symlink: /home/home/dcp_ws/install/robotiq_description/share/robotiq_description/meshes/visual/2f_85/right_inner_knuckle.dae
-- Up-to-date symlink: /home/home/dcp_ws/install/robotiq_description/share/robotiq_description/meshes/visual/2f_85/right_knuckle.dae
-- Up-to-date symlink: /home/home/dcp_ws/install/robotiq_description/share/robotiq_description/meshes/visual/2f_85/robotiq_base.dae
-- Up-to-date symlink: /home/home/dcp_ws/install/robotiq_description/share/robotiq_description/meshes/visual/2f_85/ur_to_robotiq_adapter.dae
-- Up-to-date symlink: /home/home/dcp_ws/install/robotiq_description/share/robotiq_description/rviz/view_urdf.rviz
-- Up-to-date symlink: /home/home/dcp_ws/install/robotiq_description/share/robotiq_description/urdf/2f_140.ros2_control.xacro
-- Up-to-date symlink: /home/home/dcp_ws/install/robotiq_description/share/robotiq_description/urdf/2f_85.ros2_control.xacro
-- Up-to-date symlink: /home/home/dcp_ws/install/robotiq_description/share/robotiq_description/urdf/fairino5_v6_2f_140.urdf
-- Up-to-date symlink: /home/home/dcp_ws/install/robotiq_description/share/robotiq_description/urdf/fairino5_v6_2f_140/configuration/fairino5_v6_2f_140_base.usd
-- Up-to-date symlink: /home/home/dcp_ws/install/robotiq_description/share/robotiq_description/urdf/fairino5_v6_2f_140/configuration/fairino5_v6_2f_140_physics.usd
-- Up-to-date symlink: /home/home/dcp_ws/install/robotiq_description/share/robotiq_description/urdf/fairino5_v6_2f_140/configuration/fairino5_v6_2f_140_robot.usd
-- Up-to-date symlink: /home/home/dcp_ws/install/robotiq_description/share/robotiq_description/urdf/fairino5_v6_2f_140/configuration/fairino5_v6_2f_140_sensor.usd
-- Up-to-date symlink: /home/home/dcp_ws/install/robotiq_description/share/robotiq_description/urdf/fairino5_v6_2f_140/fairino5_v6_2f_140.usd
-- Up-to-date symlink: /home/home/dcp_ws/install/robotiq_description/share/robotiq_description/urdf/fr5_2f_140/configuration/fr5_2f_140_base.usd
-- Up-to-date symlink: /home/home/dcp_ws/install/robotiq_description/share/robotiq_description/urdf/fr5_2f_140/configuration/fr5_2f_140_physics.usd
-- Up-to-date symlink: /home/home/dcp_ws/install/robotiq_description/share/robotiq_description/urdf/fr5_2f_140/configuration/fr5_2f_140_robot.usd
-- Up-to-date symlink: /home/home/dcp_ws/install/robotiq_description/share/robotiq_description/urdf/fr5_2f_140/configuration/fr5_2f_140_sensor.usd
-- Up-to-date symlink: /home/home/dcp_ws/install/robotiq_description/share/robotiq_description/urdf/fr5_2f_140/fr5_2f_140.usd
-- Up-to-date symlink: /home/home/dcp_ws/install/robotiq_description/share/robotiq_description/urdf/robotiq_2f_140.xacro
-- Up-to-date symlink: /home/home/dcp_ws/install/robotiq_description/share/robotiq_description/urdf/robotiq_2f_140_gripper.urdf
-- Up-to-date symlink: /home/home/dcp_ws/install/robotiq_description/share/robotiq_description/urdf/robotiq_2f_140_gripper.urdf.xacro
-- Up-to-date symlink: /home/home/dcp_ws/install/robotiq_description/share/robotiq_description/urdf/robotiq_2f_140_gripper/configuration/robotiq_2f_140_gripper_base.usd
-- Up-to-date symlink: /home/home/dcp_ws/install/robotiq_description/share/robotiq_description/urdf/robotiq_2f_140_gripper/configuration/robotiq_2f_140_gripper_physics.usd
-- Up-to-date symlink: /home/home/dcp_ws/install/robotiq_description/share/robotiq_description/urdf/robotiq_2f_140_gripper/configuration/robotiq_2f_140_gripper_robot.usd
-- Up-to-date symlink: /home/home/dcp_ws/install/robotiq_description/share/robotiq_description/urdf/robotiq_2f_140_gripper/configuration/robotiq_2f_140_gripper_sensor.usd
-- Up-to-date symlink: /home/home/dcp_ws/install/robotiq_description/share/robotiq_description/urdf/robotiq_2f_140_gripper/robotiq_2f_140_gripper.usd
-- Up-to-date symlink: /home/home/dcp_ws/install/robotiq_description/share/robotiq_description/urdf/robotiq_2f_140_macro.urdf.xacro
-- Up-to-date symlink: /home/home/dcp_ws/install/robotiq_description/share/robotiq_description/urdf/robotiq_2f_85_gripper.urdf.xacro
-- Up-to-date symlink: /home/home/dcp_ws/install/robotiq_description/share/robotiq_description/urdf/robotiq_2f_85_macro.urdf.xacro
-- Up-to-date symlink: /home/home/dcp_ws/install/robotiq_description/share/robotiq_description/urdf/ur_to_robotiq_adapter.urdf.xacro
-- Up-to-date symlink: /home/home/dcp_ws/install/robotiq_description/share/ament_index/resource_index/package_run_dependencies/robotiq_description
-- Up-to-date symlink: /home/home/dcp_ws/install/robotiq_description/share/ament_index/resource_index/parent_prefix_path/robotiq_description
-- Up-to-date symlink: /home/home/dcp_ws/install/robotiq_description/share/robotiq_description/environment/ament_prefix_path.sh
-- Up-to-date symlink: /home/home/dcp_ws/install/robotiq_description/share/robotiq_description/environment/ament_prefix_path.dsv
-- Up-to-date symlink: /home/home/dcp_ws/install/robotiq_description/share/robotiq_description/environment/path.sh
-- Up-to-date symlink: /home/home/dcp_ws/install/robotiq_description/share/robotiq_description/environment/path.dsv
-- Up-to-date symlink: /home/home/dcp_ws/install/robotiq_description/share/robotiq_description/local_setup.bash
-- Up-to-date symlink: /home/home/dcp_ws/install/robotiq_description/share/robotiq_description/local_setup.sh
-- Up-to-date symlink: /home/home/dcp_ws/install/robotiq_description/share/robotiq_description/local_setup.zsh
-- Up-to-date symlink: /home/home/dcp_ws/install/robotiq_description/share/robotiq_description/local_setup.dsv
-- Symlinking: /home/home/dcp_ws/install/robotiq_description/share/robotiq_description/package.dsv
-- Up-to-date symlink: /home/home/dcp_ws/install/robotiq_description/share/ament_index/resource_index/packages/robotiq_description
-- Up-to-date symlink: /home/home/dcp_ws/install/robotiq_description/share/robotiq_description/cmake/robotiq_descriptionConfig.cmake
-- Up-to-date symlink: /home/home/dcp_ws/install/robotiq_description/share/robotiq_description/cmake/robotiq_descriptionConfig-version.cmake
-- Up-to-date symlink: /home/home/dcp_ws/install/robotiq_description/share/robotiq_description/package.xml
