[0.270s] Invoking command in '/home/home/dcp_ws/build/pak_hqp_controller': CMAKE_PREFIX_PATH=/home/home/dcp_ws/install/robotiq_description:/home/home/dcp_ws/install/pak_hqp_controller:/home/home/dcp_ws/install/kimm_hqp_controller:/home/home/dcp_ws/install/kimm_trajectory_smoother:/home/home/dcp_ws/install/isaacsim_ros2:/home/home/fairino_ros2_ws/install/isaacsim_ros2:/opt/ros/humble:/home/home/dcp_ws/install/kimm_qpoases:/home/home/dcp_ws/install/isaacsim:/home/home/dcp_ws/install/fairino_rviz:/home/home/dcp_ws/install/fairino_action_manager:/home/home/dcp_ws/install/fairino_interfaces:/home/home/dcp_ws/install/fairino_description:/home/home/dcp_ws/install/dh_robotics_ag95_description:/home/home/fairino_ros2_ws/install/kimm_hqp_controller:/home/home/fairino_ros2_ws/install/kimm_trajectory_smoother:/home/home/fairino_ros2_ws/install/kimm_qpoases:/home/home/fairino_ros2_ws/install/isaacsim:/home/home/fairino_ros2_ws/install/fairino_rviz:/home/home/fairino_ros2_ws/install/fairino_action_manager:/home/home/fairino_ros2_ws/install/fairino_interfaces:/home/home/fairino_ros2_ws/install/fairino_description:/home/home/fairino_ros2_ws/install/dh_robotics_ag95_description /usr/bin/cmake --build /home/home/dcp_ws/build/pak_hqp_controller -- -j10 -l10
[0.341s] [100%] Built target pak_hqp_controller
[0.416s] Invoked command in '/home/home/dcp_ws/build/pak_hqp_controller' returned '0': CMAKE_PREFIX_PATH=/home/home/dcp_ws/install/robotiq_description:/home/home/dcp_ws/install/pak_hqp_controller:/home/home/dcp_ws/install/kimm_hqp_controller:/home/home/dcp_ws/install/kimm_trajectory_smoother:/home/home/dcp_ws/install/isaacsim_ros2:/home/home/fairino_ros2_ws/install/isaacsim_ros2:/opt/ros/humble:/home/home/dcp_ws/install/kimm_qpoases:/home/home/dcp_ws/install/isaacsim:/home/home/dcp_ws/install/fairino_rviz:/home/home/dcp_ws/install/fairino_action_manager:/home/home/dcp_ws/install/fairino_interfaces:/home/home/dcp_ws/install/fairino_description:/home/home/dcp_ws/install/dh_robotics_ag95_description:/home/home/fairino_ros2_ws/install/kimm_hqp_controller:/home/home/fairino_ros2_ws/install/kimm_trajectory_smoother:/home/home/fairino_ros2_ws/install/kimm_qpoases:/home/home/fairino_ros2_ws/install/isaacsim:/home/home/fairino_ros2_ws/install/fairino_rviz:/home/home/fairino_ros2_ws/install/fairino_action_manager:/home/home/fairino_ros2_ws/install/fairino_interfaces:/home/home/fairino_ros2_ws/install/fairino_description:/home/home/fairino_ros2_ws/install/dh_robotics_ag95_description /usr/bin/cmake --build /home/home/dcp_ws/build/pak_hqp_controller -- -j10 -l10
[0.416s] Invoking command in '/home/home/dcp_ws/build/pak_hqp_controller': CMAKE_PREFIX_PATH=/home/home/dcp_ws/install/robotiq_description:/home/home/dcp_ws/install/pak_hqp_controller:/home/home/dcp_ws/install/kimm_hqp_controller:/home/home/dcp_ws/install/kimm_trajectory_smoother:/home/home/dcp_ws/install/isaacsim_ros2:/home/home/fairino_ros2_ws/install/isaacsim_ros2:/opt/ros/humble:/home/home/dcp_ws/install/kimm_qpoases:/home/home/dcp_ws/install/isaacsim:/home/home/dcp_ws/install/fairino_rviz:/home/home/dcp_ws/install/fairino_action_manager:/home/home/dcp_ws/install/fairino_interfaces:/home/home/dcp_ws/install/fairino_description:/home/home/dcp_ws/install/dh_robotics_ag95_description:/home/home/fairino_ros2_ws/install/kimm_hqp_controller:/home/home/fairino_ros2_ws/install/kimm_trajectory_smoother:/home/home/fairino_ros2_ws/install/kimm_qpoases:/home/home/fairino_ros2_ws/install/isaacsim:/home/home/fairino_ros2_ws/install/fairino_rviz:/home/home/fairino_ros2_ws/install/fairino_action_manager:/home/home/fairino_ros2_ws/install/fairino_interfaces:/home/home/fairino_ros2_ws/install/fairino_description:/home/home/fairino_ros2_ws/install/dh_robotics_ag95_description /usr/bin/cmake --install /home/home/dcp_ws/build/pak_hqp_controller
[0.433s] -- Install configuration: ""
[0.433s] -- Up-to-date: /home/home/dcp_ws/install/pak_hqp_controller/lib/libpak_hqp_controller.so
[0.433s] -- Up-to-date: /home/home/dcp_ws/install/pak_hqp_controller/include/
[0.433s] -- Up-to-date: /home/home/dcp_ws/install/pak_hqp_controller/include//pak_hqp_controller
[0.433s] -- Up-to-date: /home/home/dcp_ws/install/pak_hqp_controller/include//pak_hqp_controller/robot
[0.433s] -- Up-to-date: /home/home/dcp_ws/install/pak_hqp_controller/include//pak_hqp_controller/robot/robot_wrapper.hpp
[0.433s] -- Up-to-date: /home/home/dcp_ws/install/pak_hqp_controller/include//pak_hqp_controller/controller
[0.433s] -- Up-to-date: /home/home/dcp_ws/install/pak_hqp_controller/include//pak_hqp_controller/controller/controller.hpp
[0.433s] -- Up-to-date: /home/home/dcp_ws/install/pak_hqp_controller/include//pak_hqp_controller/solver
[0.433s] -- Up-to-date: /home/home/dcp_ws/install/pak_hqp_controller/include//pak_hqp_controller/solver/solver.hpp
[0.433s] -- Up-to-date: /home/home/dcp_ws/install/pak_hqp_controller/include//pak_hqp_controller/task
[0.433s] -- Up-to-date: /home/home/dcp_ws/install/pak_hqp_controller/include//pak_hqp_controller/task/task_singularity_avoidacne.hpp
[0.433s] -- Up-to-date: /home/home/dcp_ws/install/pak_hqp_controller/include//pak_hqp_controller/task/task_base.hpp
[0.433s] -- Up-to-date: /home/home/dcp_ws/install/pak_hqp_controller/include//pak_hqp_controller/task/task_se3_equality.hpp
[0.433s] -- Up-to-date: /home/home/dcp_ws/install/pak_hqp_controller/include//pak_hqp_controller/task/task_parallel_grasp.hpp
[0.433s] -- Up-to-date: /home/home/dcp_ws/install/pak_hqp_controller/include//pak_hqp_controller/task/constraint_base.hpp
[0.433s] -- Up-to-date: /home/home/dcp_ws/install/pak_hqp_controller/share/pak_hqp_controller/environment/library_path.sh
[0.433s] -- Up-to-date: /home/home/dcp_ws/install/pak_hqp_controller/share/pak_hqp_controller/environment/library_path.dsv
[0.433s] -- Up-to-date: /home/home/dcp_ws/install/pak_hqp_controller/share/ament_index/resource_index/package_run_dependencies/pak_hqp_controller
[0.434s] -- Up-to-date: /home/home/dcp_ws/install/pak_hqp_controller/share/ament_index/resource_index/parent_prefix_path/pak_hqp_controller
[0.434s] -- Up-to-date: /home/home/dcp_ws/install/pak_hqp_controller/share/pak_hqp_controller/environment/ament_prefix_path.sh
[0.434s] -- Up-to-date: /home/home/dcp_ws/install/pak_hqp_controller/share/pak_hqp_controller/environment/ament_prefix_path.dsv
[0.434s] -- Up-to-date: /home/home/dcp_ws/install/pak_hqp_controller/share/pak_hqp_controller/environment/path.sh
[0.434s] -- Up-to-date: /home/home/dcp_ws/install/pak_hqp_controller/share/pak_hqp_controller/environment/path.dsv
[0.434s] -- Up-to-date: /home/home/dcp_ws/install/pak_hqp_controller/share/pak_hqp_controller/local_setup.bash
[0.434s] -- Up-to-date: /home/home/dcp_ws/install/pak_hqp_controller/share/pak_hqp_controller/local_setup.sh
[0.435s] -- Up-to-date: /home/home/dcp_ws/install/pak_hqp_controller/share/pak_hqp_controller/local_setup.zsh
[0.435s] -- Up-to-date: /home/home/dcp_ws/install/pak_hqp_controller/share/pak_hqp_controller/local_setup.dsv
[0.435s] -- Installing: /home/home/dcp_ws/install/pak_hqp_controller/share/pak_hqp_controller/package.dsv
[0.435s] -- Up-to-date: /home/home/dcp_ws/install/pak_hqp_controller/share/ament_index/resource_index/packages/pak_hqp_controller
[0.435s] -- Up-to-date: /home/home/dcp_ws/install/pak_hqp_controller/share/pak_hqp_controller/cmake/export_pak_hqp_controllerExport.cmake
[0.435s] -- Up-to-date: /home/home/dcp_ws/install/pak_hqp_controller/share/pak_hqp_controller/cmake/export_pak_hqp_controllerExport-noconfig.cmake
[0.435s] -- Up-to-date: /home/home/dcp_ws/install/pak_hqp_controller/share/pak_hqp_controller/cmake/ament_cmake_export_include_directories-extras.cmake
[0.435s] -- Up-to-date: /home/home/dcp_ws/install/pak_hqp_controller/share/pak_hqp_controller/cmake/ament_cmake_export_targets-extras.cmake
[0.435s] -- Up-to-date: /home/home/dcp_ws/install/pak_hqp_controller/share/pak_hqp_controller/cmake/ament_cmake_export_libraries-extras.cmake
[0.435s] -- Up-to-date: /home/home/dcp_ws/install/pak_hqp_controller/share/pak_hqp_controller/cmake/pak_hqp_controllerConfig.cmake
[0.435s] -- Up-to-date: /home/home/dcp_ws/install/pak_hqp_controller/share/pak_hqp_controller/cmake/pak_hqp_controllerConfig-version.cmake
[0.435s] -- Up-to-date: /home/home/dcp_ws/install/pak_hqp_controller/share/pak_hqp_controller/package.xml
[0.440s] Invoked command in '/home/home/dcp_ws/build/pak_hqp_controller' returned '0': CMAKE_PREFIX_PATH=/home/home/dcp_ws/install/robotiq_description:/home/home/dcp_ws/install/pak_hqp_controller:/home/home/dcp_ws/install/kimm_hqp_controller:/home/home/dcp_ws/install/kimm_trajectory_smoother:/home/home/dcp_ws/install/isaacsim_ros2:/home/home/fairino_ros2_ws/install/isaacsim_ros2:/opt/ros/humble:/home/home/dcp_ws/install/kimm_qpoases:/home/home/dcp_ws/install/isaacsim:/home/home/dcp_ws/install/fairino_rviz:/home/home/dcp_ws/install/fairino_action_manager:/home/home/dcp_ws/install/fairino_interfaces:/home/home/dcp_ws/install/fairino_description:/home/home/dcp_ws/install/dh_robotics_ag95_description:/home/home/fairino_ros2_ws/install/kimm_hqp_controller:/home/home/fairino_ros2_ws/install/kimm_trajectory_smoother:/home/home/fairino_ros2_ws/install/kimm_qpoases:/home/home/fairino_ros2_ws/install/isaacsim:/home/home/fairino_ros2_ws/install/fairino_rviz:/home/home/fairino_ros2_ws/install/fairino_action_manager:/home/home/fairino_ros2_ws/install/fairino_interfaces:/home/home/fairino_ros2_ws/install/fairino_description:/home/home/fairino_ros2_ws/install/dh_robotics_ag95_description /usr/bin/cmake --install /home/home/dcp_ws/build/pak_hqp_controller
