-- Found ament_cmake: 1.3.11 (/opt/ros/humble/share/ament_cmake/cmake)
-- Found Python3: /usr/bin/python3 (found version "3.10.12") found components: Interpreter 
-- Override CMake install command with custom implementation using symlinks instead of copying resources
-- pinocchio_default FOUND. pinocchio_default at /opt/ros/humble/lib/x86_64-linux-gnu/libpinocchio_default.so
-- pinocchio_parsers FOUND. pinocchio_parsers at /opt/ros/humble/lib/x86_64-linux-gnu/libpinocchio_parsers.so
-- boost_filesystem FOUND. boost_filesystem at /lib/x86_64-linux-gnu/libboost_filesystem.so
-- boost_serialization FOUND. boost_serialization at /lib/x86_64-linux-gnu/libboost_serialization.so
-- boost_system FOUND. boost_system at /lib/x86_64-linux-gnu/libboost_system.so
-- Found Boost: /usr/include (found version "1.74.0") found components: filesystem serialization system 
-- eigenpy FOUND. eigenpy at /opt/ros/humble/lib/x86_64-linux-gnu/libeigenpy.so
-- Checking for NumPy
--   NUMPY_INCLUDE_DIRS=/usr/lib/python3/dist-packages/numpy/core/include
--   NUMPY_VERSION=1.21.5
-- Found Python3: /usr/bin/python3 (found version "3.10.12") found components: Interpreter Development.Module NumPy 
-- PythonLibraryDirs: 
-- PythonLibVersionString: 3.10.12
-- Python site lib: lib/python3.10/site-packages
-- Python include dirs: /usr/include/python3.10
-- Checking for NumPy
--   NUMPY_INCLUDE_DIRS=/usr/lib/python3/dist-packages/numpy/core/include
--   NUMPY_VERSION=1.21.5
-- NumPy include dir: /usr/lib/python3/dist-packages/numpy/core/include
-- Found Boost: /usr/include (found version "1.74.0") found components: python310 
-- Default C++ standard: 201703
-- C++ standard sufficient: Minimal required 11, currently defined: 17
-- CMAKE_CXX_STANDARD was not set: automatically set to currently defined standard 17
-- hpp-fcl FOUND. hpp-fcl at /opt/ros/humble/lib/x86_64-linux-gnu/libhpp-fcl.so
-- Found Boost: /usr/include (found version "1.74.0") found components: chrono serialization filesystem 
-- C++ standard sufficient: Minimal required 11, currently defined: 17
-- C++ standard sufficient: Minimal required 11, currently defined: 17
-- Configuring done
-- Generating done
-- Build files have been written to: /home/home/dcp_ws/build/pak_hqp_controller
[35m[1mConsolidate compiler generated dependencies of target pak_hqp_controller[0m
[100%] Built target pak_hqp_controller
-- Install configuration: ""
-- Execute custom install script
-- Symlinking: /home/home/dcp_ws/install/pak_hqp_controller/include//pak_hqp_controller/controller/controller.hpp
-- Symlinking: /home/home/dcp_ws/install/pak_hqp_controller/include//pak_hqp_controller/robot/robot_wrapper.hpp
-- Symlinking: /home/home/dcp_ws/install/pak_hqp_controller/include//pak_hqp_controller/solver/solver.hpp
-- Symlinking: /home/home/dcp_ws/install/pak_hqp_controller/include//pak_hqp_controller/task/constraint_base.hpp
-- Symlinking: /home/home/dcp_ws/install/pak_hqp_controller/include//pak_hqp_controller/task/task_base.hpp
-- Symlinking: /home/home/dcp_ws/install/pak_hqp_controller/include//pak_hqp_controller/task/task_only_yaw_free.hpp
-- Symlinking: /home/home/dcp_ws/install/pak_hqp_controller/include//pak_hqp_controller/task/task_se3_equality.hpp
-- Symlinking: /home/home/dcp_ws/install/pak_hqp_controller/include//pak_hqp_controller/task/task_singularity_avoidacne.hpp
-- Symlinking: /home/home/dcp_ws/install/pak_hqp_controller/share/pak_hqp_controller/environment/library_path.sh
-- Symlinking: /home/home/dcp_ws/install/pak_hqp_controller/share/pak_hqp_controller/environment/library_path.dsv
-- Symlinking: /home/home/dcp_ws/install/pak_hqp_controller/share/ament_index/resource_index/package_run_dependencies/pak_hqp_controller
-- Symlinking: /home/home/dcp_ws/install/pak_hqp_controller/share/ament_index/resource_index/parent_prefix_path/pak_hqp_controller
-- Symlinking: /home/home/dcp_ws/install/pak_hqp_controller/share/pak_hqp_controller/environment/ament_prefix_path.sh
-- Symlinking: /home/home/dcp_ws/install/pak_hqp_controller/share/pak_hqp_controller/environment/ament_prefix_path.dsv
-- Symlinking: /home/home/dcp_ws/install/pak_hqp_controller/share/pak_hqp_controller/environment/path.sh
-- Symlinking: /home/home/dcp_ws/install/pak_hqp_controller/share/pak_hqp_controller/environment/path.dsv
-- Symlinking: /home/home/dcp_ws/install/pak_hqp_controller/share/pak_hqp_controller/local_setup.bash
-- Symlinking: /home/home/dcp_ws/install/pak_hqp_controller/share/pak_hqp_controller/local_setup.sh
-- Symlinking: /home/home/dcp_ws/install/pak_hqp_controller/share/pak_hqp_controller/local_setup.zsh
-- Symlinking: /home/home/dcp_ws/install/pak_hqp_controller/share/pak_hqp_controller/local_setup.dsv
-- Symlinking: /home/home/dcp_ws/install/pak_hqp_controller/share/pak_hqp_controller/package.dsv
-- Symlinking: /home/home/dcp_ws/install/pak_hqp_controller/share/ament_index/resource_index/packages/pak_hqp_controller
-- Symlinking: /home/home/dcp_ws/install/pak_hqp_controller/share/pak_hqp_controller/cmake/ament_cmake_export_include_directories-extras.cmake
-- Symlinking: /home/home/dcp_ws/install/pak_hqp_controller/share/pak_hqp_controller/cmake/ament_cmake_export_targets-extras.cmake
-- Symlinking: /home/home/dcp_ws/install/pak_hqp_controller/share/pak_hqp_controller/cmake/ament_cmake_export_libraries-extras.cmake
-- Symlinking: /home/home/dcp_ws/install/pak_hqp_controller/share/pak_hqp_controller/cmake/pak_hqp_controllerConfig.cmake
-- Symlinking: /home/home/dcp_ws/install/pak_hqp_controller/share/pak_hqp_controller/cmake/pak_hqp_controllerConfig-version.cmake
-- Symlinking: /home/home/dcp_ws/install/pak_hqp_controller/share/pak_hqp_controller/package.xml
-- Up-to-date: /home/home/dcp_ws/install/pak_hqp_controller/lib/libpak_hqp_controller.so
-- Up-to-date: /home/home/dcp_ws/install/pak_hqp_controller/share/pak_hqp_controller/cmake/export_pak_hqp_controllerExport.cmake
-- Up-to-date: /home/home/dcp_ws/install/pak_hqp_controller/share/pak_hqp_controller/cmake/export_pak_hqp_controllerExport-noconfig.cmake
