[0.163s] Invoking command in '/home/home/dcp_ws/build/pak_hqp_controller': CMAKE_PREFIX_PATH=/home/home/dcp_ws/install/robotiq_description:/home/home/dcp_ws/install/isaacsim:/home/home/dcp_ws/install/fairino_rviz:/home/home/dcp_ws/install/fairino_action_manager:/home/home/dcp_ws/install/fairino_interfaces:/home/home/dcp_ws/install/fairino_description:/home/home/dcp_ws/install/dh_robotics_ag95_description:/home/home/dcp_ws/install/pak_hqp_controller:/home/home/dcp_ws/install/kimm_hqp_controller:/home/home/dcp_ws/install/kimm_trajectory_smoother:/home/home/dcp_ws/install/isaacsim_ros2:/home/home/kimm_ws/install/rb5_action_manager:/opt/ros/humble:/home/home/dcp_ws/install/kimm_qpoases:/home/home/gello_ws/install/franka_plugin:/home/home/gello_ws/install/franka_description:/home/home/gello_ws/install/dynamixel_sdk_examples:/home/home/gello_ws/install/dynamixel_sdk_custom_interfaces:/home/home/gello_ws/install/dynamixel:/home/home/gello_ws/install/dynamixel_sdk:/home/home/kimm_ws/install/rbpodo_bringup:/home/home/kimm_ws/install/rbpodo_hardware:/home/home/kimm_ws/install/rbpodo_msgs:/home/home/kimm_ws/install/rb3_730es_u_moveit_config:/home/home/kimm_ws/install/rbpodo_description:/home/home/kimm_ws/install/rb5_gui_manager:/home/home/kimm_ws/install/action_interface /usr/bin/cmake /home/home/dcp_ws/src/fairino/pak_hqp_controller -DAMENT_CMAKE_SYMLINK_INSTALL=1 -DCMAKE_INSTALL_PREFIX=/home/home/dcp_ws/install/pak_hqp_controller
[0.183s] -- Found ament_cmake: 1.3.11 (/opt/ros/humble/share/ament_cmake/cmake)
[0.216s] -- Found Python3: /usr/bin/python3 (found version "3.10.12") found components: Interpreter 
[0.261s] -- Override CMake install command with custom implementation using symlinks instead of copying resources
[0.266s] -- pinocchio_default FOUND. pinocchio_default at /opt/ros/humble/lib/x86_64-linux-gnu/libpinocchio_default.so
[0.266s] -- pinocchio_parsers FOUND. pinocchio_parsers at /opt/ros/humble/lib/x86_64-linux-gnu/libpinocchio_parsers.so
[0.269s] -- boost_filesystem FOUND. boost_filesystem at /lib/x86_64-linux-gnu/libboost_filesystem.so
[0.269s] -- boost_serialization FOUND. boost_serialization at /lib/x86_64-linux-gnu/libboost_serialization.so
[0.270s] -- boost_system FOUND. boost_system at /lib/x86_64-linux-gnu/libboost_system.so
[0.276s] -- Found Boost: /usr/include (found version "1.74.0") found components: filesystem serialization system 
[0.277s] -- eigenpy FOUND. eigenpy at /opt/ros/humble/lib/x86_64-linux-gnu/libeigenpy.so
[0.297s] -- Checking for NumPy
[0.422s] --   NUMPY_INCLUDE_DIRS=/usr/lib/python3/dist-packages/numpy/core/include
[0.489s] --   NUMPY_VERSION=1.21.5
[0.682s] -- Found Python3: /usr/bin/python3 (found version "3.10.12") found components: Interpreter Development.Module NumPy 
[0.682s] -- PythonLibraryDirs: 
[0.682s] -- PythonLibVersionString: 3.10.12
[0.699s] -- Python site lib: lib/python3.10/site-packages
[0.699s] -- Python include dirs: /usr/include/python3.10
[0.742s] -- Checking for NumPy
[0.805s] --   NUMPY_INCLUDE_DIRS=/usr/lib/python3/dist-packages/numpy/core/include
[0.870s] --   NUMPY_VERSION=1.21.5
[0.870s] -- NumPy include dir: /usr/lib/python3/dist-packages/numpy/core/include
[0.872s] [33mCMake Warning at /usr/share/cmake-3.22/Modules/FindBoost.cmake:2201 (message):
[0.872s]   No header defined for python310; skipping header check (note: header-only
[0.872s]   libraries have no designated component)
[0.872s] Call Stack (most recent call first):
[0.872s]   /opt/ros/humble/lib/x86_64-linux-gnu/cmake/eigenpy/boost.cmake:148 (find_package)
[0.872s]   /opt/ros/humble/lib/x86_64-linux-gnu/cmake/eigenpy/eigenpyConfig.cmake:149 (SEARCH_FOR_BOOST_PYTHON)
[0.872s]   /usr/share/cmake-3.22/Modules/CMakeFindDependencyMacro.cmake:47 (find_package)
[0.872s]   /opt/ros/humble/lib/x86_64-linux-gnu/cmake/pinocchio/pinocchioConfig.cmake:161 (find_dependency)
[0.872s]   CMakeLists.txt:6 (find_package)
[0.872s] 
[0.872s] [0m
[0.877s] -- Found Boost: /usr/include (found version "1.74.0") found components: python310 
[1.051s] -- Default C++ standard: 201703
[1.051s] -- C++ standard sufficient: Minimal required 11, currently defined: 17
[1.051s] -- CMAKE_CXX_STANDARD was not set: automatically set to currently defined standard 17
[1.052s] -- hpp-fcl FOUND. hpp-fcl at /opt/ros/humble/lib/x86_64-linux-gnu/libhpp-fcl.so
[1.056s] -- Found Boost: /usr/include (found version "1.74.0") found components: chrono serialization filesystem 
[1.057s] -- C++ standard sufficient: Minimal required 11, currently defined: 17
[1.058s] -- C++ standard sufficient: Minimal required 11, currently defined: 17
[1.099s] -- Configuring done
[1.102s] -- Generating done
[1.103s] -- Build files have been written to: /home/home/dcp_ws/build/pak_hqp_controller
[1.106s] Invoked command in '/home/home/dcp_ws/build/pak_hqp_controller' returned '0': CMAKE_PREFIX_PATH=/home/home/dcp_ws/install/robotiq_description:/home/home/dcp_ws/install/isaacsim:/home/home/dcp_ws/install/fairino_rviz:/home/home/dcp_ws/install/fairino_action_manager:/home/home/dcp_ws/install/fairino_interfaces:/home/home/dcp_ws/install/fairino_description:/home/home/dcp_ws/install/dh_robotics_ag95_description:/home/home/dcp_ws/install/pak_hqp_controller:/home/home/dcp_ws/install/kimm_hqp_controller:/home/home/dcp_ws/install/kimm_trajectory_smoother:/home/home/dcp_ws/install/isaacsim_ros2:/home/home/kimm_ws/install/rb5_action_manager:/opt/ros/humble:/home/home/dcp_ws/install/kimm_qpoases:/home/home/gello_ws/install/franka_plugin:/home/home/gello_ws/install/franka_description:/home/home/gello_ws/install/dynamixel_sdk_examples:/home/home/gello_ws/install/dynamixel_sdk_custom_interfaces:/home/home/gello_ws/install/dynamixel:/home/home/gello_ws/install/dynamixel_sdk:/home/home/kimm_ws/install/rbpodo_bringup:/home/home/kimm_ws/install/rbpodo_hardware:/home/home/kimm_ws/install/rbpodo_msgs:/home/home/kimm_ws/install/rb3_730es_u_moveit_config:/home/home/kimm_ws/install/rbpodo_description:/home/home/kimm_ws/install/rb5_gui_manager:/home/home/kimm_ws/install/action_interface /usr/bin/cmake /home/home/dcp_ws/src/fairino/pak_hqp_controller -DAMENT_CMAKE_SYMLINK_INSTALL=1 -DCMAKE_INSTALL_PREFIX=/home/home/dcp_ws/install/pak_hqp_controller
[1.107s] Invoking command in '/home/home/dcp_ws/build/pak_hqp_controller': CMAKE_PREFIX_PATH=/home/home/dcp_ws/install/robotiq_description:/home/home/dcp_ws/install/isaacsim:/home/home/dcp_ws/install/fairino_rviz:/home/home/dcp_ws/install/fairino_action_manager:/home/home/dcp_ws/install/fairino_interfaces:/home/home/dcp_ws/install/fairino_description:/home/home/dcp_ws/install/dh_robotics_ag95_description:/home/home/dcp_ws/install/pak_hqp_controller:/home/home/dcp_ws/install/kimm_hqp_controller:/home/home/dcp_ws/install/kimm_trajectory_smoother:/home/home/dcp_ws/install/isaacsim_ros2:/home/home/kimm_ws/install/rb5_action_manager:/opt/ros/humble:/home/home/dcp_ws/install/kimm_qpoases:/home/home/gello_ws/install/franka_plugin:/home/home/gello_ws/install/franka_description:/home/home/gello_ws/install/dynamixel_sdk_examples:/home/home/gello_ws/install/dynamixel_sdk_custom_interfaces:/home/home/gello_ws/install/dynamixel:/home/home/gello_ws/install/dynamixel_sdk:/home/home/kimm_ws/install/rbpodo_bringup:/home/home/kimm_ws/install/rbpodo_hardware:/home/home/kimm_ws/install/rbpodo_msgs:/home/home/kimm_ws/install/rb3_730es_u_moveit_config:/home/home/kimm_ws/install/rbpodo_description:/home/home/kimm_ws/install/rb5_gui_manager:/home/home/kimm_ws/install/action_interface /usr/bin/cmake --build /home/home/dcp_ws/build/pak_hqp_controller -- -j10 -l10
[1.135s] [35m[1mConsolidate compiler generated dependencies of target pak_hqp_controller[0m
[1.159s] [100%] Built target pak_hqp_controller
[1.178s] Invoked command in '/home/home/dcp_ws/build/pak_hqp_controller' returned '0': CMAKE_PREFIX_PATH=/home/home/dcp_ws/install/robotiq_description:/home/home/dcp_ws/install/isaacsim:/home/home/dcp_ws/install/fairino_rviz:/home/home/dcp_ws/install/fairino_action_manager:/home/home/dcp_ws/install/fairino_interfaces:/home/home/dcp_ws/install/fairino_description:/home/home/dcp_ws/install/dh_robotics_ag95_description:/home/home/dcp_ws/install/pak_hqp_controller:/home/home/dcp_ws/install/kimm_hqp_controller:/home/home/dcp_ws/install/kimm_trajectory_smoother:/home/home/dcp_ws/install/isaacsim_ros2:/home/home/kimm_ws/install/rb5_action_manager:/opt/ros/humble:/home/home/dcp_ws/install/kimm_qpoases:/home/home/gello_ws/install/franka_plugin:/home/home/gello_ws/install/franka_description:/home/home/gello_ws/install/dynamixel_sdk_examples:/home/home/gello_ws/install/dynamixel_sdk_custom_interfaces:/home/home/gello_ws/install/dynamixel:/home/home/gello_ws/install/dynamixel_sdk:/home/home/kimm_ws/install/rbpodo_bringup:/home/home/kimm_ws/install/rbpodo_hardware:/home/home/kimm_ws/install/rbpodo_msgs:/home/home/kimm_ws/install/rb3_730es_u_moveit_config:/home/home/kimm_ws/install/rbpodo_description:/home/home/kimm_ws/install/rb5_gui_manager:/home/home/kimm_ws/install/action_interface /usr/bin/cmake --build /home/home/dcp_ws/build/pak_hqp_controller -- -j10 -l10
[1.179s] Invoking command in '/home/home/dcp_ws/build/pak_hqp_controller': CMAKE_PREFIX_PATH=/home/home/dcp_ws/install/robotiq_description:/home/home/dcp_ws/install/isaacsim:/home/home/dcp_ws/install/fairino_rviz:/home/home/dcp_ws/install/fairino_action_manager:/home/home/dcp_ws/install/fairino_interfaces:/home/home/dcp_ws/install/fairino_description:/home/home/dcp_ws/install/dh_robotics_ag95_description:/home/home/dcp_ws/install/pak_hqp_controller:/home/home/dcp_ws/install/kimm_hqp_controller:/home/home/dcp_ws/install/kimm_trajectory_smoother:/home/home/dcp_ws/install/isaacsim_ros2:/home/home/kimm_ws/install/rb5_action_manager:/opt/ros/humble:/home/home/dcp_ws/install/kimm_qpoases:/home/home/gello_ws/install/franka_plugin:/home/home/gello_ws/install/franka_description:/home/home/gello_ws/install/dynamixel_sdk_examples:/home/home/gello_ws/install/dynamixel_sdk_custom_interfaces:/home/home/gello_ws/install/dynamixel:/home/home/gello_ws/install/dynamixel_sdk:/home/home/kimm_ws/install/rbpodo_bringup:/home/home/kimm_ws/install/rbpodo_hardware:/home/home/kimm_ws/install/rbpodo_msgs:/home/home/kimm_ws/install/rb3_730es_u_moveit_config:/home/home/kimm_ws/install/rbpodo_description:/home/home/kimm_ws/install/rb5_gui_manager:/home/home/kimm_ws/install/action_interface /usr/bin/cmake --install /home/home/dcp_ws/build/pak_hqp_controller
[1.180s] -- Install configuration: ""
[1.180s] -- Execute custom install script
[1.181s] -- Symlinking: /home/home/dcp_ws/install/pak_hqp_controller/include//pak_hqp_controller/controller/controller.hpp
[1.187s] -- Symlinking: /home/home/dcp_ws/install/pak_hqp_controller/include//pak_hqp_controller/robot/robot_wrapper.hpp
[1.192s] -- Symlinking: /home/home/dcp_ws/install/pak_hqp_controller/include//pak_hqp_controller/solver/solver.hpp
[1.215s] -- Symlinking: /home/home/dcp_ws/install/pak_hqp_controller/include//pak_hqp_controller/task/constraint_base.hpp
[1.215s] -- Symlinking: /home/home/dcp_ws/install/pak_hqp_controller/include//pak_hqp_controller/task/task_base.hpp
[1.215s] -- Symlinking: /home/home/dcp_ws/install/pak_hqp_controller/include//pak_hqp_controller/task/task_only_yaw_free.hpp
[1.215s] -- Symlinking: /home/home/dcp_ws/install/pak_hqp_controller/include//pak_hqp_controller/task/task_se3_equality.hpp
[1.219s] -- Symlinking: /home/home/dcp_ws/install/pak_hqp_controller/include//pak_hqp_controller/task/task_singularity_avoidacne.hpp
[1.228s] -- Symlinking: /home/home/dcp_ws/install/pak_hqp_controller/share/pak_hqp_controller/environment/library_path.sh
[1.233s] -- Symlinking: /home/home/dcp_ws/install/pak_hqp_controller/share/pak_hqp_controller/environment/library_path.dsv
[1.241s] -- Symlinking: /home/home/dcp_ws/install/pak_hqp_controller/share/ament_index/resource_index/package_run_dependencies/pak_hqp_controller
[1.247s] -- Symlinking: /home/home/dcp_ws/install/pak_hqp_controller/share/ament_index/resource_index/parent_prefix_path/pak_hqp_controller
[1.252s] -- Symlinking: /home/home/dcp_ws/install/pak_hqp_controller/share/pak_hqp_controller/environment/ament_prefix_path.sh
[1.258s] -- Symlinking: /home/home/dcp_ws/install/pak_hqp_controller/share/pak_hqp_controller/environment/ament_prefix_path.dsv
[1.264s] -- Symlinking: /home/home/dcp_ws/install/pak_hqp_controller/share/pak_hqp_controller/environment/path.sh
[1.269s] -- Symlinking: /home/home/dcp_ws/install/pak_hqp_controller/share/pak_hqp_controller/environment/path.dsv
[1.274s] -- Symlinking: /home/home/dcp_ws/install/pak_hqp_controller/share/pak_hqp_controller/local_setup.bash
[1.281s] -- Symlinking: /home/home/dcp_ws/install/pak_hqp_controller/share/pak_hqp_controller/local_setup.sh
[1.286s] -- Symlinking: /home/home/dcp_ws/install/pak_hqp_controller/share/pak_hqp_controller/local_setup.zsh
[1.292s] -- Symlinking: /home/home/dcp_ws/install/pak_hqp_controller/share/pak_hqp_controller/local_setup.dsv
[1.299s] -- Symlinking: /home/home/dcp_ws/install/pak_hqp_controller/share/pak_hqp_controller/package.dsv
[1.306s] -- Symlinking: /home/home/dcp_ws/install/pak_hqp_controller/share/ament_index/resource_index/packages/pak_hqp_controller
[1.311s] -- Symlinking: /home/home/dcp_ws/install/pak_hqp_controller/share/pak_hqp_controller/cmake/ament_cmake_export_include_directories-extras.cmake
[1.316s] -- Symlinking: /home/home/dcp_ws/install/pak_hqp_controller/share/pak_hqp_controller/cmake/ament_cmake_export_targets-extras.cmake
[1.325s] -- Symlinking: /home/home/dcp_ws/install/pak_hqp_controller/share/pak_hqp_controller/cmake/ament_cmake_export_libraries-extras.cmake
[1.330s] -- Symlinking: /home/home/dcp_ws/install/pak_hqp_controller/share/pak_hqp_controller/cmake/pak_hqp_controllerConfig.cmake
[1.336s] -- Symlinking: /home/home/dcp_ws/install/pak_hqp_controller/share/pak_hqp_controller/cmake/pak_hqp_controllerConfig-version.cmake
[1.341s] -- Symlinking: /home/home/dcp_ws/install/pak_hqp_controller/share/pak_hqp_controller/package.xml
[1.347s] -- Up-to-date: /home/home/dcp_ws/install/pak_hqp_controller/lib/libpak_hqp_controller.so
[1.347s] -- Up-to-date: /home/home/dcp_ws/install/pak_hqp_controller/share/pak_hqp_controller/cmake/export_pak_hqp_controllerExport.cmake
[1.347s] -- Up-to-date: /home/home/dcp_ws/install/pak_hqp_controller/share/pak_hqp_controller/cmake/export_pak_hqp_controllerExport-noconfig.cmake
[1.348s] Invoked command in '/home/home/dcp_ws/build/pak_hqp_controller' returned '0': CMAKE_PREFIX_PATH=/home/home/dcp_ws/install/robotiq_description:/home/home/dcp_ws/install/isaacsim:/home/home/dcp_ws/install/fairino_rviz:/home/home/dcp_ws/install/fairino_action_manager:/home/home/dcp_ws/install/fairino_interfaces:/home/home/dcp_ws/install/fairino_description:/home/home/dcp_ws/install/dh_robotics_ag95_description:/home/home/dcp_ws/install/pak_hqp_controller:/home/home/dcp_ws/install/kimm_hqp_controller:/home/home/dcp_ws/install/kimm_trajectory_smoother:/home/home/dcp_ws/install/isaacsim_ros2:/home/home/kimm_ws/install/rb5_action_manager:/opt/ros/humble:/home/home/dcp_ws/install/kimm_qpoases:/home/home/gello_ws/install/franka_plugin:/home/home/gello_ws/install/franka_description:/home/home/gello_ws/install/dynamixel_sdk_examples:/home/home/gello_ws/install/dynamixel_sdk_custom_interfaces:/home/home/gello_ws/install/dynamixel:/home/home/gello_ws/install/dynamixel_sdk:/home/home/kimm_ws/install/rbpodo_bringup:/home/home/kimm_ws/install/rbpodo_hardware:/home/home/kimm_ws/install/rbpodo_msgs:/home/home/kimm_ws/install/rb3_730es_u_moveit_config:/home/home/kimm_ws/install/rbpodo_description:/home/home/kimm_ws/install/rb5_gui_manager:/home/home/kimm_ws/install/action_interface /usr/bin/cmake --install /home/home/dcp_ws/build/pak_hqp_controller
