[0.048s] DEBUG:colcon:Command line arguments: ['/usr/bin/colcon', 'build', '--packages-select', 'kimm_hqp_controller', 'kimm_qpoases', 'kimm_trajectory_smoother', 'pak_hqp_controller']
[0.048s] DEBUG:colcon:Parsed command line arguments: Namespace(log_base=None, log_level=None, verb_name='build', build_base='build', install_base='install', merge_install=False, symlink_install=False, test_result_base=None, continue_on_error=False, executor='parallel', parallel_workers=10, event_handlers=None, ignore_user_meta=False, metas=['./colcon.meta'], base_paths=['.'], packages_ignore=None, packages_ignore_regex=None, paths=None, packages_up_to=None, packages_up_to_regex=None, packages_above=None, packages_above_and_dependencies=None, packages_above_depth=None, packages_select_by_dep=None, packages_skip_by_dep=None, packages_skip_up_to=None, packages_select_build_failed=False, packages_skip_build_finished=False, packages_select_test_failures=False, packages_skip_test_passed=False, packages_select=['kimm_hqp_controller', 'kimm_qpoases', 'kimm_trajectory_smoother', 'pak_hqp_controller'], packages_skip=None, packages_select_regex=None, packages_skip_regex=None, packages_start=None, packages_end=None, allow_overriding=[], cmake_args=None, cmake_target=None, cmake_target_skip_unavailable=False, cmake_clean_cache=False, cmake_clean_first=False, cmake_force_configure=False, ament_cmake_args=None, catkin_cmake_args=None, catkin_skip_building_tests=False, verb_parser=<colcon_defaults.argument_parser.defaults.DefaultArgumentsDecorator object at 0x741dcd436a70>, verb_extension=<colcon_core.verb.build.BuildVerb object at 0x741dcd436170>, main=<bound method BuildVerb.main of <colcon_core.verb.build.BuildVerb object at 0x741dcd436170>>)
[0.119s] Level 1:colcon.colcon_core.package_discovery:discover_packages(colcon_meta) check parameters
[0.119s] Level 1:colcon.colcon_core.package_discovery:discover_packages(recursive) check parameters
[0.119s] Level 1:colcon.colcon_core.package_discovery:discover_packages(ignore) check parameters
[0.119s] Level 1:colcon.colcon_core.package_discovery:discover_packages(path) check parameters
[0.119s] Level 1:colcon.colcon_core.package_discovery:discover_packages(colcon_meta) discover
[0.119s] Level 1:colcon.colcon_core.package_discovery:discover_packages(recursive) discover
[0.119s] INFO:colcon.colcon_core.package_discovery:Crawling recursively for packages in '/home/home/dcp_ws'
[0.119s] Level 1:colcon.colcon_core.package_identification:_identify(.) by extensions ['ignore', 'ignore_ament_install']
[0.119s] Level 1:colcon.colcon_core.package_identification:_identify(.) by extension 'ignore'
[0.119s] Level 1:colcon.colcon_core.package_identification:_identify(.) by extension 'ignore_ament_install'
[0.119s] Level 1:colcon.colcon_core.package_identification:_identify(.) by extensions ['colcon_pkg']
[0.119s] Level 1:colcon.colcon_core.package_identification:_identify(.) by extension 'colcon_pkg'
[0.119s] Level 1:colcon.colcon_core.package_identification:_identify(.) by extensions ['colcon_meta']
[0.119s] Level 1:colcon.colcon_core.package_identification:_identify(.) by extension 'colcon_meta'
[0.119s] Level 1:colcon.colcon_core.package_identification:_identify(.) by extensions ['ros']
[0.119s] Level 1:colcon.colcon_core.package_identification:_identify(.) by extension 'ros'
[0.124s] Level 1:colcon.colcon_core.package_identification:_identify(.) by extensions ['cmake', 'python']
[0.124s] Level 1:colcon.colcon_core.package_identification:_identify(.) by extension 'cmake'
[0.124s] Level 1:colcon.colcon_core.package_identification:_identify(.) by extension 'python'
[0.124s] Level 1:colcon.colcon_core.package_identification:_identify(.) by extensions ['python_setup_py']
[0.124s] Level 1:colcon.colcon_core.package_identification:_identify(.) by extension 'python_setup_py'
[0.124s] Level 1:colcon.colcon_core.package_identification:_identify(build) by extensions ['ignore', 'ignore_ament_install']
[0.124s] Level 1:colcon.colcon_core.package_identification:_identify(build) by extension 'ignore'
[0.124s] Level 1:colcon.colcon_core.package_identification:_identify(build) ignored
[0.125s] Level 1:colcon.colcon_core.package_identification:_identify(install) by extensions ['ignore', 'ignore_ament_install']
[0.125s] Level 1:colcon.colcon_core.package_identification:_identify(install) by extension 'ignore'
[0.125s] Level 1:colcon.colcon_core.package_identification:_identify(install) ignored
[0.125s] Level 1:colcon.colcon_core.package_identification:_identify(log) by extensions ['ignore', 'ignore_ament_install']
[0.125s] Level 1:colcon.colcon_core.package_identification:_identify(log) by extension 'ignore'
[0.125s] Level 1:colcon.colcon_core.package_identification:_identify(log) ignored
[0.125s] Level 1:colcon.colcon_core.package_identification:_identify(src) by extensions ['ignore', 'ignore_ament_install']
[0.125s] Level 1:colcon.colcon_core.package_identification:_identify(src) by extension 'ignore'
[0.125s] Level 1:colcon.colcon_core.package_identification:_identify(src) by extension 'ignore_ament_install'
[0.125s] Level 1:colcon.colcon_core.package_identification:_identify(src) by extensions ['colcon_pkg']
[0.125s] Level 1:colcon.colcon_core.package_identification:_identify(src) by extension 'colcon_pkg'
[0.125s] Level 1:colcon.colcon_core.package_identification:_identify(src) by extensions ['colcon_meta']
[0.125s] Level 1:colcon.colcon_core.package_identification:_identify(src) by extension 'colcon_meta'
[0.125s] Level 1:colcon.colcon_core.package_identification:_identify(src) by extensions ['ros']
[0.125s] Level 1:colcon.colcon_core.package_identification:_identify(src) by extension 'ros'
[0.125s] Level 1:colcon.colcon_core.package_identification:_identify(src) by extensions ['cmake', 'python']
[0.125s] Level 1:colcon.colcon_core.package_identification:_identify(src) by extension 'cmake'
[0.125s] Level 1:colcon.colcon_core.package_identification:_identify(src) by extension 'python'
[0.125s] Level 1:colcon.colcon_core.package_identification:_identify(src) by extensions ['python_setup_py']
[0.125s] Level 1:colcon.colcon_core.package_identification:_identify(src) by extension 'python_setup_py'
[0.125s] Level 1:colcon.colcon_core.package_identification:_identify(src/fairino) by extensions ['ignore', 'ignore_ament_install']
[0.125s] Level 1:colcon.colcon_core.package_identification:_identify(src/fairino) by extension 'ignore'
[0.125s] Level 1:colcon.colcon_core.package_identification:_identify(src/fairino) by extension 'ignore_ament_install'
[0.125s] Level 1:colcon.colcon_core.package_identification:_identify(src/fairino) by extensions ['colcon_pkg']
[0.125s] Level 1:colcon.colcon_core.package_identification:_identify(src/fairino) by extension 'colcon_pkg'
[0.125s] Level 1:colcon.colcon_core.package_identification:_identify(src/fairino) by extensions ['colcon_meta']
[0.125s] Level 1:colcon.colcon_core.package_identification:_identify(src/fairino) by extension 'colcon_meta'
[0.125s] Level 1:colcon.colcon_core.package_identification:_identify(src/fairino) by extensions ['ros']
[0.125s] Level 1:colcon.colcon_core.package_identification:_identify(src/fairino) by extension 'ros'
[0.125s] Level 1:colcon.colcon_core.package_identification:_identify(src/fairino) by extensions ['cmake', 'python']
[0.125s] Level 1:colcon.colcon_core.package_identification:_identify(src/fairino) by extension 'cmake'
[0.125s] Level 1:colcon.colcon_core.package_identification:_identify(src/fairino) by extension 'python'
[0.125s] Level 1:colcon.colcon_core.package_identification:_identify(src/fairino) by extensions ['python_setup_py']
[0.125s] Level 1:colcon.colcon_core.package_identification:_identify(src/fairino) by extension 'python_setup_py'
[0.125s] Level 1:colcon.colcon_core.package_identification:_identify(src/fairino/dh_robotics_ag95_description) by extensions ['ignore', 'ignore_ament_install']
[0.125s] Level 1:colcon.colcon_core.package_identification:_identify(src/fairino/dh_robotics_ag95_description) by extension 'ignore'
[0.125s] Level 1:colcon.colcon_core.package_identification:_identify(src/fairino/dh_robotics_ag95_description) by extension 'ignore_ament_install'
[0.125s] Level 1:colcon.colcon_core.package_identification:_identify(src/fairino/dh_robotics_ag95_description) by extensions ['colcon_pkg']
[0.125s] Level 1:colcon.colcon_core.package_identification:_identify(src/fairino/dh_robotics_ag95_description) by extension 'colcon_pkg'
[0.125s] Level 1:colcon.colcon_core.package_identification:_identify(src/fairino/dh_robotics_ag95_description) by extensions ['colcon_meta']
[0.125s] Level 1:colcon.colcon_core.package_identification:_identify(src/fairino/dh_robotics_ag95_description) by extension 'colcon_meta'
[0.125s] Level 1:colcon.colcon_core.package_identification:_identify(src/fairino/dh_robotics_ag95_description) by extensions ['ros']
[0.125s] Level 1:colcon.colcon_core.package_identification:_identify(src/fairino/dh_robotics_ag95_description) by extension 'ros'
[0.127s] DEBUG:colcon.colcon_core.package_identification:Package 'src/fairino/dh_robotics_ag95_description' with type 'ros.ament_cmake' and name 'dh_robotics_ag95_description'
[0.127s] Level 1:colcon.colcon_core.package_identification:_identify(src/fairino/example) by extensions ['ignore', 'ignore_ament_install']
[0.127s] Level 1:colcon.colcon_core.package_identification:_identify(src/fairino/example) by extension 'ignore'
[0.127s] Level 1:colcon.colcon_core.package_identification:_identify(src/fairino/example) by extension 'ignore_ament_install'
[0.127s] Level 1:colcon.colcon_core.package_identification:_identify(src/fairino/example) by extensions ['colcon_pkg']
[0.127s] Level 1:colcon.colcon_core.package_identification:_identify(src/fairino/example) by extension 'colcon_pkg'
[0.127s] Level 1:colcon.colcon_core.package_identification:_identify(src/fairino/example) by extensions ['colcon_meta']
[0.127s] Level 1:colcon.colcon_core.package_identification:_identify(src/fairino/example) by extension 'colcon_meta'
[0.127s] Level 1:colcon.colcon_core.package_identification:_identify(src/fairino/example) by extensions ['ros']
[0.127s] Level 1:colcon.colcon_core.package_identification:_identify(src/fairino/example) by extension 'ros'
[0.127s] Level 1:colcon.colcon_core.package_identification:_identify(src/fairino/example) by extensions ['cmake', 'python']
[0.127s] Level 1:colcon.colcon_core.package_identification:_identify(src/fairino/example) by extension 'cmake'
[0.127s] Level 1:colcon.colcon_core.package_identification:_identify(src/fairino/example) by extension 'python'
[0.127s] Level 1:colcon.colcon_core.package_identification:_identify(src/fairino/example) by extensions ['python_setup_py']
[0.127s] Level 1:colcon.colcon_core.package_identification:_identify(src/fairino/example) by extension 'python_setup_py'
[0.127s] Level 1:colcon.colcon_core.package_identification:_identify(src/fairino/fairino_action_manager) by extensions ['ignore', 'ignore_ament_install']
[0.127s] Level 1:colcon.colcon_core.package_identification:_identify(src/fairino/fairino_action_manager) by extension 'ignore'
[0.127s] Level 1:colcon.colcon_core.package_identification:_identify(src/fairino/fairino_action_manager) by extension 'ignore_ament_install'
[0.127s] Level 1:colcon.colcon_core.package_identification:_identify(src/fairino/fairino_action_manager) by extensions ['colcon_pkg']
[0.127s] Level 1:colcon.colcon_core.package_identification:_identify(src/fairino/fairino_action_manager) by extension 'colcon_pkg'
[0.127s] Level 1:colcon.colcon_core.package_identification:_identify(src/fairino/fairino_action_manager) by extensions ['colcon_meta']
[0.127s] Level 1:colcon.colcon_core.package_identification:_identify(src/fairino/fairino_action_manager) by extension 'colcon_meta'
[0.127s] Level 1:colcon.colcon_core.package_identification:_identify(src/fairino/fairino_action_manager) by extensions ['ros']
[0.127s] Level 1:colcon.colcon_core.package_identification:_identify(src/fairino/fairino_action_manager) by extension 'ros'
[0.128s] DEBUG:colcon.colcon_core.package_identification:Package 'src/fairino/fairino_action_manager' with type 'ros.ament_cmake' and name 'fairino_action_manager'
[0.128s] Level 1:colcon.colcon_core.package_identification:_identify(src/fairino/fairino_description) by extensions ['ignore', 'ignore_ament_install']
[0.128s] Level 1:colcon.colcon_core.package_identification:_identify(src/fairino/fairino_description) by extension 'ignore'
[0.128s] Level 1:colcon.colcon_core.package_identification:_identify(src/fairino/fairino_description) by extension 'ignore_ament_install'
[0.128s] Level 1:colcon.colcon_core.package_identification:_identify(src/fairino/fairino_description) by extensions ['colcon_pkg']
[0.128s] Level 1:colcon.colcon_core.package_identification:_identify(src/fairino/fairino_description) by extension 'colcon_pkg'
[0.128s] Level 1:colcon.colcon_core.package_identification:_identify(src/fairino/fairino_description) by extensions ['colcon_meta']
[0.128s] Level 1:colcon.colcon_core.package_identification:_identify(src/fairino/fairino_description) by extension 'colcon_meta'
[0.128s] Level 1:colcon.colcon_core.package_identification:_identify(src/fairino/fairino_description) by extensions ['ros']
[0.128s] Level 1:colcon.colcon_core.package_identification:_identify(src/fairino/fairino_description) by extension 'ros'
[0.128s] DEBUG:colcon.colcon_core.package_identification:Package 'src/fairino/fairino_description' with type 'ros.ament_cmake' and name 'fairino_description'
[0.128s] Level 1:colcon.colcon_core.package_identification:_identify(src/fairino/fairino_interfaces) by extensions ['ignore', 'ignore_ament_install']
[0.128s] Level 1:colcon.colcon_core.package_identification:_identify(src/fairino/fairino_interfaces) by extension 'ignore'
[0.128s] Level 1:colcon.colcon_core.package_identification:_identify(src/fairino/fairino_interfaces) by extension 'ignore_ament_install'
[0.128s] Level 1:colcon.colcon_core.package_identification:_identify(src/fairino/fairino_interfaces) by extensions ['colcon_pkg']
[0.128s] Level 1:colcon.colcon_core.package_identification:_identify(src/fairino/fairino_interfaces) by extension 'colcon_pkg'
[0.128s] Level 1:colcon.colcon_core.package_identification:_identify(src/fairino/fairino_interfaces) by extensions ['colcon_meta']
[0.128s] Level 1:colcon.colcon_core.package_identification:_identify(src/fairino/fairino_interfaces) by extension 'colcon_meta'
[0.128s] Level 1:colcon.colcon_core.package_identification:_identify(src/fairino/fairino_interfaces) by extensions ['ros']
[0.128s] Level 1:colcon.colcon_core.package_identification:_identify(src/fairino/fairino_interfaces) by extension 'ros'
[0.129s] DEBUG:colcon.colcon_core.package_identification:Package 'src/fairino/fairino_interfaces' with type 'ros.ament_cmake' and name 'fairino_interfaces'
[0.129s] Level 1:colcon.colcon_core.package_identification:_identify(src/fairino/fairino_rviz) by extensions ['ignore', 'ignore_ament_install']
[0.129s] Level 1:colcon.colcon_core.package_identification:_identify(src/fairino/fairino_rviz) by extension 'ignore'
[0.129s] Level 1:colcon.colcon_core.package_identification:_identify(src/fairino/fairino_rviz) by extension 'ignore_ament_install'
[0.129s] Level 1:colcon.colcon_core.package_identification:_identify(src/fairino/fairino_rviz) by extensions ['colcon_pkg']
[0.129s] Level 1:colcon.colcon_core.package_identification:_identify(src/fairino/fairino_rviz) by extension 'colcon_pkg'
[0.129s] Level 1:colcon.colcon_core.package_identification:_identify(src/fairino/fairino_rviz) by extensions ['colcon_meta']
[0.129s] Level 1:colcon.colcon_core.package_identification:_identify(src/fairino/fairino_rviz) by extension 'colcon_meta'
[0.129s] Level 1:colcon.colcon_core.package_identification:_identify(src/fairino/fairino_rviz) by extensions ['ros']
[0.129s] Level 1:colcon.colcon_core.package_identification:_identify(src/fairino/fairino_rviz) by extension 'ros'
[0.129s] DEBUG:colcon.colcon_core.package_identification:Package 'src/fairino/fairino_rviz' with type 'ros.ament_cmake' and name 'fairino_rviz'
[0.129s] Level 1:colcon.colcon_core.package_identification:_identify(src/fairino/isaacsim) by extensions ['ignore', 'ignore_ament_install']
[0.129s] Level 1:colcon.colcon_core.package_identification:_identify(src/fairino/isaacsim) by extension 'ignore'
[0.129s] Level 1:colcon.colcon_core.package_identification:_identify(src/fairino/isaacsim) by extension 'ignore_ament_install'
[0.129s] Level 1:colcon.colcon_core.package_identification:_identify(src/fairino/isaacsim) by extensions ['colcon_pkg']
[0.129s] Level 1:colcon.colcon_core.package_identification:_identify(src/fairino/isaacsim) by extension 'colcon_pkg'
[0.129s] Level 1:colcon.colcon_core.package_identification:_identify(src/fairino/isaacsim) by extensions ['colcon_meta']
[0.129s] Level 1:colcon.colcon_core.package_identification:_identify(src/fairino/isaacsim) by extension 'colcon_meta'
[0.129s] Level 1:colcon.colcon_core.package_identification:_identify(src/fairino/isaacsim) by extensions ['ros']
[0.129s] Level 1:colcon.colcon_core.package_identification:_identify(src/fairino/isaacsim) by extension 'ros'
[0.129s] DEBUG:colcon.colcon_core.package_identification:Package 'src/fairino/isaacsim' with type 'ros.ament_cmake' and name 'isaacsim'
[0.129s] Level 1:colcon.colcon_core.package_identification:_identify(src/fairino/isaacsim_ros2) by extensions ['ignore', 'ignore_ament_install']
[0.129s] Level 1:colcon.colcon_core.package_identification:_identify(src/fairino/isaacsim_ros2) by extension 'ignore'
[0.129s] Level 1:colcon.colcon_core.package_identification:_identify(src/fairino/isaacsim_ros2) by extension 'ignore_ament_install'
[0.130s] Level 1:colcon.colcon_core.package_identification:_identify(src/fairino/isaacsim_ros2) by extensions ['colcon_pkg']
[0.130s] Level 1:colcon.colcon_core.package_identification:_identify(src/fairino/isaacsim_ros2) by extension 'colcon_pkg'
[0.130s] Level 1:colcon.colcon_core.package_identification:_identify(src/fairino/isaacsim_ros2) by extensions ['colcon_meta']
[0.130s] Level 1:colcon.colcon_core.package_identification:_identify(src/fairino/isaacsim_ros2) by extension 'colcon_meta'
[0.130s] Level 1:colcon.colcon_core.package_identification:_identify(src/fairino/isaacsim_ros2) by extensions ['ros']
[0.130s] Level 1:colcon.colcon_core.package_identification:_identify(src/fairino/isaacsim_ros2) by extension 'ros'
[0.130s] DEBUG:colcon.colcon_core.package_identification:Package 'src/fairino/isaacsim_ros2' with type 'ros.ament_python' and name 'isaacsim_ros2'
[0.130s] Level 1:colcon.colcon_core.package_identification:_identify(src/fairino/kimm_hqp_controller) by extensions ['ignore', 'ignore_ament_install']
[0.130s] Level 1:colcon.colcon_core.package_identification:_identify(src/fairino/kimm_hqp_controller) by extension 'ignore'
[0.130s] Level 1:colcon.colcon_core.package_identification:_identify(src/fairino/kimm_hqp_controller) by extension 'ignore_ament_install'
[0.130s] Level 1:colcon.colcon_core.package_identification:_identify(src/fairino/kimm_hqp_controller) by extensions ['colcon_pkg']
[0.130s] Level 1:colcon.colcon_core.package_identification:_identify(src/fairino/kimm_hqp_controller) by extension 'colcon_pkg'
[0.130s] Level 1:colcon.colcon_core.package_identification:_identify(src/fairino/kimm_hqp_controller) by extensions ['colcon_meta']
[0.130s] Level 1:colcon.colcon_core.package_identification:_identify(src/fairino/kimm_hqp_controller) by extension 'colcon_meta'
[0.130s] Level 1:colcon.colcon_core.package_identification:_identify(src/fairino/kimm_hqp_controller) by extensions ['ros']
[0.130s] Level 1:colcon.colcon_core.package_identification:_identify(src/fairino/kimm_hqp_controller) by extension 'ros'
[0.130s] DEBUG:colcon.colcon_core.package_identification:Package 'src/fairino/kimm_hqp_controller' with type 'ros.ament_cmake' and name 'kimm_hqp_controller'
[0.130s] Level 1:colcon.colcon_core.package_identification:_identify(src/fairino/kimm_qpoases) by extensions ['ignore', 'ignore_ament_install']
[0.130s] Level 1:colcon.colcon_core.package_identification:_identify(src/fairino/kimm_qpoases) by extension 'ignore'
[0.130s] Level 1:colcon.colcon_core.package_identification:_identify(src/fairino/kimm_qpoases) by extension 'ignore_ament_install'
[0.130s] Level 1:colcon.colcon_core.package_identification:_identify(src/fairino/kimm_qpoases) by extensions ['colcon_pkg']
[0.130s] Level 1:colcon.colcon_core.package_identification:_identify(src/fairino/kimm_qpoases) by extension 'colcon_pkg'
[0.130s] Level 1:colcon.colcon_core.package_identification:_identify(src/fairino/kimm_qpoases) by extensions ['colcon_meta']
[0.130s] Level 1:colcon.colcon_core.package_identification:_identify(src/fairino/kimm_qpoases) by extension 'colcon_meta'
[0.131s] Level 1:colcon.colcon_core.package_identification:_identify(src/fairino/kimm_qpoases) by extensions ['ros']
[0.131s] Level 1:colcon.colcon_core.package_identification:_identify(src/fairino/kimm_qpoases) by extension 'ros'
[0.132s] DEBUG:colcon.colcon_core.package_identification:Package 'src/fairino/kimm_qpoases' with type 'ros.catkin' and name 'kimm_qpoases'
[0.132s] Level 1:colcon.colcon_core.package_identification:_identify(src/fairino/kimm_trajectory_smoother) by extensions ['ignore', 'ignore_ament_install']
[0.138s] Level 1:colcon.colcon_core.package_identification:_identify(src/fairino/kimm_trajectory_smoother) by extension 'ignore'
[0.138s] Level 1:colcon.colcon_core.package_identification:_identify(src/fairino/kimm_trajectory_smoother) by extension 'ignore_ament_install'
[0.138s] Level 1:colcon.colcon_core.package_identification:_identify(src/fairino/kimm_trajectory_smoother) by extensions ['colcon_pkg']
[0.138s] Level 1:colcon.colcon_core.package_identification:_identify(src/fairino/kimm_trajectory_smoother) by extension 'colcon_pkg'
[0.138s] Level 1:colcon.colcon_core.package_identification:_identify(src/fairino/kimm_trajectory_smoother) by extensions ['colcon_meta']
[0.138s] Level 1:colcon.colcon_core.package_identification:_identify(src/fairino/kimm_trajectory_smoother) by extension 'colcon_meta'
[0.138s] Level 1:colcon.colcon_core.package_identification:_identify(src/fairino/kimm_trajectory_smoother) by extensions ['ros']
[0.138s] Level 1:colcon.colcon_core.package_identification:_identify(src/fairino/kimm_trajectory_smoother) by extension 'ros'
[0.139s] DEBUG:colcon.colcon_core.package_identification:Package 'src/fairino/kimm_trajectory_smoother' with type 'ros.ament_cmake' and name 'kimm_trajectory_smoother'
[0.139s] Level 1:colcon.colcon_core.package_identification:_identify(src/fairino/libfairino) by extensions ['ignore', 'ignore_ament_install']
[0.139s] Level 1:colcon.colcon_core.package_identification:_identify(src/fairino/libfairino) by extension 'ignore'
[0.139s] Level 1:colcon.colcon_core.package_identification:_identify(src/fairino/libfairino) by extension 'ignore_ament_install'
[0.139s] Level 1:colcon.colcon_core.package_identification:_identify(src/fairino/libfairino) by extensions ['colcon_pkg']
[0.139s] Level 1:colcon.colcon_core.package_identification:_identify(src/fairino/libfairino) by extension 'colcon_pkg'
[0.139s] Level 1:colcon.colcon_core.package_identification:_identify(src/fairino/libfairino) by extensions ['colcon_meta']
[0.139s] Level 1:colcon.colcon_core.package_identification:_identify(src/fairino/libfairino) by extension 'colcon_meta'
[0.139s] Level 1:colcon.colcon_core.package_identification:_identify(src/fairino/libfairino) by extensions ['ros']
[0.139s] Level 1:colcon.colcon_core.package_identification:_identify(src/fairino/libfairino) by extension 'ros'
[0.139s] Level 1:colcon.colcon_core.package_identification:_identify(src/fairino/libfairino) by extensions ['cmake', 'python']
[0.139s] Level 1:colcon.colcon_core.package_identification:_identify(src/fairino/libfairino) by extension 'cmake'
[0.139s] Level 1:colcon.colcon_core.package_identification:_identify(src/fairino/libfairino) by extension 'python'
[0.139s] Level 1:colcon.colcon_core.package_identification:_identify(src/fairino/libfairino) by extensions ['python_setup_py']
[0.139s] Level 1:colcon.colcon_core.package_identification:_identify(src/fairino/libfairino) by extension 'python_setup_py'
[0.139s] Level 1:colcon.colcon_core.package_identification:_identify(src/fairino/libfairino/include) by extensions ['ignore', 'ignore_ament_install']
[0.139s] Level 1:colcon.colcon_core.package_identification:_identify(src/fairino/libfairino/include) by extension 'ignore'
[0.139s] Level 1:colcon.colcon_core.package_identification:_identify(src/fairino/libfairino/include) by extension 'ignore_ament_install'
[0.139s] Level 1:colcon.colcon_core.package_identification:_identify(src/fairino/libfairino/include) by extensions ['colcon_pkg']
[0.139s] Level 1:colcon.colcon_core.package_identification:_identify(src/fairino/libfairino/include) by extension 'colcon_pkg'
[0.139s] Level 1:colcon.colcon_core.package_identification:_identify(src/fairino/libfairino/include) by extensions ['colcon_meta']
[0.139s] Level 1:colcon.colcon_core.package_identification:_identify(src/fairino/libfairino/include) by extension 'colcon_meta'
[0.139s] Level 1:colcon.colcon_core.package_identification:_identify(src/fairino/libfairino/include) by extensions ['ros']
[0.139s] Level 1:colcon.colcon_core.package_identification:_identify(src/fairino/libfairino/include) by extension 'ros'
[0.139s] Level 1:colcon.colcon_core.package_identification:_identify(src/fairino/libfairino/include) by extensions ['cmake', 'python']
[0.139s] Level 1:colcon.colcon_core.package_identification:_identify(src/fairino/libfairino/include) by extension 'cmake'
[0.139s] Level 1:colcon.colcon_core.package_identification:_identify(src/fairino/libfairino/include) by extension 'python'
[0.139s] Level 1:colcon.colcon_core.package_identification:_identify(src/fairino/libfairino/include) by extensions ['python_setup_py']
[0.139s] Level 1:colcon.colcon_core.package_identification:_identify(src/fairino/libfairino/include) by extension 'python_setup_py'
[0.139s] Level 1:colcon.colcon_core.package_identification:_identify(src/fairino/libfairino/lib) by extensions ['ignore', 'ignore_ament_install']
[0.139s] Level 1:colcon.colcon_core.package_identification:_identify(src/fairino/libfairino/lib) by extension 'ignore'
[0.139s] Level 1:colcon.colcon_core.package_identification:_identify(src/fairino/libfairino/lib) by extension 'ignore_ament_install'
[0.139s] Level 1:colcon.colcon_core.package_identification:_identify(src/fairino/libfairino/lib) by extensions ['colcon_pkg']
[0.139s] Level 1:colcon.colcon_core.package_identification:_identify(src/fairino/libfairino/lib) by extension 'colcon_pkg'
[0.139s] Level 1:colcon.colcon_core.package_identification:_identify(src/fairino/libfairino/lib) by extensions ['colcon_meta']
[0.139s] Level 1:colcon.colcon_core.package_identification:_identify(src/fairino/libfairino/lib) by extension 'colcon_meta'
[0.139s] Level 1:colcon.colcon_core.package_identification:_identify(src/fairino/libfairino/lib) by extensions ['ros']
[0.139s] Level 1:colcon.colcon_core.package_identification:_identify(src/fairino/libfairino/lib) by extension 'ros'
[0.139s] Level 1:colcon.colcon_core.package_identification:_identify(src/fairino/libfairino/lib) by extensions ['cmake', 'python']
[0.139s] Level 1:colcon.colcon_core.package_identification:_identify(src/fairino/libfairino/lib) by extension 'cmake'
[0.139s] Level 1:colcon.colcon_core.package_identification:_identify(src/fairino/libfairino/lib) by extension 'python'
[0.139s] Level 1:colcon.colcon_core.package_identification:_identify(src/fairino/libfairino/lib) by extensions ['python_setup_py']
[0.139s] Level 1:colcon.colcon_core.package_identification:_identify(src/fairino/libfairino/lib) by extension 'python_setup_py'
[0.139s] Level 1:colcon.colcon_core.package_identification:_identify(src/fairino/pak_hqp_controller) by extensions ['ignore', 'ignore_ament_install']
[0.139s] Level 1:colcon.colcon_core.package_identification:_identify(src/fairino/pak_hqp_controller) by extension 'ignore'
[0.139s] Level 1:colcon.colcon_core.package_identification:_identify(src/fairino/pak_hqp_controller) by extension 'ignore_ament_install'
[0.140s] Level 1:colcon.colcon_core.package_identification:_identify(src/fairino/pak_hqp_controller) by extensions ['colcon_pkg']
[0.140s] Level 1:colcon.colcon_core.package_identification:_identify(src/fairino/pak_hqp_controller) by extension 'colcon_pkg'
[0.140s] Level 1:colcon.colcon_core.package_identification:_identify(src/fairino/pak_hqp_controller) by extensions ['colcon_meta']
[0.140s] Level 1:colcon.colcon_core.package_identification:_identify(src/fairino/pak_hqp_controller) by extension 'colcon_meta'
[0.140s] Level 1:colcon.colcon_core.package_identification:_identify(src/fairino/pak_hqp_controller) by extensions ['ros']
[0.140s] Level 1:colcon.colcon_core.package_identification:_identify(src/fairino/pak_hqp_controller) by extension 'ros'
[0.140s] DEBUG:colcon.colcon_core.package_identification:Package 'src/fairino/pak_hqp_controller' with type 'ros.ament_cmake' and name 'pak_hqp_controller'
[0.140s] Level 1:colcon.colcon_core.package_identification:_identify(src/fairino/robotiq_description) by extensions ['ignore', 'ignore_ament_install']
[0.140s] Level 1:colcon.colcon_core.package_identification:_identify(src/fairino/robotiq_description) by extension 'ignore'
[0.140s] Level 1:colcon.colcon_core.package_identification:_identify(src/fairino/robotiq_description) by extension 'ignore_ament_install'
[0.140s] Level 1:colcon.colcon_core.package_identification:_identify(src/fairino/robotiq_description) by extensions ['colcon_pkg']
[0.140s] Level 1:colcon.colcon_core.package_identification:_identify(src/fairino/robotiq_description) by extension 'colcon_pkg'
[0.140s] Level 1:colcon.colcon_core.package_identification:_identify(src/fairino/robotiq_description) by extensions ['colcon_meta']
[0.140s] Level 1:colcon.colcon_core.package_identification:_identify(src/fairino/robotiq_description) by extension 'colcon_meta'
[0.140s] Level 1:colcon.colcon_core.package_identification:_identify(src/fairino/robotiq_description) by extensions ['ros']
[0.140s] Level 1:colcon.colcon_core.package_identification:_identify(src/fairino/robotiq_description) by extension 'ros'
[0.140s] DEBUG:colcon.colcon_core.package_identification:Package 'src/fairino/robotiq_description' with type 'ros.ament_cmake' and name 'robotiq_description'
[0.140s] Level 1:colcon.colcon_core.package_discovery:discover_packages(recursive) using defaults
[0.140s] Level 1:colcon.colcon_core.package_discovery:discover_packages(ignore) discover
[0.140s] Level 1:colcon.colcon_core.package_discovery:discover_packages(ignore) using defaults
[0.140s] Level 1:colcon.colcon_core.package_discovery:discover_packages(path) discover
[0.140s] Level 1:colcon.colcon_core.package_discovery:discover_packages(path) using defaults
[0.150s] INFO:colcon.colcon_core.package_selection:Skipping not selected package 'dh_robotics_ag95_description' in 'src/fairino/dh_robotics_ag95_description'
[0.150s] INFO:colcon.colcon_core.package_selection:Skipping not selected package 'fairino_description' in 'src/fairino/fairino_description'
[0.150s] INFO:colcon.colcon_core.package_selection:Skipping not selected package 'fairino_interfaces' in 'src/fairino/fairino_interfaces'
[0.150s] INFO:colcon.colcon_core.package_selection:Skipping not selected package 'fairino_rviz' in 'src/fairino/fairino_rviz'
[0.150s] INFO:colcon.colcon_core.package_selection:Skipping not selected package 'isaacsim' in 'src/fairino/isaacsim'
[0.150s] INFO:colcon.colcon_core.package_selection:Skipping not selected package 'isaacsim_ros2' in 'src/fairino/isaacsim_ros2'
[0.150s] INFO:colcon.colcon_core.package_selection:Skipping not selected package 'robotiq_description' in 'src/fairino/robotiq_description'
[0.150s] INFO:colcon.colcon_core.package_selection:Skipping not selected package 'fairino_action_manager' in 'src/fairino/fairino_action_manager'
[0.151s] Level 1:colcon.colcon_core.package_discovery:discover_packages(prefix_path) check parameters
[0.151s] Level 1:colcon.colcon_core.package_discovery:discover_packages(prefix_path) discover
[0.151s] WARNING:colcon.colcon_ros.prefix_path.ament:The path '/home/home/dcp_ws/install/robotiq_description' in the environment variable AMENT_PREFIX_PATH doesn't exist
[0.151s] WARNING:colcon.colcon_ros.prefix_path.ament:The path '/home/home/dcp_ws/install/isaacsim_ros2' in the environment variable AMENT_PREFIX_PATH doesn't exist
[0.151s] WARNING:colcon.colcon_ros.prefix_path.ament:The path '/home/home/dcp_ws/install/isaacsim' in the environment variable AMENT_PREFIX_PATH doesn't exist
[0.151s] WARNING:colcon.colcon_ros.prefix_path.ament:The path '/home/home/dcp_ws/install/fairino_rviz' in the environment variable AMENT_PREFIX_PATH doesn't exist
[0.151s] WARNING:colcon.colcon_ros.prefix_path.ament:The path '/home/home/dcp_ws/install/fairino_action_manager' in the environment variable AMENT_PREFIX_PATH doesn't exist
[0.151s] WARNING:colcon.colcon_ros.prefix_path.ament:The path '/home/home/dcp_ws/install/fairino_interfaces' in the environment variable AMENT_PREFIX_PATH doesn't exist
[0.151s] WARNING:colcon.colcon_ros.prefix_path.ament:The path '/home/home/dcp_ws/install/fairino_description' in the environment variable AMENT_PREFIX_PATH doesn't exist
[0.151s] WARNING:colcon.colcon_ros.prefix_path.ament:The path '/home/home/dcp_ws/install/dh_robotics_ag95_description' in the environment variable AMENT_PREFIX_PATH doesn't exist
[0.151s] WARNING:colcon.colcon_ros.prefix_path.ament:The path '/home/home/dcp_ws/install/pak_hqp_controller' in the environment variable AMENT_PREFIX_PATH doesn't exist
[0.151s] WARNING:colcon.colcon_ros.prefix_path.ament:The path '/home/home/dcp_ws/install/kimm_hqp_controller' in the environment variable AMENT_PREFIX_PATH doesn't exist
[0.151s] WARNING:colcon.colcon_ros.prefix_path.ament:The path '/home/home/dcp_ws/install/kimm_trajectory_smoother' in the environment variable AMENT_PREFIX_PATH doesn't exist
[0.151s] WARNING:colcon.colcon_ros.prefix_path.catkin:The path '/home/home/dcp_ws/install/robotiq_description' in the environment variable CMAKE_PREFIX_PATH doesn't exist
[0.151s] WARNING:colcon.colcon_ros.prefix_path.catkin:The path '/home/home/dcp_ws/install/isaacsim' in the environment variable CMAKE_PREFIX_PATH doesn't exist
[0.151s] WARNING:colcon.colcon_ros.prefix_path.catkin:The path '/home/home/dcp_ws/install/fairino_rviz' in the environment variable CMAKE_PREFIX_PATH doesn't exist
[0.151s] WARNING:colcon.colcon_ros.prefix_path.catkin:The path '/home/home/dcp_ws/install/fairino_action_manager' in the environment variable CMAKE_PREFIX_PATH doesn't exist
[0.151s] WARNING:colcon.colcon_ros.prefix_path.catkin:The path '/home/home/dcp_ws/install/fairino_interfaces' in the environment variable CMAKE_PREFIX_PATH doesn't exist
[0.151s] WARNING:colcon.colcon_ros.prefix_path.catkin:The path '/home/home/dcp_ws/install/fairino_description' in the environment variable CMAKE_PREFIX_PATH doesn't exist
[0.151s] WARNING:colcon.colcon_ros.prefix_path.catkin:The path '/home/home/dcp_ws/install/dh_robotics_ag95_description' in the environment variable CMAKE_PREFIX_PATH doesn't exist
[0.151s] WARNING:colcon.colcon_ros.prefix_path.catkin:The path '/home/home/dcp_ws/install/pak_hqp_controller' in the environment variable CMAKE_PREFIX_PATH doesn't exist
[0.151s] WARNING:colcon.colcon_ros.prefix_path.catkin:The path '/home/home/dcp_ws/install/kimm_hqp_controller' in the environment variable CMAKE_PREFIX_PATH doesn't exist
[0.151s] WARNING:colcon.colcon_ros.prefix_path.catkin:The path '/home/home/dcp_ws/install/kimm_trajectory_smoother' in the environment variable CMAKE_PREFIX_PATH doesn't exist
[0.151s] WARNING:colcon.colcon_ros.prefix_path.catkin:The path '/home/home/dcp_ws/install/kimm_qpoases' in the environment variable CMAKE_PREFIX_PATH doesn't exist
[0.152s] DEBUG:colcon.colcon_installed_package_information.package_discovery:Found 0 installed packages in /home/home/dcp_ws/install
[0.152s] DEBUG:colcon.colcon_installed_package_information.package_discovery:Found 0 installed packages in /home/home/.local/share/Trash/files/ㄴㄴ/install
[0.152s] DEBUG:colcon.colcon_installed_package_information.package_discovery:Found 6 installed packages in /home/home/gello_ws/install
[0.152s] DEBUG:colcon.colcon_installed_package_information.package_discovery:Found 8 installed packages in /home/home/kimm_ws/install
[0.153s] DEBUG:colcon.colcon_installed_package_information.package_discovery:Found 384 installed packages in /opt/ros/humble
[0.154s] Level 1:colcon.colcon_core.package_discovery:discover_packages(prefix_path) using defaults
[0.173s] Level 5:colcon.colcon_core.verb:set package 'kimm_qpoases' build argument 'cmake_args' from command line to 'None'
[0.173s] Level 5:colcon.colcon_core.verb:set package 'kimm_qpoases' build argument 'cmake_target' from command line to 'None'
[0.173s] Level 5:colcon.colcon_core.verb:set package 'kimm_qpoases' build argument 'cmake_target_skip_unavailable' from command line to 'False'
[0.173s] Level 5:colcon.colcon_core.verb:set package 'kimm_qpoases' build argument 'cmake_clean_cache' from command line to 'False'
[0.173s] Level 5:colcon.colcon_core.verb:set package 'kimm_qpoases' build argument 'cmake_clean_first' from command line to 'False'
[0.173s] Level 5:colcon.colcon_core.verb:set package 'kimm_qpoases' build argument 'cmake_force_configure' from command line to 'False'
[0.173s] Level 5:colcon.colcon_core.verb:set package 'kimm_qpoases' build argument 'ament_cmake_args' from command line to 'None'
[0.173s] Level 5:colcon.colcon_core.verb:set package 'kimm_qpoases' build argument 'catkin_cmake_args' from command line to 'None'
[0.173s] Level 5:colcon.colcon_core.verb:set package 'kimm_qpoases' build argument 'catkin_skip_building_tests' from command line to 'False'
[0.173s] DEBUG:colcon.colcon_core.verb:Building package 'kimm_qpoases' with the following arguments: {'ament_cmake_args': None, 'build_base': '/home/home/dcp_ws/build/kimm_qpoases', 'catkin_cmake_args': None, 'catkin_skip_building_tests': False, 'cmake_args': None, 'cmake_clean_cache': False, 'cmake_clean_first': False, 'cmake_force_configure': False, 'cmake_target': None, 'cmake_target_skip_unavailable': False, 'install_base': '/home/home/dcp_ws/install/kimm_qpoases', 'merge_install': False, 'path': '/home/home/dcp_ws/src/fairino/kimm_qpoases', 'symlink_install': False, 'test_result_base': None}
[0.174s] Level 5:colcon.colcon_core.verb:set package 'kimm_trajectory_smoother' build argument 'cmake_args' from command line to 'None'
[0.174s] Level 5:colcon.colcon_core.verb:set package 'kimm_trajectory_smoother' build argument 'cmake_target' from command line to 'None'
[0.174s] Level 5:colcon.colcon_core.verb:set package 'kimm_trajectory_smoother' build argument 'cmake_target_skip_unavailable' from command line to 'False'
[0.174s] Level 5:colcon.colcon_core.verb:set package 'kimm_trajectory_smoother' build argument 'cmake_clean_cache' from command line to 'False'
[0.174s] Level 5:colcon.colcon_core.verb:set package 'kimm_trajectory_smoother' build argument 'cmake_clean_first' from command line to 'False'
[0.174s] Level 5:colcon.colcon_core.verb:set package 'kimm_trajectory_smoother' build argument 'cmake_force_configure' from command line to 'False'
[0.174s] Level 5:colcon.colcon_core.verb:set package 'kimm_trajectory_smoother' build argument 'ament_cmake_args' from command line to 'None'
[0.174s] Level 5:colcon.colcon_core.verb:set package 'kimm_trajectory_smoother' build argument 'catkin_cmake_args' from command line to 'None'
[0.174s] Level 5:colcon.colcon_core.verb:set package 'kimm_trajectory_smoother' build argument 'catkin_skip_building_tests' from command line to 'False'
[0.174s] DEBUG:colcon.colcon_core.verb:Building package 'kimm_trajectory_smoother' with the following arguments: {'ament_cmake_args': None, 'build_base': '/home/home/dcp_ws/build/kimm_trajectory_smoother', 'catkin_cmake_args': None, 'catkin_skip_building_tests': False, 'cmake_args': None, 'cmake_clean_cache': False, 'cmake_clean_first': False, 'cmake_force_configure': False, 'cmake_target': None, 'cmake_target_skip_unavailable': False, 'install_base': '/home/home/dcp_ws/install/kimm_trajectory_smoother', 'merge_install': False, 'path': '/home/home/dcp_ws/src/fairino/kimm_trajectory_smoother', 'symlink_install': False, 'test_result_base': None}
[0.174s] Level 5:colcon.colcon_core.verb:set package 'pak_hqp_controller' build argument 'cmake_args' from command line to 'None'
[0.174s] Level 5:colcon.colcon_core.verb:set package 'pak_hqp_controller' build argument 'cmake_target' from command line to 'None'
[0.174s] Level 5:colcon.colcon_core.verb:set package 'pak_hqp_controller' build argument 'cmake_target_skip_unavailable' from command line to 'False'
[0.174s] Level 5:colcon.colcon_core.verb:set package 'pak_hqp_controller' build argument 'cmake_clean_cache' from command line to 'False'
[0.174s] Level 5:colcon.colcon_core.verb:set package 'pak_hqp_controller' build argument 'cmake_clean_first' from command line to 'False'
[0.174s] Level 5:colcon.colcon_core.verb:set package 'pak_hqp_controller' build argument 'cmake_force_configure' from command line to 'False'
[0.174s] Level 5:colcon.colcon_core.verb:set package 'pak_hqp_controller' build argument 'ament_cmake_args' from command line to 'None'
[0.174s] Level 5:colcon.colcon_core.verb:set package 'pak_hqp_controller' build argument 'catkin_cmake_args' from command line to 'None'
[0.174s] Level 5:colcon.colcon_core.verb:set package 'pak_hqp_controller' build argument 'catkin_skip_building_tests' from command line to 'False'
[0.174s] DEBUG:colcon.colcon_core.verb:Building package 'pak_hqp_controller' with the following arguments: {'ament_cmake_args': None, 'build_base': '/home/home/dcp_ws/build/pak_hqp_controller', 'catkin_cmake_args': None, 'catkin_skip_building_tests': False, 'cmake_args': None, 'cmake_clean_cache': False, 'cmake_clean_first': False, 'cmake_force_configure': False, 'cmake_target': None, 'cmake_target_skip_unavailable': False, 'install_base': '/home/home/dcp_ws/install/pak_hqp_controller', 'merge_install': False, 'path': '/home/home/dcp_ws/src/fairino/pak_hqp_controller', 'symlink_install': False, 'test_result_base': None}
[0.174s] Level 5:colcon.colcon_core.verb:set package 'kimm_hqp_controller' build argument 'cmake_args' from command line to 'None'
[0.174s] Level 5:colcon.colcon_core.verb:set package 'kimm_hqp_controller' build argument 'cmake_target' from command line to 'None'
[0.174s] Level 5:colcon.colcon_core.verb:set package 'kimm_hqp_controller' build argument 'cmake_target_skip_unavailable' from command line to 'False'
[0.174s] Level 5:colcon.colcon_core.verb:set package 'kimm_hqp_controller' build argument 'cmake_clean_cache' from command line to 'False'
[0.174s] Level 5:colcon.colcon_core.verb:set package 'kimm_hqp_controller' build argument 'cmake_clean_first' from command line to 'False'
[0.174s] Level 5:colcon.colcon_core.verb:set package 'kimm_hqp_controller' build argument 'cmake_force_configure' from command line to 'False'
[0.174s] Level 5:colcon.colcon_core.verb:set package 'kimm_hqp_controller' build argument 'ament_cmake_args' from command line to 'None'
[0.174s] Level 5:colcon.colcon_core.verb:set package 'kimm_hqp_controller' build argument 'catkin_cmake_args' from command line to 'None'
[0.174s] Level 5:colcon.colcon_core.verb:set package 'kimm_hqp_controller' build argument 'catkin_skip_building_tests' from command line to 'False'
[0.174s] DEBUG:colcon.colcon_core.verb:Building package 'kimm_hqp_controller' with the following arguments: {'ament_cmake_args': None, 'build_base': '/home/home/dcp_ws/build/kimm_hqp_controller', 'catkin_cmake_args': None, 'catkin_skip_building_tests': False, 'cmake_args': None, 'cmake_clean_cache': False, 'cmake_clean_first': False, 'cmake_force_configure': False, 'cmake_target': None, 'cmake_target_skip_unavailable': False, 'install_base': '/home/home/dcp_ws/install/kimm_hqp_controller', 'merge_install': False, 'path': '/home/home/dcp_ws/src/fairino/kimm_hqp_controller', 'symlink_install': False, 'test_result_base': None}
[0.174s] INFO:colcon.colcon_core.executor:Executing jobs using 'parallel' executor
[0.175s] DEBUG:colcon.colcon_parallel_executor.executor.parallel:run_until_complete
[0.175s] INFO:colcon.colcon_ros.task.catkin.build:Building ROS package in '/home/home/dcp_ws/src/fairino/kimm_qpoases' with build type 'catkin'
[0.175s] INFO:colcon.colcon_cmake.task.cmake.build:Building CMake package in '/home/home/dcp_ws/src/fairino/kimm_qpoases'
[0.177s] INFO:colcon.colcon_core.plugin_system:Skipping extension 'colcon_core.shell.bat': Not used on non-Windows systems
[0.177s] INFO:colcon.colcon_core.shell:Skip shell extension 'powershell' for command environment: Not usable outside of PowerShell
[0.177s] DEBUG:colcon.colcon_core.shell:Skip shell extension 'dsv' for command environment
[0.180s] INFO:colcon.colcon_ros.task.ament_cmake.build:Building ROS package in '/home/home/dcp_ws/src/fairino/kimm_trajectory_smoother' with build type 'ament_cmake'
[0.180s] INFO:colcon.colcon_cmake.task.cmake.build:Building CMake package in '/home/home/dcp_ws/src/fairino/kimm_trajectory_smoother'
[0.180s] INFO:colcon.colcon_core.shell:Skip shell extension 'powershell' for command environment: Not usable outside of PowerShell
[0.180s] DEBUG:colcon.colcon_core.shell:Skip shell extension 'dsv' for command environment
[0.183s] INFO:colcon.colcon_ros.task.ament_cmake.build:Building ROS package in '/home/home/dcp_ws/src/fairino/pak_hqp_controller' with build type 'ament_cmake'
[0.183s] INFO:colcon.colcon_cmake.task.cmake.build:Building CMake package in '/home/home/dcp_ws/src/fairino/pak_hqp_controller'
[0.183s] INFO:colcon.colcon_core.shell:Skip shell extension 'powershell' for command environment: Not usable outside of PowerShell
[0.183s] DEBUG:colcon.colcon_core.shell:Skip shell extension 'dsv' for command environment
[0.188s] DEBUG:colcon.colcon_core.event_handler.log_command:Invoking command in '/home/home/dcp_ws/build/kimm_qpoases': /usr/bin/cmake /home/home/dcp_ws/src/fairino/kimm_qpoases -DCATKIN_INSTALL_INTO_PREFIX_ROOT=0 -DCMAKE_INSTALL_PREFIX=/home/home/dcp_ws/install/kimm_qpoases
[0.189s] DEBUG:colcon.colcon_core.event_handler.log_command:Invoking command in '/home/home/dcp_ws/build/kimm_trajectory_smoother': CMAKE_PREFIX_PATH=${CMAKE_PREFIX_PATH}:/home/home/dcp_ws/install/isaacsim_ros2:/home/home/kimm_ws/install/rb5_action_manager:/opt/ros/humble /usr/bin/cmake /home/home/dcp_ws/src/fairino/kimm_trajectory_smoother -DCMAKE_INSTALL_PREFIX=/home/home/dcp_ws/install/kimm_trajectory_smoother
[0.191s] DEBUG:colcon.colcon_core.event_handler.log_command:Invoking command in '/home/home/dcp_ws/build/pak_hqp_controller': CMAKE_PREFIX_PATH=${CMAKE_PREFIX_PATH}:/home/home/dcp_ws/install/isaacsim_ros2:/home/home/kimm_ws/install/rb5_action_manager:/opt/ros/humble /usr/bin/cmake /home/home/dcp_ws/src/fairino/pak_hqp_controller -DCMAKE_INSTALL_PREFIX=/home/home/dcp_ws/install/pak_hqp_controller
[0.561s] DEBUG:colcon.colcon_core.event_handler.log_command:Invoked command in '/home/home/dcp_ws/build/kimm_qpoases' returned '0': /usr/bin/cmake /home/home/dcp_ws/src/fairino/kimm_qpoases -DCATKIN_INSTALL_INTO_PREFIX_ROOT=0 -DCMAKE_INSTALL_PREFIX=/home/home/dcp_ws/install/kimm_qpoases
[0.562s] DEBUG:colcon.colcon_core.event_handler.log_command:Invoking command in '/home/home/dcp_ws/build/kimm_qpoases': /usr/bin/cmake --build /home/home/dcp_ws/build/kimm_qpoases -- -j10 -l10
[1.336s] DEBUG:colcon.colcon_core.event_handler.log_command:Invoked command in '/home/home/dcp_ws/build/kimm_trajectory_smoother' returned '0': CMAKE_PREFIX_PATH=${CMAKE_PREFIX_PATH}:/home/home/dcp_ws/install/isaacsim_ros2:/home/home/kimm_ws/install/rb5_action_manager:/opt/ros/humble /usr/bin/cmake /home/home/dcp_ws/src/fairino/kimm_trajectory_smoother -DCMAKE_INSTALL_PREFIX=/home/home/dcp_ws/install/kimm_trajectory_smoother
[1.338s] DEBUG:colcon.colcon_core.event_handler.log_command:Invoking command in '/home/home/dcp_ws/build/kimm_trajectory_smoother': CMAKE_PREFIX_PATH=${CMAKE_PREFIX_PATH}:/home/home/dcp_ws/install/isaacsim_ros2:/home/home/kimm_ws/install/rb5_action_manager:/opt/ros/humble /usr/bin/cmake --build /home/home/dcp_ws/build/kimm_trajectory_smoother -- -j10 -l10
[1.422s] DEBUG:colcon.colcon_core.event_handler.log_command:Invoked command in '/home/home/dcp_ws/build/pak_hqp_controller' returned '0': CMAKE_PREFIX_PATH=${CMAKE_PREFIX_PATH}:/home/home/dcp_ws/install/isaacsim_ros2:/home/home/kimm_ws/install/rb5_action_manager:/opt/ros/humble /usr/bin/cmake /home/home/dcp_ws/src/fairino/pak_hqp_controller -DCMAKE_INSTALL_PREFIX=/home/home/dcp_ws/install/pak_hqp_controller
[1.422s] DEBUG:colcon.colcon_core.event_handler.log_command:Invoking command in '/home/home/dcp_ws/build/pak_hqp_controller': CMAKE_PREFIX_PATH=${CMAKE_PREFIX_PATH}:/home/home/dcp_ws/install/isaacsim_ros2:/home/home/kimm_ws/install/rb5_action_manager:/opt/ros/humble /usr/bin/cmake --build /home/home/dcp_ws/build/pak_hqp_controller -- -j10 -l10
[1.970s] DEBUG:colcon.colcon_core.event_handler.log_command:Invoked command in '/home/home/dcp_ws/build/kimm_qpoases' returned '0': /usr/bin/cmake --build /home/home/dcp_ws/build/kimm_qpoases -- -j10 -l10
[1.977s] DEBUG:colcon.colcon_core.event_handler.log_command:Invoking command in '/home/home/dcp_ws/build/kimm_qpoases': /usr/bin/cmake --install /home/home/dcp_ws/build/kimm_qpoases
[1.988s] Level 1:colcon.colcon_core.shell:create_environment_hook('kimm_qpoases', 'ros_package_path')
[1.988s] INFO:colcon.colcon_core.shell:Creating environment hook '/home/home/dcp_ws/install/kimm_qpoases/share/kimm_qpoases/hook/ros_package_path.ps1'
[1.989s] INFO:colcon.colcon_core.shell:Creating environment descriptor '/home/home/dcp_ws/install/kimm_qpoases/share/kimm_qpoases/hook/ros_package_path.dsv'
[1.989s] INFO:colcon.colcon_core.shell:Creating environment hook '/home/home/dcp_ws/install/kimm_qpoases/share/kimm_qpoases/hook/ros_package_path.sh'
[1.989s] Level 1:colcon.colcon_core.shell:create_environment_hook('kimm_qpoases', 'pkg_config_path')
[1.989s] INFO:colcon.colcon_core.shell:Creating environment hook '/home/home/dcp_ws/install/kimm_qpoases/share/kimm_qpoases/hook/pkg_config_path.ps1'
[1.990s] INFO:colcon.colcon_core.shell:Creating environment descriptor '/home/home/dcp_ws/install/kimm_qpoases/share/kimm_qpoases/hook/pkg_config_path.dsv'
[1.990s] INFO:colcon.colcon_core.shell:Creating environment hook '/home/home/dcp_ws/install/kimm_qpoases/share/kimm_qpoases/hook/pkg_config_path.sh'
[1.993s] DEBUG:colcon.colcon_core.event_handler.log_command:Invoked command in '/home/home/dcp_ws/build/kimm_qpoases' returned '0': /usr/bin/cmake --install /home/home/dcp_ws/build/kimm_qpoases
[1.993s] Level 1:colcon.colcon_core.shell:create_environment_hook('kimm_qpoases', 'pkg_config_path_multiarch')
[1.993s] INFO:colcon.colcon_core.shell:Creating environment hook '/home/home/dcp_ws/install/kimm_qpoases/share/kimm_qpoases/hook/pkg_config_path_multiarch.ps1'
[1.994s] INFO:colcon.colcon_core.shell:Creating environment descriptor '/home/home/dcp_ws/install/kimm_qpoases/share/kimm_qpoases/hook/pkg_config_path_multiarch.dsv'
[1.994s] INFO:colcon.colcon_core.shell:Creating environment hook '/home/home/dcp_ws/install/kimm_qpoases/share/kimm_qpoases/hook/pkg_config_path_multiarch.sh'
[1.995s] Level 1:colcon.colcon_core.environment:create_environment_scripts_only(kimm_qpoases)
[1.997s] Level 1:colcon.colcon_core.environment:checking '/home/home/dcp_ws/install/kimm_qpoases' for CMake module files
[1.997s] Level 1:colcon.colcon_core.environment:checking '/home/home/dcp_ws/install/kimm_qpoases' for CMake config files
[1.997s] Level 1:colcon.colcon_core.shell:create_environment_hook('kimm_qpoases', 'cmake_prefix_path')
[1.998s] INFO:colcon.colcon_core.shell:Creating environment hook '/home/home/dcp_ws/install/kimm_qpoases/share/kimm_qpoases/hook/cmake_prefix_path.ps1'
[1.999s] INFO:colcon.colcon_core.shell:Creating environment descriptor '/home/home/dcp_ws/install/kimm_qpoases/share/kimm_qpoases/hook/cmake_prefix_path.dsv'
[1.999s] INFO:colcon.colcon_core.shell:Creating environment hook '/home/home/dcp_ws/install/kimm_qpoases/share/kimm_qpoases/hook/cmake_prefix_path.sh'
[1.999s] Level 1:colcon.colcon_core.environment:checking '/home/home/dcp_ws/install/kimm_qpoases/lib'
[1.999s] Level 1:colcon.colcon_core.shell:create_environment_hook('kimm_qpoases', 'ld_library_path_lib')
[1.999s] INFO:colcon.colcon_core.shell:Creating environment hook '/home/home/dcp_ws/install/kimm_qpoases/share/kimm_qpoases/hook/ld_library_path_lib.ps1'
[2.000s] INFO:colcon.colcon_core.shell:Creating environment descriptor '/home/home/dcp_ws/install/kimm_qpoases/share/kimm_qpoases/hook/ld_library_path_lib.dsv'
[2.000s] INFO:colcon.colcon_core.shell:Creating environment hook '/home/home/dcp_ws/install/kimm_qpoases/share/kimm_qpoases/hook/ld_library_path_lib.sh'
[2.000s] Level 1:colcon.colcon_core.environment:checking '/home/home/dcp_ws/install/kimm_qpoases/bin'
[2.000s] Level 1:colcon.colcon_core.environment:checking '/home/home/dcp_ws/install/kimm_qpoases/lib/pkgconfig/kimm_qpoases.pc'
[2.000s] Level 1:colcon.colcon_core.environment:checking '/home/home/dcp_ws/install/kimm_qpoases/lib/python3.10/site-packages'
[2.000s] Level 1:colcon.colcon_core.environment:checking '/home/home/dcp_ws/install/kimm_qpoases/bin'
[2.001s] INFO:colcon.colcon_core.shell:Creating package script '/home/home/dcp_ws/install/kimm_qpoases/share/kimm_qpoases/package.ps1'
[2.001s] INFO:colcon.colcon_core.shell:Creating package descriptor '/home/home/dcp_ws/install/kimm_qpoases/share/kimm_qpoases/package.dsv'
[2.002s] INFO:colcon.colcon_core.shell:Creating package script '/home/home/dcp_ws/install/kimm_qpoases/share/kimm_qpoases/package.sh'
[2.002s] INFO:colcon.colcon_core.shell:Creating package script '/home/home/dcp_ws/install/kimm_qpoases/share/kimm_qpoases/package.bash'
[2.002s] INFO:colcon.colcon_core.shell:Creating package script '/home/home/dcp_ws/install/kimm_qpoases/share/kimm_qpoases/package.zsh'
[2.003s] Level 1:colcon.colcon_core.environment:create_file_with_runtime_dependencies(/home/home/dcp_ws/install/kimm_qpoases/share/colcon-core/packages/kimm_qpoases)
[2.622s] DEBUG:colcon.colcon_core.event_handler.log_command:Invoked command in '/home/home/dcp_ws/build/kimm_trajectory_smoother' returned '0': CMAKE_PREFIX_PATH=${CMAKE_PREFIX_PATH}:/home/home/dcp_ws/install/isaacsim_ros2:/home/home/kimm_ws/install/rb5_action_manager:/opt/ros/humble /usr/bin/cmake --build /home/home/dcp_ws/build/kimm_trajectory_smoother -- -j10 -l10
[2.625s] DEBUG:colcon.colcon_core.event_handler.log_command:Invoking command in '/home/home/dcp_ws/build/kimm_trajectory_smoother': CMAKE_PREFIX_PATH=${CMAKE_PREFIX_PATH}:/home/home/dcp_ws/install/isaacsim_ros2:/home/home/kimm_ws/install/rb5_action_manager:/opt/ros/humble /usr/bin/cmake --install /home/home/dcp_ws/build/kimm_trajectory_smoother
[2.631s] Level 1:colcon.colcon_core.environment:create_environment_scripts_only(kimm_trajectory_smoother)
[2.632s] Level 1:colcon.colcon_core.environment:checking '/home/home/dcp_ws/install/kimm_trajectory_smoother' for CMake module files
[2.632s] Level 1:colcon.colcon_core.environment:checking '/home/home/dcp_ws/install/kimm_trajectory_smoother' for CMake config files
[2.632s] Level 1:colcon.colcon_core.shell:create_environment_hook('kimm_trajectory_smoother', 'cmake_prefix_path')
[2.632s] INFO:colcon.colcon_core.shell:Creating environment hook '/home/home/dcp_ws/install/kimm_trajectory_smoother/share/kimm_trajectory_smoother/hook/cmake_prefix_path.ps1'
[2.632s] INFO:colcon.colcon_core.shell:Creating environment descriptor '/home/home/dcp_ws/install/kimm_trajectory_smoother/share/kimm_trajectory_smoother/hook/cmake_prefix_path.dsv'
[2.633s] INFO:colcon.colcon_core.shell:Creating environment hook '/home/home/dcp_ws/install/kimm_trajectory_smoother/share/kimm_trajectory_smoother/hook/cmake_prefix_path.sh'
[2.633s] Level 1:colcon.colcon_core.environment:checking '/home/home/dcp_ws/install/kimm_trajectory_smoother/lib'
[2.633s] Level 1:colcon.colcon_core.shell:create_environment_hook('kimm_trajectory_smoother', 'ld_library_path_lib')
[2.633s] INFO:colcon.colcon_core.shell:Creating environment hook '/home/home/dcp_ws/install/kimm_trajectory_smoother/share/kimm_trajectory_smoother/hook/ld_library_path_lib.ps1'
[2.633s] INFO:colcon.colcon_core.shell:Creating environment descriptor '/home/home/dcp_ws/install/kimm_trajectory_smoother/share/kimm_trajectory_smoother/hook/ld_library_path_lib.dsv'
[2.633s] INFO:colcon.colcon_core.shell:Creating environment hook '/home/home/dcp_ws/install/kimm_trajectory_smoother/share/kimm_trajectory_smoother/hook/ld_library_path_lib.sh'
[2.634s] Level 1:colcon.colcon_core.environment:checking '/home/home/dcp_ws/install/kimm_trajectory_smoother/bin'
[2.634s] Level 1:colcon.colcon_core.environment:checking '/home/home/dcp_ws/install/kimm_trajectory_smoother/lib/pkgconfig/kimm_trajectory_smoother.pc'
[2.634s] Level 1:colcon.colcon_core.environment:checking '/home/home/dcp_ws/install/kimm_trajectory_smoother/lib/python3.10/site-packages'
[2.634s] Level 1:colcon.colcon_core.environment:checking '/home/home/dcp_ws/install/kimm_trajectory_smoother/bin'
[2.634s] INFO:colcon.colcon_core.shell:Creating package script '/home/home/dcp_ws/install/kimm_trajectory_smoother/share/kimm_trajectory_smoother/package.ps1'
[2.634s] INFO:colcon.colcon_core.shell:Creating package descriptor '/home/home/dcp_ws/install/kimm_trajectory_smoother/share/kimm_trajectory_smoother/package.dsv'
[2.634s] INFO:colcon.colcon_core.shell:Creating package script '/home/home/dcp_ws/install/kimm_trajectory_smoother/share/kimm_trajectory_smoother/package.sh'
[2.635s] INFO:colcon.colcon_core.shell:Creating package script '/home/home/dcp_ws/install/kimm_trajectory_smoother/share/kimm_trajectory_smoother/package.bash'
[2.635s] INFO:colcon.colcon_core.shell:Creating package script '/home/home/dcp_ws/install/kimm_trajectory_smoother/share/kimm_trajectory_smoother/package.zsh'
[2.635s] DEBUG:colcon.colcon_core.event_handler.log_command:Invoked command in '/home/home/dcp_ws/build/kimm_trajectory_smoother' returned '0': CMAKE_PREFIX_PATH=${CMAKE_PREFIX_PATH}:/home/home/dcp_ws/install/isaacsim_ros2:/home/home/kimm_ws/install/rb5_action_manager:/opt/ros/humble /usr/bin/cmake --install /home/home/dcp_ws/build/kimm_trajectory_smoother
[2.636s] Level 1:colcon.colcon_core.environment:create_file_with_runtime_dependencies(/home/home/dcp_ws/install/kimm_trajectory_smoother/share/colcon-core/packages/kimm_trajectory_smoother)
[2.636s] Level 1:colcon.colcon_core.environment:create_environment_scripts_only(kimm_trajectory_smoother)
[2.636s] Level 1:colcon.colcon_core.environment:checking '/home/home/dcp_ws/install/kimm_trajectory_smoother' for CMake module files
[2.637s] Level 1:colcon.colcon_core.environment:checking '/home/home/dcp_ws/install/kimm_trajectory_smoother' for CMake config files
[2.637s] Level 1:colcon.colcon_core.shell:create_environment_hook('kimm_trajectory_smoother', 'cmake_prefix_path')
[2.638s] INFO:colcon.colcon_core.shell:Creating environment hook '/home/home/dcp_ws/install/kimm_trajectory_smoother/share/kimm_trajectory_smoother/hook/cmake_prefix_path.ps1'
[2.640s] INFO:colcon.colcon_core.shell:Creating environment descriptor '/home/home/dcp_ws/install/kimm_trajectory_smoother/share/kimm_trajectory_smoother/hook/cmake_prefix_path.dsv'
[2.640s] INFO:colcon.colcon_core.shell:Creating environment hook '/home/home/dcp_ws/install/kimm_trajectory_smoother/share/kimm_trajectory_smoother/hook/cmake_prefix_path.sh'
[2.641s] Level 1:colcon.colcon_core.environment:checking '/home/home/dcp_ws/install/kimm_trajectory_smoother/lib'
[2.641s] Level 1:colcon.colcon_core.shell:create_environment_hook('kimm_trajectory_smoother', 'ld_library_path_lib')
[2.641s] INFO:colcon.colcon_core.shell:Creating environment hook '/home/home/dcp_ws/install/kimm_trajectory_smoother/share/kimm_trajectory_smoother/hook/ld_library_path_lib.ps1'
[2.642s] INFO:colcon.colcon_core.shell:Creating environment descriptor '/home/home/dcp_ws/install/kimm_trajectory_smoother/share/kimm_trajectory_smoother/hook/ld_library_path_lib.dsv'
[2.643s] INFO:colcon.colcon_core.shell:Creating environment hook '/home/home/dcp_ws/install/kimm_trajectory_smoother/share/kimm_trajectory_smoother/hook/ld_library_path_lib.sh'
[2.643s] Level 1:colcon.colcon_core.environment:checking '/home/home/dcp_ws/install/kimm_trajectory_smoother/bin'
[2.643s] Level 1:colcon.colcon_core.environment:checking '/home/home/dcp_ws/install/kimm_trajectory_smoother/lib/pkgconfig/kimm_trajectory_smoother.pc'
[2.643s] Level 1:colcon.colcon_core.environment:checking '/home/home/dcp_ws/install/kimm_trajectory_smoother/lib/python3.10/site-packages'
[2.643s] Level 1:colcon.colcon_core.environment:checking '/home/home/dcp_ws/install/kimm_trajectory_smoother/bin'
[2.644s] INFO:colcon.colcon_core.shell:Creating package script '/home/home/dcp_ws/install/kimm_trajectory_smoother/share/kimm_trajectory_smoother/package.ps1'
[2.644s] INFO:colcon.colcon_core.shell:Creating package descriptor '/home/home/dcp_ws/install/kimm_trajectory_smoother/share/kimm_trajectory_smoother/package.dsv'
[2.644s] INFO:colcon.colcon_core.shell:Creating package script '/home/home/dcp_ws/install/kimm_trajectory_smoother/share/kimm_trajectory_smoother/package.sh'
[2.645s] INFO:colcon.colcon_core.shell:Creating package script '/home/home/dcp_ws/install/kimm_trajectory_smoother/share/kimm_trajectory_smoother/package.bash'
[2.645s] INFO:colcon.colcon_core.shell:Creating package script '/home/home/dcp_ws/install/kimm_trajectory_smoother/share/kimm_trajectory_smoother/package.zsh'
[2.645s] Level 1:colcon.colcon_core.environment:create_file_with_runtime_dependencies(/home/home/dcp_ws/install/kimm_trajectory_smoother/share/colcon-core/packages/kimm_trajectory_smoother)
[2.647s] INFO:colcon.colcon_ros.task.ament_cmake.build:Building ROS package in '/home/home/dcp_ws/src/fairino/kimm_hqp_controller' with build type 'ament_cmake'
[2.647s] INFO:colcon.colcon_cmake.task.cmake.build:Building CMake package in '/home/home/dcp_ws/src/fairino/kimm_hqp_controller'
[2.647s] INFO:colcon.colcon_core.shell:Skip shell extension 'powershell' for command environment: Not usable outside of PowerShell
[2.647s] DEBUG:colcon.colcon_core.shell:Skip shell extension 'dsv' for command environment
[2.656s] DEBUG:colcon.colcon_core.event_handler.log_command:Invoking command in '/home/home/dcp_ws/build/kimm_hqp_controller': CMAKE_PREFIX_PATH=/home/home/dcp_ws/install/kimm_trajectory_smoother:/home/home/dcp_ws/install/isaacsim_ros2:/home/home/kimm_ws/install/rb5_action_manager:/opt/ros/humble:/home/home/dcp_ws/install/kimm_qpoases:/home/home/dcp_ws/install/robotiq_description:/home/home/dcp_ws/install/isaacsim:/home/home/dcp_ws/install/fairino_rviz:/home/home/dcp_ws/install/fairino_action_manager:/home/home/dcp_ws/install/fairino_interfaces:/home/home/dcp_ws/install/fairino_description:/home/home/dcp_ws/install/dh_robotics_ag95_description:/home/home/dcp_ws/install/pak_hqp_controller:/home/home/dcp_ws/install/kimm_hqp_controller:/home/home/gello_ws/install/franka_plugin:/home/home/gello_ws/install/franka_description:/home/home/gello_ws/install/dynamixel_sdk_examples:/home/home/gello_ws/install/dynamixel_sdk_custom_interfaces:/home/home/gello_ws/install/dynamixel:/home/home/gello_ws/install/dynamixel_sdk:/home/home/kimm_ws/install/rbpodo_bringup:/home/home/kimm_ws/install/rbpodo_hardware:/home/home/kimm_ws/install/rbpodo_msgs:/home/home/kimm_ws/install/rb3_730es_u_moveit_config:/home/home/kimm_ws/install/rbpodo_description:/home/home/kimm_ws/install/rb5_gui_manager:/home/home/kimm_ws/install/action_interface LD_LIBRARY_PATH=/home/home/dcp_ws/install/kimm_trajectory_smoother/lib:/home/home/dcp_ws/install/kimm_qpoases/lib:/home/home/dcp_ws/install/fairino_action_manager/lib:/home/home/dcp_ws/install/fairino_interfaces/lib:/home/home/dcp_ws/install/pak_hqp_controller/lib:/home/home/dcp_ws/install/kimm_hqp_controller/lib:/home/home/gello_ws/install/franka_plugin/lib:/home/home/gello_ws/install/dynamixel_sdk_custom_interfaces/lib:/home/home/gello_ws/install/dynamixel_sdk/lib:/home/home/kimm_ws/install/rbpodo_hardware/lib:/home/home/kimm_ws/install/rbpodo_msgs/lib:/home/home/kimm_ws/install/rb5_gui_manager/lib:/home/home/kimm_ws/install/action_interface/lib:/usr/lib/x86_64-linux-gnu/gazebo-11/plugins:/opt/ros/humble/opt/rviz_ogre_vendor/lib:/opt/ros/humble/lib/x86_64-linux-gnu:/opt/ros/humble/lib /usr/bin/cmake /home/home/dcp_ws/src/fairino/kimm_hqp_controller -DCMAKE_INSTALL_PREFIX=/home/home/dcp_ws/install/kimm_hqp_controller
[4.184s] DEBUG:colcon.colcon_core.event_handler.log_command:Invoked command in '/home/home/dcp_ws/build/kimm_hqp_controller' returned '0': CMAKE_PREFIX_PATH=/home/home/dcp_ws/install/kimm_trajectory_smoother:/home/home/dcp_ws/install/isaacsim_ros2:/home/home/kimm_ws/install/rb5_action_manager:/opt/ros/humble:/home/home/dcp_ws/install/kimm_qpoases:/home/home/dcp_ws/install/robotiq_description:/home/home/dcp_ws/install/isaacsim:/home/home/dcp_ws/install/fairino_rviz:/home/home/dcp_ws/install/fairino_action_manager:/home/home/dcp_ws/install/fairino_interfaces:/home/home/dcp_ws/install/fairino_description:/home/home/dcp_ws/install/dh_robotics_ag95_description:/home/home/dcp_ws/install/pak_hqp_controller:/home/home/dcp_ws/install/kimm_hqp_controller:/home/home/gello_ws/install/franka_plugin:/home/home/gello_ws/install/franka_description:/home/home/gello_ws/install/dynamixel_sdk_examples:/home/home/gello_ws/install/dynamixel_sdk_custom_interfaces:/home/home/gello_ws/install/dynamixel:/home/home/gello_ws/install/dynamixel_sdk:/home/home/kimm_ws/install/rbpodo_bringup:/home/home/kimm_ws/install/rbpodo_hardware:/home/home/kimm_ws/install/rbpodo_msgs:/home/home/kimm_ws/install/rb3_730es_u_moveit_config:/home/home/kimm_ws/install/rbpodo_description:/home/home/kimm_ws/install/rb5_gui_manager:/home/home/kimm_ws/install/action_interface LD_LIBRARY_PATH=/home/home/dcp_ws/install/kimm_trajectory_smoother/lib:/home/home/dcp_ws/install/kimm_qpoases/lib:/home/home/dcp_ws/install/fairino_action_manager/lib:/home/home/dcp_ws/install/fairino_interfaces/lib:/home/home/dcp_ws/install/pak_hqp_controller/lib:/home/home/dcp_ws/install/kimm_hqp_controller/lib:/home/home/gello_ws/install/franka_plugin/lib:/home/home/gello_ws/install/dynamixel_sdk_custom_interfaces/lib:/home/home/gello_ws/install/dynamixel_sdk/lib:/home/home/kimm_ws/install/rbpodo_hardware/lib:/home/home/kimm_ws/install/rbpodo_msgs/lib:/home/home/kimm_ws/install/rb5_gui_manager/lib:/home/home/kimm_ws/install/action_interface/lib:/usr/lib/x86_64-linux-gnu/gazebo-11/plugins:/opt/ros/humble/opt/rviz_ogre_vendor/lib:/opt/ros/humble/lib/x86_64-linux-gnu:/opt/ros/humble/lib /usr/bin/cmake /home/home/dcp_ws/src/fairino/kimm_hqp_controller -DCMAKE_INSTALL_PREFIX=/home/home/dcp_ws/install/kimm_hqp_controller
[4.185s] DEBUG:colcon.colcon_core.event_handler.log_command:Invoking command in '/home/home/dcp_ws/build/kimm_hqp_controller': CMAKE_PREFIX_PATH=/home/home/dcp_ws/install/kimm_trajectory_smoother:/home/home/dcp_ws/install/isaacsim_ros2:/home/home/kimm_ws/install/rb5_action_manager:/opt/ros/humble:/home/home/dcp_ws/install/kimm_qpoases:/home/home/dcp_ws/install/robotiq_description:/home/home/dcp_ws/install/isaacsim:/home/home/dcp_ws/install/fairino_rviz:/home/home/dcp_ws/install/fairino_action_manager:/home/home/dcp_ws/install/fairino_interfaces:/home/home/dcp_ws/install/fairino_description:/home/home/dcp_ws/install/dh_robotics_ag95_description:/home/home/dcp_ws/install/pak_hqp_controller:/home/home/dcp_ws/install/kimm_hqp_controller:/home/home/gello_ws/install/franka_plugin:/home/home/gello_ws/install/franka_description:/home/home/gello_ws/install/dynamixel_sdk_examples:/home/home/gello_ws/install/dynamixel_sdk_custom_interfaces:/home/home/gello_ws/install/dynamixel:/home/home/gello_ws/install/dynamixel_sdk:/home/home/kimm_ws/install/rbpodo_bringup:/home/home/kimm_ws/install/rbpodo_hardware:/home/home/kimm_ws/install/rbpodo_msgs:/home/home/kimm_ws/install/rb3_730es_u_moveit_config:/home/home/kimm_ws/install/rbpodo_description:/home/home/kimm_ws/install/rb5_gui_manager:/home/home/kimm_ws/install/action_interface LD_LIBRARY_PATH=/home/home/dcp_ws/install/kimm_trajectory_smoother/lib:/home/home/dcp_ws/install/kimm_qpoases/lib:/home/home/dcp_ws/install/fairino_action_manager/lib:/home/home/dcp_ws/install/fairino_interfaces/lib:/home/home/dcp_ws/install/pak_hqp_controller/lib:/home/home/dcp_ws/install/kimm_hqp_controller/lib:/home/home/gello_ws/install/franka_plugin/lib:/home/home/gello_ws/install/dynamixel_sdk_custom_interfaces/lib:/home/home/gello_ws/install/dynamixel_sdk/lib:/home/home/kimm_ws/install/rbpodo_hardware/lib:/home/home/kimm_ws/install/rbpodo_msgs/lib:/home/home/kimm_ws/install/rb5_gui_manager/lib:/home/home/kimm_ws/install/action_interface/lib:/usr/lib/x86_64-linux-gnu/gazebo-11/plugins:/opt/ros/humble/opt/rviz_ogre_vendor/lib:/opt/ros/humble/lib/x86_64-linux-gnu:/opt/ros/humble/lib /usr/bin/cmake --build /home/home/dcp_ws/build/kimm_hqp_controller -- -j10 -l10
[25.470s] DEBUG:colcon.colcon_core.event_handler.log_command:Invoked command in '/home/home/dcp_ws/build/pak_hqp_controller' returned '0': CMAKE_PREFIX_PATH=${CMAKE_PREFIX_PATH}:/home/home/dcp_ws/install/isaacsim_ros2:/home/home/kimm_ws/install/rb5_action_manager:/opt/ros/humble /usr/bin/cmake --build /home/home/dcp_ws/build/pak_hqp_controller -- -j10 -l10
[25.475s] DEBUG:colcon.colcon_core.event_handler.log_command:Invoking command in '/home/home/dcp_ws/build/pak_hqp_controller': CMAKE_PREFIX_PATH=${CMAKE_PREFIX_PATH}:/home/home/dcp_ws/install/isaacsim_ros2:/home/home/kimm_ws/install/rb5_action_manager:/opt/ros/humble /usr/bin/cmake --install /home/home/dcp_ws/build/pak_hqp_controller
[25.491s] Level 1:colcon.colcon_core.environment:create_environment_scripts_only(pak_hqp_controller)
[25.492s] Level 1:colcon.colcon_core.environment:checking '/home/home/dcp_ws/install/pak_hqp_controller' for CMake module files
[25.492s] DEBUG:colcon.colcon_core.event_handler.log_command:Invoked command in '/home/home/dcp_ws/build/pak_hqp_controller' returned '0': CMAKE_PREFIX_PATH=${CMAKE_PREFIX_PATH}:/home/home/dcp_ws/install/isaacsim_ros2:/home/home/kimm_ws/install/rb5_action_manager:/opt/ros/humble /usr/bin/cmake --install /home/home/dcp_ws/build/pak_hqp_controller
[25.492s] Level 1:colcon.colcon_core.environment:checking '/home/home/dcp_ws/install/pak_hqp_controller' for CMake config files
[25.492s] Level 1:colcon.colcon_core.shell:create_environment_hook('pak_hqp_controller', 'cmake_prefix_path')
[25.492s] INFO:colcon.colcon_core.shell:Creating environment hook '/home/home/dcp_ws/install/pak_hqp_controller/share/pak_hqp_controller/hook/cmake_prefix_path.ps1'
[25.492s] INFO:colcon.colcon_core.shell:Creating environment descriptor '/home/home/dcp_ws/install/pak_hqp_controller/share/pak_hqp_controller/hook/cmake_prefix_path.dsv'
[25.492s] INFO:colcon.colcon_core.shell:Creating environment hook '/home/home/dcp_ws/install/pak_hqp_controller/share/pak_hqp_controller/hook/cmake_prefix_path.sh'
[25.493s] Level 1:colcon.colcon_core.environment:checking '/home/home/dcp_ws/install/pak_hqp_controller/lib'
[25.493s] Level 1:colcon.colcon_core.shell:create_environment_hook('pak_hqp_controller', 'ld_library_path_lib')
[25.493s] INFO:colcon.colcon_core.shell:Creating environment hook '/home/home/dcp_ws/install/pak_hqp_controller/share/pak_hqp_controller/hook/ld_library_path_lib.ps1'
[25.493s] INFO:colcon.colcon_core.shell:Creating environment descriptor '/home/home/dcp_ws/install/pak_hqp_controller/share/pak_hqp_controller/hook/ld_library_path_lib.dsv'
[25.493s] INFO:colcon.colcon_core.shell:Creating environment hook '/home/home/dcp_ws/install/pak_hqp_controller/share/pak_hqp_controller/hook/ld_library_path_lib.sh'
[25.493s] Level 1:colcon.colcon_core.environment:checking '/home/home/dcp_ws/install/pak_hqp_controller/bin'
[25.493s] Level 1:colcon.colcon_core.environment:checking '/home/home/dcp_ws/install/pak_hqp_controller/lib/pkgconfig/pak_hqp_controller.pc'
[25.493s] Level 1:colcon.colcon_core.environment:checking '/home/home/dcp_ws/install/pak_hqp_controller/lib/python3.10/site-packages'
[25.493s] Level 1:colcon.colcon_core.environment:checking '/home/home/dcp_ws/install/pak_hqp_controller/bin'
[25.493s] INFO:colcon.colcon_core.shell:Creating package script '/home/home/dcp_ws/install/pak_hqp_controller/share/pak_hqp_controller/package.ps1'
[25.494s] INFO:colcon.colcon_core.shell:Creating package descriptor '/home/home/dcp_ws/install/pak_hqp_controller/share/pak_hqp_controller/package.dsv'
[25.494s] INFO:colcon.colcon_core.shell:Creating package script '/home/home/dcp_ws/install/pak_hqp_controller/share/pak_hqp_controller/package.sh'
[25.494s] INFO:colcon.colcon_core.shell:Creating package script '/home/home/dcp_ws/install/pak_hqp_controller/share/pak_hqp_controller/package.bash'
[25.494s] INFO:colcon.colcon_core.shell:Creating package script '/home/home/dcp_ws/install/pak_hqp_controller/share/pak_hqp_controller/package.zsh'
[25.494s] Level 1:colcon.colcon_core.environment:create_file_with_runtime_dependencies(/home/home/dcp_ws/install/pak_hqp_controller/share/colcon-core/packages/pak_hqp_controller)
[25.495s] Level 1:colcon.colcon_core.environment:create_environment_scripts_only(pak_hqp_controller)
[25.495s] Level 1:colcon.colcon_core.environment:checking '/home/home/dcp_ws/install/pak_hqp_controller' for CMake module files
[25.495s] Level 1:colcon.colcon_core.environment:checking '/home/home/dcp_ws/install/pak_hqp_controller' for CMake config files
[25.495s] Level 1:colcon.colcon_core.shell:create_environment_hook('pak_hqp_controller', 'cmake_prefix_path')
[25.495s] INFO:colcon.colcon_core.shell:Creating environment hook '/home/home/dcp_ws/install/pak_hqp_controller/share/pak_hqp_controller/hook/cmake_prefix_path.ps1'
[25.495s] INFO:colcon.colcon_core.shell:Creating environment descriptor '/home/home/dcp_ws/install/pak_hqp_controller/share/pak_hqp_controller/hook/cmake_prefix_path.dsv'
[25.495s] INFO:colcon.colcon_core.shell:Creating environment hook '/home/home/dcp_ws/install/pak_hqp_controller/share/pak_hqp_controller/hook/cmake_prefix_path.sh'
[25.496s] Level 1:colcon.colcon_core.environment:checking '/home/home/dcp_ws/install/pak_hqp_controller/lib'
[25.496s] Level 1:colcon.colcon_core.shell:create_environment_hook('pak_hqp_controller', 'ld_library_path_lib')
[25.496s] INFO:colcon.colcon_core.shell:Creating environment hook '/home/home/dcp_ws/install/pak_hqp_controller/share/pak_hqp_controller/hook/ld_library_path_lib.ps1'
[25.496s] INFO:colcon.colcon_core.shell:Creating environment descriptor '/home/home/dcp_ws/install/pak_hqp_controller/share/pak_hqp_controller/hook/ld_library_path_lib.dsv'
[25.496s] INFO:colcon.colcon_core.shell:Creating environment hook '/home/home/dcp_ws/install/pak_hqp_controller/share/pak_hqp_controller/hook/ld_library_path_lib.sh'
[25.496s] Level 1:colcon.colcon_core.environment:checking '/home/home/dcp_ws/install/pak_hqp_controller/bin'
[25.496s] Level 1:colcon.colcon_core.environment:checking '/home/home/dcp_ws/install/pak_hqp_controller/lib/pkgconfig/pak_hqp_controller.pc'
[25.496s] Level 1:colcon.colcon_core.environment:checking '/home/home/dcp_ws/install/pak_hqp_controller/lib/python3.10/site-packages'
[25.496s] Level 1:colcon.colcon_core.environment:checking '/home/home/dcp_ws/install/pak_hqp_controller/bin'
[25.497s] INFO:colcon.colcon_core.shell:Creating package script '/home/home/dcp_ws/install/pak_hqp_controller/share/pak_hqp_controller/package.ps1'
[25.497s] INFO:colcon.colcon_core.shell:Creating package descriptor '/home/home/dcp_ws/install/pak_hqp_controller/share/pak_hqp_controller/package.dsv'
[25.497s] INFO:colcon.colcon_core.shell:Creating package script '/home/home/dcp_ws/install/pak_hqp_controller/share/pak_hqp_controller/package.sh'
[25.497s] INFO:colcon.colcon_core.shell:Creating package script '/home/home/dcp_ws/install/pak_hqp_controller/share/pak_hqp_controller/package.bash'
[25.497s] INFO:colcon.colcon_core.shell:Creating package script '/home/home/dcp_ws/install/pak_hqp_controller/share/pak_hqp_controller/package.zsh'
[25.497s] Level 1:colcon.colcon_core.environment:create_file_with_runtime_dependencies(/home/home/dcp_ws/install/pak_hqp_controller/share/colcon-core/packages/pak_hqp_controller)
[39.088s] DEBUG:colcon.colcon_core.event_handler.log_command:Invoked command in '/home/home/dcp_ws/build/kimm_hqp_controller' returned '0': CMAKE_PREFIX_PATH=/home/home/dcp_ws/install/kimm_trajectory_smoother:/home/home/dcp_ws/install/isaacsim_ros2:/home/home/kimm_ws/install/rb5_action_manager:/opt/ros/humble:/home/home/dcp_ws/install/kimm_qpoases:/home/home/dcp_ws/install/robotiq_description:/home/home/dcp_ws/install/isaacsim:/home/home/dcp_ws/install/fairino_rviz:/home/home/dcp_ws/install/fairino_action_manager:/home/home/dcp_ws/install/fairino_interfaces:/home/home/dcp_ws/install/fairino_description:/home/home/dcp_ws/install/dh_robotics_ag95_description:/home/home/dcp_ws/install/pak_hqp_controller:/home/home/dcp_ws/install/kimm_hqp_controller:/home/home/gello_ws/install/franka_plugin:/home/home/gello_ws/install/franka_description:/home/home/gello_ws/install/dynamixel_sdk_examples:/home/home/gello_ws/install/dynamixel_sdk_custom_interfaces:/home/home/gello_ws/install/dynamixel:/home/home/gello_ws/install/dynamixel_sdk:/home/home/kimm_ws/install/rbpodo_bringup:/home/home/kimm_ws/install/rbpodo_hardware:/home/home/kimm_ws/install/rbpodo_msgs:/home/home/kimm_ws/install/rb3_730es_u_moveit_config:/home/home/kimm_ws/install/rbpodo_description:/home/home/kimm_ws/install/rb5_gui_manager:/home/home/kimm_ws/install/action_interface LD_LIBRARY_PATH=/home/home/dcp_ws/install/kimm_trajectory_smoother/lib:/home/home/dcp_ws/install/kimm_qpoases/lib:/home/home/dcp_ws/install/fairino_action_manager/lib:/home/home/dcp_ws/install/fairino_interfaces/lib:/home/home/dcp_ws/install/pak_hqp_controller/lib:/home/home/dcp_ws/install/kimm_hqp_controller/lib:/home/home/gello_ws/install/franka_plugin/lib:/home/home/gello_ws/install/dynamixel_sdk_custom_interfaces/lib:/home/home/gello_ws/install/dynamixel_sdk/lib:/home/home/kimm_ws/install/rbpodo_hardware/lib:/home/home/kimm_ws/install/rbpodo_msgs/lib:/home/home/kimm_ws/install/rb5_gui_manager/lib:/home/home/kimm_ws/install/action_interface/lib:/usr/lib/x86_64-linux-gnu/gazebo-11/plugins:/opt/ros/humble/opt/rviz_ogre_vendor/lib:/opt/ros/humble/lib/x86_64-linux-gnu:/opt/ros/humble/lib /usr/bin/cmake --build /home/home/dcp_ws/build/kimm_hqp_controller -- -j10 -l10
[39.090s] DEBUG:colcon.colcon_core.event_handler.log_command:Invoking command in '/home/home/dcp_ws/build/kimm_hqp_controller': CMAKE_PREFIX_PATH=/home/home/dcp_ws/install/kimm_trajectory_smoother:/home/home/dcp_ws/install/isaacsim_ros2:/home/home/kimm_ws/install/rb5_action_manager:/opt/ros/humble:/home/home/dcp_ws/install/kimm_qpoases:/home/home/dcp_ws/install/robotiq_description:/home/home/dcp_ws/install/isaacsim:/home/home/dcp_ws/install/fairino_rviz:/home/home/dcp_ws/install/fairino_action_manager:/home/home/dcp_ws/install/fairino_interfaces:/home/home/dcp_ws/install/fairino_description:/home/home/dcp_ws/install/dh_robotics_ag95_description:/home/home/dcp_ws/install/pak_hqp_controller:/home/home/dcp_ws/install/kimm_hqp_controller:/home/home/gello_ws/install/franka_plugin:/home/home/gello_ws/install/franka_description:/home/home/gello_ws/install/dynamixel_sdk_examples:/home/home/gello_ws/install/dynamixel_sdk_custom_interfaces:/home/home/gello_ws/install/dynamixel:/home/home/gello_ws/install/dynamixel_sdk:/home/home/kimm_ws/install/rbpodo_bringup:/home/home/kimm_ws/install/rbpodo_hardware:/home/home/kimm_ws/install/rbpodo_msgs:/home/home/kimm_ws/install/rb3_730es_u_moveit_config:/home/home/kimm_ws/install/rbpodo_description:/home/home/kimm_ws/install/rb5_gui_manager:/home/home/kimm_ws/install/action_interface LD_LIBRARY_PATH=/home/home/dcp_ws/install/kimm_trajectory_smoother/lib:/home/home/dcp_ws/install/kimm_qpoases/lib:/home/home/dcp_ws/install/fairino_action_manager/lib:/home/home/dcp_ws/install/fairino_interfaces/lib:/home/home/dcp_ws/install/pak_hqp_controller/lib:/home/home/dcp_ws/install/kimm_hqp_controller/lib:/home/home/gello_ws/install/franka_plugin/lib:/home/home/gello_ws/install/dynamixel_sdk_custom_interfaces/lib:/home/home/gello_ws/install/dynamixel_sdk/lib:/home/home/kimm_ws/install/rbpodo_hardware/lib:/home/home/kimm_ws/install/rbpodo_msgs/lib:/home/home/kimm_ws/install/rb5_gui_manager/lib:/home/home/kimm_ws/install/action_interface/lib:/usr/lib/x86_64-linux-gnu/gazebo-11/plugins:/opt/ros/humble/opt/rviz_ogre_vendor/lib:/opt/ros/humble/lib/x86_64-linux-gnu:/opt/ros/humble/lib /usr/bin/cmake --install /home/home/dcp_ws/build/kimm_hqp_controller
[39.099s] Level 1:colcon.colcon_core.environment:create_environment_scripts_only(kimm_hqp_controller)
[39.099s] Level 1:colcon.colcon_core.environment:checking '/home/home/dcp_ws/install/kimm_hqp_controller' for CMake module files
[39.099s] DEBUG:colcon.colcon_core.event_handler.log_command:Invoked command in '/home/home/dcp_ws/build/kimm_hqp_controller' returned '0': CMAKE_PREFIX_PATH=/home/home/dcp_ws/install/kimm_trajectory_smoother:/home/home/dcp_ws/install/isaacsim_ros2:/home/home/kimm_ws/install/rb5_action_manager:/opt/ros/humble:/home/home/dcp_ws/install/kimm_qpoases:/home/home/dcp_ws/install/robotiq_description:/home/home/dcp_ws/install/isaacsim:/home/home/dcp_ws/install/fairino_rviz:/home/home/dcp_ws/install/fairino_action_manager:/home/home/dcp_ws/install/fairino_interfaces:/home/home/dcp_ws/install/fairino_description:/home/home/dcp_ws/install/dh_robotics_ag95_description:/home/home/dcp_ws/install/pak_hqp_controller:/home/home/dcp_ws/install/kimm_hqp_controller:/home/home/gello_ws/install/franka_plugin:/home/home/gello_ws/install/franka_description:/home/home/gello_ws/install/dynamixel_sdk_examples:/home/home/gello_ws/install/dynamixel_sdk_custom_interfaces:/home/home/gello_ws/install/dynamixel:/home/home/gello_ws/install/dynamixel_sdk:/home/home/kimm_ws/install/rbpodo_bringup:/home/home/kimm_ws/install/rbpodo_hardware:/home/home/kimm_ws/install/rbpodo_msgs:/home/home/kimm_ws/install/rb3_730es_u_moveit_config:/home/home/kimm_ws/install/rbpodo_description:/home/home/kimm_ws/install/rb5_gui_manager:/home/home/kimm_ws/install/action_interface LD_LIBRARY_PATH=/home/home/dcp_ws/install/kimm_trajectory_smoother/lib:/home/home/dcp_ws/install/kimm_qpoases/lib:/home/home/dcp_ws/install/fairino_action_manager/lib:/home/home/dcp_ws/install/fairino_interfaces/lib:/home/home/dcp_ws/install/pak_hqp_controller/lib:/home/home/dcp_ws/install/kimm_hqp_controller/lib:/home/home/gello_ws/install/franka_plugin/lib:/home/home/gello_ws/install/dynamixel_sdk_custom_interfaces/lib:/home/home/gello_ws/install/dynamixel_sdk/lib:/home/home/kimm_ws/install/rbpodo_hardware/lib:/home/home/kimm_ws/install/rbpodo_msgs/lib:/home/home/kimm_ws/install/rb5_gui_manager/lib:/home/home/kimm_ws/install/action_interface/lib:/usr/lib/x86_64-linux-gnu/gazebo-11/plugins:/opt/ros/humble/opt/rviz_ogre_vendor/lib:/opt/ros/humble/lib/x86_64-linux-gnu:/opt/ros/humble/lib /usr/bin/cmake --install /home/home/dcp_ws/build/kimm_hqp_controller
[39.100s] Level 1:colcon.colcon_core.environment:checking '/home/home/dcp_ws/install/kimm_hqp_controller' for CMake config files
[39.100s] Level 1:colcon.colcon_core.shell:create_environment_hook('kimm_hqp_controller', 'cmake_prefix_path')
[39.100s] INFO:colcon.colcon_core.shell:Creating environment hook '/home/home/dcp_ws/install/kimm_hqp_controller/share/kimm_hqp_controller/hook/cmake_prefix_path.ps1'
[39.100s] INFO:colcon.colcon_core.shell:Creating environment descriptor '/home/home/dcp_ws/install/kimm_hqp_controller/share/kimm_hqp_controller/hook/cmake_prefix_path.dsv'
[39.100s] INFO:colcon.colcon_core.shell:Creating environment hook '/home/home/dcp_ws/install/kimm_hqp_controller/share/kimm_hqp_controller/hook/cmake_prefix_path.sh'
[39.100s] Level 1:colcon.colcon_core.environment:checking '/home/home/dcp_ws/install/kimm_hqp_controller/lib'
[39.100s] Level 1:colcon.colcon_core.shell:create_environment_hook('kimm_hqp_controller', 'ld_library_path_lib')
[39.101s] INFO:colcon.colcon_core.shell:Creating environment hook '/home/home/dcp_ws/install/kimm_hqp_controller/share/kimm_hqp_controller/hook/ld_library_path_lib.ps1'
[39.101s] INFO:colcon.colcon_core.shell:Creating environment descriptor '/home/home/dcp_ws/install/kimm_hqp_controller/share/kimm_hqp_controller/hook/ld_library_path_lib.dsv'
[39.101s] INFO:colcon.colcon_core.shell:Creating environment hook '/home/home/dcp_ws/install/kimm_hqp_controller/share/kimm_hqp_controller/hook/ld_library_path_lib.sh'
[39.101s] Level 1:colcon.colcon_core.environment:checking '/home/home/dcp_ws/install/kimm_hqp_controller/bin'
[39.101s] Level 1:colcon.colcon_core.environment:checking '/home/home/dcp_ws/install/kimm_hqp_controller/lib/pkgconfig/kimm_hqp_controller.pc'
[39.101s] Level 1:colcon.colcon_core.environment:checking '/home/home/dcp_ws/install/kimm_hqp_controller/lib/python3.10/site-packages'
[39.101s] Level 1:colcon.colcon_core.environment:checking '/home/home/dcp_ws/install/kimm_hqp_controller/bin'
[39.101s] INFO:colcon.colcon_core.shell:Creating package script '/home/home/dcp_ws/install/kimm_hqp_controller/share/kimm_hqp_controller/package.ps1'
[39.101s] INFO:colcon.colcon_core.shell:Creating package descriptor '/home/home/dcp_ws/install/kimm_hqp_controller/share/kimm_hqp_controller/package.dsv'
[39.102s] INFO:colcon.colcon_core.shell:Creating package script '/home/home/dcp_ws/install/kimm_hqp_controller/share/kimm_hqp_controller/package.sh'
[39.102s] INFO:colcon.colcon_core.shell:Creating package script '/home/home/dcp_ws/install/kimm_hqp_controller/share/kimm_hqp_controller/package.bash'
[39.102s] INFO:colcon.colcon_core.shell:Creating package script '/home/home/dcp_ws/install/kimm_hqp_controller/share/kimm_hqp_controller/package.zsh'
[39.102s] Level 1:colcon.colcon_core.environment:create_file_with_runtime_dependencies(/home/home/dcp_ws/install/kimm_hqp_controller/share/colcon-core/packages/kimm_hqp_controller)
[39.102s] Level 1:colcon.colcon_core.environment:create_environment_scripts_only(kimm_hqp_controller)
[39.102s] Level 1:colcon.colcon_core.environment:checking '/home/home/dcp_ws/install/kimm_hqp_controller' for CMake module files
[39.103s] Level 1:colcon.colcon_core.environment:checking '/home/home/dcp_ws/install/kimm_hqp_controller' for CMake config files
[39.103s] Level 1:colcon.colcon_core.shell:create_environment_hook('kimm_hqp_controller', 'cmake_prefix_path')
[39.103s] INFO:colcon.colcon_core.shell:Creating environment hook '/home/home/dcp_ws/install/kimm_hqp_controller/share/kimm_hqp_controller/hook/cmake_prefix_path.ps1'
[39.103s] INFO:colcon.colcon_core.shell:Creating environment descriptor '/home/home/dcp_ws/install/kimm_hqp_controller/share/kimm_hqp_controller/hook/cmake_prefix_path.dsv'
[39.103s] INFO:colcon.colcon_core.shell:Creating environment hook '/home/home/dcp_ws/install/kimm_hqp_controller/share/kimm_hqp_controller/hook/cmake_prefix_path.sh'
[39.103s] Level 1:colcon.colcon_core.environment:checking '/home/home/dcp_ws/install/kimm_hqp_controller/lib'
[39.103s] Level 1:colcon.colcon_core.shell:create_environment_hook('kimm_hqp_controller', 'ld_library_path_lib')
[39.103s] INFO:colcon.colcon_core.shell:Creating environment hook '/home/home/dcp_ws/install/kimm_hqp_controller/share/kimm_hqp_controller/hook/ld_library_path_lib.ps1'
[39.103s] INFO:colcon.colcon_core.shell:Creating environment descriptor '/home/home/dcp_ws/install/kimm_hqp_controller/share/kimm_hqp_controller/hook/ld_library_path_lib.dsv'
[39.104s] INFO:colcon.colcon_core.shell:Creating environment hook '/home/home/dcp_ws/install/kimm_hqp_controller/share/kimm_hqp_controller/hook/ld_library_path_lib.sh'
[39.104s] Level 1:colcon.colcon_core.environment:checking '/home/home/dcp_ws/install/kimm_hqp_controller/bin'
[39.104s] Level 1:colcon.colcon_core.environment:checking '/home/home/dcp_ws/install/kimm_hqp_controller/lib/pkgconfig/kimm_hqp_controller.pc'
[39.104s] Level 1:colcon.colcon_core.environment:checking '/home/home/dcp_ws/install/kimm_hqp_controller/lib/python3.10/site-packages'
[39.104s] Level 1:colcon.colcon_core.environment:checking '/home/home/dcp_ws/install/kimm_hqp_controller/bin'
[39.104s] INFO:colcon.colcon_core.shell:Creating package script '/home/home/dcp_ws/install/kimm_hqp_controller/share/kimm_hqp_controller/package.ps1'
[39.104s] INFO:colcon.colcon_core.shell:Creating package descriptor '/home/home/dcp_ws/install/kimm_hqp_controller/share/kimm_hqp_controller/package.dsv'
[39.104s] INFO:colcon.colcon_core.shell:Creating package script '/home/home/dcp_ws/install/kimm_hqp_controller/share/kimm_hqp_controller/package.sh'
[39.105s] INFO:colcon.colcon_core.shell:Creating package script '/home/home/dcp_ws/install/kimm_hqp_controller/share/kimm_hqp_controller/package.bash'
[39.105s] INFO:colcon.colcon_core.shell:Creating package script '/home/home/dcp_ws/install/kimm_hqp_controller/share/kimm_hqp_controller/package.zsh'
[39.105s] Level 1:colcon.colcon_core.environment:create_file_with_runtime_dependencies(/home/home/dcp_ws/install/kimm_hqp_controller/share/colcon-core/packages/kimm_hqp_controller)
[39.105s] DEBUG:colcon.colcon_parallel_executor.executor.parallel:closing loop
[39.105s] DEBUG:colcon.colcon_parallel_executor.executor.parallel:loop closed
[39.105s] DEBUG:colcon.colcon_parallel_executor.executor.parallel:run_until_complete finished with '0'
[39.105s] DEBUG:colcon.colcon_core.event_reactor:joining thread
[39.122s] INFO:colcon.colcon_core.plugin_system:Skipping extension 'colcon_notification.desktop_notification.terminal_notifier': Not used on non-Darwin systems
[39.122s] INFO:colcon.colcon_core.plugin_system:Skipping extension 'colcon_notification.desktop_notification.win32': Not used on non-Windows systems
[39.122s] INFO:colcon.colcon_notification.desktop_notification:Sending desktop notification using 'notify2'
[39.149s] DEBUG:colcon.colcon_core.event_reactor:joined thread
[39.150s] INFO:colcon.colcon_core.shell:Creating prefix script '/home/home/dcp_ws/install/local_setup.ps1'
[39.150s] INFO:colcon.colcon_core.shell:Creating prefix util module '/home/home/dcp_ws/install/_local_setup_util_ps1.py'
[39.151s] INFO:colcon.colcon_core.shell:Creating prefix chain script '/home/home/dcp_ws/install/setup.ps1'
[39.151s] INFO:colcon.colcon_core.shell:Creating prefix script '/home/home/dcp_ws/install/local_setup.sh'
[39.152s] INFO:colcon.colcon_core.shell:Creating prefix util module '/home/home/dcp_ws/install/_local_setup_util_sh.py'
[39.152s] INFO:colcon.colcon_core.shell:Creating prefix chain script '/home/home/dcp_ws/install/setup.sh'
[39.152s] INFO:colcon.colcon_core.shell:Creating prefix script '/home/home/dcp_ws/install/local_setup.bash'
[39.153s] INFO:colcon.colcon_core.shell:Creating prefix chain script '/home/home/dcp_ws/install/setup.bash'
[39.153s] INFO:colcon.colcon_core.shell:Creating prefix script '/home/home/dcp_ws/install/local_setup.zsh'
[39.153s] INFO:colcon.colcon_core.shell:Creating prefix chain script '/home/home/dcp_ws/install/setup.zsh'
