[0.027s] Invoking command in '/home/home/dcp_ws/build/isaacsim': CMAKE_PREFIX_PATH=/home/home/dcp_ws/install/robotiq_description:/home/home/dcp_ws/install/isaacsim:/home/home/dcp_ws/install/fairino_rviz:/home/home/dcp_ws/install/fairino_action_manager:/home/home/dcp_ws/install/fairino_interfaces:/home/home/dcp_ws/install/fairino_description:/home/home/dcp_ws/install/dh_robotics_ag95_description:/home/home/dcp_ws/install/pak_hqp_controller:/home/home/dcp_ws/install/kimm_hqp_controller:/home/home/dcp_ws/install/kimm_trajectory_smoother:/home/home/dcp_ws/install/isaacsim_ros2:/home/home/kimm_ws/install/rb5_action_manager:/opt/ros/humble:/home/home/dcp_ws/install/kimm_qpoases:/home/home/gello_ws/install/franka_plugin:/home/home/gello_ws/install/franka_description:/home/home/gello_ws/install/dynamixel_sdk_examples:/home/home/gello_ws/install/dynamixel_sdk_custom_interfaces:/home/home/gello_ws/install/dynamixel:/home/home/gello_ws/install/dynamixel_sdk:/home/home/kimm_ws/install/rbpodo_bringup:/home/home/kimm_ws/install/rbpodo_hardware:/home/home/kimm_ws/install/rbpodo_msgs:/home/home/kimm_ws/install/rb3_730es_u_moveit_config:/home/home/kimm_ws/install/rbpodo_description:/home/home/kimm_ws/install/rb5_gui_manager:/home/home/kimm_ws/install/action_interface /usr/bin/cmake --build /home/home/dcp_ws/build/isaacsim -- -j10 -l10
[0.178s] Invoked command in '/home/home/dcp_ws/build/isaacsim' returned '0': CMAKE_PREFIX_PATH=/home/home/dcp_ws/install/robotiq_description:/home/home/dcp_ws/install/isaacsim:/home/home/dcp_ws/install/fairino_rviz:/home/home/dcp_ws/install/fairino_action_manager:/home/home/dcp_ws/install/fairino_interfaces:/home/home/dcp_ws/install/fairino_description:/home/home/dcp_ws/install/dh_robotics_ag95_description:/home/home/dcp_ws/install/pak_hqp_controller:/home/home/dcp_ws/install/kimm_hqp_controller:/home/home/dcp_ws/install/kimm_trajectory_smoother:/home/home/dcp_ws/install/isaacsim_ros2:/home/home/kimm_ws/install/rb5_action_manager:/opt/ros/humble:/home/home/dcp_ws/install/kimm_qpoases:/home/home/gello_ws/install/franka_plugin:/home/home/gello_ws/install/franka_description:/home/home/gello_ws/install/dynamixel_sdk_examples:/home/home/gello_ws/install/dynamixel_sdk_custom_interfaces:/home/home/gello_ws/install/dynamixel:/home/home/gello_ws/install/dynamixel_sdk:/home/home/kimm_ws/install/rbpodo_bringup:/home/home/kimm_ws/install/rbpodo_hardware:/home/home/kimm_ws/install/rbpodo_msgs:/home/home/kimm_ws/install/rb3_730es_u_moveit_config:/home/home/kimm_ws/install/rbpodo_description:/home/home/kimm_ws/install/rb5_gui_manager:/home/home/kimm_ws/install/action_interface /usr/bin/cmake --build /home/home/dcp_ws/build/isaacsim -- -j10 -l10
[0.178s] Invoking command in '/home/home/dcp_ws/build/isaacsim': CMAKE_PREFIX_PATH=/home/home/dcp_ws/install/robotiq_description:/home/home/dcp_ws/install/isaacsim:/home/home/dcp_ws/install/fairino_rviz:/home/home/dcp_ws/install/fairino_action_manager:/home/home/dcp_ws/install/fairino_interfaces:/home/home/dcp_ws/install/fairino_description:/home/home/dcp_ws/install/dh_robotics_ag95_description:/home/home/dcp_ws/install/pak_hqp_controller:/home/home/dcp_ws/install/kimm_hqp_controller:/home/home/dcp_ws/install/kimm_trajectory_smoother:/home/home/dcp_ws/install/isaacsim_ros2:/home/home/kimm_ws/install/rb5_action_manager:/opt/ros/humble:/home/home/dcp_ws/install/kimm_qpoases:/home/home/gello_ws/install/franka_plugin:/home/home/gello_ws/install/franka_description:/home/home/gello_ws/install/dynamixel_sdk_examples:/home/home/gello_ws/install/dynamixel_sdk_custom_interfaces:/home/home/gello_ws/install/dynamixel:/home/home/gello_ws/install/dynamixel_sdk:/home/home/kimm_ws/install/rbpodo_bringup:/home/home/kimm_ws/install/rbpodo_hardware:/home/home/kimm_ws/install/rbpodo_msgs:/home/home/kimm_ws/install/rb3_730es_u_moveit_config:/home/home/kimm_ws/install/rbpodo_description:/home/home/kimm_ws/install/rb5_gui_manager:/home/home/kimm_ws/install/action_interface /usr/bin/cmake --install /home/home/dcp_ws/build/isaacsim
[0.193s] -- Install configuration: ""
[0.193s] -- Execute custom install script
[0.193s] -- Up-to-date symlink: /home/home/dcp_ws/install/isaacsim/share/isaacsim/scripts/open_isaacsim_stage.py
[0.193s] -- Up-to-date symlink: /home/home/dcp_ws/install/isaacsim/share/isaacsim/scripts/run_isaacsim.py
[0.193s] -- Up-to-date symlink: /home/home/dcp_ws/install/isaacsim/share/isaacsim/launch/run_isaacsim.launch.py
[0.193s] -- Up-to-date symlink: /home/home/dcp_ws/install/isaacsim/lib/isaacsim/run_isaacsim.py
[0.193s] -- Up-to-date symlink: /home/home/dcp_ws/install/isaacsim/lib/isaacsim/open_isaacsim_stage.py
[0.193s] -- Up-to-date symlink: /home/home/dcp_ws/install/isaacsim/share/ament_index/resource_index/package_run_dependencies/isaacsim
[0.193s] -- Up-to-date symlink: /home/home/dcp_ws/install/isaacsim/share/ament_index/resource_index/parent_prefix_path/isaacsim
[0.193s] -- Up-to-date symlink: /home/home/dcp_ws/install/isaacsim/share/isaacsim/environment/ament_prefix_path.sh
[0.193s] -- Up-to-date symlink: /home/home/dcp_ws/install/isaacsim/share/isaacsim/environment/ament_prefix_path.dsv
[0.193s] -- Up-to-date symlink: /home/home/dcp_ws/install/isaacsim/share/isaacsim/environment/path.sh
[0.193s] -- Up-to-date symlink: /home/home/dcp_ws/install/isaacsim/share/isaacsim/environment/path.dsv
[0.193s] -- Up-to-date symlink: /home/home/dcp_ws/install/isaacsim/share/isaacsim/local_setup.bash
[0.193s] -- Up-to-date symlink: /home/home/dcp_ws/install/isaacsim/share/isaacsim/local_setup.sh
[0.193s] -- Up-to-date symlink: /home/home/dcp_ws/install/isaacsim/share/isaacsim/local_setup.zsh
[0.193s] -- Up-to-date symlink: /home/home/dcp_ws/install/isaacsim/share/isaacsim/local_setup.dsv
[0.193s] -- Symlinking: /home/home/dcp_ws/install/isaacsim/share/isaacsim/package.dsv
[0.200s] -- Up-to-date symlink: /home/home/dcp_ws/install/isaacsim/share/ament_index/resource_index/packages/isaacsim
[0.201s] -- Up-to-date symlink: /home/home/dcp_ws/install/isaacsim/share/isaacsim/cmake/isaacsimConfig.cmake
[0.201s] -- Up-to-date symlink: /home/home/dcp_ws/install/isaacsim/share/isaacsim/cmake/isaacsimConfig-version.cmake
[0.201s] -- Up-to-date symlink: /home/home/dcp_ws/install/isaacsim/share/isaacsim/package.xml
[0.229s] Invoked command in '/home/home/dcp_ws/build/isaacsim' returned '0': CMAKE_PREFIX_PATH=/home/home/dcp_ws/install/robotiq_description:/home/home/dcp_ws/install/isaacsim:/home/home/dcp_ws/install/fairino_rviz:/home/home/dcp_ws/install/fairino_action_manager:/home/home/dcp_ws/install/fairino_interfaces:/home/home/dcp_ws/install/fairino_description:/home/home/dcp_ws/install/dh_robotics_ag95_description:/home/home/dcp_ws/install/pak_hqp_controller:/home/home/dcp_ws/install/kimm_hqp_controller:/home/home/dcp_ws/install/kimm_trajectory_smoother:/home/home/dcp_ws/install/isaacsim_ros2:/home/home/kimm_ws/install/rb5_action_manager:/opt/ros/humble:/home/home/dcp_ws/install/kimm_qpoases:/home/home/gello_ws/install/franka_plugin:/home/home/gello_ws/install/franka_description:/home/home/gello_ws/install/dynamixel_sdk_examples:/home/home/gello_ws/install/dynamixel_sdk_custom_interfaces:/home/home/gello_ws/install/dynamixel:/home/home/gello_ws/install/dynamixel_sdk:/home/home/kimm_ws/install/rbpodo_bringup:/home/home/kimm_ws/install/rbpodo_hardware:/home/home/kimm_ws/install/rbpodo_msgs:/home/home/kimm_ws/install/rb3_730es_u_moveit_config:/home/home/kimm_ws/install/rbpodo_description:/home/home/kimm_ws/install/rb5_gui_manager:/home/home/kimm_ws/install/action_interface /usr/bin/cmake --install /home/home/dcp_ws/build/isaacsim
