running develop
running egg_info
creating isaacsim_ros2.egg-info
writing isaacsim_ros2.egg-info/PKG-INFO
writing dependency_links to isaacsim_ros2.egg-info/dependency_links.txt
writing entry points to isaacsim_ros2.egg-info/entry_points.txt
writing requirements to isaacsim_ros2.egg-info/requires.txt
writing top-level names to isaacsim_ros2.egg-info/top_level.txt
writing manifest file 'isaacsim_ros2.egg-info/SOURCES.txt'
reading manifest file 'isaacsim_ros2.egg-info/SOURCES.txt'
writing manifest file 'isaacsim_ros2.egg-info/SOURCES.txt'
running build_ext
Creating /home/home/dcp_ws/install/isaacsim_ros2/lib/python3.10/site-packages/isaacsim-ros2.egg-link (link to .)
Installing set_target_pose_client script to /home/home/dcp_ws/install/isaacsim_ros2/lib/isaacsim_ros2

Installed /home/home/dcp_ws/build/isaacsim_ros2
running symlink_data
creating /home/home/dcp_ws/install/isaacsim_ros2/share/ament_index
creating /home/home/dcp_ws/install/isaacsim_ros2/share/ament_index/resource_index
creating /home/home/dcp_ws/install/isaacsim_ros2/share/ament_index/resource_index/packages
symbolically linking /home/home/dcp_ws/build/isaacsim_ros2/resource/isaacsim_ros2 -> /home/home/dcp_ws/install/isaacsim_ros2/share/ament_index/resource_index/packages
symbolically linking /home/home/dcp_ws/build/isaacsim_ros2/package.xml -> /home/home/dcp_ws/install/isaacsim_ros2/share/isaacsim_ros2
