[0.375s] Invoking command in '/home/home/dcp_ws/build/isaacsim_ros2': PYTHONPATH=/home/home/dcp_ws/build/isaacsim_ros2/prefix_override:/usr/lib/python3/dist-packages/colcon_core/task/python/colcon_distutils_commands:/home/home/dcp_ws/install/isaacsim_ros2/lib/python3.10/site-packages:${PYTHONPATH} /usr/bin/python3 -W ignore:setup.py install is deprecated -W ignore:easy_install command is deprecated setup.py develop --editable --build-directory /home/home/dcp_ws/build/isaacsim_ros2/build --no-deps symlink_data
[0.506s] running develop
[0.578s] running egg_info
[0.578s] creating isaacsim_ros2.egg-info
[0.581s] writing isaacsim_ros2.egg-info/PKG-INFO
[0.581s] writing dependency_links to isaacsim_ros2.egg-info/dependency_links.txt
[0.581s] writing entry points to isaacsim_ros2.egg-info/entry_points.txt
[0.581s] writing requirements to isaacsim_ros2.egg-info/requires.txt
[0.581s] writing top-level names to isaacsim_ros2.egg-info/top_level.txt
[0.581s] writing manifest file 'isaacsim_ros2.egg-info/SOURCES.txt'
[0.581s] reading manifest file 'isaacsim_ros2.egg-info/SOURCES.txt'
[0.581s] writing manifest file 'isaacsim_ros2.egg-info/SOURCES.txt'
[0.581s] running build_ext
[0.581s] Creating /home/home/dcp_ws/install/isaacsim_ros2/lib/python3.10/site-packages/isaacsim-ros2.egg-link (link to .)
[0.581s] Installing set_target_pose_client script to /home/home/dcp_ws/install/isaacsim_ros2/lib/isaacsim_ros2
[0.581s] 
[0.581s] Installed /home/home/dcp_ws/build/isaacsim_ros2
[0.582s] running symlink_data
[0.582s] creating /home/home/dcp_ws/install/isaacsim_ros2/share/ament_index
[0.582s] creating /home/home/dcp_ws/install/isaacsim_ros2/share/ament_index/resource_index
[0.582s] creating /home/home/dcp_ws/install/isaacsim_ros2/share/ament_index/resource_index/packages
[0.582s] symbolically linking /home/home/dcp_ws/build/isaacsim_ros2/resource/isaacsim_ros2 -> /home/home/dcp_ws/install/isaacsim_ros2/share/ament_index/resource_index/packages
[0.582s] symbolically linking /home/home/dcp_ws/build/isaacsim_ros2/package.xml -> /home/home/dcp_ws/install/isaacsim_ros2/share/isaacsim_ros2
[0.600s] Invoked command in '/home/home/dcp_ws/build/isaacsim_ros2' returned '0': PYTHONPATH=/home/home/dcp_ws/build/isaacsim_ros2/prefix_override:/usr/lib/python3/dist-packages/colcon_core/task/python/colcon_distutils_commands:/home/home/dcp_ws/install/isaacsim_ros2/lib/python3.10/site-packages:${PYTHONPATH} /usr/bin/python3 -W ignore:setup.py install is deprecated -W ignore:easy_install command is deprecated setup.py develop --editable --build-directory /home/home/dcp_ws/build/isaacsim_ros2/build --no-deps symlink_data
