[0.026s] Invoking command in '/home/home/dcp_ws/build/fairino_action_manager': CMAKE_PREFIX_PATH=/home/home/dcp_ws/install/fairino_interfaces:/home/home/dcp_ws/install/robotiq_description:/home/home/dcp_ws/install/pak_hqp_controller:/home/home/dcp_ws/install/kimm_hqp_controller:/home/home/dcp_ws/install/kimm_trajectory_smoother:/home/home/dcp_ws/install/isaacsim_ros2:/home/home/fairino_ros2_ws/install/isaacsim_ros2:/opt/ros/humble:/home/home/dcp_ws/install/kimm_qpoases:/home/home/dcp_ws/install/isaacsim:/home/home/dcp_ws/install/fairino_rviz:/home/home/dcp_ws/install/fairino_action_manager:/home/home/dcp_ws/install/fairino_description:/home/home/dcp_ws/install/dh_robotics_ag95_description:/home/home/fairino_ros2_ws/install/kimm_hqp_controller:/home/home/fairino_ros2_ws/install/kimm_trajectory_smoother:/home/home/fairino_ros2_ws/install/kimm_qpoases:/home/home/fairino_ros2_ws/install/isaacsim:/home/home/fairino_ros2_ws/install/fairino_rviz:/home/home/fairino_ros2_ws/install/fairino_action_manager:/home/home/fairino_ros2_ws/install/fairino_interfaces:/home/home/fairino_ros2_ws/install/fairino_description:/home/home/fairino_ros2_ws/install/dh_robotics_ag95_description LD_LIBRARY_PATH=/home/home/dcp_ws/install/fairino_interfaces/lib:/home/home/dcp_ws/install/pak_hqp_controller/lib:/home/home/dcp_ws/install/kimm_hqp_controller/lib:/home/home/dcp_ws/install/kimm_trajectory_smoother/lib:/home/home/dcp_ws/install/kimm_qpoases/lib:/home/home/dcp_ws/install/fairino_action_manager/lib:/home/home/fairino_ros2_ws/install/kimm_hqp_controller/lib:/home/home/fairino_ros2_ws/install/kimm_trajectory_smoother/lib:/home/home/fairino_ros2_ws/install/kimm_qpoases/lib:/home/home/fairino_ros2_ws/install/fairino_action_manager/lib:/home/home/fairino_ros2_ws/install/fairino_interfaces/lib:/opt/ros/humble/opt/rviz_ogre_vendor/lib:/opt/ros/humble/lib/x86_64-linux-gnu:/opt/ros/humble/lib:/usr/local/cuda-12.9/lib64:/home/home/fairino_ros2_ws/src/libfairino/lib /usr/bin/cmake /home/home/dcp_ws/src/fairino/fairino_action_manager -DCMAKE_INSTALL_PREFIX=/home/home/dcp_ws/install/fairino_action_manager
[0.114s] -- The C compiler identification is GNU 11.4.0
[0.201s] -- The CXX compiler identification is GNU 11.4.0
[0.205s] -- Detecting C compiler ABI info
[0.296s] -- Detecting C compiler ABI info - done
[0.304s] -- Check for working C compiler: /usr/bin/cc - skipped
[0.305s] -- Detecting C compile features
[0.305s] -- Detecting C compile features - done
[0.310s] -- Detecting CXX compiler ABI info
[0.439s] -- Detecting CXX compiler ABI info - done
[0.442s] -- Check for working CXX compiler: /usr/bin/c++ - skipped
[0.445s] -- Detecting CXX compile features
[0.445s] -- Detecting CXX compile features - done
[0.447s] -- Found ament_cmake: 1.3.12 (/opt/ros/humble/share/ament_cmake/cmake)
[0.652s] -- Found Python3: /usr/bin/python3 (found version "3.10.17") found components: Interpreter 
[0.839s] -- Found rosidl_default_generators: 1.2.0 (/opt/ros/humble/share/rosidl_default_generators/cmake)
[0.841s] -- Using all available rosidl_typesupport_c: rosidl_typesupport_fastrtps_c;rosidl_typesupport_introspection_c
[0.852s] -- Found rosidl_adapter: 3.1.7 (/opt/ros/humble/share/rosidl_adapter/cmake)
[0.900s] -- Using all available rosidl_typesupport_cpp: rosidl_typesupport_fastrtps_cpp;rosidl_typesupport_introspection_cpp
[0.942s] -- Found rclcpp: 16.0.14 (/opt/ros/humble/share/rclcpp/cmake)
[0.998s] -- Found rmw_implementation_cmake: 6.1.2 (/opt/ros/humble/share/rmw_implementation_cmake/cmake)
[1.006s] -- Found rmw_fastrtps_cpp: 6.2.8 (/opt/ros/humble/share/rmw_fastrtps_cpp/cmake)
[1.130s] -- Found OpenSSL: /usr/lib/x86_64-linux-gnu/libcrypto.so (found version "3.0.2")  
[1.161s] -- Found FastRTPS: /opt/ros/humble/include  
[1.212s] -- Using RMW implementation 'rmw_fastrtps_cpp' as default
[1.222s] -- Looking for pthread.h
[1.334s] -- Looking for pthread.h - found
[1.334s] -- Performing Test CMAKE_HAVE_LIBC_PTHREAD
[1.426s] -- Performing Test CMAKE_HAVE_LIBC_PTHREAD - Success
[1.429s] -- Found Threads: TRUE  
[1.490s] -- Found rclcpp_action: 16.0.14 (/opt/ros/humble/share/rclcpp_action/cmake)
[1.525s] -- Found rclcpp_components: 16.0.14 (/opt/ros/humble/share/rclcpp_components/cmake)
[1.560s] -- Found sensor_msgs: 4.9.0 (/opt/ros/humble/share/sensor_msgs/cmake)
[1.592s] -- Found tf2: 0.25.15 (/opt/ros/humble/share/tf2/cmake)
[1.594s] -- Found tf2_geometry_msgs: 0.25.15 (/opt/ros/humble/share/tf2_geometry_msgs/cmake)
[1.614s] -- Found eigen3_cmake_module: 0.1.1 (/opt/ros/humble/share/eigen3_cmake_module/cmake)
[1.615s] -- Found Eigen3: TRUE (found version "3.4.0") 
[1.615s] -- Ensuring Eigen3 include directory is part of orocos-kdl CMake target
[1.657s] -- pinocchio_default FOUND. pinocchio_default at /opt/ros/humble/lib/x86_64-linux-gnu/libpinocchio_default.so
[1.657s] -- pinocchio_parsers FOUND. pinocchio_parsers at /opt/ros/humble/lib/x86_64-linux-gnu/libpinocchio_parsers.so
[1.658s] -- boost_filesystem FOUND. boost_filesystem at /lib/x86_64-linux-gnu/libboost_filesystem.so
[1.658s] -- boost_serialization FOUND. boost_serialization at /lib/x86_64-linux-gnu/libboost_serialization.so
[1.658s] -- boost_system FOUND. boost_system at /lib/x86_64-linux-gnu/libboost_system.so
[1.723s] -- Found Boost: /usr/include (found version "1.74.0") found components: filesystem serialization system 
[1.730s] -- eigenpy FOUND. eigenpy at /opt/ros/humble/lib/x86_64-linux-gnu/libeigenpy.so
[1.768s] -- Checking for NumPy
[2.125s] --   NUMPY_INCLUDE_DIRS=/usr/lib/python3/dist-packages/numpy/core/include
[2.185s] --   NUMPY_VERSION=1.21.5
[2.411s] -- Found Python3: /usr/bin/python3 (found version "3.10.17") found components: Interpreter Development.Module NumPy 
[2.412s] -- PythonLibraryDirs: 
[2.412s] -- PythonLibVersionString: 3.10.17
[2.423s] -- Python site lib: lib/python3.10/site-packages
[2.423s] -- Python include dirs: /usr/include/python3.10
[2.448s] -- Checking for NumPy
[2.508s] --   NUMPY_INCLUDE_DIRS=/usr/lib/python3/dist-packages/numpy/core/include
[2.569s] --   NUMPY_VERSION=1.21.5
[2.570s] -- NumPy include dir: /usr/lib/python3/dist-packages/numpy/core/include
[2.570s] [33mCMake Warning at /usr/share/cmake-3.22/Modules/FindBoost.cmake:2201 (message):
[2.570s]   No header defined for python310; skipping header check (note: header-only
[2.570s]   libraries have no designated component)
[2.570s] Call Stack (most recent call first):
[2.570s]   /opt/ros/humble/lib/x86_64-linux-gnu/cmake/eigenpy/boost.cmake:148 (find_package)
[2.570s]   /opt/ros/humble/lib/x86_64-linux-gnu/cmake/eigenpy/eigenpyConfig.cmake:149 (SEARCH_FOR_BOOST_PYTHON)
[2.570s]   /usr/share/cmake-3.22/Modules/CMakeFindDependencyMacro.cmake:47 (find_package)
[2.570s]   /opt/ros/humble/lib/x86_64-linux-gnu/cmake/pinocchio/pinocchioConfig.cmake:161 (find_dependency)
[2.570s]   CMakeLists.txt:21 (find_package)
[2.570s] 
[2.570s] [0m
[2.572s] -- Found Boost: /usr/include (found version "1.74.0") found components: python310 
[3.018s] -- Default C++ standard: 201703
[3.018s] -- Minimal C++ standard upgraded to 11
[3.018s] -- C++ standard sufficient: Minimal required 11, currently defined: 17
[3.018s] -- CMAKE_CXX_STANDARD was not set: automatically set to currently defined standard 17
[3.019s] -- hpp-fcl FOUND. hpp-fcl at /opt/ros/humble/lib/x86_64-linux-gnu/libhpp-fcl.so
[3.034s] -- Found Boost: /usr/include (found version "1.74.0") found components: chrono serialization filesystem 
[3.037s] -- C++ standard sufficient: Minimal required 11, currently defined: 17
[3.038s] -- C++ standard sufficient: Minimal required 11, currently defined: 17
[3.038s] -- Found kimm_qpoases: 1.0.0 (/home/home/dcp_ws/install/kimm_qpoases/share/kimm_qpoases/cmake)
[3.045s] -- Found kimm_trajectory_smoother: 1.0.0 (/home/home/dcp_ws/install/kimm_trajectory_smoother/share/kimm_trajectory_smoother/cmake)
[3.045s] -- Found kimm_hqp_controller: 1.0.0 (/home/home/fairino_ros2_ws/install/kimm_hqp_controller/share/kimm_hqp_controller/cmake)
[3.064s] [31mCMake Error at CMakeLists.txt:25 (find_package):
[3.064s]   By not providing "Findpak_hqp_controller.cmake" in CMAKE_MODULE_PATH this
[3.064s]   project has asked CMake to find a package configuration file provided by
[3.064s]   "pak_hqp_controller", but CMake did not find one.
[3.064s] 
[3.064s]   Could not find a package configuration file provided by
[3.064s]   "pak_hqp_controller" with any of the following names:
[3.064s] 
[3.064s]     pak_hqp_controllerConfig.cmake
[3.064s]     pak_hqp_controller-config.cmake
[3.064s] 
[3.064s]   Add the installation prefix of "pak_hqp_controller" to CMAKE_PREFIX_PATH or
[3.064s]   set "pak_hqp_controller_DIR" to a directory containing one of the above
[3.064s]   files.  If "pak_hqp_controller" provides a separate development package or
[3.064s]   SDK, be sure it has been installed.
[3.065s] 
[3.065s] [0m
[3.066s] -- Configuring incomplete, errors occurred!
[3.067s] See also "/home/home/dcp_ws/build/fairino_action_manager/CMakeFiles/CMakeOutput.log".
[3.076s] Invoked command in '/home/home/dcp_ws/build/fairino_action_manager' returned '1': CMAKE_PREFIX_PATH=/home/home/dcp_ws/install/fairino_interfaces:/home/home/dcp_ws/install/robotiq_description:/home/home/dcp_ws/install/pak_hqp_controller:/home/home/dcp_ws/install/kimm_hqp_controller:/home/home/dcp_ws/install/kimm_trajectory_smoother:/home/home/dcp_ws/install/isaacsim_ros2:/home/home/fairino_ros2_ws/install/isaacsim_ros2:/opt/ros/humble:/home/home/dcp_ws/install/kimm_qpoases:/home/home/dcp_ws/install/isaacsim:/home/home/dcp_ws/install/fairino_rviz:/home/home/dcp_ws/install/fairino_action_manager:/home/home/dcp_ws/install/fairino_description:/home/home/dcp_ws/install/dh_robotics_ag95_description:/home/home/fairino_ros2_ws/install/kimm_hqp_controller:/home/home/fairino_ros2_ws/install/kimm_trajectory_smoother:/home/home/fairino_ros2_ws/install/kimm_qpoases:/home/home/fairino_ros2_ws/install/isaacsim:/home/home/fairino_ros2_ws/install/fairino_rviz:/home/home/fairino_ros2_ws/install/fairino_action_manager:/home/home/fairino_ros2_ws/install/fairino_interfaces:/home/home/fairino_ros2_ws/install/fairino_description:/home/home/fairino_ros2_ws/install/dh_robotics_ag95_description LD_LIBRARY_PATH=/home/home/dcp_ws/install/fairino_interfaces/lib:/home/home/dcp_ws/install/pak_hqp_controller/lib:/home/home/dcp_ws/install/kimm_hqp_controller/lib:/home/home/dcp_ws/install/kimm_trajectory_smoother/lib:/home/home/dcp_ws/install/kimm_qpoases/lib:/home/home/dcp_ws/install/fairino_action_manager/lib:/home/home/fairino_ros2_ws/install/kimm_hqp_controller/lib:/home/home/fairino_ros2_ws/install/kimm_trajectory_smoother/lib:/home/home/fairino_ros2_ws/install/kimm_qpoases/lib:/home/home/fairino_ros2_ws/install/fairino_action_manager/lib:/home/home/fairino_ros2_ws/install/fairino_interfaces/lib:/opt/ros/humble/opt/rviz_ogre_vendor/lib:/opt/ros/humble/lib/x86_64-linux-gnu:/opt/ros/humble/lib:/usr/local/cuda-12.9/lib64:/home/home/fairino_ros2_ws/src/libfairino/lib /usr/bin/cmake /home/home/dcp_ws/src/fairino/fairino_action_manager -DCMAKE_INSTALL_PREFIX=/home/home/dcp_ws/install/fairino_action_manager
