[0.008s] Invoking command in '/home/home/dcp_ws/build/fairino_action_manager': CMAKE_PREFIX_PATH=/home/home/dcp_ws/install/fairino_interfaces:/home/home/dcp_ws/install/robotiq_description:/home/home/dcp_ws/install/pak_hqp_controller:/home/home/dcp_ws/install/kimm_hqp_controller:/home/home/dcp_ws/install/kimm_trajectory_smoother:/home/home/dcp_ws/install/isaacsim_ros2:/home/home/fairino_ros2_ws/install/isaacsim_ros2:/opt/ros/humble:/home/home/dcp_ws/install/kimm_qpoases:/home/home/dcp_ws/install/isaacsim:/home/home/dcp_ws/install/fairino_rviz:/home/home/dcp_ws/install/fairino_action_manager:/home/home/dcp_ws/install/fairino_description:/home/home/dcp_ws/install/dh_robotics_ag95_description:/home/home/fairino_ros2_ws/install/kimm_hqp_controller:/home/home/fairino_ros2_ws/install/kimm_trajectory_smoother:/home/home/fairino_ros2_ws/install/kimm_qpoases:/home/home/fairino_ros2_ws/install/isaacsim:/home/home/fairino_ros2_ws/install/fairino_rviz:/home/home/fairino_ros2_ws/install/fairino_action_manager:/home/home/fairino_ros2_ws/install/fairino_interfaces:/home/home/fairino_ros2_ws/install/fairino_description:/home/home/fairino_ros2_ws/install/dh_robotics_ag95_description LD_LIBRARY_PATH=/home/home/dcp_ws/install/fairino_interfaces/lib:/usr/local/cuda-12.9/lib64:/home/home/dcp_ws/install/pak_hqp_controller/lib:/home/home/dcp_ws/install/kimm_hqp_controller/lib:/home/home/dcp_ws/install/kimm_trajectory_smoother/lib:/home/home/dcp_ws/install/kimm_qpoases/lib:/home/home/dcp_ws/install/fairino_action_manager/lib:/home/home/fairino_ros2_ws/install/kimm_hqp_controller/lib:/home/home/fairino_ros2_ws/install/kimm_trajectory_smoother/lib:/home/home/fairino_ros2_ws/install/kimm_qpoases/lib:/home/home/fairino_ros2_ws/install/fairino_action_manager/lib:/home/home/fairino_ros2_ws/install/fairino_interfaces/lib:/opt/ros/humble/opt/rviz_ogre_vendor/lib:/opt/ros/humble/lib/x86_64-linux-gnu:/opt/ros/humble/lib:/usr/local/cuda-12.9/lib64:/home/home/fairino_ros2_ws/src/libfairino/lib:/home/home/fairino_ros2_ws/src/libfairino/lib /usr/bin/cmake --build /home/home/dcp_ws/build/fairino_action_manager -- -j10 -l10
[0.064s] [ 22%] Built target task
[0.074s] [35m[1mConsolidate compiler generated dependencies of target controller[0m
[0.091s] [ 33%] Built target task_manager
[0.129s] [ 38%] [32mBuilding CXX object CMakeFiles/controller.dir/src/controller/controller.cpp.o[0m
[0.129s] [ 44%] [32mBuilding CXX object CMakeFiles/controller.dir/src/servers/basic/joint_posture_action_server.cpp.o[0m
[0.135s] [ 50%] [32mBuilding CXX object CMakeFiles/controller.dir/src/servers/basic/se3_action_server.cpp.o[0m
[0.135s] [ 55%] [32mBuilding CXX object CMakeFiles/controller.dir/src/servers/basic/gripper_sim_action_server.cpp.o[0m
[0.138s] [ 61%] [32mBuilding CXX object CMakeFiles/controller.dir/src/servers/basic/gripper_real_action_server.cpp.o[0m
[0.145s] [ 66%] [32mBuilding CXX object CMakeFiles/controller.dir/src/servers/basic/qr_action_server.cpp.o[0m
[0.145s] [ 72%] [32mBuilding CXX object CMakeFiles/controller.dir/src/servers/basic/tool_changer_action_sever.cpp.o[0m
[7.193s] [01m[K/home/home/dcp_ws/src/fairino/fairino_action_manager/src/servers/basic/tool_changer_action_sever.cpp:[m[K In member function ‘[01m[Kvirtual bool ToolChangerActionServer::compute(const rclcpp::Time&)[m[K’:
[7.193s] [01m[K/home/home/dcp_ws/src/fairino/fairino_action_manager/src/servers/basic/tool_changer_action_sever.cpp:97:59:[m[K [01;35m[Kwarning: [m[Kunused parameter ‘[01m[Kcurrent_time[m[K’ [[01;35m[K]8;;https://gcc.gnu.org/onlinedocs/gcc/Warning-Options.html#index-Wunused-parameter-Wunused-parameter]8;;[m[K]
[7.193s]    97 | bool ToolChangerActionServer::compute([01;35m[Kconst rclcpp::Time& current_time[m[K)
[7.193s]       |                                       [01;35m[K~~~~~~~~~~~~~~~~~~~~^~~~~~~~~~~~[m[K
[20.875s] [ 77%] [32m[1mLinking CXX shared library libcontroller.so[0m
[22.489s] [ 77%] Built target controller
[22.507s] [35m[1mConsolidate compiler generated dependencies of target fairino_action_manager_simulation_isaac[0m
[22.509s] [35m[1mConsolidate compiler generated dependencies of target fairino_action_manager_real[0m
[22.536s] [ 83%] [32mBuilding CXX object CMakeFiles/fairino_action_manager_simulation_isaac.dir/src/simulation/simulation_isaac.cpp.o[0m
[22.539s] [ 88%] [32mBuilding CXX object CMakeFiles/fairino_action_manager_real.dir/src/real/real.cpp.o[0m
[32.323s] [ 94%] [32m[1mLinking CXX executable fairino_action_manager_real[0m
[32.892s] /usr/bin/ld: warning: libpinocchio_parsers.so.3.5.0, needed by /home/home/fairino_ros2_ws/install/kimm_hqp_controller/lib/libkimm_hqp_controller.so, not found (try using -rpath or -rpath-link)
[33.056s] [ 94%] Built target fairino_action_manager_real
[37.623s] [100%] [32m[1mLinking CXX executable fairino_action_manager_simulation_isaac[0m
[38.369s] /usr/bin/ld: warning: libpinocchio_parsers.so.3.5.0, needed by /home/home/fairino_ros2_ws/install/kimm_hqp_controller/lib/libkimm_hqp_controller.so, not found (try using -rpath or -rpath-link)
[38.724s] [100%] Built target fairino_action_manager_simulation_isaac
[38.737s] Invoked command in '/home/home/dcp_ws/build/fairino_action_manager' returned '0': CMAKE_PREFIX_PATH=/home/home/dcp_ws/install/fairino_interfaces:/home/home/dcp_ws/install/robotiq_description:/home/home/dcp_ws/install/pak_hqp_controller:/home/home/dcp_ws/install/kimm_hqp_controller:/home/home/dcp_ws/install/kimm_trajectory_smoother:/home/home/dcp_ws/install/isaacsim_ros2:/home/home/fairino_ros2_ws/install/isaacsim_ros2:/opt/ros/humble:/home/home/dcp_ws/install/kimm_qpoases:/home/home/dcp_ws/install/isaacsim:/home/home/dcp_ws/install/fairino_rviz:/home/home/dcp_ws/install/fairino_action_manager:/home/home/dcp_ws/install/fairino_description:/home/home/dcp_ws/install/dh_robotics_ag95_description:/home/home/fairino_ros2_ws/install/kimm_hqp_controller:/home/home/fairino_ros2_ws/install/kimm_trajectory_smoother:/home/home/fairino_ros2_ws/install/kimm_qpoases:/home/home/fairino_ros2_ws/install/isaacsim:/home/home/fairino_ros2_ws/install/fairino_rviz:/home/home/fairino_ros2_ws/install/fairino_action_manager:/home/home/fairino_ros2_ws/install/fairino_interfaces:/home/home/fairino_ros2_ws/install/fairino_description:/home/home/fairino_ros2_ws/install/dh_robotics_ag95_description LD_LIBRARY_PATH=/home/home/dcp_ws/install/fairino_interfaces/lib:/usr/local/cuda-12.9/lib64:/home/home/dcp_ws/install/pak_hqp_controller/lib:/home/home/dcp_ws/install/kimm_hqp_controller/lib:/home/home/dcp_ws/install/kimm_trajectory_smoother/lib:/home/home/dcp_ws/install/kimm_qpoases/lib:/home/home/dcp_ws/install/fairino_action_manager/lib:/home/home/fairino_ros2_ws/install/kimm_hqp_controller/lib:/home/home/fairino_ros2_ws/install/kimm_trajectory_smoother/lib:/home/home/fairino_ros2_ws/install/kimm_qpoases/lib:/home/home/fairino_ros2_ws/install/fairino_action_manager/lib:/home/home/fairino_ros2_ws/install/fairino_interfaces/lib:/opt/ros/humble/opt/rviz_ogre_vendor/lib:/opt/ros/humble/lib/x86_64-linux-gnu:/opt/ros/humble/lib:/usr/local/cuda-12.9/lib64:/home/home/fairino_ros2_ws/src/libfairino/lib:/home/home/fairino_ros2_ws/src/libfairino/lib /usr/bin/cmake --build /home/home/dcp_ws/build/fairino_action_manager -- -j10 -l10
[38.738s] Invoking command in '/home/home/dcp_ws/build/fairino_action_manager': CMAKE_PREFIX_PATH=/home/home/dcp_ws/install/fairino_interfaces:/home/home/dcp_ws/install/robotiq_description:/home/home/dcp_ws/install/pak_hqp_controller:/home/home/dcp_ws/install/kimm_hqp_controller:/home/home/dcp_ws/install/kimm_trajectory_smoother:/home/home/dcp_ws/install/isaacsim_ros2:/home/home/fairino_ros2_ws/install/isaacsim_ros2:/opt/ros/humble:/home/home/dcp_ws/install/kimm_qpoases:/home/home/dcp_ws/install/isaacsim:/home/home/dcp_ws/install/fairino_rviz:/home/home/dcp_ws/install/fairino_action_manager:/home/home/dcp_ws/install/fairino_description:/home/home/dcp_ws/install/dh_robotics_ag95_description:/home/home/fairino_ros2_ws/install/kimm_hqp_controller:/home/home/fairino_ros2_ws/install/kimm_trajectory_smoother:/home/home/fairino_ros2_ws/install/kimm_qpoases:/home/home/fairino_ros2_ws/install/isaacsim:/home/home/fairino_ros2_ws/install/fairino_rviz:/home/home/fairino_ros2_ws/install/fairino_action_manager:/home/home/fairino_ros2_ws/install/fairino_interfaces:/home/home/fairino_ros2_ws/install/fairino_description:/home/home/fairino_ros2_ws/install/dh_robotics_ag95_description LD_LIBRARY_PATH=/home/home/dcp_ws/install/fairino_interfaces/lib:/usr/local/cuda-12.9/lib64:/home/home/dcp_ws/install/pak_hqp_controller/lib:/home/home/dcp_ws/install/kimm_hqp_controller/lib:/home/home/dcp_ws/install/kimm_trajectory_smoother/lib:/home/home/dcp_ws/install/kimm_qpoases/lib:/home/home/dcp_ws/install/fairino_action_manager/lib:/home/home/fairino_ros2_ws/install/kimm_hqp_controller/lib:/home/home/fairino_ros2_ws/install/kimm_trajectory_smoother/lib:/home/home/fairino_ros2_ws/install/kimm_qpoases/lib:/home/home/fairino_ros2_ws/install/fairino_action_manager/lib:/home/home/fairino_ros2_ws/install/fairino_interfaces/lib:/opt/ros/humble/opt/rviz_ogre_vendor/lib:/opt/ros/humble/lib/x86_64-linux-gnu:/opt/ros/humble/lib:/usr/local/cuda-12.9/lib64:/home/home/fairino_ros2_ws/src/libfairino/lib:/home/home/fairino_ros2_ws/src/libfairino/lib /usr/bin/cmake --install /home/home/dcp_ws/build/fairino_action_manager
[38.746s] -- Install configuration: ""
[38.746s] -- Installing: /home/home/dcp_ws/install/fairino_action_manager/lib/libcontroller.so
[38.763s] -- Set runtime path of "/home/home/dcp_ws/install/fairino_action_manager/lib/libcontroller.so" to ""
[38.763s] -- Up-to-date: /home/home/dcp_ws/install/fairino_action_manager/lib/libtask.so
[38.764s] -- Installing: /home/home/dcp_ws/install/fairino_action_manager/lib/fairino_action_manager/fairino_action_manager_real
[38.767s] -- Set runtime path of "/home/home/dcp_ws/install/fairino_action_manager/lib/fairino_action_manager/fairino_action_manager_real" to ""
[38.768s] -- Installing: /home/home/dcp_ws/install/fairino_action_manager/lib/fairino_action_manager/fairino_action_manager_simulation_isaac
[38.775s] -- Set runtime path of "/home/home/dcp_ws/install/fairino_action_manager/lib/fairino_action_manager/fairino_action_manager_simulation_isaac" to ""
[38.775s] -- Up-to-date: /home/home/dcp_ws/install/fairino_action_manager/lib/fairino_action_manager/task_manager
[38.775s] -- Up-to-date: /home/home/dcp_ws/install/fairino_action_manager/include
[38.775s] -- Up-to-date: /home/home/dcp_ws/install/fairino_action_manager/include/fairino_action_manager
[38.775s] -- Up-to-date: /home/home/dcp_ws/install/fairino_action_manager/include/fairino_action_manager/controller
[38.775s] -- Installing: /home/home/dcp_ws/install/fairino_action_manager/include/fairino_action_manager/controller/controller.hpp
[38.775s] -- Up-to-date: /home/home/dcp_ws/install/fairino_action_manager/include/fairino_action_manager/servers
[38.775s] -- Up-to-date: /home/home/dcp_ws/install/fairino_action_manager/include/fairino_action_manager/servers/basic
[38.775s] -- Up-to-date: /home/home/dcp_ws/install/fairino_action_manager/include/fairino_action_manager/servers/basic/qr_action_server.hpp
[38.775s] -- Up-to-date: /home/home/dcp_ws/install/fairino_action_manager/include/fairino_action_manager/servers/basic/tool_changer_action_server.hpp
[38.775s] -- Up-to-date: /home/home/dcp_ws/install/fairino_action_manager/include/fairino_action_manager/servers/basic/se3_action_server.hpp
[38.775s] -- Up-to-date: /home/home/dcp_ws/install/fairino_action_manager/include/fairino_action_manager/servers/basic/gripper_real_action_server.hpp
[38.775s] -- Up-to-date: /home/home/dcp_ws/install/fairino_action_manager/include/fairino_action_manager/servers/basic/action_server_base.hpp
[38.775s] -- Up-to-date: /home/home/dcp_ws/install/fairino_action_manager/include/fairino_action_manager/servers/basic/gripper_sim_action_server.hpp
[38.775s] -- Up-to-date: /home/home/dcp_ws/install/fairino_action_manager/include/fairino_action_manager/servers/basic/joint_posture_action_server.hpp
[38.775s] -- Up-to-date: /home/home/dcp_ws/install/fairino_action_manager/include/fairino_action_manager/servers/task
[38.775s] -- Up-to-date: /home/home/dcp_ws/install/fairino_action_manager/include/fairino_action_manager/servers/task/base_task.hpp
[38.775s] -- Up-to-date: /home/home/dcp_ws/install/fairino_action_manager/include/fairino_action_manager/servers/task/place.hpp
[38.776s] -- Up-to-date: /home/home/dcp_ws/install/fairino_action_manager/include/fairino_action_manager/servers/task/pick.hpp
[38.776s] -- Up-to-date: /home/home/dcp_ws/install/fairino_action_manager/include/fairino_action_manager/real
[38.776s] -- Up-to-date: /home/home/dcp_ws/install/fairino_action_manager/include/fairino_action_manager/real/real.hpp
[38.776s] -- Up-to-date: /home/home/dcp_ws/install/fairino_action_manager/include/fairino_action_manager/task
[38.776s] -- Up-to-date: /home/home/dcp_ws/install/fairino_action_manager/include/fairino_action_manager/task/task_manager.hpp
[38.776s] -- Up-to-date: /home/home/dcp_ws/install/fairino_action_manager/include/fairino_action_manager/simulation
[38.776s] -- Up-to-date: /home/home/dcp_ws/install/fairino_action_manager/include/fairino_action_manager/simulation/simulation_isaac.hpp
[38.776s] -- Up-to-date: /home/home/dcp_ws/install/fairino_action_manager/share/fairino_action_manager/launch
[38.776s] -- Up-to-date: /home/home/dcp_ws/install/fairino_action_manager/share/fairino_action_manager/launch/simulation_isaac_launch.py
[38.776s] -- Up-to-date: /home/home/dcp_ws/install/fairino_action_manager/share/fairino_action_manager/launch/real_launch.py
[38.778s] -- Up-to-date: /home/home/dcp_ws/install/fairino_action_manager/share/ament_index/resource_index/package_run_dependencies/fairino_action_manager
[38.778s] -- Up-to-date: /home/home/dcp_ws/install/fairino_action_manager/share/ament_index/resource_index/parent_prefix_path/fairino_action_manager
[38.778s] -- Up-to-date: /home/home/dcp_ws/install/fairino_action_manager/share/fairino_action_manager/environment/ament_prefix_path.sh
[38.778s] -- Up-to-date: /home/home/dcp_ws/install/fairino_action_manager/share/fairino_action_manager/environment/ament_prefix_path.dsv
[38.778s] -- Up-to-date: /home/home/dcp_ws/install/fairino_action_manager/share/fairino_action_manager/environment/path.sh
[38.778s] -- Up-to-date: /home/home/dcp_ws/install/fairino_action_manager/share/fairino_action_manager/environment/path.dsv
[38.778s] -- Up-to-date: /home/home/dcp_ws/install/fairino_action_manager/share/fairino_action_manager/local_setup.bash
[38.778s] -- Up-to-date: /home/home/dcp_ws/install/fairino_action_manager/share/fairino_action_manager/local_setup.sh
[38.778s] -- Up-to-date: /home/home/dcp_ws/install/fairino_action_manager/share/fairino_action_manager/local_setup.zsh
[38.778s] -- Up-to-date: /home/home/dcp_ws/install/fairino_action_manager/share/fairino_action_manager/local_setup.dsv
[38.778s] -- Installing: /home/home/dcp_ws/install/fairino_action_manager/share/fairino_action_manager/package.dsv
[38.778s] -- Up-to-date: /home/home/dcp_ws/install/fairino_action_manager/share/ament_index/resource_index/packages/fairino_action_manager
[38.778s] -- Up-to-date: /home/home/dcp_ws/install/fairino_action_manager/share/fairino_action_manager/cmake/fairino_action_managerConfig.cmake
[38.778s] -- Up-to-date: /home/home/dcp_ws/install/fairino_action_manager/share/fairino_action_manager/cmake/fairino_action_managerConfig-version.cmake
[38.778s] -- Up-to-date: /home/home/dcp_ws/install/fairino_action_manager/share/fairino_action_manager/package.xml
[38.781s] Invoked command in '/home/home/dcp_ws/build/fairino_action_manager' returned '0': CMAKE_PREFIX_PATH=/home/home/dcp_ws/install/fairino_interfaces:/home/home/dcp_ws/install/robotiq_description:/home/home/dcp_ws/install/pak_hqp_controller:/home/home/dcp_ws/install/kimm_hqp_controller:/home/home/dcp_ws/install/kimm_trajectory_smoother:/home/home/dcp_ws/install/isaacsim_ros2:/home/home/fairino_ros2_ws/install/isaacsim_ros2:/opt/ros/humble:/home/home/dcp_ws/install/kimm_qpoases:/home/home/dcp_ws/install/isaacsim:/home/home/dcp_ws/install/fairino_rviz:/home/home/dcp_ws/install/fairino_action_manager:/home/home/dcp_ws/install/fairino_description:/home/home/dcp_ws/install/dh_robotics_ag95_description:/home/home/fairino_ros2_ws/install/kimm_hqp_controller:/home/home/fairino_ros2_ws/install/kimm_trajectory_smoother:/home/home/fairino_ros2_ws/install/kimm_qpoases:/home/home/fairino_ros2_ws/install/isaacsim:/home/home/fairino_ros2_ws/install/fairino_rviz:/home/home/fairino_ros2_ws/install/fairino_action_manager:/home/home/fairino_ros2_ws/install/fairino_interfaces:/home/home/fairino_ros2_ws/install/fairino_description:/home/home/fairino_ros2_ws/install/dh_robotics_ag95_description LD_LIBRARY_PATH=/home/home/dcp_ws/install/fairino_interfaces/lib:/usr/local/cuda-12.9/lib64:/home/home/dcp_ws/install/pak_hqp_controller/lib:/home/home/dcp_ws/install/kimm_hqp_controller/lib:/home/home/dcp_ws/install/kimm_trajectory_smoother/lib:/home/home/dcp_ws/install/kimm_qpoases/lib:/home/home/dcp_ws/install/fairino_action_manager/lib:/home/home/fairino_ros2_ws/install/kimm_hqp_controller/lib:/home/home/fairino_ros2_ws/install/kimm_trajectory_smoother/lib:/home/home/fairino_ros2_ws/install/kimm_qpoases/lib:/home/home/fairino_ros2_ws/install/fairino_action_manager/lib:/home/home/fairino_ros2_ws/install/fairino_interfaces/lib:/opt/ros/humble/opt/rviz_ogre_vendor/lib:/opt/ros/humble/lib/x86_64-linux-gnu:/opt/ros/humble/lib:/usr/local/cuda-12.9/lib64:/home/home/fairino_ros2_ws/src/libfairino/lib:/home/home/fairino_ros2_ws/src/libfairino/lib /usr/bin/cmake --install /home/home/dcp_ws/build/fairino_action_manager
