/home/home/dcp_ws/install/isaacsim_ros2/lib/python3.10/site-packages/isaacsim_ros2/robot_env.py
/home/home/dcp_ws/install/isaacsim_ros2/lib/python3.10/site-packages/isaacsim_ros2/dcp.py
/home/home/dcp_ws/install/isaacsim_ros2/lib/python3.10/site-packages/isaacsim_ros2/dcp_no_camera.py
/home/home/dcp_ws/install/isaacsim_ros2/lib/python3.10/site-packages/isaacsim_ros2/__init__.py
/home/home/dcp_ws/install/isaacsim_ros2/lib/python3.10/site-packages/isaacsim_ros2/action_graph.py
/home/home/dcp_ws/install/isaacsim_ros2/lib/python3.10/site-packages/isaacsim_ros2/assembler.py
/home/home/dcp_ws/install/isaacsim_ros2/lib/python3.10/site-packages/isaacsim_ros2/robot_env_no_camera.py
/home/home/dcp_ws/install/isaacsim_ros2/lib/python3.10/site-packages/isaacsim_ros2/robot/__init__.py
/home/home/dcp_ws/install/isaacsim_ros2/lib/python3.10/site-packages/isaacsim_ros2/robot/fr5.py
/home/home/dcp_ws/install/isaacsim_ros2/lib/python3.10/site-packages/isaacsim_ros2/client/__init__.py
/home/home/dcp_ws/install/isaacsim_ros2/lib/python3.10/site-packages/isaacsim_ros2/client/set_target_pose_client.py
/home/home/dcp_ws/install/isaacsim_ros2/lib/python3.10/site-packages/isaacsim_ros2/controller/__init__.py
/home/home/dcp_ws/install/isaacsim_ros2/lib/python3.10/site-packages/isaacsim_ros2/controller/rmpflow_controller.py
/home/home/dcp_ws/install/isaacsim_ros2/lib/python3.10/site-packages/isaacsim_ros2/tasks/follow_target_with_rmpflow.py
/home/home/dcp_ws/install/isaacsim_ros2/lib/python3.10/site-packages/isaacsim_ros2/tasks/follow_target.py
/home/home/dcp_ws/install/isaacsim_ros2/lib/python3.10/site-packages/isaacsim_ros2/tasks/pick_place.py
/home/home/dcp_ws/install/isaacsim_ros2/lib/python3.10/site-packages/isaacsim_ros2/tasks/__init__.py
/home/home/dcp_ws/install/isaacsim_ros2/lib/python3.10/site-packages/isaacsim_ros2/server/follow_target.py
/home/home/dcp_ws/install/isaacsim_ros2/lib/python3.10/site-packages/isaacsim_ros2/server/follow_target copy.py
/home/home/dcp_ws/install/isaacsim_ros2/lib/python3.10/site-packages/isaacsim_ros2/server/pick_place.py
/home/home/dcp_ws/install/isaacsim_ros2/lib/python3.10/site-packages/isaacsim_ros2/server/__init__.py
/home/home/dcp_ws/install/isaacsim_ros2/lib/python3.10/site-packages/isaacsim_ros2/__pycache__/robot_env.cpython-310.pyc
/home/home/dcp_ws/install/isaacsim_ros2/lib/python3.10/site-packages/isaacsim_ros2/__pycache__/dcp.cpython-310.pyc
/home/home/dcp_ws/install/isaacsim_ros2/lib/python3.10/site-packages/isaacsim_ros2/__pycache__/dcp_no_camera.cpython-310.pyc
/home/home/dcp_ws/install/isaacsim_ros2/lib/python3.10/site-packages/isaacsim_ros2/__pycache__/__init__.cpython-310.pyc
/home/home/dcp_ws/install/isaacsim_ros2/lib/python3.10/site-packages/isaacsim_ros2/__pycache__/action_graph.cpython-310.pyc
/home/home/dcp_ws/install/isaacsim_ros2/lib/python3.10/site-packages/isaacsim_ros2/__pycache__/assembler.cpython-310.pyc
/home/home/dcp_ws/install/isaacsim_ros2/lib/python3.10/site-packages/isaacsim_ros2/__pycache__/robot_env_no_camera.cpython-310.pyc
/home/home/dcp_ws/install/isaacsim_ros2/lib/python3.10/site-packages/isaacsim_ros2/robot/__pycache__/__init__.cpython-310.pyc
/home/home/dcp_ws/install/isaacsim_ros2/lib/python3.10/site-packages/isaacsim_ros2/robot/__pycache__/fr5.cpython-310.pyc
/home/home/dcp_ws/install/isaacsim_ros2/lib/python3.10/site-packages/isaacsim_ros2/client/__pycache__/__init__.cpython-310.pyc
/home/home/dcp_ws/install/isaacsim_ros2/lib/python3.10/site-packages/isaacsim_ros2/client/__pycache__/set_target_pose_client.cpython-310.pyc
/home/home/dcp_ws/install/isaacsim_ros2/lib/python3.10/site-packages/isaacsim_ros2/controller/__pycache__/__init__.cpython-310.pyc
/home/home/dcp_ws/install/isaacsim_ros2/lib/python3.10/site-packages/isaacsim_ros2/controller/__pycache__/rmpflow_controller.cpython-310.pyc
/home/home/dcp_ws/install/isaacsim_ros2/lib/python3.10/site-packages/isaacsim_ros2/tasks/__pycache__/follow_target_with_rmpflow.cpython-310.pyc
/home/home/dcp_ws/install/isaacsim_ros2/lib/python3.10/site-packages/isaacsim_ros2/tasks/__pycache__/follow_target.cpython-310.pyc
/home/home/dcp_ws/install/isaacsim_ros2/lib/python3.10/site-packages/isaacsim_ros2/tasks/__pycache__/pick_place.cpython-310.pyc
/home/home/dcp_ws/install/isaacsim_ros2/lib/python3.10/site-packages/isaacsim_ros2/tasks/__pycache__/__init__.cpython-310.pyc
/home/home/dcp_ws/install/isaacsim_ros2/lib/python3.10/site-packages/isaacsim_ros2/server/__pycache__/follow_target.cpython-310.pyc
/home/home/dcp_ws/install/isaacsim_ros2/lib/python3.10/site-packages/isaacsim_ros2/server/__pycache__/follow_target copy.cpython-310.pyc
/home/home/dcp_ws/install/isaacsim_ros2/lib/python3.10/site-packages/isaacsim_ros2/server/__pycache__/pick_place.cpython-310.pyc
/home/home/dcp_ws/install/isaacsim_ros2/lib/python3.10/site-packages/isaacsim_ros2/server/__pycache__/__init__.cpython-310.pyc
/home/home/dcp_ws/install/isaacsim_ros2/share/ament_index/resource_index/packages/isaacsim_ros2
/home/home/dcp_ws/install/isaacsim_ros2/share/isaacsim_ros2/package.xml
/home/home/dcp_ws/install/isaacsim_ros2/lib/python3.10/site-packages/isaacsim_ros2-0.0.0-py3.10.egg-info/top_level.txt
/home/home/dcp_ws/install/isaacsim_ros2/lib/python3.10/site-packages/isaacsim_ros2-0.0.0-py3.10.egg-info/dependency_links.txt
/home/home/dcp_ws/install/isaacsim_ros2/lib/python3.10/site-packages/isaacsim_ros2-0.0.0-py3.10.egg-info/zip-safe
/home/home/dcp_ws/install/isaacsim_ros2/lib/python3.10/site-packages/isaacsim_ros2-0.0.0-py3.10.egg-info/PKG-INFO
/home/home/dcp_ws/install/isaacsim_ros2/lib/python3.10/site-packages/isaacsim_ros2-0.0.0-py3.10.egg-info/SOURCES.txt
/home/home/dcp_ws/install/isaacsim_ros2/lib/python3.10/site-packages/isaacsim_ros2-0.0.0-py3.10.egg-info/entry_points.txt
/home/home/dcp_ws/install/isaacsim_ros2/lib/python3.10/site-packages/isaacsim_ros2-0.0.0-py3.10.egg-info/requires.txt
/home/home/dcp_ws/install/isaacsim_ros2/lib/isaacsim_ros2/set_target_pose_client
