[0.063s] Invoking command in '/home/home/dcp_ws/build/fairino_action_manager': CMAKE_PREFIX_PATH=/home/home/dcp_ws/install/fairino_interfaces:/home/home/dcp_ws/install/robotiq_description:/home/home/dcp_ws/install/pak_hqp_controller:/home/home/dcp_ws/install/kimm_hqp_controller:/home/home/dcp_ws/install/kimm_trajectory_smoother:/home/home/dcp_ws/install/isaacsim_ros2:/home/home/fairino_ros2_ws/install/isaacsim_ros2:/opt/ros/humble:/home/home/dcp_ws/install/kimm_qpoases:/home/home/dcp_ws/install/isaacsim:/home/home/dcp_ws/install/fairino_rviz:/home/home/dcp_ws/install/fairino_action_manager:/home/home/dcp_ws/install/fairino_description:/home/home/dcp_ws/install/dh_robotics_ag95_description:/home/home/fairino_ros2_ws/install/kimm_hqp_controller:/home/home/fairino_ros2_ws/install/kimm_trajectory_smoother:/home/home/fairino_ros2_ws/install/kimm_qpoases:/home/home/fairino_ros2_ws/install/isaacsim:/home/home/fairino_ros2_ws/install/fairino_rviz:/home/home/fairino_ros2_ws/install/fairino_action_manager:/home/home/fairino_ros2_ws/install/fairino_interfaces:/home/home/fairino_ros2_ws/install/fairino_description:/home/home/fairino_ros2_ws/install/dh_robotics_ag95_description LD_LIBRARY_PATH=/home/home/dcp_ws/install/fairino_interfaces/lib:/usr/local/cuda-12.9/lib64:/home/home/dcp_ws/install/pak_hqp_controller/lib:/home/home/dcp_ws/install/kimm_hqp_controller/lib:/home/home/dcp_ws/install/kimm_trajectory_smoother/lib:/home/home/dcp_ws/install/kimm_qpoases/lib:/home/home/dcp_ws/install/fairino_action_manager/lib:/home/home/fairino_ros2_ws/install/kimm_hqp_controller/lib:/home/home/fairino_ros2_ws/install/kimm_trajectory_smoother/lib:/home/home/fairino_ros2_ws/install/kimm_qpoases/lib:/home/home/fairino_ros2_ws/install/fairino_action_manager/lib:/home/home/fairino_ros2_ws/install/fairino_interfaces/lib:/opt/ros/humble/opt/rviz_ogre_vendor/lib:/opt/ros/humble/lib/x86_64-linux-gnu:/opt/ros/humble/lib:/usr/local/cuda-12.9/lib64:/home/home/fairino_ros2_ws/src/libfairino/lib:/home/home/fairino_ros2_ws/src/libfairino/lib /usr/bin/cmake --build /home/home/dcp_ws/build/fairino_action_manager -- -j10 -l10
[0.124s] [35m[1mConsolidate compiler generated dependencies of target controller[0m
[0.128s] [ 22%] Built target task
[0.159s] [ 33%] Built target task_manager
[0.178s] [ 77%] Built target controller
[0.216s] [35m[1mConsolidate compiler generated dependencies of target fairino_action_manager_simulation_isaac[0m
[0.222s] [ 88%] Built target fairino_action_manager_real
[0.236s] [ 94%] [32mBuilding CXX object CMakeFiles/fairino_action_manager_simulation_isaac.dir/src/simulation/simulation_isaac.cpp.o[0m
[14.476s] [100%] [32m[1mLinking CXX executable fairino_action_manager_simulation_isaac[0m
[15.237s] /usr/bin/ld: warning: libpinocchio_parsers.so.3.5.0, needed by /home/home/fairino_ros2_ws/install/kimm_hqp_controller/lib/libkimm_hqp_controller.so, not found (try using -rpath or -rpath-link)
[15.580s] [100%] Built target fairino_action_manager_simulation_isaac
[15.594s] Invoked command in '/home/home/dcp_ws/build/fairino_action_manager' returned '0': CMAKE_PREFIX_PATH=/home/home/dcp_ws/install/fairino_interfaces:/home/home/dcp_ws/install/robotiq_description:/home/home/dcp_ws/install/pak_hqp_controller:/home/home/dcp_ws/install/kimm_hqp_controller:/home/home/dcp_ws/install/kimm_trajectory_smoother:/home/home/dcp_ws/install/isaacsim_ros2:/home/home/fairino_ros2_ws/install/isaacsim_ros2:/opt/ros/humble:/home/home/dcp_ws/install/kimm_qpoases:/home/home/dcp_ws/install/isaacsim:/home/home/dcp_ws/install/fairino_rviz:/home/home/dcp_ws/install/fairino_action_manager:/home/home/dcp_ws/install/fairino_description:/home/home/dcp_ws/install/dh_robotics_ag95_description:/home/home/fairino_ros2_ws/install/kimm_hqp_controller:/home/home/fairino_ros2_ws/install/kimm_trajectory_smoother:/home/home/fairino_ros2_ws/install/kimm_qpoases:/home/home/fairino_ros2_ws/install/isaacsim:/home/home/fairino_ros2_ws/install/fairino_rviz:/home/home/fairino_ros2_ws/install/fairino_action_manager:/home/home/fairino_ros2_ws/install/fairino_interfaces:/home/home/fairino_ros2_ws/install/fairino_description:/home/home/fairino_ros2_ws/install/dh_robotics_ag95_description LD_LIBRARY_PATH=/home/home/dcp_ws/install/fairino_interfaces/lib:/usr/local/cuda-12.9/lib64:/home/home/dcp_ws/install/pak_hqp_controller/lib:/home/home/dcp_ws/install/kimm_hqp_controller/lib:/home/home/dcp_ws/install/kimm_trajectory_smoother/lib:/home/home/dcp_ws/install/kimm_qpoases/lib:/home/home/dcp_ws/install/fairino_action_manager/lib:/home/home/fairino_ros2_ws/install/kimm_hqp_controller/lib:/home/home/fairino_ros2_ws/install/kimm_trajectory_smoother/lib:/home/home/fairino_ros2_ws/install/kimm_qpoases/lib:/home/home/fairino_ros2_ws/install/fairino_action_manager/lib:/home/home/fairino_ros2_ws/install/fairino_interfaces/lib:/opt/ros/humble/opt/rviz_ogre_vendor/lib:/opt/ros/humble/lib/x86_64-linux-gnu:/opt/ros/humble/lib:/usr/local/cuda-12.9/lib64:/home/home/fairino_ros2_ws/src/libfairino/lib:/home/home/fairino_ros2_ws/src/libfairino/lib /usr/bin/cmake --build /home/home/dcp_ws/build/fairino_action_manager -- -j10 -l10
[15.594s] Invoking command in '/home/home/dcp_ws/build/fairino_action_manager': CMAKE_PREFIX_PATH=/home/home/dcp_ws/install/fairino_interfaces:/home/home/dcp_ws/install/robotiq_description:/home/home/dcp_ws/install/pak_hqp_controller:/home/home/dcp_ws/install/kimm_hqp_controller:/home/home/dcp_ws/install/kimm_trajectory_smoother:/home/home/dcp_ws/install/isaacsim_ros2:/home/home/fairino_ros2_ws/install/isaacsim_ros2:/opt/ros/humble:/home/home/dcp_ws/install/kimm_qpoases:/home/home/dcp_ws/install/isaacsim:/home/home/dcp_ws/install/fairino_rviz:/home/home/dcp_ws/install/fairino_action_manager:/home/home/dcp_ws/install/fairino_description:/home/home/dcp_ws/install/dh_robotics_ag95_description:/home/home/fairino_ros2_ws/install/kimm_hqp_controller:/home/home/fairino_ros2_ws/install/kimm_trajectory_smoother:/home/home/fairino_ros2_ws/install/kimm_qpoases:/home/home/fairino_ros2_ws/install/isaacsim:/home/home/fairino_ros2_ws/install/fairino_rviz:/home/home/fairino_ros2_ws/install/fairino_action_manager:/home/home/fairino_ros2_ws/install/fairino_interfaces:/home/home/fairino_ros2_ws/install/fairino_description:/home/home/fairino_ros2_ws/install/dh_robotics_ag95_description LD_LIBRARY_PATH=/home/home/dcp_ws/install/fairino_interfaces/lib:/usr/local/cuda-12.9/lib64:/home/home/dcp_ws/install/pak_hqp_controller/lib:/home/home/dcp_ws/install/kimm_hqp_controller/lib:/home/home/dcp_ws/install/kimm_trajectory_smoother/lib:/home/home/dcp_ws/install/kimm_qpoases/lib:/home/home/dcp_ws/install/fairino_action_manager/lib:/home/home/fairino_ros2_ws/install/kimm_hqp_controller/lib:/home/home/fairino_ros2_ws/install/kimm_trajectory_smoother/lib:/home/home/fairino_ros2_ws/install/kimm_qpoases/lib:/home/home/fairino_ros2_ws/install/fairino_action_manager/lib:/home/home/fairino_ros2_ws/install/fairino_interfaces/lib:/opt/ros/humble/opt/rviz_ogre_vendor/lib:/opt/ros/humble/lib/x86_64-linux-gnu:/opt/ros/humble/lib:/usr/local/cuda-12.9/lib64:/home/home/fairino_ros2_ws/src/libfairino/lib:/home/home/fairino_ros2_ws/src/libfairino/lib /usr/bin/cmake --install /home/home/dcp_ws/build/fairino_action_manager
[15.598s] -- Install configuration: ""
[15.598s] -- Up-to-date: /home/home/dcp_ws/install/fairino_action_manager/lib/libcontroller.so
[15.598s] -- Up-to-date: /home/home/dcp_ws/install/fairino_action_manager/lib/libtask.so
[15.598s] -- Up-to-date: /home/home/dcp_ws/install/fairino_action_manager/lib/fairino_action_manager/fairino_action_manager_real
[15.599s] -- Installing: /home/home/dcp_ws/install/fairino_action_manager/lib/fairino_action_manager/fairino_action_manager_simulation_isaac
[15.610s] -- Set runtime path of "/home/home/dcp_ws/install/fairino_action_manager/lib/fairino_action_manager/fairino_action_manager_simulation_isaac" to ""
[15.610s] -- Up-to-date: /home/home/dcp_ws/install/fairino_action_manager/lib/fairino_action_manager/task_manager
[15.610s] -- Up-to-date: /home/home/dcp_ws/install/fairino_action_manager/include
[15.611s] -- Up-to-date: /home/home/dcp_ws/install/fairino_action_manager/include/fairino_action_manager
[15.611s] -- Up-to-date: /home/home/dcp_ws/install/fairino_action_manager/include/fairino_action_manager/controller
[15.611s] -- Up-to-date: /home/home/dcp_ws/install/fairino_action_manager/include/fairino_action_manager/controller/controller.hpp
[15.611s] -- Up-to-date: /home/home/dcp_ws/install/fairino_action_manager/include/fairino_action_manager/servers
[15.612s] -- Up-to-date: /home/home/dcp_ws/install/fairino_action_manager/include/fairino_action_manager/servers/basic
[15.612s] -- Up-to-date: /home/home/dcp_ws/install/fairino_action_manager/include/fairino_action_manager/servers/basic/qr_action_server.hpp
[15.612s] -- Up-to-date: /home/home/dcp_ws/install/fairino_action_manager/include/fairino_action_manager/servers/basic/tool_changer_action_server.hpp
[15.612s] -- Up-to-date: /home/home/dcp_ws/install/fairino_action_manager/include/fairino_action_manager/servers/basic/se3_action_server.hpp
[15.612s] -- Up-to-date: /home/home/dcp_ws/install/fairino_action_manager/include/fairino_action_manager/servers/basic/gripper_real_action_server.hpp
[15.612s] -- Up-to-date: /home/home/dcp_ws/install/fairino_action_manager/include/fairino_action_manager/servers/basic/action_server_base.hpp
[15.612s] -- Up-to-date: /home/home/dcp_ws/install/fairino_action_manager/include/fairino_action_manager/servers/basic/gripper_sim_action_server.hpp
[15.612s] -- Up-to-date: /home/home/dcp_ws/install/fairino_action_manager/include/fairino_action_manager/servers/basic/joint_posture_action_server.hpp
[15.613s] -- Up-to-date: /home/home/dcp_ws/install/fairino_action_manager/include/fairino_action_manager/servers/task
[15.614s] -- Up-to-date: /home/home/dcp_ws/install/fairino_action_manager/include/fairino_action_manager/servers/task/base_task.hpp
[15.614s] -- Up-to-date: /home/home/dcp_ws/install/fairino_action_manager/include/fairino_action_manager/servers/task/place.hpp
[15.614s] -- Up-to-date: /home/home/dcp_ws/install/fairino_action_manager/include/fairino_action_manager/servers/task/pick.hpp
[15.614s] -- Up-to-date: /home/home/dcp_ws/install/fairino_action_manager/include/fairino_action_manager/real
[15.614s] -- Up-to-date: /home/home/dcp_ws/install/fairino_action_manager/include/fairino_action_manager/real/real.hpp
[15.614s] -- Up-to-date: /home/home/dcp_ws/install/fairino_action_manager/include/fairino_action_manager/task
[15.614s] -- Up-to-date: /home/home/dcp_ws/install/fairino_action_manager/include/fairino_action_manager/task/task_manager.hpp
[15.614s] -- Up-to-date: /home/home/dcp_ws/install/fairino_action_manager/include/fairino_action_manager/simulation
[15.614s] -- Up-to-date: /home/home/dcp_ws/install/fairino_action_manager/include/fairino_action_manager/simulation/simulation_isaac.hpp
[15.614s] -- Up-to-date: /home/home/dcp_ws/install/fairino_action_manager/share/fairino_action_manager/launch
[15.614s] -- Up-to-date: /home/home/dcp_ws/install/fairino_action_manager/share/fairino_action_manager/launch/simulation_isaac_launch.py
[15.614s] -- Up-to-date: /home/home/dcp_ws/install/fairino_action_manager/share/fairino_action_manager/launch/real_launch.py
[15.614s] -- Up-to-date: /home/home/dcp_ws/install/fairino_action_manager/share/ament_index/resource_index/package_run_dependencies/fairino_action_manager
[15.614s] -- Up-to-date: /home/home/dcp_ws/install/fairino_action_manager/share/ament_index/resource_index/parent_prefix_path/fairino_action_manager
[15.614s] -- Up-to-date: /home/home/dcp_ws/install/fairino_action_manager/share/fairino_action_manager/environment/ament_prefix_path.sh
[15.614s] -- Up-to-date: /home/home/dcp_ws/install/fairino_action_manager/share/fairino_action_manager/environment/ament_prefix_path.dsv
[15.614s] -- Up-to-date: /home/home/dcp_ws/install/fairino_action_manager/share/fairino_action_manager/environment/path.sh
[15.614s] -- Up-to-date: /home/home/dcp_ws/install/fairino_action_manager/share/fairino_action_manager/environment/path.dsv
[15.614s] -- Up-to-date: /home/home/dcp_ws/install/fairino_action_manager/share/fairino_action_manager/local_setup.bash
[15.614s] -- Up-to-date: /home/home/dcp_ws/install/fairino_action_manager/share/fairino_action_manager/local_setup.sh
[15.614s] -- Up-to-date: /home/home/dcp_ws/install/fairino_action_manager/share/fairino_action_manager/local_setup.zsh
[15.614s] -- Up-to-date: /home/home/dcp_ws/install/fairino_action_manager/share/fairino_action_manager/local_setup.dsv
[15.614s] -- Installing: /home/home/dcp_ws/install/fairino_action_manager/share/fairino_action_manager/package.dsv
[15.614s] -- Up-to-date: /home/home/dcp_ws/install/fairino_action_manager/share/ament_index/resource_index/packages/fairino_action_manager
[15.614s] -- Up-to-date: /home/home/dcp_ws/install/fairino_action_manager/share/fairino_action_manager/cmake/fairino_action_managerConfig.cmake
[15.614s] -- Up-to-date: /home/home/dcp_ws/install/fairino_action_manager/share/fairino_action_manager/cmake/fairino_action_managerConfig-version.cmake
[15.614s] -- Up-to-date: /home/home/dcp_ws/install/fairino_action_manager/share/fairino_action_manager/package.xml
[15.619s] Invoked command in '/home/home/dcp_ws/build/fairino_action_manager' returned '0': CMAKE_PREFIX_PATH=/home/home/dcp_ws/install/fairino_interfaces:/home/home/dcp_ws/install/robotiq_description:/home/home/dcp_ws/install/pak_hqp_controller:/home/home/dcp_ws/install/kimm_hqp_controller:/home/home/dcp_ws/install/kimm_trajectory_smoother:/home/home/dcp_ws/install/isaacsim_ros2:/home/home/fairino_ros2_ws/install/isaacsim_ros2:/opt/ros/humble:/home/home/dcp_ws/install/kimm_qpoases:/home/home/dcp_ws/install/isaacsim:/home/home/dcp_ws/install/fairino_rviz:/home/home/dcp_ws/install/fairino_action_manager:/home/home/dcp_ws/install/fairino_description:/home/home/dcp_ws/install/dh_robotics_ag95_description:/home/home/fairino_ros2_ws/install/kimm_hqp_controller:/home/home/fairino_ros2_ws/install/kimm_trajectory_smoother:/home/home/fairino_ros2_ws/install/kimm_qpoases:/home/home/fairino_ros2_ws/install/isaacsim:/home/home/fairino_ros2_ws/install/fairino_rviz:/home/home/fairino_ros2_ws/install/fairino_action_manager:/home/home/fairino_ros2_ws/install/fairino_interfaces:/home/home/fairino_ros2_ws/install/fairino_description:/home/home/fairino_ros2_ws/install/dh_robotics_ag95_description LD_LIBRARY_PATH=/home/home/dcp_ws/install/fairino_interfaces/lib:/usr/local/cuda-12.9/lib64:/home/home/dcp_ws/install/pak_hqp_controller/lib:/home/home/dcp_ws/install/kimm_hqp_controller/lib:/home/home/dcp_ws/install/kimm_trajectory_smoother/lib:/home/home/dcp_ws/install/kimm_qpoases/lib:/home/home/dcp_ws/install/fairino_action_manager/lib:/home/home/fairino_ros2_ws/install/kimm_hqp_controller/lib:/home/home/fairino_ros2_ws/install/kimm_trajectory_smoother/lib:/home/home/fairino_ros2_ws/install/kimm_qpoases/lib:/home/home/fairino_ros2_ws/install/fairino_action_manager/lib:/home/home/fairino_ros2_ws/install/fairino_interfaces/lib:/opt/ros/humble/opt/rviz_ogre_vendor/lib:/opt/ros/humble/lib/x86_64-linux-gnu:/opt/ros/humble/lib:/usr/local/cuda-12.9/lib64:/home/home/fairino_ros2_ws/src/libfairino/lib:/home/home/fairino_ros2_ws/src/libfairino/lib /usr/bin/cmake --install /home/home/dcp_ws/build/fairino_action_manager
