[0.031s] Invoking command in '/home/home/dcp_ws/build/dh_robotics_ag95_description': CMAKE_PREFIX_PATH=/home/home/dcp_ws/install/robotiq_description:/home/home/dcp_ws/install/isaacsim:/home/home/dcp_ws/install/fairino_rviz:/home/home/dcp_ws/install/fairino_action_manager:/home/home/dcp_ws/install/fairino_interfaces:/home/home/dcp_ws/install/fairino_description:/home/home/dcp_ws/install/dh_robotics_ag95_description:/home/home/dcp_ws/install/pak_hqp_controller:/home/home/dcp_ws/install/kimm_hqp_controller:/home/home/dcp_ws/install/kimm_trajectory_smoother:/home/home/dcp_ws/install/isaacsim_ros2:/home/home/kimm_ws/install/rb5_action_manager:/opt/ros/humble:/home/home/dcp_ws/install/kimm_qpoases:/home/home/gello_ws/install/franka_plugin:/home/home/gello_ws/install/franka_description:/home/home/gello_ws/install/dynamixel_sdk_examples:/home/home/gello_ws/install/dynamixel_sdk_custom_interfaces:/home/home/gello_ws/install/dynamixel:/home/home/gello_ws/install/dynamixel_sdk:/home/home/kimm_ws/install/rbpodo_bringup:/home/home/kimm_ws/install/rbpodo_hardware:/home/home/kimm_ws/install/rbpodo_msgs:/home/home/kimm_ws/install/rb3_730es_u_moveit_config:/home/home/kimm_ws/install/rbpodo_description:/home/home/kimm_ws/install/rb5_gui_manager:/home/home/kimm_ws/install/action_interface /usr/bin/cmake /home/home/dcp_ws/src/fairino/dh_robotics_ag95_description -DAMENT_CMAKE_SYMLINK_INSTALL=1 -DCMAKE_INSTALL_PREFIX=/home/home/dcp_ws/install/dh_robotics_ag95_description
[0.188s] -- The C compiler identification is GNU 11.4.0
[0.188s] -- The CXX compiler identification is GNU 11.4.0
[0.188s] -- Detecting C compiler ABI info
[0.188s] -- Detecting C compiler ABI info - done
[0.188s] -- Check for working C compiler: /usr/bin/cc - skipped
[0.188s] -- Detecting C compile features
[0.188s] -- Detecting C compile features - done
[0.188s] -- Detecting CXX compiler ABI info
[0.225s] -- Detecting CXX compiler ABI info - done
[0.225s] -- Check for working CXX compiler: /usr/bin/c++ - skipped
[0.225s] -- Detecting CXX compile features
[0.226s] -- Detecting CXX compile features - done
[0.227s] -- Found ament_cmake: 1.3.11 (/opt/ros/humble/share/ament_cmake/cmake)
[0.355s] -- Found Python3: /usr/bin/python3 (found version "3.10.12") found components: Interpreter 
[0.394s] -- Override CMake install command with custom implementation using symlinks instead of copying resources
[0.416s] -- Found ament_lint_auto: 0.12.12 (/opt/ros/humble/share/ament_lint_auto/cmake)
[0.474s] -- Added test 'lint_cmake' to check CMake code style
[0.474s] -- Added test 'xmllint' to check XML markup files
[0.475s] -- Configuring done
[0.475s] -- Generating done
[0.475s] -- Build files have been written to: /home/home/dcp_ws/build/dh_robotics_ag95_description
[0.491s] Invoked command in '/home/home/dcp_ws/build/dh_robotics_ag95_description' returned '0': CMAKE_PREFIX_PATH=/home/home/dcp_ws/install/robotiq_description:/home/home/dcp_ws/install/isaacsim:/home/home/dcp_ws/install/fairino_rviz:/home/home/dcp_ws/install/fairino_action_manager:/home/home/dcp_ws/install/fairino_interfaces:/home/home/dcp_ws/install/fairino_description:/home/home/dcp_ws/install/dh_robotics_ag95_description:/home/home/dcp_ws/install/pak_hqp_controller:/home/home/dcp_ws/install/kimm_hqp_controller:/home/home/dcp_ws/install/kimm_trajectory_smoother:/home/home/dcp_ws/install/isaacsim_ros2:/home/home/kimm_ws/install/rb5_action_manager:/opt/ros/humble:/home/home/dcp_ws/install/kimm_qpoases:/home/home/gello_ws/install/franka_plugin:/home/home/gello_ws/install/franka_description:/home/home/gello_ws/install/dynamixel_sdk_examples:/home/home/gello_ws/install/dynamixel_sdk_custom_interfaces:/home/home/gello_ws/install/dynamixel:/home/home/gello_ws/install/dynamixel_sdk:/home/home/kimm_ws/install/rbpodo_bringup:/home/home/kimm_ws/install/rbpodo_hardware:/home/home/kimm_ws/install/rbpodo_msgs:/home/home/kimm_ws/install/rb3_730es_u_moveit_config:/home/home/kimm_ws/install/rbpodo_description:/home/home/kimm_ws/install/rb5_gui_manager:/home/home/kimm_ws/install/action_interface /usr/bin/cmake /home/home/dcp_ws/src/fairino/dh_robotics_ag95_description -DAMENT_CMAKE_SYMLINK_INSTALL=1 -DCMAKE_INSTALL_PREFIX=/home/home/dcp_ws/install/dh_robotics_ag95_description
[0.492s] Invoking command in '/home/home/dcp_ws/build/dh_robotics_ag95_description': CMAKE_PREFIX_PATH=/home/home/dcp_ws/install/robotiq_description:/home/home/dcp_ws/install/isaacsim:/home/home/dcp_ws/install/fairino_rviz:/home/home/dcp_ws/install/fairino_action_manager:/home/home/dcp_ws/install/fairino_interfaces:/home/home/dcp_ws/install/fairino_description:/home/home/dcp_ws/install/dh_robotics_ag95_description:/home/home/dcp_ws/install/pak_hqp_controller:/home/home/dcp_ws/install/kimm_hqp_controller:/home/home/dcp_ws/install/kimm_trajectory_smoother:/home/home/dcp_ws/install/isaacsim_ros2:/home/home/kimm_ws/install/rb5_action_manager:/opt/ros/humble:/home/home/dcp_ws/install/kimm_qpoases:/home/home/gello_ws/install/franka_plugin:/home/home/gello_ws/install/franka_description:/home/home/gello_ws/install/dynamixel_sdk_examples:/home/home/gello_ws/install/dynamixel_sdk_custom_interfaces:/home/home/gello_ws/install/dynamixel:/home/home/gello_ws/install/dynamixel_sdk:/home/home/kimm_ws/install/rbpodo_bringup:/home/home/kimm_ws/install/rbpodo_hardware:/home/home/kimm_ws/install/rbpodo_msgs:/home/home/kimm_ws/install/rb3_730es_u_moveit_config:/home/home/kimm_ws/install/rbpodo_description:/home/home/kimm_ws/install/rb5_gui_manager:/home/home/kimm_ws/install/action_interface /usr/bin/cmake --build /home/home/dcp_ws/build/dh_robotics_ag95_description -- -j10 -l10
[0.534s] Invoked command in '/home/home/dcp_ws/build/dh_robotics_ag95_description' returned '0': CMAKE_PREFIX_PATH=/home/home/dcp_ws/install/robotiq_description:/home/home/dcp_ws/install/isaacsim:/home/home/dcp_ws/install/fairino_rviz:/home/home/dcp_ws/install/fairino_action_manager:/home/home/dcp_ws/install/fairino_interfaces:/home/home/dcp_ws/install/fairino_description:/home/home/dcp_ws/install/dh_robotics_ag95_description:/home/home/dcp_ws/install/pak_hqp_controller:/home/home/dcp_ws/install/kimm_hqp_controller:/home/home/dcp_ws/install/kimm_trajectory_smoother:/home/home/dcp_ws/install/isaacsim_ros2:/home/home/kimm_ws/install/rb5_action_manager:/opt/ros/humble:/home/home/dcp_ws/install/kimm_qpoases:/home/home/gello_ws/install/franka_plugin:/home/home/gello_ws/install/franka_description:/home/home/gello_ws/install/dynamixel_sdk_examples:/home/home/gello_ws/install/dynamixel_sdk_custom_interfaces:/home/home/gello_ws/install/dynamixel:/home/home/gello_ws/install/dynamixel_sdk:/home/home/kimm_ws/install/rbpodo_bringup:/home/home/kimm_ws/install/rbpodo_hardware:/home/home/kimm_ws/install/rbpodo_msgs:/home/home/kimm_ws/install/rb3_730es_u_moveit_config:/home/home/kimm_ws/install/rbpodo_description:/home/home/kimm_ws/install/rb5_gui_manager:/home/home/kimm_ws/install/action_interface /usr/bin/cmake --build /home/home/dcp_ws/build/dh_robotics_ag95_description -- -j10 -l10
[0.536s] Invoking command in '/home/home/dcp_ws/build/dh_robotics_ag95_description': CMAKE_PREFIX_PATH=/home/home/dcp_ws/install/robotiq_description:/home/home/dcp_ws/install/isaacsim:/home/home/dcp_ws/install/fairino_rviz:/home/home/dcp_ws/install/fairino_action_manager:/home/home/dcp_ws/install/fairino_interfaces:/home/home/dcp_ws/install/fairino_description:/home/home/dcp_ws/install/dh_robotics_ag95_description:/home/home/dcp_ws/install/pak_hqp_controller:/home/home/dcp_ws/install/kimm_hqp_controller:/home/home/dcp_ws/install/kimm_trajectory_smoother:/home/home/dcp_ws/install/isaacsim_ros2:/home/home/kimm_ws/install/rb5_action_manager:/opt/ros/humble:/home/home/dcp_ws/install/kimm_qpoases:/home/home/gello_ws/install/franka_plugin:/home/home/gello_ws/install/franka_description:/home/home/gello_ws/install/dynamixel_sdk_examples:/home/home/gello_ws/install/dynamixel_sdk_custom_interfaces:/home/home/gello_ws/install/dynamixel:/home/home/gello_ws/install/dynamixel_sdk:/home/home/kimm_ws/install/rbpodo_bringup:/home/home/kimm_ws/install/rbpodo_hardware:/home/home/kimm_ws/install/rbpodo_msgs:/home/home/kimm_ws/install/rb3_730es_u_moveit_config:/home/home/kimm_ws/install/rbpodo_description:/home/home/kimm_ws/install/rb5_gui_manager:/home/home/kimm_ws/install/action_interface /usr/bin/cmake --install /home/home/dcp_ws/build/dh_robotics_ag95_description
[0.612s] -- Install configuration: ""
[0.612s] -- Execute custom install script
[0.612s] -- Symlinking: /home/home/dcp_ws/install/dh_robotics_ag95_description/share/dh_robotics_ag95_description/meshes/visual/base_link.STL
[0.612s] -- Symlinking: /home/home/dcp_ws/install/dh_robotics_ag95_description/share/dh_robotics_ag95_description/meshes/visual/crank_Link.STL
[0.612s] -- Symlinking: /home/home/dcp_ws/install/dh_robotics_ag95_description/share/dh_robotics_ag95_description/meshes/visual/distal_phalanx_Link.STL
[0.614s] -- Symlinking: /home/home/dcp_ws/install/dh_robotics_ag95_description/share/dh_robotics_ag95_description/meshes/visual/proximal_phalanx_Link.STL
[0.614s] -- Symlinking: /home/home/dcp_ws/install/dh_robotics_ag95_description/share/dh_robotics_ag95_description/meshes/visual/rod_Link.STL
[0.614s] -- Symlinking: /home/home/dcp_ws/install/dh_robotics_ag95_description/share/dh_robotics_ag95_description/urdf/dh_robotics_ag95.urdf
[0.614s] -- Symlinking: /home/home/dcp_ws/install/dh_robotics_ag95_description/share/dh_robotics_ag95_description/urdf/dh_robotics_ag95_gripper.gv
[0.614s] -- Symlinking: /home/home/dcp_ws/install/dh_robotics_ag95_description/share/dh_robotics_ag95_description/urdf/dh_robotics_ag95_gripper.pdf
[0.617s] -- Symlinking: /home/home/dcp_ws/install/dh_robotics_ag95_description/share/dh_robotics_ag95_description/urdf/dh_robotics_ag95_gripper.transmission.xacro
[0.617s] -- Symlinking: /home/home/dcp_ws/install/dh_robotics_ag95_description/share/dh_robotics_ag95_description/urdf/dh_robotics_ag95_gripper.urdf.xacro
[0.617s] -- Symlinking: /home/home/dcp_ws/install/dh_robotics_ag95_description/share/dh_robotics_ag95_description/urdf/dh_robotics_ag95_gripper.xacro
[0.617s] -- Symlinking: /home/home/dcp_ws/install/dh_robotics_ag95_description/share/ament_index/resource_index/package_run_dependencies/dh_robotics_ag95_description
[0.619s] -- Symlinking: /home/home/dcp_ws/install/dh_robotics_ag95_description/share/ament_index/resource_index/parent_prefix_path/dh_robotics_ag95_description
[0.625s] -- Symlinking: /home/home/dcp_ws/install/dh_robotics_ag95_description/share/dh_robotics_ag95_description/environment/ament_prefix_path.sh
[0.629s] -- Symlinking: /home/home/dcp_ws/install/dh_robotics_ag95_description/share/dh_robotics_ag95_description/environment/ament_prefix_path.dsv
[0.636s] -- Symlinking: /home/home/dcp_ws/install/dh_robotics_ag95_description/share/dh_robotics_ag95_description/environment/path.sh
[0.642s] -- Symlinking: /home/home/dcp_ws/install/dh_robotics_ag95_description/share/dh_robotics_ag95_description/environment/path.dsv
[0.652s] -- Symlinking: /home/home/dcp_ws/install/dh_robotics_ag95_description/share/dh_robotics_ag95_description/local_setup.bash
[0.660s] -- Symlinking: /home/home/dcp_ws/install/dh_robotics_ag95_description/share/dh_robotics_ag95_description/local_setup.sh
[0.662s] -- Symlinking: /home/home/dcp_ws/install/dh_robotics_ag95_description/share/dh_robotics_ag95_description/local_setup.zsh
[0.668s] -- Symlinking: /home/home/dcp_ws/install/dh_robotics_ag95_description/share/dh_robotics_ag95_description/local_setup.dsv
[0.673s] -- Symlinking: /home/home/dcp_ws/install/dh_robotics_ag95_description/share/dh_robotics_ag95_description/package.dsv
[0.679s] -- Symlinking: /home/home/dcp_ws/install/dh_robotics_ag95_description/share/ament_index/resource_index/packages/dh_robotics_ag95_description
[0.684s] -- Symlinking: /home/home/dcp_ws/install/dh_robotics_ag95_description/share/dh_robotics_ag95_description/cmake/dh_robotics_ag95_descriptionConfig.cmake
[0.692s] -- Symlinking: /home/home/dcp_ws/install/dh_robotics_ag95_description/share/dh_robotics_ag95_description/cmake/dh_robotics_ag95_descriptionConfig-version.cmake
[0.697s] -- Symlinking: /home/home/dcp_ws/install/dh_robotics_ag95_description/share/dh_robotics_ag95_description/package.xml
[0.704s] Invoked command in '/home/home/dcp_ws/build/dh_robotics_ag95_description' returned '0': CMAKE_PREFIX_PATH=/home/home/dcp_ws/install/robotiq_description:/home/home/dcp_ws/install/isaacsim:/home/home/dcp_ws/install/fairino_rviz:/home/home/dcp_ws/install/fairino_action_manager:/home/home/dcp_ws/install/fairino_interfaces:/home/home/dcp_ws/install/fairino_description:/home/home/dcp_ws/install/dh_robotics_ag95_description:/home/home/dcp_ws/install/pak_hqp_controller:/home/home/dcp_ws/install/kimm_hqp_controller:/home/home/dcp_ws/install/kimm_trajectory_smoother:/home/home/dcp_ws/install/isaacsim_ros2:/home/home/kimm_ws/install/rb5_action_manager:/opt/ros/humble:/home/home/dcp_ws/install/kimm_qpoases:/home/home/gello_ws/install/franka_plugin:/home/home/gello_ws/install/franka_description:/home/home/gello_ws/install/dynamixel_sdk_examples:/home/home/gello_ws/install/dynamixel_sdk_custom_interfaces:/home/home/gello_ws/install/dynamixel:/home/home/gello_ws/install/dynamixel_sdk:/home/home/kimm_ws/install/rbpodo_bringup:/home/home/kimm_ws/install/rbpodo_hardware:/home/home/kimm_ws/install/rbpodo_msgs:/home/home/kimm_ws/install/rb3_730es_u_moveit_config:/home/home/kimm_ws/install/rbpodo_description:/home/home/kimm_ws/install/rb5_gui_manager:/home/home/kimm_ws/install/action_interface /usr/bin/cmake --install /home/home/dcp_ws/build/dh_robotics_ag95_description
