[0.024s] Invoking command in '/home/home/dcp_ws/build/fairino_interfaces': CMAKE_PREFIX_PATH=/home/home/dcp_ws/install/robotiq_description:/home/home/dcp_ws/install/pak_hqp_controller:/home/home/dcp_ws/install/kimm_hqp_controller:/home/home/dcp_ws/install/kimm_trajectory_smoother:/home/home/dcp_ws/install/kimm_qpoases:/home/home/dcp_ws/install/isaacsim:/home/home/dcp_ws/install/fairino_rviz:/home/home/dcp_ws/install/fairino_action_manager:/home/home/dcp_ws/install/fairino_interfaces:/home/home/dcp_ws/install/fairino_description:/home/home/dcp_ws/install/dh_robotics_ag95_description:/home/home/fairino_ros2_ws/install/kimm_hqp_controller:/home/home/fairino_ros2_ws/install/kimm_trajectory_smoother:/home/home/dcp_ws/install/isaacsim_ros2:/home/home/fairino_ros2_ws/install/isaacsim_ros2:/opt/ros/humble:/home/home/fairino_ros2_ws/install/kimm_qpoases:/home/home/fairino_ros2_ws/install/isaacsim:/home/home/fairino_ros2_ws/install/fairino_rviz:/home/home/fairino_ros2_ws/install/fairino_action_manager:/home/home/fairino_ros2_ws/install/fairino_interfaces:/home/home/fairino_ros2_ws/install/fairino_description:/home/home/fairino_ros2_ws/install/dh_robotics_ag95_description /usr/bin/cmake /home/home/dcp_ws/src/fairino/fairino_interfaces -DCMAKE_INSTALL_PREFIX=/home/home/dcp_ws/install/fairino_interfaces
[0.174s] -- The C compiler identification is GNU 11.4.0
[0.174s] -- The CXX compiler identification is GNU 11.4.0
[0.174s] -- Detecting C compiler ABI info
[0.174s] -- Detecting C compiler ABI info - done
[0.174s] -- Check for working C compiler: /usr/bin/cc - skipped
[0.174s] -- Detecting C compile features
[0.174s] -- Detecting C compile features - done
[0.174s] -- Detecting CXX compiler ABI info
[0.211s] -- Detecting CXX compiler ABI info - done
[0.215s] -- Check for working CXX compiler: /usr/bin/c++ - skipped
[0.215s] -- Detecting CXX compile features
[0.218s] -- Detecting CXX compile features - done
[0.218s] -- Found ament_cmake: 1.3.12 (/opt/ros/humble/share/ament_cmake/cmake)
[0.335s] -- Found Python3: /usr/bin/python3 (found version "3.10.17") found components: Interpreter 
[0.397s] -- Found rosidl_default_generators: 1.2.0 (/opt/ros/humble/share/rosidl_default_generators/cmake)
[0.399s] -- Using all available rosidl_typesupport_c: rosidl_typesupport_fastrtps_c;rosidl_typesupport_introspection_c
[0.403s] -- Found rosidl_adapter: 3.1.7 (/opt/ros/humble/share/rosidl_adapter/cmake)
[0.427s] -- Using all available rosidl_typesupport_cpp: rosidl_typesupport_fastrtps_cpp;rosidl_typesupport_introspection_cpp
[0.445s] -- Found std_msgs: 4.9.0 (/opt/ros/humble/share/std_msgs/cmake)
[0.460s] -- Found geometry_msgs: 4.9.0 (/opt/ros/humble/share/geometry_msgs/cmake)
[0.466s] -- Found sensor_msgs: 4.9.0 (/opt/ros/humble/share/sensor_msgs/cmake)
[0.785s] -- Found ament_cmake_ros: 0.10.0 (/opt/ros/humble/share/ament_cmake_ros/cmake)
[1.053s] -- Using all available rosidl_typesupport_c: rosidl_typesupport_fastrtps_c;rosidl_typesupport_introspection_c
[1.538s] -- Using all available rosidl_typesupport_cpp: rosidl_typesupport_fastrtps_cpp;rosidl_typesupport_introspection_cpp
[1.556s] -- Found PythonInterp: /usr/bin/python3 (found suitable version "3.10.17", minimum required is "3.6") 
[1.559s] -- Found python_cmake_module: 0.10.0 (/opt/ros/humble/share/python_cmake_module/cmake)
[1.583s] -- Found PythonLibs: /usr/lib/x86_64-linux-gnu/libpython3.10.so (found suitable version "3.10.17", minimum required is "3.5") 
[1.583s] -- Using PYTHON_EXECUTABLE: /usr/bin/python3
[1.583s] -- Using PYTHON_INCLUDE_DIRS: /usr/include/python3.10
[1.583s] -- Using PYTHON_LIBRARIES: /usr/lib/x86_64-linux-gnu/libpython3.10.so
[1.596s] -- Found PythonExtra: .so  
[1.644s] -- Found ament_lint_auto: 0.12.14 (/opt/ros/humble/share/ament_lint_auto/cmake)
[1.658s] -- Added test 'copyright' to check source files copyright and LICENSE
[1.659s] -- Added test 'lint_cmake' to check CMake code style
[1.659s] -- Added test 'xmllint' to check XML markup files
[1.660s] -- Configuring done
[1.684s] -- Generating done
[1.690s] -- Build files have been written to: /home/home/dcp_ws/build/fairino_interfaces
[1.696s] Invoked command in '/home/home/dcp_ws/build/fairino_interfaces' returned '0': CMAKE_PREFIX_PATH=/home/home/dcp_ws/install/robotiq_description:/home/home/dcp_ws/install/pak_hqp_controller:/home/home/dcp_ws/install/kimm_hqp_controller:/home/home/dcp_ws/install/kimm_trajectory_smoother:/home/home/dcp_ws/install/kimm_qpoases:/home/home/dcp_ws/install/isaacsim:/home/home/dcp_ws/install/fairino_rviz:/home/home/dcp_ws/install/fairino_action_manager:/home/home/dcp_ws/install/fairino_interfaces:/home/home/dcp_ws/install/fairino_description:/home/home/dcp_ws/install/dh_robotics_ag95_description:/home/home/fairino_ros2_ws/install/kimm_hqp_controller:/home/home/fairino_ros2_ws/install/kimm_trajectory_smoother:/home/home/dcp_ws/install/isaacsim_ros2:/home/home/fairino_ros2_ws/install/isaacsim_ros2:/opt/ros/humble:/home/home/fairino_ros2_ws/install/kimm_qpoases:/home/home/fairino_ros2_ws/install/isaacsim:/home/home/fairino_ros2_ws/install/fairino_rviz:/home/home/fairino_ros2_ws/install/fairino_action_manager:/home/home/fairino_ros2_ws/install/fairino_interfaces:/home/home/fairino_ros2_ws/install/fairino_description:/home/home/fairino_ros2_ws/install/dh_robotics_ag95_description /usr/bin/cmake /home/home/dcp_ws/src/fairino/fairino_interfaces -DCMAKE_INSTALL_PREFIX=/home/home/dcp_ws/install/fairino_interfaces
[1.701s] Invoking command in '/home/home/dcp_ws/build/fairino_interfaces': CMAKE_PREFIX_PATH=/home/home/dcp_ws/install/robotiq_description:/home/home/dcp_ws/install/pak_hqp_controller:/home/home/dcp_ws/install/kimm_hqp_controller:/home/home/dcp_ws/install/kimm_trajectory_smoother:/home/home/dcp_ws/install/kimm_qpoases:/home/home/dcp_ws/install/isaacsim:/home/home/dcp_ws/install/fairino_rviz:/home/home/dcp_ws/install/fairino_action_manager:/home/home/dcp_ws/install/fairino_interfaces:/home/home/dcp_ws/install/fairino_description:/home/home/dcp_ws/install/dh_robotics_ag95_description:/home/home/fairino_ros2_ws/install/kimm_hqp_controller:/home/home/fairino_ros2_ws/install/kimm_trajectory_smoother:/home/home/dcp_ws/install/isaacsim_ros2:/home/home/fairino_ros2_ws/install/isaacsim_ros2:/opt/ros/humble:/home/home/fairino_ros2_ws/install/kimm_qpoases:/home/home/fairino_ros2_ws/install/isaacsim:/home/home/fairino_ros2_ws/install/fairino_rviz:/home/home/fairino_ros2_ws/install/fairino_action_manager:/home/home/fairino_ros2_ws/install/fairino_interfaces:/home/home/fairino_ros2_ws/install/fairino_description:/home/home/fairino_ros2_ws/install/dh_robotics_ag95_description /usr/bin/cmake --build /home/home/dcp_ws/build/fairino_interfaces -- -j10 -l10
[1.727s] [  1%] [34m[1mGenerating C code for ROS interfaces[0m
[1.732s] [  2%] [34m[1mGenerating C++ code for ROS interfaces[0m
[1.739s] [  2%] Built target ament_cmake_python_copy_fairino_interfaces
[1.883s] running egg_info
[1.883s] creating fairino_interfaces.egg-info
[1.883s] writing fairino_interfaces.egg-info/PKG-INFO
[1.883s] writing dependency_links to fairino_interfaces.egg-info/dependency_links.txt
[1.883s] writing top-level names to fairino_interfaces.egg-info/top_level.txt
[1.883s] writing manifest file 'fairino_interfaces.egg-info/SOURCES.txt'
[1.883s] reading manifest file 'fairino_interfaces.egg-info/SOURCES.txt'
[1.883s] writing manifest file 'fairino_interfaces.egg-info/SOURCES.txt'
[1.913s] [  2%] Built target ament_cmake_python_build_fairino_interfaces_egg
[2.752s] [  3%] [32mBuilding C object CMakeFiles/fairino_interfaces__rosidl_generator_c.dir/rosidl_generator_c/fairino_interfaces/action/detail/se3__functions.c.o[0m
[2.754s] [  4%] [32mBuilding C object CMakeFiles/fairino_interfaces__rosidl_generator_c.dir/rosidl_generator_c/fairino_interfaces/action/detail/joint_posture__functions.c.o[0m
[2.758s] [  5%] [32mBuilding C object CMakeFiles/fairino_interfaces__rosidl_generator_c.dir/rosidl_generator_c/fairino_interfaces/action/detail/se3_array__functions.c.o[0m
[2.762s] [  6%] [32mBuilding C object CMakeFiles/fairino_interfaces__rosidl_generator_c.dir/rosidl_generator_c/fairino_interfaces/action/detail/gripper__functions.c.o[0m
[2.765s] [  7%] [32mBuilding C object CMakeFiles/fairino_interfaces__rosidl_generator_c.dir/rosidl_generator_c/fairino_interfaces/action/detail/move__functions.c.o[0m
[2.769s] [  8%] [32mBuilding C object CMakeFiles/fairino_interfaces__rosidl_generator_c.dir/rosidl_generator_c/fairino_interfaces/action/detail/tool_changer__functions.c.o[0m
[2.769s] [  9%] [32mBuilding C object CMakeFiles/fairino_interfaces__rosidl_generator_c.dir/rosidl_generator_c/fairino_interfaces/action/detail/qr__functions.c.o[0m
[2.785s] [ 10%] [32mBuilding C object CMakeFiles/fairino_interfaces__rosidl_generator_c.dir/rosidl_generator_c/fairino_interfaces/srv/detail/pick__functions.c.o[0m
[2.789s] [ 11%] [32mBuilding C object CMakeFiles/fairino_interfaces__rosidl_generator_c.dir/rosidl_generator_c/fairino_interfaces/srv/detail/place__functions.c.o[0m
[2.936s] [ 12%] [32m[1mLinking C shared library libfairino_interfaces__rosidl_generator_c.so[0m
[2.979s] [ 12%] Built target fairino_interfaces__rosidl_generator_c
[2.995s] [ 13%] [34m[1mGenerating C type support for eProsima Fast-RTPS[0m
[2.995s] [ 15%] [34m[1mGenerating C type support dispatch for ROS interfaces[0m
[2.999s] [ 14%] [34m[1mGenerating C introspection for ROS interfaces[0m
[3.039s] [ 15%] Built target fairino_interfaces__cpp
[3.056s] [ 16%] [34m[1mGenerating C++ type support dispatch for ROS interfaces[0m
[3.056s] [ 17%] [34m[1mGenerating C++ introspection for ROS interfaces[0m
[3.059s] [ 18%] [34m[1mGenerating C++ type support for eProsima Fast-RTPS[0m
[3.497s] [ 20%] [32mBuilding CXX object CMakeFiles/fairino_interfaces__rosidl_typesupport_c.dir/rosidl_typesupport_c/fairino_interfaces/action/joint_posture__type_support.cpp.o[0m
[3.499s] [ 21%] [32mBuilding CXX object CMakeFiles/fairino_interfaces__rosidl_typesupport_c.dir/rosidl_typesupport_c/fairino_interfaces/action/se3_array__type_support.cpp.o[0m
[3.499s] [ 23%] [32mBuilding CXX object CMakeFiles/fairino_interfaces__rosidl_typesupport_c.dir/rosidl_typesupport_c/fairino_interfaces/action/gripper__type_support.cpp.o[0m
[3.501s] [ 22%] [32mBuilding CXX object CMakeFiles/fairino_interfaces__rosidl_typesupport_c.dir/rosidl_typesupport_c/fairino_interfaces/action/se3__type_support.cpp.o[0m
[3.501s] [ 24%] [32mBuilding CXX object CMakeFiles/fairino_interfaces__rosidl_typesupport_c.dir/rosidl_typesupport_c/fairino_interfaces/action/move__type_support.cpp.o[0m
[3.561s] [ 25%] [32mBuilding CXX object CMakeFiles/fairino_interfaces__rosidl_typesupport_c.dir/rosidl_typesupport_c/fairino_interfaces/action/qr__type_support.cpp.o[0m
[3.561s] [ 26%] [32mBuilding CXX object CMakeFiles/fairino_interfaces__rosidl_typesupport_c.dir/rosidl_typesupport_c/fairino_interfaces/action/tool_changer__type_support.cpp.o[0m
[3.566s] [ 27%] [32mBuilding CXX object CMakeFiles/fairino_interfaces__rosidl_typesupport_c.dir/rosidl_typesupport_c/fairino_interfaces/srv/pick__type_support.cpp.o[0m
[3.574s] [ 28%] [32mBuilding CXX object CMakeFiles/fairino_interfaces__rosidl_typesupport_c.dir/rosidl_typesupport_c/fairino_interfaces/srv/place__type_support.cpp.o[0m
[3.619s] [ 29%] [32m[1mLinking CXX shared library libfairino_interfaces__rosidl_typesupport_c.so[0m
[3.684s] [ 29%] Built target fairino_interfaces__rosidl_typesupport_c
[3.775s] [ 30%] [32mBuilding C object CMakeFiles/fairino_interfaces__rosidl_typesupport_introspection_c.dir/rosidl_typesupport_introspection_c/fairino_interfaces/action/detail/joint_posture__type_support.c.o[0m
[3.784s] [ 31%] [32mBuilding C object CMakeFiles/fairino_interfaces__rosidl_typesupport_introspection_c.dir/rosidl_typesupport_introspection_c/fairino_interfaces/action/detail/se3_array__type_support.c.o[0m
[3.784s] [ 32%] [32mBuilding C object CMakeFiles/fairino_interfaces__rosidl_typesupport_introspection_c.dir/rosidl_typesupport_introspection_c/fairino_interfaces/action/detail/se3__type_support.c.o[0m
[3.784s] [ 33%] [32mBuilding C object CMakeFiles/fairino_interfaces__rosidl_typesupport_introspection_c.dir/rosidl_typesupport_introspection_c/fairino_interfaces/action/detail/gripper__type_support.c.o[0m
[3.784s] [ 34%] [32mBuilding C object CMakeFiles/fairino_interfaces__rosidl_typesupport_introspection_c.dir/rosidl_typesupport_introspection_c/fairino_interfaces/action/detail/move__type_support.c.o[0m
[3.787s] [ 35%] [32mBuilding C object CMakeFiles/fairino_interfaces__rosidl_typesupport_introspection_c.dir/rosidl_typesupport_introspection_c/fairino_interfaces/action/detail/qr__type_support.c.o[0m
[3.822s] [ 36%] [32mBuilding C object CMakeFiles/fairino_interfaces__rosidl_typesupport_introspection_c.dir/rosidl_typesupport_introspection_c/fairino_interfaces/action/detail/tool_changer__type_support.c.o[0m
[3.823s] [ 37%] [32mBuilding C object CMakeFiles/fairino_interfaces__rosidl_typesupport_introspection_c.dir/rosidl_typesupport_introspection_c/fairino_interfaces/srv/detail/pick__type_support.c.o[0m
[3.833s] [ 38%] [32mBuilding C object CMakeFiles/fairino_interfaces__rosidl_typesupport_introspection_c.dir/rosidl_typesupport_introspection_c/fairino_interfaces/srv/detail/place__type_support.c.o[0m
[3.873s] [ 40%] [32m[1mLinking C shared library libfairino_interfaces__rosidl_typesupport_introspection_c.so[0m
[3.903s] [ 41%] [32mBuilding CXX object CMakeFiles/fairino_interfaces__rosidl_typesupport_fastrtps_c.dir/rosidl_typesupport_fastrtps_c/fairino_interfaces/action/detail/joint_posture__type_support_c.cpp.o[0m
[3.915s] [ 42%] [32mBuilding CXX object CMakeFiles/fairino_interfaces__rosidl_typesupport_fastrtps_c.dir/rosidl_typesupport_fastrtps_c/fairino_interfaces/action/detail/gripper__type_support_c.cpp.o[0m
[3.917s] [ 44%] [32mBuilding CXX object CMakeFiles/fairino_interfaces__rosidl_typesupport_fastrtps_c.dir/rosidl_typesupport_fastrtps_c/fairino_interfaces/action/detail/se3_array__type_support_c.cpp.o[0m
[3.918s] [ 43%] [32mBuilding CXX object CMakeFiles/fairino_interfaces__rosidl_typesupport_fastrtps_c.dir/rosidl_typesupport_fastrtps_c/fairino_interfaces/action/detail/se3__type_support_c.cpp.o[0m
[3.919s] [ 45%] [32mBuilding CXX object CMakeFiles/fairino_interfaces__rosidl_typesupport_fastrtps_c.dir/rosidl_typesupport_fastrtps_c/fairino_interfaces/action/detail/move__type_support_c.cpp.o[0m
[3.925s] [ 45%] Built target fairino_interfaces__rosidl_typesupport_introspection_c
[3.937s] [ 46%] [32mBuilding CXX object CMakeFiles/fairino_interfaces__rosidl_typesupport_fastrtps_c.dir/rosidl_typesupport_fastrtps_c/fairino_interfaces/action/detail/qr__type_support_c.cpp.o[0m
[3.963s] [ 47%] [32mBuilding CXX object CMakeFiles/fairino_interfaces__rosidl_typesupport_fastrtps_c.dir/rosidl_typesupport_fastrtps_c/fairino_interfaces/action/detail/tool_changer__type_support_c.cpp.o[0m
[3.980s] [ 48%] [32mBuilding CXX object CMakeFiles/fairino_interfaces__rosidl_typesupport_cpp.dir/rosidl_typesupport_cpp/fairino_interfaces/action/joint_posture__type_support.cpp.o[0m
[4.212s] [ 49%] [32mBuilding CXX object CMakeFiles/fairino_interfaces__rosidl_typesupport_fastrtps_c.dir/rosidl_typesupport_fastrtps_c/fairino_interfaces/srv/detail/pick__type_support_c.cpp.o[0m
[4.233s] [ 50%] [32mBuilding CXX object CMakeFiles/fairino_interfaces__rosidl_typesupport_cpp.dir/rosidl_typesupport_cpp/fairino_interfaces/action/se3__type_support.cpp.o[0m
[4.278s] [ 51%] [32mBuilding CXX object CMakeFiles/fairino_interfaces__rosidl_typesupport_introspection_cpp.dir/rosidl_typesupport_introspection_cpp/fairino_interfaces/action/detail/joint_posture__type_support.cpp.o[0m
[4.308s] [ 52%] [32mBuilding CXX object CMakeFiles/fairino_interfaces__rosidl_typesupport_introspection_cpp.dir/rosidl_typesupport_introspection_cpp/fairino_interfaces/action/detail/se3__type_support.cpp.o[0m
[4.309s] [ 53%] [32mBuilding CXX object CMakeFiles/fairino_interfaces__rosidl_typesupport_introspection_cpp.dir/rosidl_typesupport_introspection_cpp/fairino_interfaces/action/detail/se3_array__type_support.cpp.o[0m
[4.327s] [ 54%] [32mBuilding CXX object CMakeFiles/fairino_interfaces__rosidl_typesupport_introspection_cpp.dir/rosidl_typesupport_introspection_cpp/fairino_interfaces/action/detail/gripper__type_support.cpp.o[0m
[4.331s] [ 55%] [32mBuilding CXX object CMakeFiles/fairino_interfaces__rosidl_typesupport_introspection_cpp.dir/rosidl_typesupport_introspection_cpp/fairino_interfaces/action/detail/move__type_support.cpp.o[0m
[4.343s] [ 56%] [32mBuilding CXX object CMakeFiles/fairino_interfaces__rosidl_typesupport_introspection_cpp.dir/rosidl_typesupport_introspection_cpp/fairino_interfaces/action/detail/qr__type_support.cpp.o[0m
[4.446s] [ 57%] [32mBuilding CXX object CMakeFiles/fairino_interfaces__rosidl_typesupport_cpp.dir/rosidl_typesupport_cpp/fairino_interfaces/action/se3_array__type_support.cpp.o[0m
[4.467s] [ 58%] [32mBuilding CXX object CMakeFiles/fairino_interfaces__rosidl_typesupport_fastrtps_cpp.dir/rosidl_typesupport_fastrtps_cpp/fairino_interfaces/action/detail/dds_fastrtps/joint_posture__type_support.cpp.o[0m
[4.497s] [ 60%] [32mBuilding CXX object CMakeFiles/fairino_interfaces__rosidl_typesupport_fastrtps_c.dir/rosidl_typesupport_fastrtps_c/fairino_interfaces/srv/detail/place__type_support_c.cpp.o[0m
[4.604s] [ 61%] [32mBuilding CXX object CMakeFiles/fairino_interfaces__rosidl_typesupport_introspection_cpp.dir/rosidl_typesupport_introspection_cpp/fairino_interfaces/action/detail/tool_changer__type_support.cpp.o[0m
[4.725s] [ 62%] [32mBuilding CXX object CMakeFiles/fairino_interfaces__rosidl_typesupport_cpp.dir/rosidl_typesupport_cpp/fairino_interfaces/action/gripper__type_support.cpp.o[0m
[4.764s] [ 63%] [32mBuilding CXX object CMakeFiles/fairino_interfaces__rosidl_typesupport_cpp.dir/rosidl_typesupport_cpp/fairino_interfaces/action/move__type_support.cpp.o[0m
[4.837s] [ 64%] [32mBuilding CXX object CMakeFiles/fairino_interfaces__rosidl_typesupport_fastrtps_cpp.dir/rosidl_typesupport_fastrtps_cpp/fairino_interfaces/action/detail/dds_fastrtps/se3__type_support.cpp.o[0m
[4.871s] [ 65%] [32m[1mLinking CXX shared library libfairino_interfaces__rosidl_typesupport_fastrtps_c.so[0m
[4.938s] [ 66%] [32mBuilding CXX object CMakeFiles/fairino_interfaces__rosidl_typesupport_introspection_cpp.dir/rosidl_typesupport_introspection_cpp/fairino_interfaces/srv/detail/pick__type_support.cpp.o[0m
[4.973s] [ 67%] [32mBuilding CXX object CMakeFiles/fairino_interfaces__rosidl_typesupport_introspection_cpp.dir/rosidl_typesupport_introspection_cpp/fairino_interfaces/srv/detail/place__type_support.cpp.o[0m
[4.973s] [ 68%] [32mBuilding CXX object CMakeFiles/fairino_interfaces__rosidl_typesupport_fastrtps_cpp.dir/rosidl_typesupport_fastrtps_cpp/fairino_interfaces/action/detail/dds_fastrtps/se3_array__type_support.cpp.o[0m
[4.977s] [ 68%] Built target fairino_interfaces__rosidl_typesupport_fastrtps_c
[4.993s] [ 69%] [32mBuilding CXX object CMakeFiles/fairino_interfaces__rosidl_typesupport_fastrtps_cpp.dir/rosidl_typesupport_fastrtps_cpp/fairino_interfaces/action/detail/dds_fastrtps/gripper__type_support.cpp.o[0m
[5.033s] [ 70%] [32mBuilding CXX object CMakeFiles/fairino_interfaces__rosidl_typesupport_fastrtps_cpp.dir/rosidl_typesupport_fastrtps_cpp/fairino_interfaces/action/detail/dds_fastrtps/move__type_support.cpp.o[0m
[5.083s] [ 71%] [32mBuilding CXX object CMakeFiles/fairino_interfaces__rosidl_typesupport_cpp.dir/rosidl_typesupport_cpp/fairino_interfaces/action/qr__type_support.cpp.o[0m
[5.118s] [ 72%] [32mBuilding CXX object CMakeFiles/fairino_interfaces__rosidl_typesupport_cpp.dir/rosidl_typesupport_cpp/fairino_interfaces/action/tool_changer__type_support.cpp.o[0m
[5.154s] [ 73%] [32mBuilding CXX object CMakeFiles/fairino_interfaces__rosidl_typesupport_fastrtps_cpp.dir/rosidl_typesupport_fastrtps_cpp/fairino_interfaces/action/detail/dds_fastrtps/qr__type_support.cpp.o[0m
[5.247s] [ 74%] [32mBuilding CXX object CMakeFiles/fairino_interfaces__rosidl_typesupport_fastrtps_cpp.dir/rosidl_typesupport_fastrtps_cpp/fairino_interfaces/action/detail/dds_fastrtps/tool_changer__type_support.cpp.o[0m
[5.308s] [ 75%] [32mBuilding CXX object CMakeFiles/fairino_interfaces__rosidl_typesupport_cpp.dir/rosidl_typesupport_cpp/fairino_interfaces/srv/pick__type_support.cpp.o[0m
[5.326s] [ 76%] [32mBuilding CXX object CMakeFiles/fairino_interfaces__rosidl_typesupport_fastrtps_cpp.dir/rosidl_typesupport_fastrtps_cpp/fairino_interfaces/srv/detail/dds_fastrtps/pick__type_support.cpp.o[0m
[5.349s] [ 77%] [32m[1mLinking CXX shared library libfairino_interfaces__rosidl_typesupport_introspection_cpp.so[0m
[5.440s] [ 78%] [32mBuilding CXX object CMakeFiles/fairino_interfaces__rosidl_typesupport_fastrtps_cpp.dir/rosidl_typesupport_fastrtps_cpp/fairino_interfaces/srv/detail/dds_fastrtps/place__type_support.cpp.o[0m
[5.457s] [ 78%] Built target fairino_interfaces__rosidl_typesupport_introspection_cpp
[5.467s] [ 80%] [32mBuilding CXX object CMakeFiles/fairino_interfaces__rosidl_typesupport_cpp.dir/rosidl_typesupport_cpp/fairino_interfaces/srv/place__type_support.cpp.o[0m
[5.636s] [ 81%] [32m[1mLinking CXX shared library libfairino_interfaces__rosidl_typesupport_fastrtps_cpp.so[0m
[5.636s] [ 82%] [32m[1mLinking CXX shared library libfairino_interfaces__rosidl_typesupport_cpp.so[0m
[5.667s] [ 82%] Built target fairino_interfaces__rosidl_typesupport_cpp
[5.691s] [ 82%] Built target fairino_interfaces__rosidl_typesupport_fastrtps_cpp
[5.705s] [ 82%] Built target fairino_interfaces
[5.719s] [ 83%] [34m[1mGenerating Python code for ROS interfaces[0m
[8.089s] [ 83%] Built target fairino_interfaces__py
[8.118s] [ 84%] [32mBuilding C object CMakeFiles/fairino_interfaces__rosidl_generator_py.dir/rosidl_generator_py/fairino_interfaces/action/_joint_posture_s.c.o[0m
[8.127s] [ 85%] [32mBuilding C object CMakeFiles/fairino_interfaces__rosidl_generator_py.dir/rosidl_generator_py/fairino_interfaces/action/_se3_array_s.c.o[0m
[8.127s] [ 86%] [32mBuilding C object CMakeFiles/fairino_interfaces__rosidl_generator_py.dir/rosidl_generator_py/fairino_interfaces/action/_se3_s.c.o[0m
[8.127s] [ 87%] [32mBuilding C object CMakeFiles/fairino_interfaces__rosidl_generator_py.dir/rosidl_generator_py/fairino_interfaces/action/_move_s.c.o[0m
[8.133s] [ 88%] [32mBuilding C object CMakeFiles/fairino_interfaces__rosidl_generator_py.dir/rosidl_generator_py/fairino_interfaces/action/_gripper_s.c.o[0m
[8.135s] [ 89%] [32mBuilding C object CMakeFiles/fairino_interfaces__rosidl_generator_py.dir/rosidl_generator_py/fairino_interfaces/action/_qr_s.c.o[0m
[8.146s] [ 90%] [32mBuilding C object CMakeFiles/fairino_interfaces__rosidl_generator_py.dir/rosidl_generator_py/fairino_interfaces/srv/_pick_s.c.o[0m
[8.147s] [ 91%] [32mBuilding C object CMakeFiles/fairino_interfaces__rosidl_generator_py.dir/rosidl_generator_py/fairino_interfaces/action/_tool_changer_s.c.o[0m
[8.162s] [ 92%] [32mBuilding C object CMakeFiles/fairino_interfaces__rosidl_generator_py.dir/rosidl_generator_py/fairino_interfaces/srv/_place_s.c.o[0m
[8.441s] [ 93%] [32m[1mLinking C shared library rosidl_generator_py/fairino_interfaces/libfairino_interfaces__rosidl_generator_py.so[0m
[8.505s] [ 93%] Built target fairino_interfaces__rosidl_generator_py
[8.542s] [ 94%] [32mBuilding C object CMakeFiles/fairino_interfaces__rosidl_typesupport_c__pyext.dir/rosidl_generator_py/fairino_interfaces/_fairino_interfaces_s.ep.rosidl_typesupport_c.c.o[0m
[8.547s] [ 95%] [32mBuilding C object CMakeFiles/fairino_interfaces__rosidl_typesupport_fastrtps_c__pyext.dir/rosidl_generator_py/fairino_interfaces/_fairino_interfaces_s.ep.rosidl_typesupport_fastrtps_c.c.o[0m
[8.552s] [ 96%] [32mBuilding C object CMakeFiles/fairino_interfaces__rosidl_typesupport_introspection_c__pyext.dir/rosidl_generator_py/fairino_interfaces/_fairino_interfaces_s.ep.rosidl_typesupport_introspection_c.c.o[0m
[8.849s] [ 97%] [32m[1mLinking C shared library rosidl_generator_py/fairino_interfaces/fairino_interfaces_s__rosidl_typesupport_fastrtps_c.cpython-310-x86_64-linux-gnu.so[0m
[8.849s] [ 98%] [32m[1mLinking C shared library rosidl_generator_py/fairino_interfaces/fairino_interfaces_s__rosidl_typesupport_introspection_c.cpython-310-x86_64-linux-gnu.so[0m
[8.915s] [100%] [32m[1mLinking C shared library rosidl_generator_py/fairino_interfaces/fairino_interfaces_s__rosidl_typesupport_c.cpython-310-x86_64-linux-gnu.so[0m
[8.920s] [100%] Built target fairino_interfaces__rosidl_typesupport_introspection_c__pyext
[8.923s] [100%] Built target fairino_interfaces__rosidl_typesupport_fastrtps_c__pyext
[8.989s] [100%] Built target fairino_interfaces__rosidl_typesupport_c__pyext
[9.029s] Invoked command in '/home/home/dcp_ws/build/fairino_interfaces' returned '0': CMAKE_PREFIX_PATH=/home/home/dcp_ws/install/robotiq_description:/home/home/dcp_ws/install/pak_hqp_controller:/home/home/dcp_ws/install/kimm_hqp_controller:/home/home/dcp_ws/install/kimm_trajectory_smoother:/home/home/dcp_ws/install/kimm_qpoases:/home/home/dcp_ws/install/isaacsim:/home/home/dcp_ws/install/fairino_rviz:/home/home/dcp_ws/install/fairino_action_manager:/home/home/dcp_ws/install/fairino_interfaces:/home/home/dcp_ws/install/fairino_description:/home/home/dcp_ws/install/dh_robotics_ag95_description:/home/home/fairino_ros2_ws/install/kimm_hqp_controller:/home/home/fairino_ros2_ws/install/kimm_trajectory_smoother:/home/home/dcp_ws/install/isaacsim_ros2:/home/home/fairino_ros2_ws/install/isaacsim_ros2:/opt/ros/humble:/home/home/fairino_ros2_ws/install/kimm_qpoases:/home/home/fairino_ros2_ws/install/isaacsim:/home/home/fairino_ros2_ws/install/fairino_rviz:/home/home/fairino_ros2_ws/install/fairino_action_manager:/home/home/fairino_ros2_ws/install/fairino_interfaces:/home/home/fairino_ros2_ws/install/fairino_description:/home/home/fairino_ros2_ws/install/dh_robotics_ag95_description /usr/bin/cmake --build /home/home/dcp_ws/build/fairino_interfaces -- -j10 -l10
[9.029s] Invoking command in '/home/home/dcp_ws/build/fairino_interfaces': CMAKE_PREFIX_PATH=/home/home/dcp_ws/install/robotiq_description:/home/home/dcp_ws/install/pak_hqp_controller:/home/home/dcp_ws/install/kimm_hqp_controller:/home/home/dcp_ws/install/kimm_trajectory_smoother:/home/home/dcp_ws/install/kimm_qpoases:/home/home/dcp_ws/install/isaacsim:/home/home/dcp_ws/install/fairino_rviz:/home/home/dcp_ws/install/fairino_action_manager:/home/home/dcp_ws/install/fairino_interfaces:/home/home/dcp_ws/install/fairino_description:/home/home/dcp_ws/install/dh_robotics_ag95_description:/home/home/fairino_ros2_ws/install/kimm_hqp_controller:/home/home/fairino_ros2_ws/install/kimm_trajectory_smoother:/home/home/dcp_ws/install/isaacsim_ros2:/home/home/fairino_ros2_ws/install/isaacsim_ros2:/opt/ros/humble:/home/home/fairino_ros2_ws/install/kimm_qpoases:/home/home/fairino_ros2_ws/install/isaacsim:/home/home/fairino_ros2_ws/install/fairino_rviz:/home/home/fairino_ros2_ws/install/fairino_action_manager:/home/home/fairino_ros2_ws/install/fairino_interfaces:/home/home/fairino_ros2_ws/install/fairino_description:/home/home/fairino_ros2_ws/install/dh_robotics_ag95_description /usr/bin/cmake --install /home/home/dcp_ws/build/fairino_interfaces
[9.036s] -- Install configuration: ""
[9.037s] -- Installing: /home/home/dcp_ws/install/fairino_interfaces/share/ament_index/resource_index/rosidl_interfaces/fairino_interfaces
[9.037s] -- Installing: /home/home/dcp_ws/install/fairino_interfaces/include/fairino_interfaces/fairino_interfaces
[9.037s] -- Installing: /home/home/dcp_ws/install/fairino_interfaces/include/fairino_interfaces/fairino_interfaces/action
[9.037s] -- Installing: /home/home/dcp_ws/install/fairino_interfaces/include/fairino_interfaces/fairino_interfaces/action/detail
[9.037s] -- Installing: /home/home/dcp_ws/install/fairino_interfaces/include/fairino_interfaces/fairino_interfaces/action/detail/joint_posture__functions.h
[9.037s] -- Installing: /home/home/dcp_ws/install/fairino_interfaces/include/fairino_interfaces/fairino_interfaces/action/detail/move__functions.c
[9.037s] -- Installing: /home/home/dcp_ws/install/fairino_interfaces/include/fairino_interfaces/fairino_interfaces/action/detail/gripper__functions.c
[9.037s] -- Installing: /home/home/dcp_ws/install/fairino_interfaces/include/fairino_interfaces/fairino_interfaces/action/detail/move__struct.h
[9.037s] -- Installing: /home/home/dcp_ws/install/fairino_interfaces/include/fairino_interfaces/fairino_interfaces/action/detail/se3__struct.h
[9.037s] -- Installing: /home/home/dcp_ws/install/fairino_interfaces/include/fairino_interfaces/fairino_interfaces/action/detail/se3_array__functions.c
[9.037s] -- Installing: /home/home/dcp_ws/install/fairino_interfaces/include/fairino_interfaces/fairino_interfaces/action/detail/se3_array__struct.h
[9.037s] -- Installing: /home/home/dcp_ws/install/fairino_interfaces/include/fairino_interfaces/fairino_interfaces/action/detail/qr__struct.h
[9.037s] -- Installing: /home/home/dcp_ws/install/fairino_interfaces/include/fairino_interfaces/fairino_interfaces/action/detail/se3__type_support.h
[9.037s] -- Installing: /home/home/dcp_ws/install/fairino_interfaces/include/fairino_interfaces/fairino_interfaces/action/detail/move__type_support.h
[9.037s] -- Installing: /home/home/dcp_ws/install/fairino_interfaces/include/fairino_interfaces/fairino_interfaces/action/detail/joint_posture__type_support.h
[9.037s] -- Installing: /home/home/dcp_ws/install/fairino_interfaces/include/fairino_interfaces/fairino_interfaces/action/detail/se3_array__functions.h
[9.037s] -- Installing: /home/home/dcp_ws/install/fairino_interfaces/include/fairino_interfaces/fairino_interfaces/action/detail/tool_changer__type_support.h
[9.041s] -- Installing: /home/home/dcp_ws/install/fairino_interfaces/include/fairino_interfaces/fairino_interfaces/action/detail/tool_changer__struct.h
[9.041s] -- Installing: /home/home/dcp_ws/install/fairino_interfaces/include/fairino_interfaces/fairino_interfaces/action/detail/qr__functions.c
[9.041s] -- Installing: /home/home/dcp_ws/install/fairino_interfaces/include/fairino_interfaces/fairino_interfaces/action/detail/tool_changer__functions.c
[9.041s] -- Installing: /home/home/dcp_ws/install/fairino_interfaces/include/fairino_interfaces/fairino_interfaces/action/detail/se3_array__type_support.h
[9.041s] -- Installing: /home/home/dcp_ws/install/fairino_interfaces/include/fairino_interfaces/fairino_interfaces/action/detail/tool_changer__functions.h
[9.041s] -- Installing: /home/home/dcp_ws/install/fairino_interfaces/include/fairino_interfaces/fairino_interfaces/action/detail/joint_posture__struct.h
[9.041s] -- Installing: /home/home/dcp_ws/install/fairino_interfaces/include/fairino_interfaces/fairino_interfaces/action/detail/gripper__type_support.h
[9.041s] -- Installing: /home/home/dcp_ws/install/fairino_interfaces/include/fairino_interfaces/fairino_interfaces/action/detail/move__functions.h
[9.041s] -- Installing: /home/home/dcp_ws/install/fairino_interfaces/include/fairino_interfaces/fairino_interfaces/action/detail/qr__type_support.h
[9.041s] -- Installing: /home/home/dcp_ws/install/fairino_interfaces/include/fairino_interfaces/fairino_interfaces/action/detail/se3__functions.h
[9.041s] -- Installing: /home/home/dcp_ws/install/fairino_interfaces/include/fairino_interfaces/fairino_interfaces/action/detail/joint_posture__functions.c
[9.041s] -- Installing: /home/home/dcp_ws/install/fairino_interfaces/include/fairino_interfaces/fairino_interfaces/action/detail/se3__functions.c
[9.041s] -- Installing: /home/home/dcp_ws/install/fairino_interfaces/include/fairino_interfaces/fairino_interfaces/action/detail/gripper__struct.h
[9.041s] -- Installing: /home/home/dcp_ws/install/fairino_interfaces/include/fairino_interfaces/fairino_interfaces/action/detail/qr__functions.h
[9.041s] -- Installing: /home/home/dcp_ws/install/fairino_interfaces/include/fairino_interfaces/fairino_interfaces/action/detail/gripper__functions.h
[9.041s] -- Installing: /home/home/dcp_ws/install/fairino_interfaces/include/fairino_interfaces/fairino_interfaces/action/qr.h
[9.041s] -- Installing: /home/home/dcp_ws/install/fairino_interfaces/include/fairino_interfaces/fairino_interfaces/action/joint_posture.h
[9.041s] -- Installing: /home/home/dcp_ws/install/fairino_interfaces/include/fairino_interfaces/fairino_interfaces/action/se3_array.h
[9.041s] -- Installing: /home/home/dcp_ws/install/fairino_interfaces/include/fairino_interfaces/fairino_interfaces/action/tool_changer.h
[9.041s] -- Installing: /home/home/dcp_ws/install/fairino_interfaces/include/fairino_interfaces/fairino_interfaces/action/move.h
[9.041s] -- Installing: /home/home/dcp_ws/install/fairino_interfaces/include/fairino_interfaces/fairino_interfaces/action/se3.h
[9.041s] -- Installing: /home/home/dcp_ws/install/fairino_interfaces/include/fairino_interfaces/fairino_interfaces/action/gripper.h
[9.041s] -- Installing: /home/home/dcp_ws/install/fairino_interfaces/include/fairino_interfaces/fairino_interfaces/msg
[9.041s] -- Installing: /home/home/dcp_ws/install/fairino_interfaces/include/fairino_interfaces/fairino_interfaces/msg/rosidl_generator_c__visibility_control.h
[9.041s] -- Installing: /home/home/dcp_ws/install/fairino_interfaces/include/fairino_interfaces/fairino_interfaces/srv
[9.041s] -- Installing: /home/home/dcp_ws/install/fairino_interfaces/include/fairino_interfaces/fairino_interfaces/srv/detail
[9.041s] -- Installing: /home/home/dcp_ws/install/fairino_interfaces/include/fairino_interfaces/fairino_interfaces/srv/detail/place__type_support.h
[9.042s] -- Installing: /home/home/dcp_ws/install/fairino_interfaces/include/fairino_interfaces/fairino_interfaces/srv/detail/pick__type_support.h
[9.042s] -- Installing: /home/home/dcp_ws/install/fairino_interfaces/include/fairino_interfaces/fairino_interfaces/srv/detail/pick__struct.h
[9.042s] -- Installing: /home/home/dcp_ws/install/fairino_interfaces/include/fairino_interfaces/fairino_interfaces/srv/detail/place__struct.h
[9.042s] -- Installing: /home/home/dcp_ws/install/fairino_interfaces/include/fairino_interfaces/fairino_interfaces/srv/detail/pick__functions.h
[9.042s] -- Installing: /home/home/dcp_ws/install/fairino_interfaces/include/fairino_interfaces/fairino_interfaces/srv/detail/pick__functions.c
[9.042s] -- Installing: /home/home/dcp_ws/install/fairino_interfaces/include/fairino_interfaces/fairino_interfaces/srv/detail/place__functions.c
[9.042s] -- Installing: /home/home/dcp_ws/install/fairino_interfaces/include/fairino_interfaces/fairino_interfaces/srv/detail/place__functions.h
[9.042s] -- Installing: /home/home/dcp_ws/install/fairino_interfaces/include/fairino_interfaces/fairino_interfaces/srv/pick.h
[9.042s] -- Installing: /home/home/dcp_ws/install/fairino_interfaces/include/fairino_interfaces/fairino_interfaces/srv/place.h
[9.042s] -- Installing: /home/home/dcp_ws/install/fairino_interfaces/share/fairino_interfaces/environment/library_path.sh
[9.042s] -- Installing: /home/home/dcp_ws/install/fairino_interfaces/share/fairino_interfaces/environment/library_path.dsv
[9.042s] -- Installing: /home/home/dcp_ws/install/fairino_interfaces/lib/libfairino_interfaces__rosidl_generator_c.so
[9.042s] -- Set runtime path of "/home/home/dcp_ws/install/fairino_interfaces/lib/libfairino_interfaces__rosidl_generator_c.so" to ""
[9.042s] -- Up-to-date: /home/home/dcp_ws/install/fairino_interfaces/include/fairino_interfaces/fairino_interfaces
[9.042s] -- Up-to-date: /home/home/dcp_ws/install/fairino_interfaces/include/fairino_interfaces/fairino_interfaces/action
[9.042s] -- Up-to-date: /home/home/dcp_ws/install/fairino_interfaces/include/fairino_interfaces/fairino_interfaces/action/detail
[9.043s] -- Installing: /home/home/dcp_ws/install/fairino_interfaces/include/fairino_interfaces/fairino_interfaces/action/detail/qr__rosidl_typesupport_fastrtps_c.h
[9.043s] -- Installing: /home/home/dcp_ws/install/fairino_interfaces/include/fairino_interfaces/fairino_interfaces/action/detail/se3__rosidl_typesupport_fastrtps_c.h
[9.043s] -- Installing: /home/home/dcp_ws/install/fairino_interfaces/include/fairino_interfaces/fairino_interfaces/action/detail/gripper__rosidl_typesupport_fastrtps_c.h
[9.043s] -- Installing: /home/home/dcp_ws/install/fairino_interfaces/include/fairino_interfaces/fairino_interfaces/action/detail/joint_posture__rosidl_typesupport_fastrtps_c.h
[9.043s] -- Installing: /home/home/dcp_ws/install/fairino_interfaces/include/fairino_interfaces/fairino_interfaces/action/detail/tool_changer__rosidl_typesupport_fastrtps_c.h
[9.043s] -- Installing: /home/home/dcp_ws/install/fairino_interfaces/include/fairino_interfaces/fairino_interfaces/action/detail/move__rosidl_typesupport_fastrtps_c.h
[9.043s] -- Installing: /home/home/dcp_ws/install/fairino_interfaces/include/fairino_interfaces/fairino_interfaces/action/detail/se3_array__rosidl_typesupport_fastrtps_c.h
[9.043s] -- Up-to-date: /home/home/dcp_ws/install/fairino_interfaces/include/fairino_interfaces/fairino_interfaces/msg
[9.043s] -- Installing: /home/home/dcp_ws/install/fairino_interfaces/include/fairino_interfaces/fairino_interfaces/msg/rosidl_typesupport_fastrtps_c__visibility_control.h
[9.043s] -- Up-to-date: /home/home/dcp_ws/install/fairino_interfaces/include/fairino_interfaces/fairino_interfaces/srv
[9.043s] -- Up-to-date: /home/home/dcp_ws/install/fairino_interfaces/include/fairino_interfaces/fairino_interfaces/srv/detail
[9.043s] -- Installing: /home/home/dcp_ws/install/fairino_interfaces/include/fairino_interfaces/fairino_interfaces/srv/detail/pick__rosidl_typesupport_fastrtps_c.h
[9.043s] -- Installing: /home/home/dcp_ws/install/fairino_interfaces/include/fairino_interfaces/fairino_interfaces/srv/detail/place__rosidl_typesupport_fastrtps_c.h
[9.044s] -- Installing: /home/home/dcp_ws/install/fairino_interfaces/lib/libfairino_interfaces__rosidl_typesupport_fastrtps_c.so
[9.044s] -- Set runtime path of "/home/home/dcp_ws/install/fairino_interfaces/lib/libfairino_interfaces__rosidl_typesupport_fastrtps_c.so" to ""
[9.044s] -- Up-to-date: /home/home/dcp_ws/install/fairino_interfaces/include/fairino_interfaces/fairino_interfaces
[9.044s] -- Up-to-date: /home/home/dcp_ws/install/fairino_interfaces/include/fairino_interfaces/fairino_interfaces/action
[9.044s] -- Up-to-date: /home/home/dcp_ws/install/fairino_interfaces/include/fairino_interfaces/fairino_interfaces/action/detail
[9.047s] -- Installing: /home/home/dcp_ws/install/fairino_interfaces/include/fairino_interfaces/fairino_interfaces/action/detail/se3_array__type_support.c
[9.047s] -- Installing: /home/home/dcp_ws/install/fairino_interfaces/include/fairino_interfaces/fairino_interfaces/action/detail/gripper__rosidl_typesupport_introspection_c.h
[9.047s] -- Installing: /home/home/dcp_ws/install/fairino_interfaces/include/fairino_interfaces/fairino_interfaces/action/detail/move__rosidl_typesupport_introspection_c.h
[9.047s] -- Installing: /home/home/dcp_ws/install/fairino_interfaces/include/fairino_interfaces/fairino_interfaces/action/detail/tool_changer__type_support.c
[9.047s] -- Installing: /home/home/dcp_ws/install/fairino_interfaces/include/fairino_interfaces/fairino_interfaces/action/detail/gripper__type_support.c
[9.047s] -- Installing: /home/home/dcp_ws/install/fairino_interfaces/include/fairino_interfaces/fairino_interfaces/action/detail/se3__rosidl_typesupport_introspection_c.h
[9.047s] -- Installing: /home/home/dcp_ws/install/fairino_interfaces/include/fairino_interfaces/fairino_interfaces/action/detail/tool_changer__rosidl_typesupport_introspection_c.h
[9.047s] -- Installing: /home/home/dcp_ws/install/fairino_interfaces/include/fairino_interfaces/fairino_interfaces/action/detail/se3_array__rosidl_typesupport_introspection_c.h
[9.047s] -- Installing: /home/home/dcp_ws/install/fairino_interfaces/include/fairino_interfaces/fairino_interfaces/action/detail/qr__type_support.c
[9.047s] -- Installing: /home/home/dcp_ws/install/fairino_interfaces/include/fairino_interfaces/fairino_interfaces/action/detail/qr__rosidl_typesupport_introspection_c.h
[9.047s] -- Installing: /home/home/dcp_ws/install/fairino_interfaces/include/fairino_interfaces/fairino_interfaces/action/detail/joint_posture__type_support.c
[9.047s] -- Installing: /home/home/dcp_ws/install/fairino_interfaces/include/fairino_interfaces/fairino_interfaces/action/detail/se3__type_support.c
[9.047s] -- Installing: /home/home/dcp_ws/install/fairino_interfaces/include/fairino_interfaces/fairino_interfaces/action/detail/move__type_support.c
[9.047s] -- Installing: /home/home/dcp_ws/install/fairino_interfaces/include/fairino_interfaces/fairino_interfaces/action/detail/joint_posture__rosidl_typesupport_introspection_c.h
[9.047s] -- Up-to-date: /home/home/dcp_ws/install/fairino_interfaces/include/fairino_interfaces/fairino_interfaces/msg
[9.047s] -- Installing: /home/home/dcp_ws/install/fairino_interfaces/include/fairino_interfaces/fairino_interfaces/msg/rosidl_typesupport_introspection_c__visibility_control.h
[9.047s] -- Up-to-date: /home/home/dcp_ws/install/fairino_interfaces/include/fairino_interfaces/fairino_interfaces/srv
[9.047s] -- Up-to-date: /home/home/dcp_ws/install/fairino_interfaces/include/fairino_interfaces/fairino_interfaces/srv/detail
[9.047s] -- Installing: /home/home/dcp_ws/install/fairino_interfaces/include/fairino_interfaces/fairino_interfaces/srv/detail/place__rosidl_typesupport_introspection_c.h
[9.047s] -- Installing: /home/home/dcp_ws/install/fairino_interfaces/include/fairino_interfaces/fairino_interfaces/srv/detail/pick__rosidl_typesupport_introspection_c.h
[9.047s] -- Installing: /home/home/dcp_ws/install/fairino_interfaces/include/fairino_interfaces/fairino_interfaces/srv/detail/place__type_support.c
[9.047s] -- Installing: /home/home/dcp_ws/install/fairino_interfaces/include/fairino_interfaces/fairino_interfaces/srv/detail/pick__type_support.c
[9.048s] -- Installing: /home/home/dcp_ws/install/fairino_interfaces/lib/libfairino_interfaces__rosidl_typesupport_introspection_c.so
[9.048s] -- Set runtime path of "/home/home/dcp_ws/install/fairino_interfaces/lib/libfairino_interfaces__rosidl_typesupport_introspection_c.so" to ""
[9.048s] -- Installing: /home/home/dcp_ws/install/fairino_interfaces/lib/libfairino_interfaces__rosidl_typesupport_c.so
[9.048s] -- Set runtime path of "/home/home/dcp_ws/install/fairino_interfaces/lib/libfairino_interfaces__rosidl_typesupport_c.so" to ""
[9.048s] -- Up-to-date: /home/home/dcp_ws/install/fairino_interfaces/include/fairino_interfaces/fairino_interfaces
[9.048s] -- Up-to-date: /home/home/dcp_ws/install/fairino_interfaces/include/fairino_interfaces/fairino_interfaces/action
[9.049s] -- Installing: /home/home/dcp_ws/install/fairino_interfaces/include/fairino_interfaces/fairino_interfaces/action/qr.hpp
[9.052s] -- Installing: /home/home/dcp_ws/install/fairino_interfaces/include/fairino_interfaces/fairino_interfaces/action/move.hpp
[9.052s] -- Installing: /home/home/dcp_ws/install/fairino_interfaces/include/fairino_interfaces/fairino_interfaces/action/se3_array.hpp
[9.052s] -- Up-to-date: /home/home/dcp_ws/install/fairino_interfaces/include/fairino_interfaces/fairino_interfaces/action/detail
[9.052s] -- Installing: /home/home/dcp_ws/install/fairino_interfaces/include/fairino_interfaces/fairino_interfaces/action/detail/qr__traits.hpp
[9.052s] -- Installing: /home/home/dcp_ws/install/fairino_interfaces/include/fairino_interfaces/fairino_interfaces/action/detail/qr__builder.hpp
[9.052s] -- Installing: /home/home/dcp_ws/install/fairino_interfaces/include/fairino_interfaces/fairino_interfaces/action/detail/move__traits.hpp
[9.052s] -- Installing: /home/home/dcp_ws/install/fairino_interfaces/include/fairino_interfaces/fairino_interfaces/action/detail/se3__builder.hpp
[9.052s] -- Installing: /home/home/dcp_ws/install/fairino_interfaces/include/fairino_interfaces/fairino_interfaces/action/detail/joint_posture__traits.hpp
[9.052s] -- Installing: /home/home/dcp_ws/install/fairino_interfaces/include/fairino_interfaces/fairino_interfaces/action/detail/move__type_support.hpp
[9.052s] -- Installing: /home/home/dcp_ws/install/fairino_interfaces/include/fairino_interfaces/fairino_interfaces/action/detail/joint_posture__struct.hpp
[9.052s] -- Installing: /home/home/dcp_ws/install/fairino_interfaces/include/fairino_interfaces/fairino_interfaces/action/detail/gripper__builder.hpp
[9.052s] -- Installing: /home/home/dcp_ws/install/fairino_interfaces/include/fairino_interfaces/fairino_interfaces/action/detail/se3_array__traits.hpp
[9.052s] -- Installing: /home/home/dcp_ws/install/fairino_interfaces/include/fairino_interfaces/fairino_interfaces/action/detail/tool_changer__type_support.hpp
[9.052s] -- Installing: /home/home/dcp_ws/install/fairino_interfaces/include/fairino_interfaces/fairino_interfaces/action/detail/gripper__traits.hpp
[9.052s] -- Installing: /home/home/dcp_ws/install/fairino_interfaces/include/fairino_interfaces/fairino_interfaces/action/detail/qr__type_support.hpp
[9.052s] -- Installing: /home/home/dcp_ws/install/fairino_interfaces/include/fairino_interfaces/fairino_interfaces/action/detail/se3_array__builder.hpp
[9.052s] -- Installing: /home/home/dcp_ws/install/fairino_interfaces/include/fairino_interfaces/fairino_interfaces/action/detail/joint_posture__type_support.hpp
[9.052s] -- Installing: /home/home/dcp_ws/install/fairino_interfaces/include/fairino_interfaces/fairino_interfaces/action/detail/tool_changer__builder.hpp
[9.052s] -- Installing: /home/home/dcp_ws/install/fairino_interfaces/include/fairino_interfaces/fairino_interfaces/action/detail/tool_changer__struct.hpp
[9.052s] -- Installing: /home/home/dcp_ws/install/fairino_interfaces/include/fairino_interfaces/fairino_interfaces/action/detail/se3__struct.hpp
[9.052s] -- Installing: /home/home/dcp_ws/install/fairino_interfaces/include/fairino_interfaces/fairino_interfaces/action/detail/move__struct.hpp
[9.052s] -- Installing: /home/home/dcp_ws/install/fairino_interfaces/include/fairino_interfaces/fairino_interfaces/action/detail/se3__traits.hpp
[9.052s] -- Installing: /home/home/dcp_ws/install/fairino_interfaces/include/fairino_interfaces/fairino_interfaces/action/detail/se3_array__struct.hpp
[9.052s] -- Installing: /home/home/dcp_ws/install/fairino_interfaces/include/fairino_interfaces/fairino_interfaces/action/detail/gripper__type_support.hpp
[9.052s] -- Installing: /home/home/dcp_ws/install/fairino_interfaces/include/fairino_interfaces/fairino_interfaces/action/detail/gripper__struct.hpp
[9.052s] -- Installing: /home/home/dcp_ws/install/fairino_interfaces/include/fairino_interfaces/fairino_interfaces/action/detail/joint_posture__builder.hpp
[9.052s] -- Installing: /home/home/dcp_ws/install/fairino_interfaces/include/fairino_interfaces/fairino_interfaces/action/detail/move__builder.hpp
[9.052s] -- Installing: /home/home/dcp_ws/install/fairino_interfaces/include/fairino_interfaces/fairino_interfaces/action/detail/qr__struct.hpp
[9.052s] -- Installing: /home/home/dcp_ws/install/fairino_interfaces/include/fairino_interfaces/fairino_interfaces/action/detail/se3_array__type_support.hpp
[9.052s] -- Installing: /home/home/dcp_ws/install/fairino_interfaces/include/fairino_interfaces/fairino_interfaces/action/detail/se3__type_support.hpp
[9.052s] -- Installing: /home/home/dcp_ws/install/fairino_interfaces/include/fairino_interfaces/fairino_interfaces/action/detail/tool_changer__traits.hpp
[9.052s] -- Installing: /home/home/dcp_ws/install/fairino_interfaces/include/fairino_interfaces/fairino_interfaces/action/se3.hpp
[9.053s] -- Installing: /home/home/dcp_ws/install/fairino_interfaces/include/fairino_interfaces/fairino_interfaces/action/joint_posture.hpp
[9.053s] -- Installing: /home/home/dcp_ws/install/fairino_interfaces/include/fairino_interfaces/fairino_interfaces/action/gripper.hpp
[9.053s] -- Installing: /home/home/dcp_ws/install/fairino_interfaces/include/fairino_interfaces/fairino_interfaces/action/tool_changer.hpp
[9.053s] -- Up-to-date: /home/home/dcp_ws/install/fairino_interfaces/include/fairino_interfaces/fairino_interfaces/msg
[9.053s] -- Installing: /home/home/dcp_ws/install/fairino_interfaces/include/fairino_interfaces/fairino_interfaces/msg/rosidl_generator_cpp__visibility_control.hpp
[9.053s] -- Up-to-date: /home/home/dcp_ws/install/fairino_interfaces/include/fairino_interfaces/fairino_interfaces/srv
[9.053s] -- Up-to-date: /home/home/dcp_ws/install/fairino_interfaces/include/fairino_interfaces/fairino_interfaces/srv/detail
[9.053s] -- Installing: /home/home/dcp_ws/install/fairino_interfaces/include/fairino_interfaces/fairino_interfaces/srv/detail/place__type_support.hpp
[9.053s] -- Installing: /home/home/dcp_ws/install/fairino_interfaces/include/fairino_interfaces/fairino_interfaces/srv/detail/pick__builder.hpp
[9.053s] -- Installing: /home/home/dcp_ws/install/fairino_interfaces/include/fairino_interfaces/fairino_interfaces/srv/detail/place__struct.hpp
[9.053s] -- Installing: /home/home/dcp_ws/install/fairino_interfaces/include/fairino_interfaces/fairino_interfaces/srv/detail/place__builder.hpp
[9.053s] -- Installing: /home/home/dcp_ws/install/fairino_interfaces/include/fairino_interfaces/fairino_interfaces/srv/detail/pick__type_support.hpp
[9.053s] -- Installing: /home/home/dcp_ws/install/fairino_interfaces/include/fairino_interfaces/fairino_interfaces/srv/detail/pick__struct.hpp
[9.053s] -- Installing: /home/home/dcp_ws/install/fairino_interfaces/include/fairino_interfaces/fairino_interfaces/srv/detail/pick__traits.hpp
[9.053s] -- Installing: /home/home/dcp_ws/install/fairino_interfaces/include/fairino_interfaces/fairino_interfaces/srv/detail/place__traits.hpp
[9.053s] -- Installing: /home/home/dcp_ws/install/fairino_interfaces/include/fairino_interfaces/fairino_interfaces/srv/place.hpp
[9.053s] -- Installing: /home/home/dcp_ws/install/fairino_interfaces/include/fairino_interfaces/fairino_interfaces/srv/pick.hpp
[9.053s] -- Up-to-date: /home/home/dcp_ws/install/fairino_interfaces/include/fairino_interfaces/fairino_interfaces
[9.053s] -- Up-to-date: /home/home/dcp_ws/install/fairino_interfaces/include/fairino_interfaces/fairino_interfaces/action
[9.053s] -- Up-to-date: /home/home/dcp_ws/install/fairino_interfaces/include/fairino_interfaces/fairino_interfaces/action/detail
[9.053s] -- Installing: /home/home/dcp_ws/install/fairino_interfaces/include/fairino_interfaces/fairino_interfaces/action/detail/dds_fastrtps
[9.053s] -- Installing: /home/home/dcp_ws/install/fairino_interfaces/include/fairino_interfaces/fairino_interfaces/action/detail/se3__rosidl_typesupport_fastrtps_cpp.hpp
[9.053s] -- Installing: /home/home/dcp_ws/install/fairino_interfaces/include/fairino_interfaces/fairino_interfaces/action/detail/tool_changer__rosidl_typesupport_fastrtps_cpp.hpp
[9.053s] -- Installing: /home/home/dcp_ws/install/fairino_interfaces/include/fairino_interfaces/fairino_interfaces/action/detail/joint_posture__rosidl_typesupport_fastrtps_cpp.hpp
[9.053s] -- Installing: /home/home/dcp_ws/install/fairino_interfaces/include/fairino_interfaces/fairino_interfaces/action/detail/gripper__rosidl_typesupport_fastrtps_cpp.hpp
[9.053s] -- Installing: /home/home/dcp_ws/install/fairino_interfaces/include/fairino_interfaces/fairino_interfaces/action/detail/qr__rosidl_typesupport_fastrtps_cpp.hpp
[9.053s] -- Installing: /home/home/dcp_ws/install/fairino_interfaces/include/fairino_interfaces/fairino_interfaces/action/detail/move__rosidl_typesupport_fastrtps_cpp.hpp
[9.053s] -- Installing: /home/home/dcp_ws/install/fairino_interfaces/include/fairino_interfaces/fairino_interfaces/action/detail/se3_array__rosidl_typesupport_fastrtps_cpp.hpp
[9.053s] -- Up-to-date: /home/home/dcp_ws/install/fairino_interfaces/include/fairino_interfaces/fairino_interfaces/msg
[9.053s] -- Installing: /home/home/dcp_ws/install/fairino_interfaces/include/fairino_interfaces/fairino_interfaces/msg/rosidl_typesupport_fastrtps_cpp__visibility_control.h
[9.053s] -- Up-to-date: /home/home/dcp_ws/install/fairino_interfaces/include/fairino_interfaces/fairino_interfaces/srv
[9.053s] -- Up-to-date: /home/home/dcp_ws/install/fairino_interfaces/include/fairino_interfaces/fairino_interfaces/srv/detail
[9.053s] -- Installing: /home/home/dcp_ws/install/fairino_interfaces/include/fairino_interfaces/fairino_interfaces/srv/detail/dds_fastrtps
[9.053s] -- Installing: /home/home/dcp_ws/install/fairino_interfaces/include/fairino_interfaces/fairino_interfaces/srv/detail/place__rosidl_typesupport_fastrtps_cpp.hpp
[9.053s] -- Installing: /home/home/dcp_ws/install/fairino_interfaces/include/fairino_interfaces/fairino_interfaces/srv/detail/pick__rosidl_typesupport_fastrtps_cpp.hpp
[9.053s] -- Installing: /home/home/dcp_ws/install/fairino_interfaces/lib/libfairino_interfaces__rosidl_typesupport_fastrtps_cpp.so
[9.057s] -- Set runtime path of "/home/home/dcp_ws/install/fairino_interfaces/lib/libfairino_interfaces__rosidl_typesupport_fastrtps_cpp.so" to ""
[9.057s] -- Up-to-date: /home/home/dcp_ws/install/fairino_interfaces/include/fairino_interfaces/fairino_interfaces
[9.057s] -- Up-to-date: /home/home/dcp_ws/install/fairino_interfaces/include/fairino_interfaces/fairino_interfaces/action
[9.057s] -- Up-to-date: /home/home/dcp_ws/install/fairino_interfaces/include/fairino_interfaces/fairino_interfaces/action/detail
[9.057s] -- Installing: /home/home/dcp_ws/install/fairino_interfaces/include/fairino_interfaces/fairino_interfaces/action/detail/gripper__type_support.cpp
[9.057s] -- Installing: /home/home/dcp_ws/install/fairino_interfaces/include/fairino_interfaces/fairino_interfaces/action/detail/tool_changer__type_support.cpp
[9.057s] -- Installing: /home/home/dcp_ws/install/fairino_interfaces/include/fairino_interfaces/fairino_interfaces/action/detail/se3_array__type_support.cpp
[9.057s] -- Installing: /home/home/dcp_ws/install/fairino_interfaces/include/fairino_interfaces/fairino_interfaces/action/detail/joint_posture__type_support.cpp
[9.057s] -- Installing: /home/home/dcp_ws/install/fairino_interfaces/include/fairino_interfaces/fairino_interfaces/action/detail/se3_array__rosidl_typesupport_introspection_cpp.hpp
[9.057s] -- Installing: /home/home/dcp_ws/install/fairino_interfaces/include/fairino_interfaces/fairino_interfaces/action/detail/move__type_support.cpp
[9.057s] -- Installing: /home/home/dcp_ws/install/fairino_interfaces/include/fairino_interfaces/fairino_interfaces/action/detail/joint_posture__rosidl_typesupport_introspection_cpp.hpp
[9.057s] -- Installing: /home/home/dcp_ws/install/fairino_interfaces/include/fairino_interfaces/fairino_interfaces/action/detail/gripper__rosidl_typesupport_introspection_cpp.hpp
[9.057s] -- Installing: /home/home/dcp_ws/install/fairino_interfaces/include/fairino_interfaces/fairino_interfaces/action/detail/qr__type_support.cpp
[9.057s] -- Installing: /home/home/dcp_ws/install/fairino_interfaces/include/fairino_interfaces/fairino_interfaces/action/detail/se3__type_support.cpp
[9.057s] -- Installing: /home/home/dcp_ws/install/fairino_interfaces/include/fairino_interfaces/fairino_interfaces/action/detail/tool_changer__rosidl_typesupport_introspection_cpp.hpp
[9.057s] -- Installing: /home/home/dcp_ws/install/fairino_interfaces/include/fairino_interfaces/fairino_interfaces/action/detail/se3__rosidl_typesupport_introspection_cpp.hpp
[9.057s] -- Installing: /home/home/dcp_ws/install/fairino_interfaces/include/fairino_interfaces/fairino_interfaces/action/detail/move__rosidl_typesupport_introspection_cpp.hpp
[9.057s] -- Installing: /home/home/dcp_ws/install/fairino_interfaces/include/fairino_interfaces/fairino_interfaces/action/detail/qr__rosidl_typesupport_introspection_cpp.hpp
[9.057s] -- Up-to-date: /home/home/dcp_ws/install/fairino_interfaces/include/fairino_interfaces/fairino_interfaces/srv
[9.057s] -- Up-to-date: /home/home/dcp_ws/install/fairino_interfaces/include/fairino_interfaces/fairino_interfaces/srv/detail
[9.057s] -- Installing: /home/home/dcp_ws/install/fairino_interfaces/include/fairino_interfaces/fairino_interfaces/srv/detail/pick__rosidl_typesupport_introspection_cpp.hpp
[9.057s] -- Installing: /home/home/dcp_ws/install/fairino_interfaces/include/fairino_interfaces/fairino_interfaces/srv/detail/place__type_support.cpp
[9.057s] -- Installing: /home/home/dcp_ws/install/fairino_interfaces/include/fairino_interfaces/fairino_interfaces/srv/detail/pick__type_support.cpp
[9.057s] -- Installing: /home/home/dcp_ws/install/fairino_interfaces/include/fairino_interfaces/fairino_interfaces/srv/detail/place__rosidl_typesupport_introspection_cpp.hpp
[9.057s] -- Installing: /home/home/dcp_ws/install/fairino_interfaces/lib/libfairino_interfaces__rosidl_typesupport_introspection_cpp.so
[9.057s] -- Set runtime path of "/home/home/dcp_ws/install/fairino_interfaces/lib/libfairino_interfaces__rosidl_typesupport_introspection_cpp.so" to ""
[9.057s] -- Installing: /home/home/dcp_ws/install/fairino_interfaces/lib/libfairino_interfaces__rosidl_typesupport_cpp.so
[9.057s] -- Set runtime path of "/home/home/dcp_ws/install/fairino_interfaces/lib/libfairino_interfaces__rosidl_typesupport_cpp.so" to ""
[9.057s] -- Installing: /home/home/dcp_ws/install/fairino_interfaces/share/fairino_interfaces/environment/pythonpath.sh
[9.064s] -- Installing: /home/home/dcp_ws/install/fairino_interfaces/share/fairino_interfaces/environment/pythonpath.dsv
[9.064s] -- Installing: /home/home/dcp_ws/install/fairino_interfaces/local/lib/python3.10/dist-packages/fairino_interfaces-0.0.0-py3.10.egg-info
[9.064s] -- Installing: /home/home/dcp_ws/install/fairino_interfaces/local/lib/python3.10/dist-packages/fairino_interfaces-0.0.0-py3.10.egg-info/top_level.txt
[9.064s] -- Installing: /home/home/dcp_ws/install/fairino_interfaces/local/lib/python3.10/dist-packages/fairino_interfaces-0.0.0-py3.10.egg-info/dependency_links.txt
[9.064s] -- Installing: /home/home/dcp_ws/install/fairino_interfaces/local/lib/python3.10/dist-packages/fairino_interfaces-0.0.0-py3.10.egg-info/PKG-INFO
[9.064s] -- Installing: /home/home/dcp_ws/install/fairino_interfaces/local/lib/python3.10/dist-packages/fairino_interfaces-0.0.0-py3.10.egg-info/SOURCES.txt
[9.064s] -- Installing: /home/home/dcp_ws/install/fairino_interfaces/local/lib/python3.10/dist-packages/fairino_interfaces
[9.064s] -- Installing: /home/home/dcp_ws/install/fairino_interfaces/local/lib/python3.10/dist-packages/fairino_interfaces/action
[9.064s] -- Installing: /home/home/dcp_ws/install/fairino_interfaces/local/lib/python3.10/dist-packages/fairino_interfaces/action/_move_s.c
[9.064s] -- Installing: /home/home/dcp_ws/install/fairino_interfaces/local/lib/python3.10/dist-packages/fairino_interfaces/action/_se3_array.py
[9.064s] -- Installing: /home/home/dcp_ws/install/fairino_interfaces/local/lib/python3.10/dist-packages/fairino_interfaces/action/_move.py
[9.064s] -- Installing: /home/home/dcp_ws/install/fairino_interfaces/local/lib/python3.10/dist-packages/fairino_interfaces/action/_gripper_s.c
[9.064s] -- Installing: /home/home/dcp_ws/install/fairino_interfaces/local/lib/python3.10/dist-packages/fairino_interfaces/action/_tool_changer.py
[9.064s] -- Installing: /home/home/dcp_ws/install/fairino_interfaces/local/lib/python3.10/dist-packages/fairino_interfaces/action/_joint_posture.py
[9.064s] -- Installing: /home/home/dcp_ws/install/fairino_interfaces/local/lib/python3.10/dist-packages/fairino_interfaces/action/_qr.py
[9.064s] -- Installing: /home/home/dcp_ws/install/fairino_interfaces/local/lib/python3.10/dist-packages/fairino_interfaces/action/_se3_s.c
[9.064s] -- Installing: /home/home/dcp_ws/install/fairino_interfaces/local/lib/python3.10/dist-packages/fairino_interfaces/action/_tool_changer_s.c
[9.064s] -- Installing: /home/home/dcp_ws/install/fairino_interfaces/local/lib/python3.10/dist-packages/fairino_interfaces/action/_joint_posture_s.c
[9.064s] -- Installing: /home/home/dcp_ws/install/fairino_interfaces/local/lib/python3.10/dist-packages/fairino_interfaces/action/_qr_s.c
[9.064s] -- Installing: /home/home/dcp_ws/install/fairino_interfaces/local/lib/python3.10/dist-packages/fairino_interfaces/action/__init__.py
[9.064s] -- Installing: /home/home/dcp_ws/install/fairino_interfaces/local/lib/python3.10/dist-packages/fairino_interfaces/action/_se3_array_s.c
[9.064s] -- Installing: /home/home/dcp_ws/install/fairino_interfaces/local/lib/python3.10/dist-packages/fairino_interfaces/action/_se3.py
[9.064s] -- Installing: /home/home/dcp_ws/install/fairino_interfaces/local/lib/python3.10/dist-packages/fairino_interfaces/action/_gripper.py
[9.064s] -- Installing: /home/home/dcp_ws/install/fairino_interfaces/local/lib/python3.10/dist-packages/fairino_interfaces/_fairino_interfaces_s.ep.rosidl_typesupport_introspection_c.c
[9.064s] -- Installing: /home/home/dcp_ws/install/fairino_interfaces/local/lib/python3.10/dist-packages/fairino_interfaces/srv
[9.064s] -- Installing: /home/home/dcp_ws/install/fairino_interfaces/local/lib/python3.10/dist-packages/fairino_interfaces/srv/_pick_s.c
[9.064s] -- Installing: /home/home/dcp_ws/install/fairino_interfaces/local/lib/python3.10/dist-packages/fairino_interfaces/srv/_place.py
[9.064s] -- Installing: /home/home/dcp_ws/install/fairino_interfaces/local/lib/python3.10/dist-packages/fairino_interfaces/srv/_pick.py
[9.064s] -- Installing: /home/home/dcp_ws/install/fairino_interfaces/local/lib/python3.10/dist-packages/fairino_interfaces/srv/__init__.py
[9.064s] -- Installing: /home/home/dcp_ws/install/fairino_interfaces/local/lib/python3.10/dist-packages/fairino_interfaces/srv/_place_s.c
[9.064s] -- Installing: /home/home/dcp_ws/install/fairino_interfaces/local/lib/python3.10/dist-packages/fairino_interfaces/_fairino_interfaces_s.ep.rosidl_typesupport_fastrtps_c.c
[9.065s] -- Installing: /home/home/dcp_ws/install/fairino_interfaces/local/lib/python3.10/dist-packages/fairino_interfaces/_fairino_interfaces_s.ep.rosidl_typesupport_c.c
[9.065s] -- Installing: /home/home/dcp_ws/install/fairino_interfaces/local/lib/python3.10/dist-packages/fairino_interfaces/libfairino_interfaces__rosidl_generator_py.so
[9.065s] -- Installing: /home/home/dcp_ws/install/fairino_interfaces/local/lib/python3.10/dist-packages/fairino_interfaces/fairino_interfaces_s__rosidl_typesupport_fastrtps_c.cpython-310-x86_64-linux-gnu.so
[9.065s] -- Installing: /home/home/dcp_ws/install/fairino_interfaces/local/lib/python3.10/dist-packages/fairino_interfaces/__init__.py
[9.065s] -- Installing: /home/home/dcp_ws/install/fairino_interfaces/local/lib/python3.10/dist-packages/fairino_interfaces/fairino_interfaces_s__rosidl_typesupport_c.cpython-310-x86_64-linux-gnu.so
[9.065s] -- Installing: /home/home/dcp_ws/install/fairino_interfaces/local/lib/python3.10/dist-packages/fairino_interfaces/fairino_interfaces_s__rosidl_typesupport_introspection_c.cpython-310-x86_64-linux-gnu.so
[9.145s] Listing '/home/home/dcp_ws/install/fairino_interfaces/local/lib/python3.10/dist-packages/fairino_interfaces'...
[9.145s] Compiling '/home/home/dcp_ws/install/fairino_interfaces/local/lib/python3.10/dist-packages/fairino_interfaces/__init__.py'...
[9.145s] Listing '/home/home/dcp_ws/install/fairino_interfaces/local/lib/python3.10/dist-packages/fairino_interfaces/action'...
[9.145s] Compiling '/home/home/dcp_ws/install/fairino_interfaces/local/lib/python3.10/dist-packages/fairino_interfaces/action/__init__.py'...
[9.145s] Compiling '/home/home/dcp_ws/install/fairino_interfaces/local/lib/python3.10/dist-packages/fairino_interfaces/action/_gripper.py'...
[9.145s] Compiling '/home/home/dcp_ws/install/fairino_interfaces/local/lib/python3.10/dist-packages/fairino_interfaces/action/_joint_posture.py'...
[9.145s] Compiling '/home/home/dcp_ws/install/fairino_interfaces/local/lib/python3.10/dist-packages/fairino_interfaces/action/_move.py'...
[9.146s] Compiling '/home/home/dcp_ws/install/fairino_interfaces/local/lib/python3.10/dist-packages/fairino_interfaces/action/_qr.py'...
[9.146s] Compiling '/home/home/dcp_ws/install/fairino_interfaces/local/lib/python3.10/dist-packages/fairino_interfaces/action/_se3.py'...
[9.146s] Compiling '/home/home/dcp_ws/install/fairino_interfaces/local/lib/python3.10/dist-packages/fairino_interfaces/action/_se3_array.py'...
[9.146s] Compiling '/home/home/dcp_ws/install/fairino_interfaces/local/lib/python3.10/dist-packages/fairino_interfaces/action/_tool_changer.py'...
[9.146s] Listing '/home/home/dcp_ws/install/fairino_interfaces/local/lib/python3.10/dist-packages/fairino_interfaces/srv'...
[9.146s] Compiling '/home/home/dcp_ws/install/fairino_interfaces/local/lib/python3.10/dist-packages/fairino_interfaces/srv/__init__.py'...
[9.146s] Compiling '/home/home/dcp_ws/install/fairino_interfaces/local/lib/python3.10/dist-packages/fairino_interfaces/srv/_pick.py'...
[9.146s] Compiling '/home/home/dcp_ws/install/fairino_interfaces/local/lib/python3.10/dist-packages/fairino_interfaces/srv/_place.py'...
[9.153s] -- Installing: /home/home/dcp_ws/install/fairino_interfaces/local/lib/python3.10/dist-packages/fairino_interfaces/fairino_interfaces_s__rosidl_typesupport_fastrtps_c.cpython-310-x86_64-linux-gnu.so
[9.153s] -- Set runtime path of "/home/home/dcp_ws/install/fairino_interfaces/local/lib/python3.10/dist-packages/fairino_interfaces/fairino_interfaces_s__rosidl_typesupport_fastrtps_c.cpython-310-x86_64-linux-gnu.so" to ""
[9.156s] -- Installing: /home/home/dcp_ws/install/fairino_interfaces/local/lib/python3.10/dist-packages/fairino_interfaces/fairino_interfaces_s__rosidl_typesupport_introspection_c.cpython-310-x86_64-linux-gnu.so
[9.156s] -- Set runtime path of "/home/home/dcp_ws/install/fairino_interfaces/local/lib/python3.10/dist-packages/fairino_interfaces/fairino_interfaces_s__rosidl_typesupport_introspection_c.cpython-310-x86_64-linux-gnu.so" to ""
[9.156s] -- Installing: /home/home/dcp_ws/install/fairino_interfaces/local/lib/python3.10/dist-packages/fairino_interfaces/fairino_interfaces_s__rosidl_typesupport_c.cpython-310-x86_64-linux-gnu.so
[9.156s] -- Set runtime path of "/home/home/dcp_ws/install/fairino_interfaces/local/lib/python3.10/dist-packages/fairino_interfaces/fairino_interfaces_s__rosidl_typesupport_c.cpython-310-x86_64-linux-gnu.so" to ""
[9.157s] -- Installing: /home/home/dcp_ws/install/fairino_interfaces/lib/libfairino_interfaces__rosidl_generator_py.so
[9.157s] -- Set runtime path of "/home/home/dcp_ws/install/fairino_interfaces/lib/libfairino_interfaces__rosidl_generator_py.so" to ""
[9.157s] -- Installing: /home/home/dcp_ws/install/fairino_interfaces/share/fairino_interfaces/action/JointPosture.idl
[9.161s] -- Installing: /home/home/dcp_ws/install/fairino_interfaces/share/fairino_interfaces/action/SE3.idl
[9.161s] -- Installing: /home/home/dcp_ws/install/fairino_interfaces/share/fairino_interfaces/action/SE3Array.idl
[9.161s] -- Installing: /home/home/dcp_ws/install/fairino_interfaces/share/fairino_interfaces/action/Gripper.idl
[9.161s] -- Installing: /home/home/dcp_ws/install/fairino_interfaces/share/fairino_interfaces/action/Move.idl
[9.161s] -- Installing: /home/home/dcp_ws/install/fairino_interfaces/share/fairino_interfaces/action/QR.idl
[9.161s] -- Installing: /home/home/dcp_ws/install/fairino_interfaces/share/fairino_interfaces/action/ToolChanger.idl
[9.161s] -- Installing: /home/home/dcp_ws/install/fairino_interfaces/share/fairino_interfaces/srv/Pick.idl
[9.161s] -- Installing: /home/home/dcp_ws/install/fairino_interfaces/share/fairino_interfaces/srv/Place.idl
[9.161s] -- Installing: /home/home/dcp_ws/install/fairino_interfaces/share/fairino_interfaces/action/JointPosture.action
[9.161s] -- Installing: /home/home/dcp_ws/install/fairino_interfaces/share/fairino_interfaces/action/SE3.action
[9.161s] -- Installing: /home/home/dcp_ws/install/fairino_interfaces/share/fairino_interfaces/action/SE3Array.action
[9.161s] -- Installing: /home/home/dcp_ws/install/fairino_interfaces/share/fairino_interfaces/action/Gripper.action
[9.161s] -- Installing: /home/home/dcp_ws/install/fairino_interfaces/share/fairino_interfaces/action/Move.action
[9.161s] -- Installing: /home/home/dcp_ws/install/fairino_interfaces/share/fairino_interfaces/action/QR.action
[9.161s] -- Installing: /home/home/dcp_ws/install/fairino_interfaces/share/fairino_interfaces/action/ToolChanger.action
[9.161s] -- Installing: /home/home/dcp_ws/install/fairino_interfaces/share/fairino_interfaces/srv/Pick.srv
[9.161s] -- Installing: /home/home/dcp_ws/install/fairino_interfaces/share/fairino_interfaces/srv/Pick_Request.msg
[9.161s] -- Installing: /home/home/dcp_ws/install/fairino_interfaces/share/fairino_interfaces/srv/Pick_Response.msg
[9.161s] -- Installing: /home/home/dcp_ws/install/fairino_interfaces/share/fairino_interfaces/srv/Place.srv
[9.161s] -- Installing: /home/home/dcp_ws/install/fairino_interfaces/share/fairino_interfaces/srv/Place_Request.msg
[9.161s] -- Installing: /home/home/dcp_ws/install/fairino_interfaces/share/fairino_interfaces/srv/Place_Response.msg
[9.161s] -- Up-to-date: /home/home/dcp_ws/install/fairino_interfaces/share/fairino_interfaces/action
[9.161s] -- Up-to-date: /home/home/dcp_ws/install/fairino_interfaces/share/fairino_interfaces/action/ToolChanger.action
[9.161s] -- Up-to-date: /home/home/dcp_ws/install/fairino_interfaces/share/fairino_interfaces/action/JointPosture.action
[9.161s] -- Up-to-date: /home/home/dcp_ws/install/fairino_interfaces/share/fairino_interfaces/action/QR.action
[9.161s] -- Up-to-date: /home/home/dcp_ws/install/fairino_interfaces/share/fairino_interfaces/action/SE3Array.action
[9.161s] -- Up-to-date: /home/home/dcp_ws/install/fairino_interfaces/share/fairino_interfaces/action/Gripper.action
[9.161s] -- Up-to-date: /home/home/dcp_ws/install/fairino_interfaces/share/fairino_interfaces/action/SE3.action
[9.161s] -- Up-to-date: /home/home/dcp_ws/install/fairino_interfaces/share/fairino_interfaces/action/Move.action
[9.161s] -- Up-to-date: /home/home/dcp_ws/install/fairino_interfaces/share/fairino_interfaces/srv
[9.161s] -- Up-to-date: /home/home/dcp_ws/install/fairino_interfaces/share/fairino_interfaces/srv/Pick.srv
[9.161s] -- Up-to-date: /home/home/dcp_ws/install/fairino_interfaces/share/fairino_interfaces/srv/Place.srv
[9.162s] -- Installing: /home/home/dcp_ws/install/fairino_interfaces/share/ament_index/resource_index/package_run_dependencies/fairino_interfaces
[9.162s] -- Installing: /home/home/dcp_ws/install/fairino_interfaces/share/ament_index/resource_index/parent_prefix_path/fairino_interfaces
[9.162s] -- Installing: /home/home/dcp_ws/install/fairino_interfaces/share/fairino_interfaces/environment/ament_prefix_path.sh
[9.162s] -- Installing: /home/home/dcp_ws/install/fairino_interfaces/share/fairino_interfaces/environment/ament_prefix_path.dsv
[9.162s] -- Installing: /home/home/dcp_ws/install/fairino_interfaces/share/fairino_interfaces/environment/path.sh
[9.162s] -- Installing: /home/home/dcp_ws/install/fairino_interfaces/share/fairino_interfaces/environment/path.dsv
[9.162s] -- Installing: /home/home/dcp_ws/install/fairino_interfaces/share/fairino_interfaces/local_setup.bash
[9.162s] -- Installing: /home/home/dcp_ws/install/fairino_interfaces/share/fairino_interfaces/local_setup.sh
[9.162s] -- Installing: /home/home/dcp_ws/install/fairino_interfaces/share/fairino_interfaces/local_setup.zsh
[9.162s] -- Installing: /home/home/dcp_ws/install/fairino_interfaces/share/fairino_interfaces/local_setup.dsv
[9.162s] -- Installing: /home/home/dcp_ws/install/fairino_interfaces/share/fairino_interfaces/package.dsv
[9.162s] -- Installing: /home/home/dcp_ws/install/fairino_interfaces/share/ament_index/resource_index/packages/fairino_interfaces
[9.162s] -- Installing: /home/home/dcp_ws/install/fairino_interfaces/share/fairino_interfaces/cmake/export_fairino_interfaces__rosidl_generator_cExport.cmake
[9.162s] -- Installing: /home/home/dcp_ws/install/fairino_interfaces/share/fairino_interfaces/cmake/export_fairino_interfaces__rosidl_generator_cExport-noconfig.cmake
[9.162s] -- Installing: /home/home/dcp_ws/install/fairino_interfaces/share/fairino_interfaces/cmake/export_fairino_interfaces__rosidl_typesupport_fastrtps_cExport.cmake
[9.162s] -- Installing: /home/home/dcp_ws/install/fairino_interfaces/share/fairino_interfaces/cmake/export_fairino_interfaces__rosidl_typesupport_fastrtps_cExport-noconfig.cmake
[9.162s] -- Installing: /home/home/dcp_ws/install/fairino_interfaces/share/fairino_interfaces/cmake/fairino_interfaces__rosidl_typesupport_introspection_cExport.cmake
[9.162s] -- Installing: /home/home/dcp_ws/install/fairino_interfaces/share/fairino_interfaces/cmake/fairino_interfaces__rosidl_typesupport_introspection_cExport-noconfig.cmake
[9.162s] -- Installing: /home/home/dcp_ws/install/fairino_interfaces/share/fairino_interfaces/cmake/fairino_interfaces__rosidl_typesupport_cExport.cmake
[9.162s] -- Installing: /home/home/dcp_ws/install/fairino_interfaces/share/fairino_interfaces/cmake/fairino_interfaces__rosidl_typesupport_cExport-noconfig.cmake
[9.162s] -- Installing: /home/home/dcp_ws/install/fairino_interfaces/share/fairino_interfaces/cmake/export_fairino_interfaces__rosidl_generator_cppExport.cmake
[9.162s] -- Installing: /home/home/dcp_ws/install/fairino_interfaces/share/fairino_interfaces/cmake/export_fairino_interfaces__rosidl_typesupport_fastrtps_cppExport.cmake
[9.163s] -- Installing: /home/home/dcp_ws/install/fairino_interfaces/share/fairino_interfaces/cmake/export_fairino_interfaces__rosidl_typesupport_fastrtps_cppExport-noconfig.cmake
[9.163s] -- Installing: /home/home/dcp_ws/install/fairino_interfaces/share/fairino_interfaces/cmake/fairino_interfaces__rosidl_typesupport_introspection_cppExport.cmake
[9.163s] -- Installing: /home/home/dcp_ws/install/fairino_interfaces/share/fairino_interfaces/cmake/fairino_interfaces__rosidl_typesupport_introspection_cppExport-noconfig.cmake
[9.163s] -- Installing: /home/home/dcp_ws/install/fairino_interfaces/share/fairino_interfaces/cmake/fairino_interfaces__rosidl_typesupport_cppExport.cmake
[9.163s] -- Installing: /home/home/dcp_ws/install/fairino_interfaces/share/fairino_interfaces/cmake/fairino_interfaces__rosidl_typesupport_cppExport-noconfig.cmake
[9.163s] -- Installing: /home/home/dcp_ws/install/fairino_interfaces/share/fairino_interfaces/cmake/export_fairino_interfaces__rosidl_generator_pyExport.cmake
[9.163s] -- Installing: /home/home/dcp_ws/install/fairino_interfaces/share/fairino_interfaces/cmake/export_fairino_interfaces__rosidl_generator_pyExport-noconfig.cmake
[9.163s] -- Installing: /home/home/dcp_ws/install/fairino_interfaces/share/fairino_interfaces/cmake/rosidl_cmake-extras.cmake
[9.163s] -- Installing: /home/home/dcp_ws/install/fairino_interfaces/share/fairino_interfaces/cmake/ament_cmake_export_dependencies-extras.cmake
[9.163s] -- Installing: /home/home/dcp_ws/install/fairino_interfaces/share/fairino_interfaces/cmake/ament_cmake_export_include_directories-extras.cmake
[9.163s] -- Installing: /home/home/dcp_ws/install/fairino_interfaces/share/fairino_interfaces/cmake/ament_cmake_export_libraries-extras.cmake
[9.163s] -- Installing: /home/home/dcp_ws/install/fairino_interfaces/share/fairino_interfaces/cmake/ament_cmake_export_targets-extras.cmake
[9.163s] -- Installing: /home/home/dcp_ws/install/fairino_interfaces/share/fairino_interfaces/cmake/rosidl_cmake_export_typesupport_targets-extras.cmake
[9.163s] -- Installing: /home/home/dcp_ws/install/fairino_interfaces/share/fairino_interfaces/cmake/rosidl_cmake_export_typesupport_libraries-extras.cmake
[9.163s] -- Installing: /home/home/dcp_ws/install/fairino_interfaces/share/fairino_interfaces/cmake/fairino_interfacesConfig.cmake
[9.163s] -- Installing: /home/home/dcp_ws/install/fairino_interfaces/share/fairino_interfaces/cmake/fairino_interfacesConfig-version.cmake
[9.163s] -- Installing: /home/home/dcp_ws/install/fairino_interfaces/share/fairino_interfaces/package.xml
[9.176s] Invoked command in '/home/home/dcp_ws/build/fairino_interfaces' returned '0': CMAKE_PREFIX_PATH=/home/home/dcp_ws/install/robotiq_description:/home/home/dcp_ws/install/pak_hqp_controller:/home/home/dcp_ws/install/kimm_hqp_controller:/home/home/dcp_ws/install/kimm_trajectory_smoother:/home/home/dcp_ws/install/kimm_qpoases:/home/home/dcp_ws/install/isaacsim:/home/home/dcp_ws/install/fairino_rviz:/home/home/dcp_ws/install/fairino_action_manager:/home/home/dcp_ws/install/fairino_interfaces:/home/home/dcp_ws/install/fairino_description:/home/home/dcp_ws/install/dh_robotics_ag95_description:/home/home/fairino_ros2_ws/install/kimm_hqp_controller:/home/home/fairino_ros2_ws/install/kimm_trajectory_smoother:/home/home/dcp_ws/install/isaacsim_ros2:/home/home/fairino_ros2_ws/install/isaacsim_ros2:/opt/ros/humble:/home/home/fairino_ros2_ws/install/kimm_qpoases:/home/home/fairino_ros2_ws/install/isaacsim:/home/home/fairino_ros2_ws/install/fairino_rviz:/home/home/fairino_ros2_ws/install/fairino_action_manager:/home/home/fairino_ros2_ws/install/fairino_interfaces:/home/home/fairino_ros2_ws/install/fairino_description:/home/home/fairino_ros2_ws/install/dh_robotics_ag95_description /usr/bin/cmake --install /home/home/dcp_ws/build/fairino_interfaces
