[0.032s] Invoking command in '/home/home/dcp_ws/build/apriltag': CMAKE_PREFIX_PATH=/home/home/dcp_ws/install/robotiq_description:/home/home/dcp_ws/install/pak_hqp_controller:/home/home/dcp_ws/install/kimm_hqp_controller:/home/home/dcp_ws/install/kimm_trajectory_smoother:/home/home/dcp_ws/install/isaacsim_ros2:/home/home/fairino_ros2_ws/install/isaacsim_ros2:/opt/ros/humble:/home/home/dcp_ws/install/kimm_qpoases:/home/home/dcp_ws/install/isaacsim:/home/home/dcp_ws/install/fairino_rviz:/home/home/dcp_ws/install/fairino_action_manager:/home/home/dcp_ws/install/fairino_interfaces:/home/home/dcp_ws/install/fairino_description:/home/home/dcp_ws/install/dh_robotics_ag95_description:/home/home/fairino_ros2_ws/install/kimm_hqp_controller:/home/home/fairino_ros2_ws/install/kimm_trajectory_smoother:/home/home/fairino_ros2_ws/install/kimm_qpoases:/home/home/fairino_ros2_ws/install/isaacsim:/home/home/fairino_ros2_ws/install/fairino_rviz:/home/home/fairino_ros2_ws/install/fairino_action_manager:/home/home/fairino_ros2_ws/install/fairino_interfaces:/home/home/fairino_ros2_ws/install/fairino_description:/home/home/fairino_ros2_ws/install/dh_robotics_ag95_description /usr/bin/cmake --build /home/home/dcp_ws/build/apriltag -- -j10 -l10
[0.249s] [  2%] [34m[1mGenerating apriltag_detect_docstring.h, apriltag_detect_docstring.cxx[0m
[0.249s] [ 82%] Built target apriltag
[0.249s] [ 85%] [34m[1mGenerating apriltag_py_type_docstring.h, apriltag_py_type_docstring.cxx[0m
[0.249s] [ 90%] Built target apriltag_demo
[0.249s] [ 95%] Built target opencv_demo
[0.249s] [ 95%] Built target apriltag_py_docstrings
[0.249s] [35m[1mConsolidate compiler generated dependencies of target apriltag.cpython-310-x86_64-linux-gnu[0m
[0.249s] [ 97%] [32mBuilding C object CMakeFiles/apriltag.cpython-310-x86_64-linux-gnu.dir/apriltag_pywrap.c.o[0m
[0.297s] [100%] [32m[1mLinking C shared module apriltag.cpython-310-x86_64-linux-gnu.so[0m
[0.344s] [100%] Built target apriltag.cpython-310-x86_64-linux-gnu
[0.400s] Invoked command in '/home/home/dcp_ws/build/apriltag' returned '0': CMAKE_PREFIX_PATH=/home/home/dcp_ws/install/robotiq_description:/home/home/dcp_ws/install/pak_hqp_controller:/home/home/dcp_ws/install/kimm_hqp_controller:/home/home/dcp_ws/install/kimm_trajectory_smoother:/home/home/dcp_ws/install/isaacsim_ros2:/home/home/fairino_ros2_ws/install/isaacsim_ros2:/opt/ros/humble:/home/home/dcp_ws/install/kimm_qpoases:/home/home/dcp_ws/install/isaacsim:/home/home/dcp_ws/install/fairino_rviz:/home/home/dcp_ws/install/fairino_action_manager:/home/home/dcp_ws/install/fairino_interfaces:/home/home/dcp_ws/install/fairino_description:/home/home/dcp_ws/install/dh_robotics_ag95_description:/home/home/fairino_ros2_ws/install/kimm_hqp_controller:/home/home/fairino_ros2_ws/install/kimm_trajectory_smoother:/home/home/fairino_ros2_ws/install/kimm_qpoases:/home/home/fairino_ros2_ws/install/isaacsim:/home/home/fairino_ros2_ws/install/fairino_rviz:/home/home/fairino_ros2_ws/install/fairino_action_manager:/home/home/fairino_ros2_ws/install/fairino_interfaces:/home/home/fairino_ros2_ws/install/fairino_description:/home/home/fairino_ros2_ws/install/dh_robotics_ag95_description /usr/bin/cmake --build /home/home/dcp_ws/build/apriltag -- -j10 -l10
[0.402s] Invoking command in '/home/home/dcp_ws/build/apriltag': CMAKE_PREFIX_PATH=/home/home/dcp_ws/install/robotiq_description:/home/home/dcp_ws/install/pak_hqp_controller:/home/home/dcp_ws/install/kimm_hqp_controller:/home/home/dcp_ws/install/kimm_trajectory_smoother:/home/home/dcp_ws/install/isaacsim_ros2:/home/home/fairino_ros2_ws/install/isaacsim_ros2:/opt/ros/humble:/home/home/dcp_ws/install/kimm_qpoases:/home/home/dcp_ws/install/isaacsim:/home/home/dcp_ws/install/fairino_rviz:/home/home/dcp_ws/install/fairino_action_manager:/home/home/dcp_ws/install/fairino_interfaces:/home/home/dcp_ws/install/fairino_description:/home/home/dcp_ws/install/dh_robotics_ag95_description:/home/home/fairino_ros2_ws/install/kimm_hqp_controller:/home/home/fairino_ros2_ws/install/kimm_trajectory_smoother:/home/home/fairino_ros2_ws/install/kimm_qpoases:/home/home/fairino_ros2_ws/install/isaacsim:/home/home/fairino_ros2_ws/install/fairino_rviz:/home/home/fairino_ros2_ws/install/fairino_action_manager:/home/home/fairino_ros2_ws/install/fairino_interfaces:/home/home/fairino_ros2_ws/install/fairino_description:/home/home/fairino_ros2_ws/install/dh_robotics_ag95_description /usr/bin/cmake --install /home/home/dcp_ws/build/apriltag
[0.427s] -- Install configuration: "Release"
[0.427s] -- Up-to-date: /home/home/dcp_ws/install/apriltag/include/apriltag/apriltag.h
[0.427s] -- Up-to-date: /home/home/dcp_ws/install/apriltag/include/apriltag/apriltag_math.h
[0.427s] -- Up-to-date: /home/home/dcp_ws/install/apriltag/include/apriltag/apriltag_pose.h
[0.427s] -- Up-to-date: /home/home/dcp_ws/install/apriltag/include/apriltag/common/debug_print.h
[0.427s] -- Up-to-date: /home/home/dcp_ws/install/apriltag/include/apriltag/common/doubles.h
[0.427s] -- Up-to-date: /home/home/dcp_ws/install/apriltag/include/apriltag/common/doubles_floats_impl.h
[0.427s] -- Up-to-date: /home/home/dcp_ws/install/apriltag/include/apriltag/common/floats.h
[0.427s] -- Up-to-date: /home/home/dcp_ws/install/apriltag/include/apriltag/common/g2d.h
[0.427s] -- Up-to-date: /home/home/dcp_ws/install/apriltag/include/apriltag/common/getopt.h
[0.427s] -- Up-to-date: /home/home/dcp_ws/install/apriltag/include/apriltag/common/homography.h
[0.427s] -- Up-to-date: /home/home/dcp_ws/install/apriltag/include/apriltag/common/image_types.h
[0.427s] -- Up-to-date: /home/home/dcp_ws/install/apriltag/include/apriltag/common/image_u8.h
[0.427s] -- Up-to-date: /home/home/dcp_ws/install/apriltag/include/apriltag/common/image_u8x3.h
[0.427s] -- Up-to-date: /home/home/dcp_ws/install/apriltag/include/apriltag/common/image_u8x4.h
[0.427s] -- Up-to-date: /home/home/dcp_ws/install/apriltag/include/apriltag/common/matd.h
[0.427s] -- Up-to-date: /home/home/dcp_ws/install/apriltag/include/apriltag/common/math_util.h
[0.427s] -- Up-to-date: /home/home/dcp_ws/install/apriltag/include/apriltag/common/pam.h
[0.427s] -- Up-to-date: /home/home/dcp_ws/install/apriltag/include/apriltag/common/pjpeg.h
[0.427s] -- Up-to-date: /home/home/dcp_ws/install/apriltag/include/apriltag/common/pnm.h
[0.427s] -- Up-to-date: /home/home/dcp_ws/install/apriltag/include/apriltag/common/postscript_utils.h
[0.427s] -- Up-to-date: /home/home/dcp_ws/install/apriltag/include/apriltag/common/pthreads_cross.h
[0.427s] -- Up-to-date: /home/home/dcp_ws/install/apriltag/include/apriltag/common/string_util.h
[0.427s] -- Up-to-date: /home/home/dcp_ws/install/apriltag/include/apriltag/common/svd22.h
[0.428s] -- Up-to-date: /home/home/dcp_ws/install/apriltag/include/apriltag/common/time_util.h
[0.428s] -- Up-to-date: /home/home/dcp_ws/install/apriltag/include/apriltag/common/timeprofile.h
[0.428s] -- Up-to-date: /home/home/dcp_ws/install/apriltag/include/apriltag/common/unionfind.h
[0.428s] -- Up-to-date: /home/home/dcp_ws/install/apriltag/include/apriltag/common/workerpool.h
[0.428s] -- Up-to-date: /home/home/dcp_ws/install/apriltag/include/apriltag/common/zarray.h
[0.428s] -- Up-to-date: /home/home/dcp_ws/install/apriltag/include/apriltag/common/zhash.h
[0.428s] -- Up-to-date: /home/home/dcp_ws/install/apriltag/include/apriltag/common/zmaxheap.h
[0.428s] -- Up-to-date: /home/home/dcp_ws/install/apriltag/include/apriltag/tag16h5.h
[0.428s] -- Up-to-date: /home/home/dcp_ws/install/apriltag/include/apriltag/tag25h9.h
[0.428s] -- Up-to-date: /home/home/dcp_ws/install/apriltag/include/apriltag/tag36h10.h
[0.428s] -- Up-to-date: /home/home/dcp_ws/install/apriltag/include/apriltag/tag36h11.h
[0.428s] -- Up-to-date: /home/home/dcp_ws/install/apriltag/include/apriltag/tagCircle21h7.h
[0.428s] -- Up-to-date: /home/home/dcp_ws/install/apriltag/include/apriltag/tagCircle49h12.h
[0.430s] -- Up-to-date: /home/home/dcp_ws/install/apriltag/include/apriltag/tagCustom48h12.h
[0.430s] -- Up-to-date: /home/home/dcp_ws/install/apriltag/include/apriltag/tagStandard41h12.h
[0.430s] -- Up-to-date: /home/home/dcp_ws/install/apriltag/include/apriltag/tagStandard52h13.h
[0.430s] -- Up-to-date: /home/home/dcp_ws/install/apriltag/lib/libapriltag.so.3.4.4
[0.430s] -- Up-to-date: /home/home/dcp_ws/install/apriltag/lib/libapriltag.so.3
[0.430s] -- Up-to-date: /home/home/dcp_ws/install/apriltag/lib/libapriltag.so
[0.430s] -- Up-to-date: /home/home/dcp_ws/install/apriltag/lib/apriltag/cmake/apriltagTargets.cmake
[0.430s] -- Up-to-date: /home/home/dcp_ws/install/apriltag/lib/apriltag/cmake/apriltagTargets-release.cmake
[0.430s] -- Up-to-date: /home/home/dcp_ws/install/apriltag/lib/apriltag/cmake/apriltagConfig.cmake
[0.430s] -- Up-to-date: /home/home/dcp_ws/install/apriltag/lib/apriltag/cmake/apriltagConfigVersion.cmake
[0.430s] -- Up-to-date: /home/home/dcp_ws/install/apriltag/lib/pkgconfig/apriltag.pc
[0.431s] -- Installing: /home/home/dcp_ws/install/apriltag/lib/python3.10/site-packages/apriltag.cpython-310-x86_64-linux-gnu.so
[0.431s] -- Set runtime path of "/home/home/dcp_ws/install/apriltag/lib/python3.10/site-packages/apriltag.cpython-310-x86_64-linux-gnu.so" to ""
[0.431s] -- Up-to-date: /home/home/dcp_ws/install/apriltag/bin/opencv_demo
[0.431s] -- Up-to-date: /home/home/dcp_ws/install/apriltag/bin/apriltag_demo
[0.447s] Invoked command in '/home/home/dcp_ws/build/apriltag' returned '0': CMAKE_PREFIX_PATH=/home/home/dcp_ws/install/robotiq_description:/home/home/dcp_ws/install/pak_hqp_controller:/home/home/dcp_ws/install/kimm_hqp_controller:/home/home/dcp_ws/install/kimm_trajectory_smoother:/home/home/dcp_ws/install/isaacsim_ros2:/home/home/fairino_ros2_ws/install/isaacsim_ros2:/opt/ros/humble:/home/home/dcp_ws/install/kimm_qpoases:/home/home/dcp_ws/install/isaacsim:/home/home/dcp_ws/install/fairino_rviz:/home/home/dcp_ws/install/fairino_action_manager:/home/home/dcp_ws/install/fairino_interfaces:/home/home/dcp_ws/install/fairino_description:/home/home/dcp_ws/install/dh_robotics_ag95_description:/home/home/fairino_ros2_ws/install/kimm_hqp_controller:/home/home/fairino_ros2_ws/install/kimm_trajectory_smoother:/home/home/fairino_ros2_ws/install/kimm_qpoases:/home/home/fairino_ros2_ws/install/isaacsim:/home/home/fairino_ros2_ws/install/fairino_rviz:/home/home/fairino_ros2_ws/install/fairino_action_manager:/home/home/fairino_ros2_ws/install/fairino_interfaces:/home/home/fairino_ros2_ws/install/fairino_description:/home/home/fairino_ros2_ws/install/dh_robotics_ag95_description /usr/bin/cmake --install /home/home/dcp_ws/build/apriltag
