[0.017s] Invoking command in '/home/home/dcp_ws/build/fairino_action_manager': CMAKE_PREFIX_PATH=/home/home/dcp_ws/install/fairino_interfaces:/home/home/dcp_ws/install/robotiq_description:/home/home/dcp_ws/install/isaacsim:/home/home/dcp_ws/install/fairino_rviz:/home/home/dcp_ws/install/fairino_action_manager:/home/home/dcp_ws/install/fairino_description:/home/home/dcp_ws/install/dh_robotics_ag95_description:/home/home/dcp_ws/install/pak_hqp_controller:/home/home/dcp_ws/install/kimm_hqp_controller:/home/home/dcp_ws/install/kimm_trajectory_smoother:/home/home/dcp_ws/install/isaacsim_ros2:/home/home/kimm_ws/install/rb5_action_manager:/opt/ros/humble:/home/home/dcp_ws/install/kimm_qpoases:/home/home/gello_ws/install/franka_plugin:/home/home/gello_ws/install/franka_description:/home/home/gello_ws/install/dynamixel_sdk_examples:/home/home/gello_ws/install/dynamixel_sdk_custom_interfaces:/home/home/gello_ws/install/dynamixel:/home/home/gello_ws/install/dynamixel_sdk:/home/home/kimm_ws/install/rbpodo_bringup:/home/home/kimm_ws/install/rbpodo_hardware:/home/home/kimm_ws/install/rbpodo_msgs:/home/home/kimm_ws/install/rb3_730es_u_moveit_config:/home/home/kimm_ws/install/rbpodo_description:/home/home/kimm_ws/install/rb5_gui_manager:/home/home/kimm_ws/install/action_interface LD_LIBRARY_PATH=/home/home/dcp_ws/install/fairino_interfaces/lib:/home/home/dcp_ws/install/fairino_action_manager/lib:/home/home/dcp_ws/install/pak_hqp_controller/lib:/home/home/dcp_ws/install/kimm_hqp_controller/lib:/home/home/dcp_ws/install/kimm_trajectory_smoother/lib:/home/home/dcp_ws/install/kimm_qpoases/lib:/home/home/gello_ws/install/franka_plugin/lib:/home/home/gello_ws/install/dynamixel_sdk_custom_interfaces/lib:/home/home/gello_ws/install/dynamixel_sdk/lib:/home/home/kimm_ws/install/rbpodo_hardware/lib:/home/home/kimm_ws/install/rbpodo_msgs/lib:/home/home/kimm_ws/install/rb5_gui_manager/lib:/home/home/kimm_ws/install/action_interface/lib:/usr/lib/x86_64-linux-gnu/gazebo-11/plugins:/opt/ros/humble/opt/rviz_ogre_vendor/lib:/opt/ros/humble/lib/x86_64-linux-gnu:/opt/ros/humble/lib /usr/bin/cmake --build /home/home/dcp_ws/build/fairino_action_manager -- -j10 -l10
[0.046s] [35m[1mConsolidate compiler generated dependencies of target task[0m
[0.059s] [ 11%] [32mBuilding CXX object CMakeFiles/task.dir/src/servers/task/base_task.cpp.o[0m
[0.059s] [ 11%] [32mBuilding CXX object CMakeFiles/task.dir/src/servers/task/pick.cpp.o[0m
[0.059s] [ 16%] [32mBuilding CXX object CMakeFiles/task.dir/src/servers/task/place.cpp.o[0m
[0.066s] [35m[1mConsolidate compiler generated dependencies of target controller[0m
[0.101s] [ 22%] [32mBuilding CXX object CMakeFiles/controller.dir/src/controller/controller.cpp.o[0m
[0.106s] [ 27%] [32mBuilding CXX object CMakeFiles/controller.dir/src/servers/basic/se3_action_server.cpp.o[0m
[1.317s] [01m[K/home/home/dcp_ws/src/fairino/fairino_action_manager/src/servers/task/base_task.cpp:4:1:[m[K [01;31m[Kerror: [m[Kredefinition of ‘[01m[KBaseTask::BaseTask(rclcpp::Node::SharedPtr, rclcpp_action::Client<fairino_interfaces::action::SE3>::SharedPtr, rclcpp_action::Client<fairino_interfaces::action::Gripper>::SharedPtr, const string&)[m[K’
[1.317s]     4 | [01;31m[KBaseTask[m[K::BaseTask(
[1.317s]       | [01;31m[K^~~~~~~~[m[K
[1.317s] In file included from [01m[K/home/home/dcp_ws/src/fairino/fairino_action_manager/src/servers/task/base_task.cpp:1[m[K:
[1.317s] [01m[K/home/home/dcp_ws/src/fairino/fairino_action_manager/include/fairino_action_manager/servers/task/base_task.hpp:20:5:[m[K [01;36m[Knote: [m[K‘[01m[KBaseTask::BaseTask(rclcpp::Node::SharedPtr, rclcpp_action::Client<fairino_interfaces::action::SE3>::SharedPtr, rclcpp_action::Client<fairino_interfaces::action::Gripper>::SharedPtr, const string&)[m[K’ previously defined here
[1.317s]    20 |     [01;36m[KBaseTask[m[K(
[1.317s]       |     [01;36m[K^~~~~~~~[m[K
[1.710s] gmake[2]: *** [CMakeFiles/task.dir/build.make:76: CMakeFiles/task.dir/src/servers/task/base_task.cpp.o] 오류 1
[1.711s] gmake[1]: *** [CMakeFiles/Makefile2:171: CMakeFiles/task.dir/all] 오류 2
[1.711s] gmake[1]: *** 끝나지 않은 작업을 기다리고 있습니다....
[3.683s] [01m[K/home/home/dcp_ws/src/fairino/fairino_action_manager/src/controller/controller.cpp:203:10:[m[K [01;31m[Kerror: [m[Kno declaration matches ‘[01m[Kvoid RobotController::FairinoWrapper::init_place_ctrl(rclcpp::Time)[m[K’
[3.683s]   203 |     void [01;31m[KFairinoWrapper[m[K::init_place_ctrl(rclcpp::Time time) {
[3.683s]       |          [01;31m[K^~~~~~~~~~~~~~[m[K
[3.683s] [01m[K/home/home/dcp_ws/src/fairino/fairino_action_manager/src/controller/controller.cpp:203:10:[m[K [01;36m[Knote: [m[Kno functions named ‘[01m[Kvoid RobotController::FairinoWrapper::init_place_ctrl(rclcpp::Time)[m[K’
[3.683s] In file included from [01m[K/home/home/dcp_ws/src/fairino/fairino_action_manager/src/controller/controller.cpp:1[m[K:
[3.684s] [01m[K/home/home/dcp_ws/src/fairino/fairino_action_manager/include/fairino_action_manager/controller/controller.hpp:147:11:[m[K [01;36m[Knote: [m[K‘[01m[Kclass RobotController::FairinoWrapper[m[K’ defined here
[3.684s]   147 |     class [01;36m[KFairinoWrapper[m[K
[3.684s]       |           [01;36m[K^~~~~~~~~~~~~~[m[K
[3.804s] [01m[K/home/home/dcp_ws/src/fairino/fairino_action_manager/src/servers/basic/se3_action_server.cpp:[m[K In member function ‘[01m[Kvoid SE3ActionServer::handle_accepted(std::shared_ptr<rclcpp_action::ServerGoalHandle<fairino_interfaces::action::SE3> >)[m[K’:
[3.804s] [01m[K/home/home/dcp_ws/src/fairino/fairino_action_manager/src/servers/basic/se3_action_server.cpp:99:14:[m[K [01;31m[Kerror: [m[K‘[01m[Kusing element_type = class RobotController::FairinoWrapper[m[K’ {aka ‘[01m[Kclass RobotController::FairinoWrapper[m[K’} has no member named ‘[01m[Kinit_place_ctrl[m[K’; did you mean ‘[01m[Kinit_se3_ctrl[m[K’?
[3.804s]    99 |         mu_->[01;31m[Kinit_place_ctrl[m[K(start_time_); // 새로운 place 동작
[3.804s]       |              [01;31m[K^~~~~~~~~~~~~~~[m[K
[3.804s]       |              [32m[Kinit_se3_ctrl[m[K
[5.613s] gmake[2]: *** [CMakeFiles/controller.dir/build.make:104: CMakeFiles/controller.dir/src/servers/basic/se3_action_server.cpp.o] 오류 1
[5.613s] gmake[2]: *** 끝나지 않은 작업을 기다리고 있습니다....
[6.396s] gmake[2]: *** [CMakeFiles/controller.dir/build.make:76: CMakeFiles/controller.dir/src/controller/controller.cpp.o] 오류 1
[6.396s] gmake[1]: *** [CMakeFiles/Makefile2:145: CMakeFiles/controller.dir/all] 오류 2
[6.397s] gmake: *** [Makefile:146: all] 오류 2
[6.399s] Invoked command in '/home/home/dcp_ws/build/fairino_action_manager' returned '2': CMAKE_PREFIX_PATH=/home/home/dcp_ws/install/fairino_interfaces:/home/home/dcp_ws/install/robotiq_description:/home/home/dcp_ws/install/isaacsim:/home/home/dcp_ws/install/fairino_rviz:/home/home/dcp_ws/install/fairino_action_manager:/home/home/dcp_ws/install/fairino_description:/home/home/dcp_ws/install/dh_robotics_ag95_description:/home/home/dcp_ws/install/pak_hqp_controller:/home/home/dcp_ws/install/kimm_hqp_controller:/home/home/dcp_ws/install/kimm_trajectory_smoother:/home/home/dcp_ws/install/isaacsim_ros2:/home/home/kimm_ws/install/rb5_action_manager:/opt/ros/humble:/home/home/dcp_ws/install/kimm_qpoases:/home/home/gello_ws/install/franka_plugin:/home/home/gello_ws/install/franka_description:/home/home/gello_ws/install/dynamixel_sdk_examples:/home/home/gello_ws/install/dynamixel_sdk_custom_interfaces:/home/home/gello_ws/install/dynamixel:/home/home/gello_ws/install/dynamixel_sdk:/home/home/kimm_ws/install/rbpodo_bringup:/home/home/kimm_ws/install/rbpodo_hardware:/home/home/kimm_ws/install/rbpodo_msgs:/home/home/kimm_ws/install/rb3_730es_u_moveit_config:/home/home/kimm_ws/install/rbpodo_description:/home/home/kimm_ws/install/rb5_gui_manager:/home/home/kimm_ws/install/action_interface LD_LIBRARY_PATH=/home/home/dcp_ws/install/fairino_interfaces/lib:/home/home/dcp_ws/install/fairino_action_manager/lib:/home/home/dcp_ws/install/pak_hqp_controller/lib:/home/home/dcp_ws/install/kimm_hqp_controller/lib:/home/home/dcp_ws/install/kimm_trajectory_smoother/lib:/home/home/dcp_ws/install/kimm_qpoases/lib:/home/home/gello_ws/install/franka_plugin/lib:/home/home/gello_ws/install/dynamixel_sdk_custom_interfaces/lib:/home/home/gello_ws/install/dynamixel_sdk/lib:/home/home/kimm_ws/install/rbpodo_hardware/lib:/home/home/kimm_ws/install/rbpodo_msgs/lib:/home/home/kimm_ws/install/rb5_gui_manager/lib:/home/home/kimm_ws/install/action_interface/lib:/usr/lib/x86_64-linux-gnu/gazebo-11/plugins:/opt/ros/humble/opt/rviz_ogre_vendor/lib:/opt/ros/humble/lib/x86_64-linux-gnu:/opt/ros/humble/lib /usr/bin/cmake --build /home/home/dcp_ws/build/fairino_action_manager -- -j10 -l10
